Using CUDA...
Writing logs to logs/CNN_bn_epochs=50_dropout=0.5_bs=32_optim=SGD_decay=0.01_lr=0.001_momentum=0.9_mode=LMC_run_2
epoch: [0], step: [299/1581], batch loss: 1.89554, batch accuracy: 28.12, data load time: 0.00269, step time: 0.01038,
epoch: [0], step: [599/1581], batch loss: 1.79621, batch accuracy: 25.00, data load time: 0.00020, step time: 0.01481,
epoch: [0], step: [899/1581], batch loss: 1.70558, batch accuracy: 40.62, data load time: 0.00020, step time: 0.01335,
epoch: [0], step: [1199/1581], batch loss: 1.51349, batch accuracy: 37.50, data load time: 0.00023, step time: 0.00909,
epoch: [0], step: [1499/1581], batch loss: 1.37447, batch accuracy: 46.88, data load time: 0.00021, step time: 0.00801,
epoch: [1], step: [218/1581], batch loss: 1.26622, batch accuracy: 43.75, data load time: 0.00020, step time: 0.01466,
epoch: [1], step: [518/1581], batch loss: 1.23519, batch accuracy: 65.62, data load time: 0.00501, step time: 0.00786,
epoch: [1], step: [818/1581], batch loss: 0.64906, batch accuracy: 71.88, data load time: 0.00259, step time: 0.00943,
epoch: [1], step: [1118/1581], batch loss: 1.05358, batch accuracy: 59.38, data load time: 0.00019, step time: 0.01259,
epoch: [1], step: [1418/1581], batch loss: 1.22328, batch accuracy: 53.12, data load time: 0.00751, step time: 0.01089,
epoch: [2], step: [137/1581], batch loss: 1.06279, batch accuracy: 62.50, data load time: 0.00445, step time: 0.01045,
epoch: [2], step: [437/1581], batch loss: 1.08934, batch accuracy: 62.50, data load time: 0.00475, step time: 0.00783,
epoch: [2], step: [737/1581], batch loss: 1.12976, batch accuracy: 59.38, data load time: 0.00478, step time: 0.00778,
epoch: [2], step: [1037/1581], batch loss: 0.82516, batch accuracy: 68.75, data load time: 0.00674, step time: 0.01034,
epoch: [2], step: [1337/1581], batch loss: 0.85900, batch accuracy: 68.75, data load time: 0.00517, step time: 0.00870,
epoch: [3], step: [56/1581], batch loss: 0.80963, batch accuracy: 65.62, data load time: 0.00020, step time: 0.01644,
epoch: [3], step: [356/1581], batch loss: 0.95418, batch accuracy: 62.50, data load time: 0.00020, step time: 0.01234,
epoch: [3], step: [656/1581], batch loss: 0.91399, batch accuracy: 78.12, data load time: 0.00285, step time: 0.01227,
epoch: [3], step: [956/1581], batch loss: 0.78611, batch accuracy: 75.00, data load time: 0.00021, step time: 0.01267,
epoch: [3], step: [1256/1581], batch loss: 0.69723, batch accuracy: 78.12, data load time: 0.00020, step time: 0.01253,
epoch: [3], step: [1556/1581], batch loss: 0.64816, batch accuracy: 81.25, data load time: 0.00017, step time: 0.01004,
epoch: [4], step: [275/1581], batch loss: 0.88833, batch accuracy: 68.75, data load time: 0.00021, step time: 0.01741,
epoch: [4], step: [575/1581], batch loss: 0.83928, batch accuracy: 65.62, data load time: 0.00229, step time: 0.01034,
epoch: [4], step: [875/1581], batch loss: 0.55860, batch accuracy: 81.25, data load time: 0.00021, step time: 0.01376,
epoch: [4], step: [1175/1581], batch loss: 0.85095, batch accuracy: 62.50, data load time: 0.00631, step time: 0.01004,
epoch: [4], step: [1475/1581], batch loss: 0.80756, batch accuracy: 68.75, data load time: 0.00712, step time: 0.01431,
validation loss: 1.15683, accuracy: 61.11, class_accuracy: [74.57627118644068, 81.57894736842105, 39.31623931623932, 66.3716814159292, 77.96610169491525, 50.45871559633027, 100.0, 75.22123893805309, 44.89795918367347, 38.983050847457626]
class_avg: 64.937020554746
epoch: [5], step: [194/1581], batch loss: 1.08016, batch accuracy: 65.62, data load time: 0.00023, step time: 0.01558,
epoch: [5], step: [494/1581], batch loss: 0.87154, batch accuracy: 75.00, data load time: 0.00024, step time: 0.01372,
epoch: [5], step: [794/1581], batch loss: 0.66004, batch accuracy: 68.75, data load time: 0.00774, step time: 0.00900,
epoch: [5], step: [1094/1581], batch loss: 0.82830, batch accuracy: 68.75, data load time: 0.00021, step time: 0.01757,
epoch: [5], step: [1394/1581], batch loss: 0.51854, batch accuracy: 81.25, data load time: 0.00049, step time: 0.01109,
epoch: [6], step: [113/1581], batch loss: 0.58889, batch accuracy: 81.25, data load time: 0.00279, step time: 0.00868,
epoch: [6], step: [413/1581], batch loss: 0.73112, batch accuracy: 71.88, data load time: 0.00311, step time: 0.00865,
epoch: [6], step: [713/1581], batch loss: 0.87661, batch accuracy: 62.50, data load time: 0.00537, step time: 0.00892,
epoch: [6], step: [1013/1581], batch loss: 0.83521, batch accuracy: 59.38, data load time: 0.00019, step time: 0.01435,
epoch: [6], step: [1313/1581], batch loss: 0.88061, batch accuracy: 65.62, data load time: 0.00607, step time: 0.01059,
epoch: [7], step: [32/1581], batch loss: 0.64637, batch accuracy: 78.12, data load time: 0.00554, step time: 0.00965,
epoch: [7], step: [332/1581], batch loss: 0.66727, batch accuracy: 75.00, data load time: 0.00019, step time: 0.01416,
epoch: [7], step: [632/1581], batch loss: 0.42070, batch accuracy: 84.38, data load time: 0.00021, step time: 0.01362,
epoch: [7], step: [932/1581], batch loss: 1.30771, batch accuracy: 68.75, data load time: 0.00022, step time: 0.01400,
epoch: [7], step: [1232/1581], batch loss: 0.82344, batch accuracy: 71.88, data load time: 0.00021, step time: 0.01402,
epoch: [7], step: [1532/1581], batch loss: 0.51847, batch accuracy: 78.12, data load time: 0.00016, step time: 0.01252,
epoch: [8], step: [251/1581], batch loss: 0.44585, batch accuracy: 90.62, data load time: 0.00247, step time: 0.00929,
epoch: [8], step: [551/1581], batch loss: 0.49581, batch accuracy: 84.38, data load time: 0.00787, step time: 0.00946,
epoch: [8], step: [851/1581], batch loss: 0.71092, batch accuracy: 75.00, data load time: 0.00021, step time: 0.01253,
epoch: [8], step: [1151/1581], batch loss: 0.92419, batch accuracy: 78.12, data load time: 0.00441, step time: 0.02032,
epoch: [8], step: [1451/1581], batch loss: 0.39347, batch accuracy: 90.62, data load time: 0.00539, step time: 0.00813,
epoch: [9], step: [170/1581], batch loss: 0.40681, batch accuracy: 84.38, data load time: 0.00022, step time: 0.01231,
epoch: [9], step: [470/1581], batch loss: 0.56987, batch accuracy: 87.50, data load time: 0.00292, step time: 0.01549,
epoch: [9], step: [770/1581], batch loss: 0.31920, batch accuracy: 87.50, data load time: 0.00022, step time: 0.01442,
epoch: [9], step: [1070/1581], batch loss: 0.45282, batch accuracy: 81.25, data load time: 0.00214, step time: 0.01410,
epoch: [9], step: [1370/1581], batch loss: 0.45738, batch accuracy: 84.38, data load time: 0.00020, step time: 0.01688,
validation loss: 0.95170, accuracy: 67.45, class_accuracy: [54.23728813559322, 92.10526315789474, 76.92307692307692, 56.63716814159292, 75.42372881355932, 55.96330275229358, 100.0, 87.61061946902655, 55.10204081632653, 57.6271186440678]
class_avg: 71.16296068534317
epoch: [10], step: [89/1581], batch loss: 0.60417, batch accuracy: 81.25, data load time: 0.00020, step time: 0.01234,
epoch: [10], step: [389/1581], batch loss: 0.99487, batch accuracy: 68.75, data load time: 0.00020, step time: 0.01405,
epoch: [10], step: [689/1581], batch loss: 0.53671, batch accuracy: 78.12, data load time: 0.00022, step time: 0.01129,
epoch: [10], step: [989/1581], batch loss: 0.66455, batch accuracy: 84.38, data load time: 0.00023, step time: 0.01168,
epoch: [10], step: [1289/1581], batch loss: 0.58573, batch accuracy: 78.12, data load time: 0.00023, step time: 0.01427,
epoch: [11], step: [8/1581], batch loss: 0.58446, batch accuracy: 81.25, data load time: 0.00503, step time: 0.01252,
epoch: [11], step: [308/1581], batch loss: 0.55853, batch accuracy: 84.38, data load time: 0.00765, step time: 0.01018,
epoch: [11], step: [608/1581], batch loss: 0.66657, batch accuracy: 71.88, data load time: 0.00787, step time: 0.00881,
epoch: [11], step: [908/1581], batch loss: 1.07495, batch accuracy: 68.75, data load time: 0.00060, step time: 0.00854,
epoch: [11], step: [1208/1581], batch loss: 0.61703, batch accuracy: 71.88, data load time: 0.00444, step time: 0.00972,
epoch: [11], step: [1508/1581], batch loss: 0.60101, batch accuracy: 71.88, data load time: 0.00022, step time: 0.01442,
epoch: [12], step: [227/1581], batch loss: 0.42028, batch accuracy: 84.38, data load time: 0.00021, step time: 0.01804,
epoch: [12], step: [527/1581], batch loss: 0.61698, batch accuracy: 81.25, data load time: 0.00278, step time: 0.01003,
epoch: [12], step: [827/1581], batch loss: 0.42179, batch accuracy: 87.50, data load time: 0.00715, step time: 0.01045,
epoch: [12], step: [1127/1581], batch loss: 0.58380, batch accuracy: 81.25, data load time: 0.00057, step time: 0.00803,
epoch: [12], step: [1427/1581], batch loss: 0.44423, batch accuracy: 81.25, data load time: 0.00024, step time: 0.00817,
epoch: [13], step: [146/1581], batch loss: 0.55420, batch accuracy: 81.25, data load time: 0.00417, step time: 0.01067,
epoch: [13], step: [446/1581], batch loss: 0.44905, batch accuracy: 87.50, data load time: 0.00045, step time: 0.01046,
epoch: [13], step: [746/1581], batch loss: 0.35540, batch accuracy: 87.50, data load time: 0.00020, step time: 0.01295,
epoch: [13], step: [1046/1581], batch loss: 0.42269, batch accuracy: 87.50, data load time: 0.00021, step time: 0.00991,
epoch: [13], step: [1346/1581], batch loss: 0.57626, batch accuracy: 78.12, data load time: 0.00680, step time: 0.01046,
epoch: [14], step: [65/1581], batch loss: 0.42595, batch accuracy: 90.62, data load time: 0.00021, step time: 0.01012,
epoch: [14], step: [365/1581], batch loss: 0.47476, batch accuracy: 78.12, data load time: 0.00265, step time: 0.01051,
epoch: [14], step: [665/1581], batch loss: 0.52677, batch accuracy: 81.25, data load time: 0.00020, step time: 0.01244,
epoch: [14], step: [965/1581], batch loss: 0.41130, batch accuracy: 84.38, data load time: 0.00275, step time: 0.01096,
epoch: [14], step: [1265/1581], batch loss: 0.47931, batch accuracy: 78.12, data load time: 0.00021, step time: 0.01252,
epoch: [14], step: [1565/1581], batch loss: 0.43403, batch accuracy: 81.25, data load time: 0.00016, step time: 0.00796,
validation loss: 0.87696, accuracy: 72.36, class_accuracy: [64.40677966101696, 92.10526315789474, 75.21367521367522, 63.716814159292035, 79.66101694915254, 55.96330275229358, 100.0, 95.57522123893806, 56.12244897959184, 70.33898305084746]
class_avg: 75.31035051627023
epoch: [15], step: [284/1581], batch loss: 0.49282, batch accuracy: 84.38, data load time: 0.00340, step time: 0.00891,
epoch: [15], step: [584/1581], batch loss: 0.55250, batch accuracy: 84.38, data load time: 0.00021, step time: 0.00811,
epoch: [15], step: [884/1581], batch loss: 0.58889, batch accuracy: 81.25, data load time: 0.00023, step time: 0.00945,
epoch: [15], step: [1184/1581], batch loss: 0.52958, batch accuracy: 78.12, data load time: 0.00020, step time: 0.00816,
epoch: [15], step: [1484/1581], batch loss: 0.74083, batch accuracy: 75.00, data load time: 0.00031, step time: 0.00841,
epoch: [16], step: [203/1581], batch loss: 0.42922, batch accuracy: 87.50, data load time: 0.00020, step time: 0.00794,
epoch: [16], step: [503/1581], batch loss: 0.28253, batch accuracy: 90.62, data load time: 0.00023, step time: 0.00894,
epoch: [16], step: [803/1581], batch loss: 0.31898, batch accuracy: 93.75, data load time: 0.00021, step time: 0.00791,
epoch: [16], step: [1103/1581], batch loss: 0.49194, batch accuracy: 78.12, data load time: 0.00021, step time: 0.00864,
epoch: [16], step: [1403/1581], batch loss: 0.59612, batch accuracy: 75.00, data load time: 0.00023, step time: 0.00837,
epoch: [17], step: [122/1581], batch loss: 0.82288, batch accuracy: 65.62, data load time: 0.00021, step time: 0.00804,
epoch: [17], step: [422/1581], batch loss: 0.38601, batch accuracy: 78.12, data load time: 0.00030, step time: 0.00798,
epoch: [17], step: [722/1581], batch loss: 0.62880, batch accuracy: 78.12, data load time: 0.00022, step time: 0.00829,
epoch: [17], step: [1022/1581], batch loss: 0.41649, batch accuracy: 87.50, data load time: 0.00023, step time: 0.00794,
epoch: [17], step: [1322/1581], batch loss: 0.61261, batch accuracy: 75.00, data load time: 0.00022, step time: 0.00837,
epoch: [18], step: [41/1581], batch loss: 0.43936, batch accuracy: 87.50, data load time: 0.00018, step time: 0.00811,
epoch: [18], step: [341/1581], batch loss: 0.61135, batch accuracy: 81.25, data load time: 0.00022, step time: 0.00856,
epoch: [18], step: [641/1581], batch loss: 0.82310, batch accuracy: 75.00, data load time: 0.00023, step time: 0.00805,
epoch: [18], step: [941/1581], batch loss: 0.50111, batch accuracy: 87.50, data load time: 0.00361, step time: 0.00840,
epoch: [18], step: [1241/1581], batch loss: 0.39133, batch accuracy: 87.50, data load time: 0.00022, step time: 0.00911,
epoch: [18], step: [1541/1581], batch loss: 0.54243, batch accuracy: 90.62, data load time: 0.00017, step time: 0.00806,
epoch: [19], step: [260/1581], batch loss: 0.46355, batch accuracy: 93.75, data load time: 0.00021, step time: 0.00811,
epoch: [19], step: [560/1581], batch loss: 0.55966, batch accuracy: 78.12, data load time: 0.00024, step time: 0.00946,
epoch: [19], step: [860/1581], batch loss: 0.41333, batch accuracy: 90.62, data load time: 0.00021, step time: 0.00832,
epoch: [19], step: [1160/1581], batch loss: 0.67689, batch accuracy: 71.88, data load time: 0.00024, step time: 0.00814,
epoch: [19], step: [1460/1581], batch loss: 0.52405, batch accuracy: 84.38, data load time: 0.00022, step time: 0.00804,
validation loss: 0.89415, accuracy: 69.91, class_accuracy: [63.559322033898304, 89.47368421052632, 67.52136752136752, 62.83185840707964, 78.8135593220339, 58.71559633027523, 100.0, 86.72566371681415, 57.142857142857146, 66.10169491525424]
class_avg: 73.08856036001063
epoch: [20], step: [179/1581], batch loss: 0.51510, batch accuracy: 87.50, data load time: 0.00022, step time: 0.00908,
epoch: [20], step: [479/1581], batch loss: 0.47202, batch accuracy: 87.50, data load time: 0.00019, step time: 0.00816,
epoch: [20], step: [779/1581], batch loss: 0.50288, batch accuracy: 93.75, data load time: 0.00385, step time: 0.00840,
epoch: [20], step: [1079/1581], batch loss: 0.44471, batch accuracy: 87.50, data load time: 0.00023, step time: 0.00835,
epoch: [20], step: [1379/1581], batch loss: 0.68983, batch accuracy: 75.00, data load time: 0.00155, step time: 0.01076,
epoch: [21], step: [98/1581], batch loss: 0.42268, batch accuracy: 81.25, data load time: 0.00380, step time: 0.00856,
epoch: [21], step: [398/1581], batch loss: 0.46725, batch accuracy: 84.38, data load time: 0.00354, step time: 0.00909,
epoch: [21], step: [698/1581], batch loss: 0.59157, batch accuracy: 78.12, data load time: 0.00310, step time: 0.00925,
epoch: [21], step: [998/1581], batch loss: 0.66823, batch accuracy: 84.38, data load time: 0.00022, step time: 0.01255,
epoch: [21], step: [1298/1581], batch loss: 0.64949, batch accuracy: 71.88, data load time: 0.00020, step time: 0.01707,
epoch: [22], step: [17/1581], batch loss: 0.53904, batch accuracy: 81.25, data load time: 0.00050, step time: 0.01024,
epoch: [22], step: [317/1581], batch loss: 0.43016, batch accuracy: 81.25, data load time: 0.00021, step time: 0.01249,
epoch: [22], step: [617/1581], batch loss: 0.56452, batch accuracy: 78.12, data load time: 0.01069, step time: 0.01039,
epoch: [22], step: [917/1581], batch loss: 0.71834, batch accuracy: 75.00, data load time: 0.00317, step time: 0.01006,
epoch: [22], step: [1217/1581], batch loss: 0.41945, batch accuracy: 84.38, data load time: 0.00023, step time: 0.01268,
epoch: [22], step: [1517/1581], batch loss: 0.58652, batch accuracy: 75.00, data load time: 0.00474, step time: 0.01045,
epoch: [23], step: [236/1581], batch loss: 0.51973, batch accuracy: 87.50, data load time: 0.00020, step time: 0.01417,
epoch: [23], step: [536/1581], batch loss: 0.35882, batch accuracy: 93.75, data load time: 0.00570, step time: 0.01063,
epoch: [23], step: [836/1581], batch loss: 0.44245, batch accuracy: 90.62, data load time: 0.00022, step time: 0.01449,
epoch: [23], step: [1136/1581], batch loss: 0.85705, batch accuracy: 68.75, data load time: 0.00740, step time: 0.00998,
epoch: [23], step: [1436/1581], batch loss: 0.45664, batch accuracy: 78.12, data load time: 0.00020, step time: 0.00794,
epoch: [24], step: [155/1581], batch loss: 0.59562, batch accuracy: 81.25, data load time: 0.00400, step time: 0.01032,
epoch: [24], step: [455/1581], batch loss: 0.33003, batch accuracy: 87.50, data load time: 0.00514, step time: 0.00781,
epoch: [24], step: [755/1581], batch loss: 0.39916, batch accuracy: 75.00, data load time: 0.00021, step time: 0.01264,
epoch: [24], step: [1055/1581], batch loss: 0.31117, batch accuracy: 87.50, data load time: 0.00021, step time: 0.01318,
epoch: [24], step: [1355/1581], batch loss: 0.23294, batch accuracy: 96.88, data load time: 0.00019, step time: 0.01139,
validation loss: 0.87946, accuracy: 73.59, class_accuracy: [62.71186440677966, 100.0, 79.48717948717949, 63.716814159292035, 78.8135593220339, 54.12844036697248, 100.0, 97.34513274336283, 61.224489795918366, 72.03389830508475]
class_avg: 76.94613785866234
epoch: [25], step: [74/1581], batch loss: 0.61632, batch accuracy: 78.12, data load time: 0.00021, step time: 0.01025,
epoch: [25], step: [374/1581], batch loss: 0.50010, batch accuracy: 84.38, data load time: 0.00524, step time: 0.01049,
epoch: [25], step: [674/1581], batch loss: 0.53474, batch accuracy: 84.38, data load time: 0.00282, step time: 0.01013,
epoch: [25], step: [974/1581], batch loss: 0.28777, batch accuracy: 90.62, data load time: 0.00027, step time: 0.01451,
epoch: [25], step: [1274/1581], batch loss: 0.46904, batch accuracy: 81.25, data load time: 0.00021, step time: 0.01422,
epoch: [25], step: [1574/1581], batch loss: 0.64645, batch accuracy: 84.38, data load time: 0.00018, step time: 0.00971,
epoch: [26], step: [293/1581], batch loss: 0.49163, batch accuracy: 81.25, data load time: 0.00276, step time: 0.00952,
epoch: [26], step: [593/1581], batch loss: 0.55081, batch accuracy: 84.38, data load time: 0.00431, step time: 0.01062,
epoch: [26], step: [893/1581], batch loss: 0.50856, batch accuracy: 84.38, data load time: 0.00265, step time: 0.01023,
epoch: [26], step: [1193/1581], batch loss: 0.29187, batch accuracy: 93.75, data load time: 0.00229, step time: 0.01033,
epoch: [26], step: [1493/1581], batch loss: 0.46632, batch accuracy: 84.38, data load time: 0.00020, step time: 0.01287,
epoch: [27], step: [212/1581], batch loss: 0.54158, batch accuracy: 84.38, data load time: 0.00020, step time: 0.01197,
epoch: [27], step: [512/1581], batch loss: 0.32542, batch accuracy: 96.88, data load time: 0.00020, step time: 0.01254,
epoch: [27], step: [812/1581], batch loss: 0.34715, batch accuracy: 96.88, data load time: 0.00287, step time: 0.00795,
epoch: [27], step: [1112/1581], batch loss: 0.65200, batch accuracy: 68.75, data load time: 0.00738, step time: 0.01039,
epoch: [27], step: [1412/1581], batch loss: 0.65310, batch accuracy: 78.12, data load time: 0.00440, step time: 0.01027,
epoch: [28], step: [131/1581], batch loss: 0.29924, batch accuracy: 87.50, data load time: 0.00723, step time: 0.01049,
epoch: [28], step: [431/1581], batch loss: 0.39665, batch accuracy: 90.62, data load time: 0.00021, step time: 0.01393,
epoch: [28], step: [731/1581], batch loss: 0.72591, batch accuracy: 71.88, data load time: 0.00444, step time: 0.01008,
epoch: [28], step: [1031/1581], batch loss: 0.38641, batch accuracy: 90.62, data load time: 0.00022, step time: 0.00805,
epoch: [28], step: [1331/1581], batch loss: 0.66211, batch accuracy: 71.88, data load time: 0.00291, step time: 0.00932,
epoch: [29], step: [50/1581], batch loss: 0.40873, batch accuracy: 87.50, data load time: 0.00389, step time: 0.01096,
epoch: [29], step: [350/1581], batch loss: 0.39176, batch accuracy: 87.50, data load time: 0.00020, step time: 0.01159,
epoch: [29], step: [650/1581], batch loss: 0.74782, batch accuracy: 75.00, data load time: 0.00020, step time: 0.01180,
epoch: [29], step: [950/1581], batch loss: 0.55331, batch accuracy: 84.38, data load time: 0.00022, step time: 0.01444,
epoch: [29], step: [1250/1581], batch loss: 0.67182, batch accuracy: 75.00, data load time: 0.00022, step time: 0.01443,
epoch: [29], step: [1550/1581], batch loss: 0.61343, batch accuracy: 78.12, data load time: 0.00016, step time: 0.01251,
validation loss: 0.85215, accuracy: 71.95, class_accuracy: [58.47457627118644, 92.10526315789474, 86.32478632478633, 62.83185840707964, 77.11864406779661, 55.04587155963303, 100.0, 88.49557522123894, 48.97959183673469, 78.8135593220339]
class_avg: 74.81897261683844
epoch: [30], step: [269/1581], batch loss: 0.43342, batch accuracy: 84.38, data load time: 0.00021, step time: 0.01300,
epoch: [30], step: [569/1581], batch loss: 0.58862, batch accuracy: 78.12, data load time: 0.00022, step time: 0.01270,
epoch: [30], step: [869/1581], batch loss: 0.56909, batch accuracy: 81.25, data load time: 0.00337, step time: 0.01070,
epoch: [30], step: [1169/1581], batch loss: 0.41148, batch accuracy: 87.50, data load time: 0.00570, step time: 0.01074,
epoch: [30], step: [1469/1581], batch loss: 0.37758, batch accuracy: 84.38, data load time: 0.01097, step time: 0.01011,
epoch: [31], step: [188/1581], batch loss: 0.55698, batch accuracy: 78.12, data load time: 0.00024, step time: 0.00840,
epoch: [31], step: [488/1581], batch loss: 0.30231, batch accuracy: 90.62, data load time: 0.00023, step time: 0.01309,
epoch: [31], step: [788/1581], batch loss: 0.50329, batch accuracy: 87.50, data load time: 0.00268, step time: 0.01026,
epoch: [31], step: [1088/1581], batch loss: 0.43999, batch accuracy: 81.25, data load time: 0.00278, step time: 0.01059,
epoch: [31], step: [1388/1581], batch loss: 0.45054, batch accuracy: 81.25, data load time: 0.00588, step time: 0.01027,
epoch: [32], step: [107/1581], batch loss: 0.50056, batch accuracy: 90.62, data load time: 0.00263, step time: 0.01053,
epoch: [32], step: [407/1581], batch loss: 0.61349, batch accuracy: 84.38, data load time: 0.00022, step time: 0.00832,
epoch: [32], step: [707/1581], batch loss: 0.62640, batch accuracy: 81.25, data load time: 0.00022, step time: 0.01313,
epoch: [32], step: [1007/1581], batch loss: 0.51349, batch accuracy: 84.38, data load time: 0.00629, step time: 0.01037,
epoch: [32], step: [1307/1581], batch loss: 0.47804, batch accuracy: 84.38, data load time: 0.00029, step time: 0.01429,
epoch: [33], step: [26/1581], batch loss: 0.35592, batch accuracy: 93.75, data load time: 0.00018, step time: 0.01245,
epoch: [33], step: [326/1581], batch loss: 0.69856, batch accuracy: 78.12, data load time: 0.00281, step time: 0.01131,
epoch: [33], step: [626/1581], batch loss: 0.33147, batch accuracy: 87.50, data load time: 0.00538, step time: 0.01059,
epoch: [33], step: [926/1581], batch loss: 0.45830, batch accuracy: 81.25, data load time: 0.00535, step time: 0.00773,
epoch: [33], step: [1226/1581], batch loss: 0.44976, batch accuracy: 84.38, data load time: 0.00446, step time: 0.01001,
epoch: [33], step: [1526/1581], batch loss: 0.57369, batch accuracy: 68.75, data load time: 0.00016, step time: 0.01424,
epoch: [34], step: [245/1581], batch loss: 0.37028, batch accuracy: 87.50, data load time: 0.00261, step time: 0.01050,
epoch: [34], step: [545/1581], batch loss: 0.50413, batch accuracy: 87.50, data load time: 0.00218, step time: 0.01010,
epoch: [34], step: [845/1581], batch loss: 0.48707, batch accuracy: 84.38, data load time: 0.00021, step time: 0.01178,
epoch: [34], step: [1145/1581], batch loss: 0.38387, batch accuracy: 87.50, data load time: 0.00022, step time: 0.01183,
epoch: [34], step: [1445/1581], batch loss: 0.52966, batch accuracy: 81.25, data load time: 0.00243, step time: 0.01049,
validation loss: 0.86071, accuracy: 69.91, class_accuracy: [48.30508474576271, 89.47368421052632, 63.24786324786325, 68.14159292035399, 75.42372881355932, 61.46788990825688, 100.0, 96.46017699115045, 58.16326530612245, 71.1864406779661]
class_avg: 73.18697268215614
epoch: [35], step: [164/1581], batch loss: 0.48126, batch accuracy: 87.50, data load time: 0.00588, step time: 0.01025,
epoch: [35], step: [464/1581], batch loss: 0.45437, batch accuracy: 87.50, data load time: 0.00019, step time: 0.01406,
epoch: [35], step: [764/1581], batch loss: 0.57315, batch accuracy: 78.12, data load time: 0.00316, step time: 0.01011,
epoch: [35], step: [1064/1581], batch loss: 0.64997, batch accuracy: 87.50, data load time: 0.00062, step time: 0.01753,
epoch: [35], step: [1364/1581], batch loss: 0.40899, batch accuracy: 90.62, data load time: 0.00023, step time: 0.00818,
epoch: [36], step: [83/1581], batch loss: 0.40673, batch accuracy: 81.25, data load time: 0.00366, step time: 0.00749,
epoch: [36], step: [383/1581], batch loss: 0.36818, batch accuracy: 87.50, data load time: 0.00020, step time: 0.01265,
epoch: [36], step: [683/1581], batch loss: 0.49394, batch accuracy: 90.62, data load time: 0.01547, step time: 0.04013,
epoch: [36], step: [983/1581], batch loss: 0.71349, batch accuracy: 68.75, data load time: 0.00022, step time: 0.01454,
epoch: [36], step: [1283/1581], batch loss: 0.29779, batch accuracy: 90.62, data load time: 0.00435, step time: 0.01011,
epoch: [37], step: [2/1581], batch loss: 0.46868, batch accuracy: 87.50, data load time: 0.00023, step time: 0.00778,
epoch: [37], step: [302/1581], batch loss: 0.54949, batch accuracy: 87.50, data load time: 0.00248, step time: 0.01935,
epoch: [37], step: [602/1581], batch loss: 0.71569, batch accuracy: 71.88, data load time: 0.00274, step time: 0.01036,
epoch: [37], step: [902/1581], batch loss: 0.49200, batch accuracy: 81.25, data load time: 0.00020, step time: 0.01522,
epoch: [37], step: [1202/1581], batch loss: 0.27241, batch accuracy: 93.75, data load time: 0.00698, step time: 0.01097,
epoch: [37], step: [1502/1581], batch loss: 0.50923, batch accuracy: 90.62, data load time: 0.00020, step time: 0.01665,
epoch: [38], step: [221/1581], batch loss: 0.47167, batch accuracy: 84.38, data load time: 0.00575, step time: 0.01326,
epoch: [38], step: [521/1581], batch loss: 0.65456, batch accuracy: 78.12, data load time: 0.00021, step time: 0.01775,
epoch: [38], step: [821/1581], batch loss: 0.48960, batch accuracy: 84.38, data load time: 0.00228, step time: 0.00997,
epoch: [38], step: [1121/1581], batch loss: 0.41070, batch accuracy: 87.50, data load time: 0.00021, step time: 0.01408,
epoch: [38], step: [1421/1581], batch loss: 0.34242, batch accuracy: 90.62, data load time: 0.00021, step time: 0.01229,
epoch: [39], step: [140/1581], batch loss: 0.47144, batch accuracy: 84.38, data load time: 0.00737, step time: 0.01013,
epoch: [39], step: [440/1581], batch loss: 0.44730, batch accuracy: 81.25, data load time: 0.00754, step time: 0.01061,
epoch: [39], step: [740/1581], batch loss: 0.55007, batch accuracy: 81.25, data load time: 0.00019, step time: 0.01480,
epoch: [39], step: [1040/1581], batch loss: 0.31960, batch accuracy: 96.88, data load time: 0.00387, step time: 0.00888,
epoch: [39], step: [1340/1581], batch loss: 0.76603, batch accuracy: 71.88, data load time: 0.00043, step time: 0.00936,
validation loss: 0.89508, accuracy: 70.21, class_accuracy: [50.847457627118644, 89.47368421052632, 74.35897435897436, 64.60176991150442, 71.1864406779661, 55.04587155963303, 100.0, 93.80530973451327, 57.142857142857146, 77.11864406779661]
class_avg: 73.35810092908899
epoch: [40], step: [59/1581], batch loss: 0.26547, batch accuracy: 96.88, data load time: 0.00022, step time: 0.01309,
epoch: [40], step: [359/1581], batch loss: 0.51138, batch accuracy: 78.12, data load time: 0.00047, step time: 0.00974,
epoch: [40], step: [659/1581], batch loss: 0.44750, batch accuracy: 84.38, data load time: 0.00255, step time: 0.01060,
epoch: [40], step: [959/1581], batch loss: 0.37501, batch accuracy: 81.25, data load time: 0.00021, step time: 0.01133,
epoch: [40], step: [1259/1581], batch loss: 0.67088, batch accuracy: 75.00, data load time: 0.00026, step time: 0.01204,
epoch: [40], step: [1559/1581], batch loss: 0.41416, batch accuracy: 96.88, data load time: 0.00012, step time: 0.00731,
epoch: [41], step: [278/1581], batch loss: 0.64575, batch accuracy: 68.75, data load time: 0.00022, step time: 0.01435,
epoch: [41], step: [578/1581], batch loss: 0.38644, batch accuracy: 87.50, data load time: 0.00021, step time: 0.01414,
epoch: [41], step: [878/1581], batch loss: 0.53911, batch accuracy: 78.12, data load time: 0.00020, step time: 0.01401,
epoch: [41], step: [1178/1581], batch loss: 0.41639, batch accuracy: 93.75, data load time: 0.00696, step time: 0.01086,
epoch: [41], step: [1478/1581], batch loss: 0.72626, batch accuracy: 68.75, data load time: 0.00437, step time: 0.01011,
epoch: [42], step: [197/1581], batch loss: 0.49399, batch accuracy: 78.12, data load time: 0.00243, step time: 0.00790,
epoch: [42], step: [497/1581], batch loss: 0.45243, batch accuracy: 87.50, data load time: 0.00022, step time: 0.01452,
epoch: [42], step: [797/1581], batch loss: 0.28337, batch accuracy: 84.38, data load time: 0.00579, step time: 0.00873,
epoch: [42], step: [1097/1581], batch loss: 0.34643, batch accuracy: 96.88, data load time: 0.00268, step time: 0.01019,
epoch: [42], step: [1397/1581], batch loss: 0.43592, batch accuracy: 78.12, data load time: 0.00492, step time: 0.01157,
epoch: [43], step: [116/1581], batch loss: 0.52106, batch accuracy: 71.88, data load time: 0.00022, step time: 0.01325,
epoch: [43], step: [416/1581], batch loss: 0.29081, batch accuracy: 93.75, data load time: 0.00025, step time: 0.01348,
epoch: [43], step: [716/1581], batch loss: 0.44363, batch accuracy: 87.50, data load time: 0.00021, step time: 0.01795,
epoch: [43], step: [1016/1581], batch loss: 0.40605, batch accuracy: 84.38, data load time: 0.00267, step time: 0.01034,
epoch: [43], step: [1316/1581], batch loss: 0.37047, batch accuracy: 90.62, data load time: 0.00044, step time: 0.01011,
epoch: [44], step: [35/1581], batch loss: 0.37365, batch accuracy: 87.50, data load time: 0.00020, step time: 0.01006,
epoch: [44], step: [335/1581], batch loss: 0.26952, batch accuracy: 93.75, data load time: 0.00286, step time: 0.01033,
epoch: [44], step: [635/1581], batch loss: 0.36560, batch accuracy: 87.50, data load time: 0.00027, step time: 0.01420,
epoch: [44], step: [935/1581], batch loss: 0.46580, batch accuracy: 84.38, data load time: 0.00023, step time: 0.01098,
epoch: [44], step: [1235/1581], batch loss: 0.26859, batch accuracy: 90.62, data load time: 0.00292, step time: 0.00946,
epoch: [44], step: [1535/1581], batch loss: 0.34011, batch accuracy: 84.38, data load time: 0.00017, step time: 0.00773,
validation loss: 0.90729, accuracy: 71.14, class_accuracy: [41.52542372881356, 94.73684210526316, 78.63247863247864, 66.3716814159292, 84.7457627118644, 56.88073394495413, 100.0, 99.11504424778761, 52.04081632653061, 70.33898305084746]
class_avg: 74.43877661644687
epoch: [45], step: [254/1581], batch loss: 0.48746, batch accuracy: 87.50, data load time: 0.00347, step time: 0.00991,
epoch: [45], step: [554/1581], batch loss: 0.34537, batch accuracy: 84.38, data load time: 0.00021, step time: 0.00795,
epoch: [45], step: [854/1581], batch loss: 0.33547, batch accuracy: 90.62, data load time: 0.00062, step time: 0.00812,
epoch: [45], step: [1154/1581], batch loss: 0.51242, batch accuracy: 75.00, data load time: 0.00020, step time: 0.00828,
epoch: [45], step: [1454/1581], batch loss: 0.66414, batch accuracy: 84.38, data load time: 0.00023, step time: 0.00861,
epoch: [46], step: [173/1581], batch loss: 0.40658, batch accuracy: 78.12, data load time: 0.00023, step time: 0.00852,
epoch: [46], step: [473/1581], batch loss: 0.47785, batch accuracy: 78.12, data load time: 0.00024, step time: 0.00795,
epoch: [46], step: [773/1581], batch loss: 0.58059, batch accuracy: 81.25, data load time: 0.00022, step time: 0.00804,
epoch: [46], step: [1073/1581], batch loss: 0.47331, batch accuracy: 84.38, data load time: 0.00021, step time: 0.00809,
epoch: [46], step: [1373/1581], batch loss: 0.35118, batch accuracy: 87.50, data load time: 0.00032, step time: 0.00828,
epoch: [47], step: [92/1581], batch loss: 0.33082, batch accuracy: 90.62, data load time: 0.00023, step time: 0.00833,
epoch: [47], step: [392/1581], batch loss: 0.48263, batch accuracy: 87.50, data load time: 0.00026, step time: 0.00842,
epoch: [47], step: [692/1581], batch loss: 0.56802, batch accuracy: 81.25, data load time: 0.00320, step time: 0.00836,
epoch: [47], step: [992/1581], batch loss: 0.52715, batch accuracy: 84.38, data load time: 0.00022, step time: 0.00801,
epoch: [47], step: [1292/1581], batch loss: 0.43508, batch accuracy: 93.75, data load time: 0.00021, step time: 0.00793,
epoch: [48], step: [11/1581], batch loss: 0.45745, batch accuracy: 87.50, data load time: 0.00021, step time: 0.01002,
epoch: [48], step: [311/1581], batch loss: 0.39882, batch accuracy: 81.25, data load time: 0.00057, step time: 0.00796,
epoch: [48], step: [611/1581], batch loss: 0.46190, batch accuracy: 90.62, data load time: 0.00022, step time: 0.00789,
epoch: [48], step: [911/1581], batch loss: 0.58976, batch accuracy: 81.25, data load time: 0.00326, step time: 0.00856,
epoch: [48], step: [1211/1581], batch loss: 0.64249, batch accuracy: 84.38, data load time: 0.00022, step time: 0.00835,
epoch: [48], step: [1511/1581], batch loss: 0.48698, batch accuracy: 81.25, data load time: 0.00021, step time: 0.00792,
epoch: [49], step: [230/1581], batch loss: 0.48268, batch accuracy: 81.25, data load time: 0.00021, step time: 0.00896,
epoch: [49], step: [530/1581], batch loss: 0.76104, batch accuracy: 75.00, data load time: 0.00025, step time: 0.00813,
epoch: [49], step: [830/1581], batch loss: 0.31675, batch accuracy: 93.75, data load time: 0.00030, step time: 0.00809,
epoch: [49], step: [1130/1581], batch loss: 0.44398, batch accuracy: 87.50, data load time: 0.00024, step time: 0.00809,
epoch: [49], step: [1430/1581], batch loss: 0.40468, batch accuracy: 84.38, data load time: 0.00345, step time: 0.00981,
validation loss: 0.84867, accuracy: 71.44, class_accuracy: [45.76271186440678, 94.73684210526316, 72.64957264957265, 65.48672566371681, 79.66101694915254, 62.38532110091743, 100.0, 95.57522123893806, 51.02040816326531, 79.66101694915254]
class_avg: 74.69388366843853
Total time taken: 1184.4559531211853
