Using CUDA...
Writing logs to logs/CNN_bn_epochs=50_dropout=0.5_bs=32_optim=SGD_decay=0.01_lr=0.001_momentum=0.9_mode=LMC_run_0
epoch: [0], step: [299/1581], batch loss: 2.59880, batch accuracy: 21.88, data load time: 0.00451, step time: 0.00895,
epoch: [0], step: [599/1581], batch loss: 1.78118, batch accuracy: 37.50, data load time: 0.00025, step time: 0.00789,
epoch: [0], step: [899/1581], batch loss: 1.53524, batch accuracy: 46.88, data load time: 0.00021, step time: 0.00835,
epoch: [0], step: [1199/1581], batch loss: 1.49206, batch accuracy: 43.75, data load time: 0.00023, step time: 0.00823,
epoch: [0], step: [1499/1581], batch loss: 1.83358, batch accuracy: 37.50, data load time: 0.00021, step time: 0.00788,
epoch: [1], step: [218/1581], batch loss: 1.12653, batch accuracy: 59.38, data load time: 0.00022, step time: 0.00789,
epoch: [1], step: [518/1581], batch loss: 1.59019, batch accuracy: 43.75, data load time: 0.00020, step time: 0.00869,
epoch: [1], step: [818/1581], batch loss: 1.24071, batch accuracy: 50.00, data load time: 0.00022, step time: 0.00785,
epoch: [1], step: [1118/1581], batch loss: 1.59829, batch accuracy: 53.12, data load time: 0.00299, step time: 0.00828,
epoch: [1], step: [1418/1581], batch loss: 1.18012, batch accuracy: 56.25, data load time: 0.00288, step time: 0.00783,
epoch: [2], step: [137/1581], batch loss: 0.93744, batch accuracy: 68.75, data load time: 0.00022, step time: 0.00791,
epoch: [2], step: [437/1581], batch loss: 0.93429, batch accuracy: 62.50, data load time: 0.00032, step time: 0.00842,
epoch: [2], step: [737/1581], batch loss: 0.75593, batch accuracy: 65.62, data load time: 0.00031, step time: 0.00815,
epoch: [2], step: [1037/1581], batch loss: 1.03440, batch accuracy: 65.62, data load time: 0.00021, step time: 0.00810,
epoch: [2], step: [1337/1581], batch loss: 0.98406, batch accuracy: 71.88, data load time: 0.00029, step time: 0.00818,
epoch: [3], step: [56/1581], batch loss: 1.16050, batch accuracy: 65.62, data load time: 0.00021, step time: 0.00791,
epoch: [3], step: [356/1581], batch loss: 1.04175, batch accuracy: 59.38, data load time: 0.00023, step time: 0.00892,
epoch: [3], step: [656/1581], batch loss: 1.07703, batch accuracy: 65.62, data load time: 0.00022, step time: 0.00822,
epoch: [3], step: [956/1581], batch loss: 0.96580, batch accuracy: 68.75, data load time: 0.00553, step time: 0.00870,
epoch: [3], step: [1256/1581], batch loss: 0.73844, batch accuracy: 75.00, data load time: 0.00283, step time: 0.00846,
epoch: [3], step: [1556/1581], batch loss: 0.86938, batch accuracy: 71.88, data load time: 0.00012, step time: 0.00737,
epoch: [4], step: [275/1581], batch loss: 1.06873, batch accuracy: 56.25, data load time: 0.00031, step time: 0.00829,
epoch: [4], step: [575/1581], batch loss: 0.71222, batch accuracy: 78.12, data load time: 0.00022, step time: 0.00841,
epoch: [4], step: [875/1581], batch loss: 0.67852, batch accuracy: 78.12, data load time: 0.00025, step time: 0.00829,
epoch: [4], step: [1175/1581], batch loss: 0.66405, batch accuracy: 71.88, data load time: 0.00337, step time: 0.00864,
epoch: [4], step: [1475/1581], batch loss: 0.61335, batch accuracy: 81.25, data load time: 0.00023, step time: 0.00820,
validation loss: 1.02331, accuracy: 63.56, class_accuracy: [72.88135593220339, 86.84210526315789, 47.863247863247864, 67.2566371681416, 61.86440677966102, 43.11926605504587, 100.0, 84.070796460177, 53.06122448979592, 57.6271186440678]
class_avg: 67.45861586554983
epoch: [5], step: [194/1581], batch loss: 0.63867, batch accuracy: 78.12, data load time: 0.00021, step time: 0.00806,
epoch: [5], step: [494/1581], batch loss: 0.74128, batch accuracy: 78.12, data load time: 0.00031, step time: 0.00854,
epoch: [5], step: [794/1581], batch loss: 0.83814, batch accuracy: 75.00, data load time: 0.00033, step time: 0.00798,
epoch: [5], step: [1094/1581], batch loss: 0.86056, batch accuracy: 75.00, data load time: 0.00050, step time: 0.00789,
epoch: [5], step: [1394/1581], batch loss: 0.55322, batch accuracy: 81.25, data load time: 0.00024, step time: 0.00797,
epoch: [6], step: [113/1581], batch loss: 0.80757, batch accuracy: 81.25, data load time: 0.00020, step time: 0.00820,
epoch: [6], step: [413/1581], batch loss: 0.84003, batch accuracy: 62.50, data load time: 0.00046, step time: 0.01120,
epoch: [6], step: [713/1581], batch loss: 0.56833, batch accuracy: 84.38, data load time: 0.00052, step time: 0.00778,
epoch: [6], step: [1013/1581], batch loss: 0.58080, batch accuracy: 81.25, data load time: 0.00021, step time: 0.01029,
epoch: [6], step: [1313/1581], batch loss: 0.70028, batch accuracy: 75.00, data load time: 0.00034, step time: 0.00837,
epoch: [7], step: [32/1581], batch loss: 0.72142, batch accuracy: 71.88, data load time: 0.00023, step time: 0.00798,
epoch: [7], step: [332/1581], batch loss: 0.62956, batch accuracy: 78.12, data load time: 0.00021, step time: 0.00864,
epoch: [7], step: [632/1581], batch loss: 0.61220, batch accuracy: 81.25, data load time: 0.00022, step time: 0.00826,
epoch: [7], step: [932/1581], batch loss: 1.03353, batch accuracy: 71.88, data load time: 0.00318, step time: 0.00977,
epoch: [7], step: [1232/1581], batch loss: 0.75702, batch accuracy: 75.00, data load time: 0.00021, step time: 0.00833,
epoch: [7], step: [1532/1581], batch loss: 0.77373, batch accuracy: 84.38, data load time: 0.00017, step time: 0.00781,
epoch: [8], step: [251/1581], batch loss: 0.65902, batch accuracy: 71.88, data load time: 0.00021, step time: 0.00787,
epoch: [8], step: [551/1581], batch loss: 0.65100, batch accuracy: 78.12, data load time: 0.00020, step time: 0.00789,
epoch: [8], step: [851/1581], batch loss: 0.59336, batch accuracy: 81.25, data load time: 0.00021, step time: 0.00788,
epoch: [8], step: [1151/1581], batch loss: 0.69882, batch accuracy: 81.25, data load time: 0.00037, step time: 0.00828,
epoch: [8], step: [1451/1581], batch loss: 0.61791, batch accuracy: 71.88, data load time: 0.00023, step time: 0.00799,
epoch: [9], step: [170/1581], batch loss: 0.51820, batch accuracy: 78.12, data load time: 0.00376, step time: 0.00788,
epoch: [9], step: [470/1581], batch loss: 0.80021, batch accuracy: 75.00, data load time: 0.00021, step time: 0.00827,
epoch: [9], step: [770/1581], batch loss: 0.41041, batch accuracy: 81.25, data load time: 0.00310, step time: 0.00840,
epoch: [9], step: [1070/1581], batch loss: 0.68131, batch accuracy: 68.75, data load time: 0.00021, step time: 0.00808,
epoch: [9], step: [1370/1581], batch loss: 0.45891, batch accuracy: 78.12, data load time: 0.00021, step time: 0.00815,
validation loss: 0.89359, accuracy: 69.29, class_accuracy: [47.45762711864407, 92.10526315789474, 74.35897435897436, 61.06194690265487, 82.20338983050847, 57.79816513761468, 100.0, 92.03539823008849, 56.12244897959184, 64.40677966101696]
class_avg: 72.75499933769883
epoch: [10], step: [89/1581], batch loss: 0.43672, batch accuracy: 81.25, data load time: 0.00027, step time: 0.00877,
epoch: [10], step: [389/1581], batch loss: 0.58217, batch accuracy: 84.38, data load time: 0.00369, step time: 0.00857,
epoch: [10], step: [689/1581], batch loss: 0.59209, batch accuracy: 84.38, data load time: 0.00346, step time: 0.01098,
epoch: [10], step: [989/1581], batch loss: 0.55986, batch accuracy: 81.25, data load time: 0.00022, step time: 0.00804,
epoch: [10], step: [1289/1581], batch loss: 0.50615, batch accuracy: 87.50, data load time: 0.00021, step time: 0.00816,
epoch: [11], step: [8/1581], batch loss: 0.60191, batch accuracy: 78.12, data load time: 0.00018, step time: 0.00862,
epoch: [11], step: [308/1581], batch loss: 1.01836, batch accuracy: 68.75, data load time: 0.00293, step time: 0.00966,
epoch: [11], step: [608/1581], batch loss: 0.36997, batch accuracy: 81.25, data load time: 0.00021, step time: 0.00981,
epoch: [11], step: [908/1581], batch loss: 0.62495, batch accuracy: 78.12, data load time: 0.00026, step time: 0.00792,
epoch: [11], step: [1208/1581], batch loss: 0.81944, batch accuracy: 71.88, data load time: 0.00029, step time: 0.00862,
epoch: [11], step: [1508/1581], batch loss: 0.44643, batch accuracy: 87.50, data load time: 0.00023, step time: 0.00783,
epoch: [12], step: [227/1581], batch loss: 0.38238, batch accuracy: 90.62, data load time: 0.00022, step time: 0.00828,
epoch: [12], step: [527/1581], batch loss: 0.69685, batch accuracy: 78.12, data load time: 0.00020, step time: 0.00813,
epoch: [12], step: [827/1581], batch loss: 0.58394, batch accuracy: 78.12, data load time: 0.00021, step time: 0.01202,
epoch: [12], step: [1127/1581], batch loss: 0.77649, batch accuracy: 62.50, data load time: 0.00030, step time: 0.00800,
epoch: [12], step: [1427/1581], batch loss: 0.59442, batch accuracy: 71.88, data load time: 0.00022, step time: 0.00807,
epoch: [13], step: [146/1581], batch loss: 0.52998, batch accuracy: 84.38, data load time: 0.00025, step time: 0.00824,
epoch: [13], step: [446/1581], batch loss: 0.51450, batch accuracy: 84.38, data load time: 0.00032, step time: 0.00815,
epoch: [13], step: [746/1581], batch loss: 0.47921, batch accuracy: 81.25, data load time: 0.00021, step time: 0.00816,
epoch: [13], step: [1046/1581], batch loss: 0.76561, batch accuracy: 71.88, data load time: 0.00020, step time: 0.00885,
epoch: [13], step: [1346/1581], batch loss: 0.44975, batch accuracy: 78.12, data load time: 0.00021, step time: 0.00793,
epoch: [14], step: [65/1581], batch loss: 0.39523, batch accuracy: 90.62, data load time: 0.00019, step time: 0.00795,
epoch: [14], step: [365/1581], batch loss: 0.44144, batch accuracy: 81.25, data load time: 0.00022, step time: 0.00796,
epoch: [14], step: [665/1581], batch loss: 0.93821, batch accuracy: 62.50, data load time: 0.00022, step time: 0.00820,
epoch: [14], step: [965/1581], batch loss: 0.30461, batch accuracy: 96.88, data load time: 0.00020, step time: 0.00798,
epoch: [14], step: [1265/1581], batch loss: 0.42813, batch accuracy: 87.50, data load time: 0.00030, step time: 0.00795,
epoch: [14], step: [1565/1581], batch loss: 0.60397, batch accuracy: 81.25, data load time: 0.00011, step time: 0.00744,
validation loss: 0.94276, accuracy: 70.62, class_accuracy: [56.779661016949156, 92.10526315789474, 55.55555555555556, 62.83185840707964, 88.98305084745763, 56.88073394495413, 100.0, 88.49557522123894, 54.08163265306123, 82.20338983050847]
class_avg: 73.79167206346996
epoch: [15], step: [284/1581], batch loss: 0.44342, batch accuracy: 90.62, data load time: 0.00022, step time: 0.00987,
epoch: [15], step: [584/1581], batch loss: 0.58016, batch accuracy: 75.00, data load time: 0.00029, step time: 0.00803,
epoch: [15], step: [884/1581], batch loss: 0.52518, batch accuracy: 84.38, data load time: 0.00022, step time: 0.00791,
epoch: [15], step: [1184/1581], batch loss: 0.51534, batch accuracy: 78.12, data load time: 0.00024, step time: 0.00795,
epoch: [15], step: [1484/1581], batch loss: 0.63548, batch accuracy: 75.00, data load time: 0.00261, step time: 0.00835,
epoch: [16], step: [203/1581], batch loss: 0.55683, batch accuracy: 78.12, data load time: 0.00020, step time: 0.00838,
epoch: [16], step: [503/1581], batch loss: 0.51844, batch accuracy: 84.38, data load time: 0.00021, step time: 0.00826,
epoch: [16], step: [803/1581], batch loss: 0.46087, batch accuracy: 87.50, data load time: 0.00021, step time: 0.00781,
epoch: [16], step: [1103/1581], batch loss: 0.39716, batch accuracy: 87.50, data load time: 0.00021, step time: 0.00832,
epoch: [16], step: [1403/1581], batch loss: 0.45428, batch accuracy: 93.75, data load time: 0.00310, step time: 0.00900,
epoch: [17], step: [122/1581], batch loss: 0.73324, batch accuracy: 68.75, data load time: 0.00058, step time: 0.00877,
epoch: [17], step: [422/1581], batch loss: 0.57349, batch accuracy: 81.25, data load time: 0.00091, step time: 0.01292,
epoch: [17], step: [722/1581], batch loss: 0.43414, batch accuracy: 93.75, data load time: 0.00030, step time: 0.00839,
epoch: [17], step: [1022/1581], batch loss: 0.47299, batch accuracy: 78.12, data load time: 0.00021, step time: 0.00846,
epoch: [17], step: [1322/1581], batch loss: 0.57982, batch accuracy: 75.00, data load time: 0.00295, step time: 0.00862,
epoch: [18], step: [41/1581], batch loss: 0.65260, batch accuracy: 75.00, data load time: 0.00487, step time: 0.00984,
epoch: [18], step: [341/1581], batch loss: 0.41158, batch accuracy: 93.75, data load time: 0.00022, step time: 0.00800,
epoch: [18], step: [641/1581], batch loss: 0.43440, batch accuracy: 87.50, data load time: 0.00021, step time: 0.00835,
epoch: [18], step: [941/1581], batch loss: 0.56211, batch accuracy: 78.12, data load time: 0.00021, step time: 0.00821,
epoch: [18], step: [1241/1581], batch loss: 0.41718, batch accuracy: 87.50, data load time: 0.00031, step time: 0.00789,
epoch: [18], step: [1541/1581], batch loss: 0.84906, batch accuracy: 65.62, data load time: 0.00017, step time: 0.00786,
epoch: [19], step: [260/1581], batch loss: 0.41050, batch accuracy: 81.25, data load time: 0.00021, step time: 0.00861,
epoch: [19], step: [560/1581], batch loss: 0.55467, batch accuracy: 87.50, data load time: 0.00305, step time: 0.00909,
epoch: [19], step: [860/1581], batch loss: 0.36974, batch accuracy: 90.62, data load time: 0.00521, step time: 0.00803,
epoch: [19], step: [1160/1581], batch loss: 0.58624, batch accuracy: 81.25, data load time: 0.00048, step time: 0.00794,
epoch: [19], step: [1460/1581], batch loss: 0.54766, batch accuracy: 71.88, data load time: 0.00022, step time: 0.00783,
validation loss: 0.90216, accuracy: 73.18, class_accuracy: [52.54237288135593, 97.36842105263158, 76.06837606837607, 58.4070796460177, 78.8135593220339, 55.96330275229358, 100.0, 98.23008849557522, 59.183673469387756, 87.28813559322033]
class_avg: 76.38650092808919
epoch: [20], step: [179/1581], batch loss: 0.61325, batch accuracy: 81.25, data load time: 0.00023, step time: 0.00820,
epoch: [20], step: [479/1581], batch loss: 0.33411, batch accuracy: 90.62, data load time: 0.00018, step time: 0.00770,
epoch: [20], step: [779/1581], batch loss: 0.50412, batch accuracy: 84.38, data load time: 0.00020, step time: 0.00864,
epoch: [20], step: [1079/1581], batch loss: 0.82160, batch accuracy: 78.12, data load time: 0.00304, step time: 0.00904,
epoch: [20], step: [1379/1581], batch loss: 0.58638, batch accuracy: 78.12, data load time: 0.00020, step time: 0.00790,
epoch: [21], step: [98/1581], batch loss: 0.41136, batch accuracy: 90.62, data load time: 0.00020, step time: 0.00823,
epoch: [21], step: [398/1581], batch loss: 0.56714, batch accuracy: 81.25, data load time: 0.00021, step time: 0.00846,
epoch: [21], step: [698/1581], batch loss: 0.57354, batch accuracy: 81.25, data load time: 0.00020, step time: 0.00787,
epoch: [21], step: [998/1581], batch loss: 0.58190, batch accuracy: 78.12, data load time: 0.00296, step time: 0.00843,
epoch: [21], step: [1298/1581], batch loss: 0.52750, batch accuracy: 84.38, data load time: 0.00024, step time: 0.00831,
epoch: [22], step: [17/1581], batch loss: 0.46613, batch accuracy: 87.50, data load time: 0.00026, step time: 0.00775,
epoch: [22], step: [317/1581], batch loss: 0.93300, batch accuracy: 68.75, data load time: 0.00021, step time: 0.00810,
epoch: [22], step: [617/1581], batch loss: 0.58880, batch accuracy: 78.12, data load time: 0.00021, step time: 0.00828,
epoch: [22], step: [917/1581], batch loss: 0.38742, batch accuracy: 87.50, data load time: 0.00022, step time: 0.00799,
epoch: [22], step: [1217/1581], batch loss: 0.53345, batch accuracy: 84.38, data load time: 0.00030, step time: 0.00789,
epoch: [22], step: [1517/1581], batch loss: 0.60916, batch accuracy: 81.25, data load time: 0.00020, step time: 0.00824,
epoch: [23], step: [236/1581], batch loss: 0.41466, batch accuracy: 81.25, data load time: 0.00020, step time: 0.00779,
epoch: [23], step: [536/1581], batch loss: 0.47315, batch accuracy: 84.38, data load time: 0.00021, step time: 0.00787,
epoch: [23], step: [836/1581], batch loss: 0.41861, batch accuracy: 84.38, data load time: 0.00021, step time: 0.00787,
epoch: [23], step: [1136/1581], batch loss: 0.62023, batch accuracy: 78.12, data load time: 0.00021, step time: 0.00821,
epoch: [23], step: [1436/1581], batch loss: 0.41761, batch accuracy: 93.75, data load time: 0.00023, step time: 0.00820,
epoch: [24], step: [155/1581], batch loss: 0.90262, batch accuracy: 68.75, data load time: 0.00024, step time: 0.00797,
epoch: [24], step: [455/1581], batch loss: 0.43004, batch accuracy: 87.50, data load time: 0.00335, step time: 0.00854,
epoch: [24], step: [755/1581], batch loss: 0.42201, batch accuracy: 84.38, data load time: 0.00346, step time: 0.00836,
epoch: [24], step: [1055/1581], batch loss: 0.46263, batch accuracy: 87.50, data load time: 0.00023, step time: 0.00814,
epoch: [24], step: [1355/1581], batch loss: 0.35773, batch accuracy: 84.38, data load time: 0.00022, step time: 0.00803,
validation loss: 0.88270, accuracy: 72.67, class_accuracy: [51.69491525423729, 94.73684210526316, 78.63247863247864, 68.14159292035399, 84.7457627118644, 56.88073394495413, 100.0, 94.69026548672566, 55.10204081632653, 72.88135593220339]
class_avg: 75.75059878044073
epoch: [25], step: [74/1581], batch loss: 0.31708, batch accuracy: 90.62, data load time: 0.00020, step time: 0.00829,
epoch: [25], step: [374/1581], batch loss: 0.38832, batch accuracy: 87.50, data load time: 0.00040, step time: 0.00794,
epoch: [25], step: [674/1581], batch loss: 0.59743, batch accuracy: 78.12, data load time: 0.00029, step time: 0.00787,
epoch: [25], step: [974/1581], batch loss: 0.47402, batch accuracy: 84.38, data load time: 0.00020, step time: 0.00771,
epoch: [25], step: [1274/1581], batch loss: 0.53487, batch accuracy: 87.50, data load time: 0.00291, step time: 0.00936,
epoch: [25], step: [1574/1581], batch loss: 0.43034, batch accuracy: 84.38, data load time: 0.00011, step time: 0.00739,
epoch: [26], step: [293/1581], batch loss: 0.75343, batch accuracy: 75.00, data load time: 0.00030, step time: 0.00784,
epoch: [26], step: [593/1581], batch loss: 0.33137, batch accuracy: 87.50, data load time: 0.00030, step time: 0.00824,
epoch: [26], step: [893/1581], batch loss: 0.87778, batch accuracy: 71.88, data load time: 0.00022, step time: 0.00795,
epoch: [26], step: [1193/1581], batch loss: 0.33135, batch accuracy: 90.62, data load time: 0.00021, step time: 0.00828,
epoch: [26], step: [1493/1581], batch loss: 0.39243, batch accuracy: 87.50, data load time: 0.00031, step time: 0.00807,
epoch: [27], step: [212/1581], batch loss: 0.63736, batch accuracy: 71.88, data load time: 0.00288, step time: 0.00996,
epoch: [27], step: [512/1581], batch loss: 0.59568, batch accuracy: 81.25, data load time: 0.00021, step time: 0.00826,
epoch: [27], step: [812/1581], batch loss: 0.48077, batch accuracy: 81.25, data load time: 0.00031, step time: 0.00798,
epoch: [27], step: [1112/1581], batch loss: 0.51476, batch accuracy: 84.38, data load time: 0.00019, step time: 0.00819,
epoch: [27], step: [1412/1581], batch loss: 0.57757, batch accuracy: 81.25, data load time: 0.00294, step time: 0.00901,
epoch: [28], step: [131/1581], batch loss: 0.67378, batch accuracy: 78.12, data load time: 0.00021, step time: 0.00781,
epoch: [28], step: [431/1581], batch loss: 0.51412, batch accuracy: 78.12, data load time: 0.00020, step time: 0.00800,
epoch: [28], step: [731/1581], batch loss: 0.79833, batch accuracy: 87.50, data load time: 0.00020, step time: 0.00793,
epoch: [28], step: [1031/1581], batch loss: 0.43028, batch accuracy: 81.25, data load time: 0.00021, step time: 0.00842,
epoch: [28], step: [1331/1581], batch loss: 0.49948, batch accuracy: 87.50, data load time: 0.00030, step time: 0.00795,
epoch: [29], step: [50/1581], batch loss: 0.35229, batch accuracy: 84.38, data load time: 0.00022, step time: 0.00802,
epoch: [29], step: [350/1581], batch loss: 0.51987, batch accuracy: 81.25, data load time: 0.00020, step time: 0.00823,
epoch: [29], step: [650/1581], batch loss: 0.23380, batch accuracy: 93.75, data load time: 0.00022, step time: 0.00815,
epoch: [29], step: [950/1581], batch loss: 0.53086, batch accuracy: 81.25, data load time: 0.00023, step time: 0.00797,
epoch: [29], step: [1250/1581], batch loss: 0.86749, batch accuracy: 78.12, data load time: 0.00023, step time: 0.00903,
epoch: [29], step: [1550/1581], batch loss: 0.41409, batch accuracy: 84.38, data load time: 0.00014, step time: 0.00743,
validation loss: 0.87139, accuracy: 69.70, class_accuracy: [49.152542372881356, 94.73684210526316, 73.5042735042735, 67.2566371681416, 76.27118644067797, 60.55045871559633, 100.0, 89.38053097345133, 48.97959183673469, 72.03389830508475]
class_avg: 73.18659614221046
epoch: [30], step: [269/1581], batch loss: 0.37629, batch accuracy: 84.38, data load time: 0.00021, step time: 0.00846,
epoch: [30], step: [569/1581], batch loss: 0.70364, batch accuracy: 87.50, data load time: 0.00021, step time: 0.00796,
epoch: [30], step: [869/1581], batch loss: 0.29138, batch accuracy: 93.75, data load time: 0.00020, step time: 0.00793,
epoch: [30], step: [1169/1581], batch loss: 0.22576, batch accuracy: 87.50, data load time: 0.00021, step time: 0.00822,
epoch: [30], step: [1469/1581], batch loss: 0.59580, batch accuracy: 81.25, data load time: 0.00302, step time: 0.00910,
epoch: [31], step: [188/1581], batch loss: 0.42511, batch accuracy: 87.50, data load time: 0.00025, step time: 0.00821,
epoch: [31], step: [488/1581], batch loss: 0.37764, batch accuracy: 90.62, data load time: 0.00021, step time: 0.00795,
epoch: [31], step: [788/1581], batch loss: 0.24902, batch accuracy: 93.75, data load time: 0.00032, step time: 0.00837,
epoch: [31], step: [1088/1581], batch loss: 0.36588, batch accuracy: 87.50, data load time: 0.00021, step time: 0.00939,
epoch: [31], step: [1388/1581], batch loss: 0.34947, batch accuracy: 93.75, data load time: 0.00021, step time: 0.00814,
epoch: [32], step: [107/1581], batch loss: 0.71514, batch accuracy: 81.25, data load time: 0.00020, step time: 0.00794,
epoch: [32], step: [407/1581], batch loss: 0.32267, batch accuracy: 96.88, data load time: 0.00023, step time: 0.00785,
epoch: [32], step: [707/1581], batch loss: 0.49289, batch accuracy: 81.25, data load time: 0.00033, step time: 0.00803,
epoch: [32], step: [1007/1581], batch loss: 0.65904, batch accuracy: 84.38, data load time: 0.00023, step time: 0.00808,
epoch: [32], step: [1307/1581], batch loss: 0.68749, batch accuracy: 68.75, data load time: 0.00022, step time: 0.00826,
epoch: [33], step: [26/1581], batch loss: 0.36152, batch accuracy: 93.75, data load time: 0.00038, step time: 0.00837,
epoch: [33], step: [326/1581], batch loss: 0.50279, batch accuracy: 78.12, data load time: 0.00030, step time: 0.00888,
epoch: [33], step: [626/1581], batch loss: 0.46910, batch accuracy: 81.25, data load time: 0.00437, step time: 0.00928,
epoch: [33], step: [926/1581], batch loss: 0.37792, batch accuracy: 81.25, data load time: 0.00021, step time: 0.00800,
epoch: [33], step: [1226/1581], batch loss: 0.50650, batch accuracy: 84.38, data load time: 0.00024, step time: 0.00799,
epoch: [33], step: [1526/1581], batch loss: 0.34902, batch accuracy: 87.50, data load time: 0.00016, step time: 0.00781,
epoch: [34], step: [245/1581], batch loss: 0.21755, batch accuracy: 93.75, data load time: 0.00019, step time: 0.00781,
epoch: [34], step: [545/1581], batch loss: 0.81476, batch accuracy: 71.88, data load time: 0.00022, step time: 0.00817,
epoch: [34], step: [845/1581], batch loss: 0.81342, batch accuracy: 65.62, data load time: 0.00022, step time: 0.00824,
epoch: [34], step: [1145/1581], batch loss: 0.64223, batch accuracy: 84.38, data load time: 0.00022, step time: 0.00804,
epoch: [34], step: [1445/1581], batch loss: 0.46262, batch accuracy: 81.25, data load time: 0.00024, step time: 0.00802,
validation loss: 0.83906, accuracy: 70.93, class_accuracy: [47.45762711864407, 97.36842105263158, 68.37606837606837, 63.716814159292035, 83.89830508474576, 59.63302752293578, 100.0, 98.23008849557522, 53.06122448979592, 72.88135593220339]
class_avg: 74.4622932231892
epoch: [35], step: [164/1581], batch loss: 0.32370, batch accuracy: 90.62, data load time: 0.00021, step time: 0.00856,
epoch: [35], step: [464/1581], batch loss: 0.57205, batch accuracy: 81.25, data load time: 0.00020, step time: 0.00786,
epoch: [35], step: [764/1581], batch loss: 0.41039, batch accuracy: 87.50, data load time: 0.00073, step time: 0.00853,
epoch: [35], step: [1064/1581], batch loss: 0.42903, batch accuracy: 87.50, data load time: 0.00069, step time: 0.00868,
epoch: [35], step: [1364/1581], batch loss: 0.30412, batch accuracy: 93.75, data load time: 0.00021, step time: 0.00851,
epoch: [36], step: [83/1581], batch loss: 0.64076, batch accuracy: 78.12, data load time: 0.00022, step time: 0.00777,
epoch: [36], step: [383/1581], batch loss: 0.42439, batch accuracy: 93.75, data load time: 0.00020, step time: 0.01083,
epoch: [36], step: [683/1581], batch loss: 0.43069, batch accuracy: 81.25, data load time: 0.00021, step time: 0.00824,
epoch: [36], step: [983/1581], batch loss: 0.36806, batch accuracy: 87.50, data load time: 0.00021, step time: 0.00801,
epoch: [36], step: [1283/1581], batch loss: 0.45340, batch accuracy: 84.38, data load time: 0.00026, step time: 0.00817,
epoch: [37], step: [2/1581], batch loss: 0.50714, batch accuracy: 87.50, data load time: 0.00024, step time: 0.00795,
epoch: [37], step: [302/1581], batch loss: 0.39529, batch accuracy: 87.50, data load time: 0.00023, step time: 0.00815,
epoch: [37], step: [602/1581], batch loss: 0.44458, batch accuracy: 87.50, data load time: 0.00289, step time: 0.00967,
epoch: [37], step: [902/1581], batch loss: 0.35767, batch accuracy: 84.38, data load time: 0.00022, step time: 0.00835,
epoch: [37], step: [1202/1581], batch loss: 0.42266, batch accuracy: 87.50, data load time: 0.00394, step time: 0.01020,
epoch: [37], step: [1502/1581], batch loss: 0.76963, batch accuracy: 71.88, data load time: 0.00021, step time: 0.00805,
epoch: [38], step: [221/1581], batch loss: 0.50614, batch accuracy: 84.38, data load time: 0.00021, step time: 0.00822,
epoch: [38], step: [521/1581], batch loss: 0.54633, batch accuracy: 78.12, data load time: 0.00021, step time: 0.00795,
epoch: [38], step: [821/1581], batch loss: 0.55230, batch accuracy: 84.38, data load time: 0.00023, step time: 0.00815,
epoch: [38], step: [1121/1581], batch loss: 0.43265, batch accuracy: 84.38, data load time: 0.00021, step time: 0.00784,
epoch: [38], step: [1421/1581], batch loss: 0.25732, batch accuracy: 90.62, data load time: 0.00030, step time: 0.00791,
epoch: [39], step: [140/1581], batch loss: 0.49141, batch accuracy: 78.12, data load time: 0.00024, step time: 0.00851,
epoch: [39], step: [440/1581], batch loss: 0.63197, batch accuracy: 81.25, data load time: 0.00348, step time: 0.00931,
epoch: [39], step: [740/1581], batch loss: 0.24048, batch accuracy: 87.50, data load time: 0.00021, step time: 0.00794,
epoch: [39], step: [1040/1581], batch loss: 0.48189, batch accuracy: 84.38, data load time: 0.00290, step time: 0.00914,
epoch: [39], step: [1340/1581], batch loss: 0.51774, batch accuracy: 71.88, data load time: 0.00023, step time: 0.00788,
validation loss: 0.85876, accuracy: 72.98, class_accuracy: [47.45762711864407, 97.36842105263158, 59.82905982905983, 73.45132743362832, 84.7457627118644, 60.55045871559633, 100.0, 97.34513274336283, 56.12244897959184, 85.59322033898304]
class_avg: 76.24634589233622
epoch: [40], step: [59/1581], batch loss: 0.41760, batch accuracy: 81.25, data load time: 0.00025, step time: 0.00805,
epoch: [40], step: [359/1581], batch loss: 0.38467, batch accuracy: 90.62, data load time: 0.00020, step time: 0.01230,
epoch: [40], step: [659/1581], batch loss: 0.51277, batch accuracy: 87.50, data load time: 0.00022, step time: 0.00811,
epoch: [40], step: [959/1581], batch loss: 0.54956, batch accuracy: 78.12, data load time: 0.00026, step time: 0.00788,
epoch: [40], step: [1259/1581], batch loss: 0.48233, batch accuracy: 84.38, data load time: 0.00029, step time: 0.00809,
epoch: [40], step: [1559/1581], batch loss: 0.43732, batch accuracy: 90.62, data load time: 0.00012, step time: 0.00745,
epoch: [41], step: [278/1581], batch loss: 0.39011, batch accuracy: 87.50, data load time: 0.00023, step time: 0.00781,
epoch: [41], step: [578/1581], batch loss: 0.32537, batch accuracy: 93.75, data load time: 0.00350, step time: 0.00960,
epoch: [41], step: [878/1581], batch loss: 0.45438, batch accuracy: 90.62, data load time: 0.00025, step time: 0.00842,
epoch: [41], step: [1178/1581], batch loss: 0.35529, batch accuracy: 87.50, data load time: 0.00021, step time: 0.00826,
epoch: [41], step: [1478/1581], batch loss: 0.68379, batch accuracy: 81.25, data load time: 0.00021, step time: 0.00805,
epoch: [42], step: [197/1581], batch loss: 0.55239, batch accuracy: 84.38, data load time: 0.00021, step time: 0.00800,
epoch: [42], step: [497/1581], batch loss: 0.47400, batch accuracy: 84.38, data load time: 0.00021, step time: 0.00835,
epoch: [42], step: [797/1581], batch loss: 0.61311, batch accuracy: 71.88, data load time: 0.00293, step time: 0.00810,
epoch: [42], step: [1097/1581], batch loss: 0.52979, batch accuracy: 81.25, data load time: 0.00021, step time: 0.00803,
epoch: [42], step: [1397/1581], batch loss: 0.57796, batch accuracy: 75.00, data load time: 0.00021, step time: 0.00785,
epoch: [43], step: [116/1581], batch loss: 0.39817, batch accuracy: 90.62, data load time: 0.00024, step time: 0.00818,
epoch: [43], step: [416/1581], batch loss: 0.32832, batch accuracy: 90.62, data load time: 0.00510, step time: 0.00815,
epoch: [43], step: [716/1581], batch loss: 0.44003, batch accuracy: 84.38, data load time: 0.00321, step time: 0.00962,
epoch: [43], step: [1016/1581], batch loss: 0.65524, batch accuracy: 84.38, data load time: 0.00315, step time: 0.00914,
epoch: [43], step: [1316/1581], batch loss: 0.56228, batch accuracy: 81.25, data load time: 0.00023, step time: 0.00857,
epoch: [44], step: [35/1581], batch loss: 0.28462, batch accuracy: 87.50, data load time: 0.00292, step time: 0.00889,
epoch: [44], step: [335/1581], batch loss: 0.61784, batch accuracy: 71.88, data load time: 0.00026, step time: 0.00804,
epoch: [44], step: [635/1581], batch loss: 0.34417, batch accuracy: 90.62, data load time: 0.00351, step time: 0.00853,
epoch: [44], step: [935/1581], batch loss: 0.44350, batch accuracy: 81.25, data load time: 0.00025, step time: 0.00868,
epoch: [44], step: [1235/1581], batch loss: 0.49260, batch accuracy: 78.12, data load time: 0.00021, step time: 0.01014,
epoch: [44], step: [1535/1581], batch loss: 0.55161, batch accuracy: 71.88, data load time: 0.00017, step time: 0.00817,
validation loss: 0.86664, accuracy: 71.85, class_accuracy: [46.610169491525426, 97.36842105263158, 89.74358974358974, 64.60176991150442, 81.35593220338983, 55.96330275229358, 97.14285714285714, 96.46017699115045, 51.02040816326531, 69.49152542372882]
class_avg: 74.97581528759363
epoch: [45], step: [254/1581], batch loss: 0.27654, batch accuracy: 90.62, data load time: 0.00030, step time: 0.00784,
epoch: [45], step: [554/1581], batch loss: 0.37083, batch accuracy: 90.62, data load time: 0.00033, step time: 0.00803,
epoch: [45], step: [854/1581], batch loss: 0.60197, batch accuracy: 75.00, data load time: 0.00029, step time: 0.00795,
epoch: [45], step: [1154/1581], batch loss: 0.38884, batch accuracy: 84.38, data load time: 0.00020, step time: 0.00817,
epoch: [45], step: [1454/1581], batch loss: 0.65668, batch accuracy: 84.38, data load time: 0.00022, step time: 0.00874,
epoch: [46], step: [173/1581], batch loss: 0.42856, batch accuracy: 87.50, data load time: 0.00331, step time: 0.00968,
epoch: [46], step: [473/1581], batch loss: 0.53478, batch accuracy: 78.12, data load time: 0.00018, step time: 0.01492,
epoch: [46], step: [773/1581], batch loss: 0.42548, batch accuracy: 84.38, data load time: 0.00022, step time: 0.00788,
epoch: [46], step: [1073/1581], batch loss: 0.75848, batch accuracy: 71.88, data load time: 0.00024, step time: 0.00792,
epoch: [46], step: [1373/1581], batch loss: 0.29385, batch accuracy: 96.88, data load time: 0.00286, step time: 0.00856,
epoch: [47], step: [92/1581], batch loss: 0.40816, batch accuracy: 90.62, data load time: 0.00028, step time: 0.00779,
epoch: [47], step: [392/1581], batch loss: 0.44370, batch accuracy: 78.12, data load time: 0.00294, step time: 0.00978,
epoch: [47], step: [692/1581], batch loss: 0.53196, batch accuracy: 90.62, data load time: 0.00021, step time: 0.00809,
epoch: [47], step: [992/1581], batch loss: 0.32036, batch accuracy: 84.38, data load time: 0.00279, step time: 0.00820,
epoch: [47], step: [1292/1581], batch loss: 0.37844, batch accuracy: 93.75, data load time: 0.00281, step time: 0.00881,
epoch: [48], step: [11/1581], batch loss: 0.72321, batch accuracy: 75.00, data load time: 0.00023, step time: 0.01083,
epoch: [48], step: [311/1581], batch loss: 0.59857, batch accuracy: 81.25, data load time: 0.00310, step time: 0.00834,
epoch: [48], step: [611/1581], batch loss: 0.45253, batch accuracy: 81.25, data load time: 0.00022, step time: 0.00840,
epoch: [48], step: [911/1581], batch loss: 0.65053, batch accuracy: 78.12, data load time: 0.00021, step time: 0.00839,
epoch: [48], step: [1211/1581], batch loss: 0.55925, batch accuracy: 84.38, data load time: 0.00331, step time: 0.00792,
epoch: [48], step: [1511/1581], batch loss: 0.26741, batch accuracy: 93.75, data load time: 0.00021, step time: 0.00802,
epoch: [49], step: [230/1581], batch loss: 0.50321, batch accuracy: 87.50, data load time: 0.00021, step time: 0.00798,
epoch: [49], step: [530/1581], batch loss: 0.41314, batch accuracy: 90.62, data load time: 0.00021, step time: 0.00838,
epoch: [49], step: [830/1581], batch loss: 0.77567, batch accuracy: 75.00, data load time: 0.00023, step time: 0.00786,
epoch: [49], step: [1130/1581], batch loss: 0.58042, batch accuracy: 75.00, data load time: 0.00021, step time: 0.00823,
epoch: [49], step: [1430/1581], batch loss: 0.51607, batch accuracy: 81.25, data load time: 0.00031, step time: 0.00787,
validation loss: 0.82898, accuracy: 74.62, class_accuracy: [58.47457627118644, 97.36842105263158, 88.88888888888889, 68.14159292035399, 75.42372881355932, 55.96330275229358, 100.0, 94.69026548672566, 53.06122448979592, 83.05084745762711]
class_avg: 77.50628481330625
Total time taken: 839.4140100479126
