Using CUDA...
Writing logs to logs/CNN_bn_epochs=50_dropout=0.5_bs=32_optim=SGD_decay=1e-05_lr=0.001_momentum=0.9_mode=LMC_run_0
epoch: [0], step: [299/1581], batch loss: 1.66807, batch accuracy: 37.50, data load time: 0.00023, step time: 0.00824,
epoch: [0], step: [599/1581], batch loss: 1.80066, batch accuracy: 31.25, data load time: 0.00022, step time: 0.00796,
epoch: [0], step: [899/1581], batch loss: 1.57978, batch accuracy: 40.62, data load time: 0.00024, step time: 0.00806,
epoch: [0], step: [1199/1581], batch loss: 1.59799, batch accuracy: 43.75, data load time: 0.00031, step time: 0.00862,
epoch: [0], step: [1499/1581], batch loss: 1.54847, batch accuracy: 46.88, data load time: 0.00026, step time: 0.00859,
epoch: [1], step: [218/1581], batch loss: 1.14196, batch accuracy: 68.75, data load time: 0.00023, step time: 0.01290,
epoch: [1], step: [518/1581], batch loss: 1.44332, batch accuracy: 40.62, data load time: 0.00031, step time: 0.00877,
epoch: [1], step: [818/1581], batch loss: 1.05025, batch accuracy: 56.25, data load time: 0.00023, step time: 0.00799,
epoch: [1], step: [1118/1581], batch loss: 1.19265, batch accuracy: 75.00, data load time: 0.00288, step time: 0.00901,
epoch: [1], step: [1418/1581], batch loss: 1.40939, batch accuracy: 53.12, data load time: 0.00029, step time: 0.00860,
epoch: [2], step: [137/1581], batch loss: 1.29095, batch accuracy: 53.12, data load time: 0.00024, step time: 0.00866,
epoch: [2], step: [437/1581], batch loss: 1.14214, batch accuracy: 50.00, data load time: 0.00032, step time: 0.00796,
epoch: [2], step: [737/1581], batch loss: 1.45352, batch accuracy: 56.25, data load time: 0.00027, step time: 0.00826,
epoch: [2], step: [1037/1581], batch loss: 1.17314, batch accuracy: 62.50, data load time: 0.00024, step time: 0.00798,
epoch: [2], step: [1337/1581], batch loss: 1.02325, batch accuracy: 65.62, data load time: 0.00036, step time: 0.00825,
epoch: [3], step: [56/1581], batch loss: 1.16835, batch accuracy: 71.88, data load time: 0.00020, step time: 0.01155,
epoch: [3], step: [356/1581], batch loss: 1.13325, batch accuracy: 65.62, data load time: 0.00025, step time: 0.00818,
epoch: [3], step: [656/1581], batch loss: 0.98676, batch accuracy: 65.62, data load time: 0.00063, step time: 0.00798,
epoch: [3], step: [956/1581], batch loss: 0.90007, batch accuracy: 78.12, data load time: 0.00366, step time: 0.00839,
epoch: [3], step: [1256/1581], batch loss: 0.60329, batch accuracy: 75.00, data load time: 0.00022, step time: 0.00833,
epoch: [3], step: [1556/1581], batch loss: 0.81581, batch accuracy: 71.88, data load time: 0.00012, step time: 0.00723,
epoch: [4], step: [275/1581], batch loss: 0.95750, batch accuracy: 62.50, data load time: 0.00058, step time: 0.00856,
epoch: [4], step: [575/1581], batch loss: 0.76831, batch accuracy: 75.00, data load time: 0.00361, step time: 0.00934,
epoch: [4], step: [875/1581], batch loss: 0.69211, batch accuracy: 78.12, data load time: 0.00424, step time: 0.01072,
epoch: [4], step: [1175/1581], batch loss: 0.62418, batch accuracy: 75.00, data load time: 0.00218, step time: 0.00783,
epoch: [4], step: [1475/1581], batch loss: 1.15255, batch accuracy: 68.75, data load time: 0.00351, step time: 0.00884,
validation loss: 1.07940, accuracy: 66.43, class_accuracy: [77.11864406779661, 86.84210526315789, 55.55555555555556, 63.716814159292035, 79.66101694915254, 70.64220183486239, 100.0, 80.53097345132744, 45.91836734693877, 38.983050847457626]
class_avg: 69.8968729475541
epoch: [5], step: [194/1581], batch loss: 1.05238, batch accuracy: 68.75, data load time: 0.00022, step time: 0.01073,
epoch: [5], step: [494/1581], batch loss: 0.68432, batch accuracy: 75.00, data load time: 0.00023, step time: 0.00796,
epoch: [5], step: [794/1581], batch loss: 1.25553, batch accuracy: 59.38, data load time: 0.00031, step time: 0.00969,
epoch: [5], step: [1094/1581], batch loss: 0.94741, batch accuracy: 71.88, data load time: 0.00374, step time: 0.00943,
epoch: [5], step: [1394/1581], batch loss: 0.51467, batch accuracy: 90.62, data load time: 0.00025, step time: 0.01638,
epoch: [6], step: [113/1581], batch loss: 0.67149, batch accuracy: 75.00, data load time: 0.00026, step time: 0.01178,
epoch: [6], step: [413/1581], batch loss: 0.58860, batch accuracy: 75.00, data load time: 0.00449, step time: 0.00867,
epoch: [6], step: [713/1581], batch loss: 0.57881, batch accuracy: 81.25, data load time: 0.00369, step time: 0.01041,
epoch: [6], step: [1013/1581], batch loss: 1.47488, batch accuracy: 46.88, data load time: 0.00027, step time: 0.00822,
epoch: [6], step: [1313/1581], batch loss: 0.82359, batch accuracy: 59.38, data load time: 0.00032, step time: 0.01065,
epoch: [7], step: [32/1581], batch loss: 0.80379, batch accuracy: 65.62, data load time: 0.00020, step time: 0.01076,
epoch: [7], step: [332/1581], batch loss: 0.73203, batch accuracy: 71.88, data load time: 0.00228, step time: 0.01073,
epoch: [7], step: [632/1581], batch loss: 0.44619, batch accuracy: 87.50, data load time: 0.00420, step time: 0.00966,
epoch: [7], step: [932/1581], batch loss: 0.53647, batch accuracy: 81.25, data load time: 0.00024, step time: 0.00842,
epoch: [7], step: [1232/1581], batch loss: 0.46920, batch accuracy: 84.38, data load time: 0.00033, step time: 0.00801,
epoch: [7], step: [1532/1581], batch loss: 0.39838, batch accuracy: 87.50, data load time: 0.00017, step time: 0.00796,
epoch: [8], step: [251/1581], batch loss: 0.49700, batch accuracy: 81.25, data load time: 0.00022, step time: 0.00846,
epoch: [8], step: [551/1581], batch loss: 0.78228, batch accuracy: 75.00, data load time: 0.00022, step time: 0.00908,
epoch: [8], step: [851/1581], batch loss: 0.89832, batch accuracy: 65.62, data load time: 0.00025, step time: 0.00799,
epoch: [8], step: [1151/1581], batch loss: 0.32675, batch accuracy: 90.62, data load time: 0.00025, step time: 0.00801,
epoch: [8], step: [1451/1581], batch loss: 0.68327, batch accuracy: 68.75, data load time: 0.00023, step time: 0.00836,
epoch: [9], step: [170/1581], batch loss: 0.60146, batch accuracy: 78.12, data load time: 0.00022, step time: 0.01430,
epoch: [9], step: [470/1581], batch loss: 0.31953, batch accuracy: 84.38, data load time: 0.00025, step time: 0.00805,
epoch: [9], step: [770/1581], batch loss: 0.64584, batch accuracy: 81.25, data load time: 0.00299, step time: 0.00917,
epoch: [9], step: [1070/1581], batch loss: 0.71261, batch accuracy: 62.50, data load time: 0.00023, step time: 0.00795,
epoch: [9], step: [1370/1581], batch loss: 0.45568, batch accuracy: 84.38, data load time: 0.00026, step time: 0.00795,
validation loss: 0.99032, accuracy: 70.11, class_accuracy: [57.6271186440678, 86.84210526315789, 77.77777777777777, 66.3716814159292, 85.59322033898304, 53.211009174311926, 100.0, 87.61061946902655, 55.10204081632653, 60.16949152542373]
class_avg: 73.03050644250045
epoch: [10], step: [89/1581], batch loss: 0.76221, batch accuracy: 71.88, data load time: 0.00021, step time: 0.01005,
epoch: [10], step: [389/1581], batch loss: 0.83688, batch accuracy: 65.62, data load time: 0.00023, step time: 0.01026,
epoch: [10], step: [689/1581], batch loss: 0.56104, batch accuracy: 71.88, data load time: 0.00031, step time: 0.00925,
epoch: [10], step: [989/1581], batch loss: 0.54990, batch accuracy: 78.12, data load time: 0.00308, step time: 0.00966,
epoch: [10], step: [1289/1581], batch loss: 0.44555, batch accuracy: 90.62, data load time: 0.00033, step time: 0.00812,
epoch: [11], step: [8/1581], batch loss: 0.33163, batch accuracy: 84.38, data load time: 0.00317, step time: 0.00968,
epoch: [11], step: [308/1581], batch loss: 0.59813, batch accuracy: 75.00, data load time: 0.00228, step time: 0.01075,
epoch: [11], step: [608/1581], batch loss: 0.56703, batch accuracy: 87.50, data load time: 0.00021, step time: 0.00810,
epoch: [11], step: [908/1581], batch loss: 0.27596, batch accuracy: 90.62, data load time: 0.00021, step time: 0.00812,
epoch: [11], step: [1208/1581], batch loss: 0.41357, batch accuracy: 78.12, data load time: 0.00024, step time: 0.00808,
epoch: [11], step: [1508/1581], batch loss: 0.83648, batch accuracy: 75.00, data load time: 0.00025, step time: 0.01184,
epoch: [12], step: [227/1581], batch loss: 0.32828, batch accuracy: 84.38, data load time: 0.00039, step time: 0.01036,
epoch: [12], step: [527/1581], batch loss: 0.36740, batch accuracy: 87.50, data load time: 0.00344, step time: 0.00845,
epoch: [12], step: [827/1581], batch loss: 0.22134, batch accuracy: 93.75, data load time: 0.00365, step time: 0.00945,
epoch: [12], step: [1127/1581], batch loss: 0.53428, batch accuracy: 81.25, data load time: 0.00424, step time: 0.00879,
epoch: [12], step: [1427/1581], batch loss: 0.49224, batch accuracy: 78.12, data load time: 0.00021, step time: 0.01249,
epoch: [13], step: [146/1581], batch loss: 0.28044, batch accuracy: 84.38, data load time: 0.00025, step time: 0.00780,
epoch: [13], step: [446/1581], batch loss: 0.47282, batch accuracy: 78.12, data load time: 0.00021, step time: 0.01183,
epoch: [13], step: [746/1581], batch loss: 0.40803, batch accuracy: 81.25, data load time: 0.00023, step time: 0.01112,
epoch: [13], step: [1046/1581], batch loss: 0.58496, batch accuracy: 78.12, data load time: 0.00023, step time: 0.01146,
epoch: [13], step: [1346/1581], batch loss: 0.31140, batch accuracy: 81.25, data load time: 0.00022, step time: 0.01093,
epoch: [14], step: [65/1581], batch loss: 0.20956, batch accuracy: 93.75, data load time: 0.00023, step time: 0.00887,
epoch: [14], step: [365/1581], batch loss: 0.30271, batch accuracy: 81.25, data load time: 0.00023, step time: 0.01237,
epoch: [14], step: [665/1581], batch loss: 0.34932, batch accuracy: 90.62, data load time: 0.00024, step time: 0.00799,
epoch: [14], step: [965/1581], batch loss: 0.29180, batch accuracy: 90.62, data load time: 0.00025, step time: 0.00889,
epoch: [14], step: [1265/1581], batch loss: 0.40684, batch accuracy: 84.38, data load time: 0.00023, step time: 0.00843,
epoch: [14], step: [1565/1581], batch loss: 0.61554, batch accuracy: 75.00, data load time: 0.00011, step time: 0.00723,
validation loss: 0.95539, accuracy: 71.55, class_accuracy: [58.47457627118644, 92.10526315789474, 73.5042735042735, 66.3716814159292, 83.89830508474576, 53.211009174311926, 100.0, 92.92035398230088, 51.02040816326531, 73.72881355932203]
class_avg: 74.52346843132298
epoch: [15], step: [284/1581], batch loss: 0.25287, batch accuracy: 87.50, data load time: 0.00370, step time: 0.00838,
epoch: [15], step: [584/1581], batch loss: 0.45552, batch accuracy: 78.12, data load time: 0.00040, step time: 0.01257,
epoch: [15], step: [884/1581], batch loss: 0.53347, batch accuracy: 87.50, data load time: 0.00032, step time: 0.00931,
epoch: [15], step: [1184/1581], batch loss: 0.23161, batch accuracy: 93.75, data load time: 0.00023, step time: 0.00943,
epoch: [15], step: [1484/1581], batch loss: 0.32445, batch accuracy: 90.62, data load time: 0.00023, step time: 0.01000,
epoch: [16], step: [203/1581], batch loss: 0.27123, batch accuracy: 87.50, data load time: 0.00036, step time: 0.00955,
epoch: [16], step: [503/1581], batch loss: 0.30867, batch accuracy: 84.38, data load time: 0.00036, step time: 0.00914,
epoch: [16], step: [803/1581], batch loss: 0.24320, batch accuracy: 93.75, data load time: 0.00025, step time: 0.01260,
epoch: [16], step: [1103/1581], batch loss: 0.14480, batch accuracy: 93.75, data load time: 0.00027, step time: 0.01465,
epoch: [16], step: [1403/1581], batch loss: 0.17943, batch accuracy: 93.75, data load time: 0.00028, step time: 0.00814,
epoch: [17], step: [122/1581], batch loss: 0.30500, batch accuracy: 90.62, data load time: 0.00024, step time: 0.00915,
epoch: [17], step: [422/1581], batch loss: 0.45157, batch accuracy: 81.25, data load time: 0.00288, step time: 0.01458,
epoch: [17], step: [722/1581], batch loss: 0.30003, batch accuracy: 93.75, data load time: 0.00244, step time: 0.00970,
epoch: [17], step: [1022/1581], batch loss: 0.23829, batch accuracy: 87.50, data load time: 0.00027, step time: 0.00794,
epoch: [17], step: [1322/1581], batch loss: 0.42352, batch accuracy: 87.50, data load time: 0.00041, step time: 0.01128,
epoch: [18], step: [41/1581], batch loss: 0.22611, batch accuracy: 93.75, data load time: 0.00346, step time: 0.00862,
epoch: [18], step: [341/1581], batch loss: 0.36429, batch accuracy: 87.50, data load time: 0.00022, step time: 0.00811,
epoch: [18], step: [641/1581], batch loss: 0.15909, batch accuracy: 93.75, data load time: 0.00337, step time: 0.00959,
epoch: [18], step: [941/1581], batch loss: 0.16723, batch accuracy: 96.88, data load time: 0.00033, step time: 0.00838,
epoch: [18], step: [1241/1581], batch loss: 0.35408, batch accuracy: 84.38, data load time: 0.00034, step time: 0.00811,
epoch: [18], step: [1541/1581], batch loss: 0.19718, batch accuracy: 93.75, data load time: 0.00017, step time: 0.00790,
epoch: [19], step: [260/1581], batch loss: 0.41862, batch accuracy: 84.38, data load time: 0.00056, step time: 0.00818,
epoch: [19], step: [560/1581], batch loss: 0.38679, batch accuracy: 84.38, data load time: 0.00303, step time: 0.00942,
epoch: [19], step: [860/1581], batch loss: 0.60768, batch accuracy: 78.12, data load time: 0.00031, step time: 0.00808,
epoch: [19], step: [1160/1581], batch loss: 0.18041, batch accuracy: 87.50, data load time: 0.00022, step time: 0.00804,
epoch: [19], step: [1460/1581], batch loss: 0.24552, batch accuracy: 96.88, data load time: 0.00023, step time: 0.00823,
validation loss: 0.94795, accuracy: 72.26, class_accuracy: [59.32203389830509, 92.10526315789474, 72.64957264957265, 65.48672566371681, 84.7457627118644, 56.88073394495413, 100.0, 92.92035398230088, 57.142857142857146, 71.1864406779661]
class_avg: 75.2439743829432
epoch: [20], step: [179/1581], batch loss: 0.44552, batch accuracy: 75.00, data load time: 0.00023, step time: 0.00887,
epoch: [20], step: [479/1581], batch loss: 0.20416, batch accuracy: 90.62, data load time: 0.00024, step time: 0.01337,
epoch: [20], step: [779/1581], batch loss: 0.15619, batch accuracy: 100.00, data load time: 0.00029, step time: 0.00913,
epoch: [20], step: [1079/1581], batch loss: 0.46973, batch accuracy: 81.25, data load time: 0.00305, step time: 0.00918,
epoch: [20], step: [1379/1581], batch loss: 0.45571, batch accuracy: 81.25, data load time: 0.00113, step time: 0.00791,
epoch: [21], step: [98/1581], batch loss: 0.24703, batch accuracy: 96.88, data load time: 0.00020, step time: 0.00987,
epoch: [21], step: [398/1581], batch loss: 0.31614, batch accuracy: 84.38, data load time: 0.00035, step time: 0.00813,
epoch: [21], step: [698/1581], batch loss: 0.31895, batch accuracy: 87.50, data load time: 0.00026, step time: 0.01386,
epoch: [21], step: [998/1581], batch loss: 0.31493, batch accuracy: 84.38, data load time: 0.00024, step time: 0.00830,
epoch: [21], step: [1298/1581], batch loss: 0.51462, batch accuracy: 81.25, data load time: 0.00023, step time: 0.00800,
epoch: [22], step: [17/1581], batch loss: 0.21677, batch accuracy: 96.88, data load time: 0.00019, step time: 0.01165,
epoch: [22], step: [317/1581], batch loss: 0.18543, batch accuracy: 90.62, data load time: 0.00022, step time: 0.01194,
epoch: [22], step: [617/1581], batch loss: 0.19320, batch accuracy: 93.75, data load time: 0.00024, step time: 0.00801,
epoch: [22], step: [917/1581], batch loss: 0.11603, batch accuracy: 96.88, data load time: 0.00023, step time: 0.00947,
epoch: [22], step: [1217/1581], batch loss: 0.14495, batch accuracy: 90.62, data load time: 0.00023, step time: 0.01154,
epoch: [22], step: [1517/1581], batch loss: 0.08760, batch accuracy: 100.00, data load time: 0.00023, step time: 0.00936,
epoch: [23], step: [236/1581], batch loss: 0.36072, batch accuracy: 87.50, data load time: 0.00025, step time: 0.00860,
epoch: [23], step: [536/1581], batch loss: 0.10810, batch accuracy: 93.75, data load time: 0.00339, step time: 0.00820,
epoch: [23], step: [836/1581], batch loss: 0.18178, batch accuracy: 93.75, data load time: 0.00028, step time: 0.00987,
epoch: [23], step: [1136/1581], batch loss: 0.29206, batch accuracy: 87.50, data load time: 0.00425, step time: 0.00918,
epoch: [23], step: [1436/1581], batch loss: 0.15108, batch accuracy: 93.75, data load time: 0.00326, step time: 0.00913,
epoch: [24], step: [155/1581], batch loss: 0.16725, batch accuracy: 93.75, data load time: 0.00025, step time: 0.01725,
epoch: [24], step: [455/1581], batch loss: 0.18204, batch accuracy: 90.62, data load time: 0.00423, step time: 0.01053,
epoch: [24], step: [755/1581], batch loss: 0.32917, batch accuracy: 87.50, data load time: 0.00025, step time: 0.00902,
epoch: [24], step: [1055/1581], batch loss: 0.19341, batch accuracy: 90.62, data load time: 0.00023, step time: 0.00815,
epoch: [24], step: [1355/1581], batch loss: 0.18971, batch accuracy: 93.75, data load time: 0.00023, step time: 0.00813,
validation loss: 0.89640, accuracy: 74.21, class_accuracy: [61.016949152542374, 92.10526315789474, 72.64957264957265, 73.45132743362832, 86.44067796610169, 56.88073394495413, 97.14285714285714, 95.57522123893806, 53.06122448979592, 77.96610169491525]
class_avg: 76.62899288712002
epoch: [25], step: [74/1581], batch loss: 0.34103, batch accuracy: 81.25, data load time: 0.00023, step time: 0.01024,
epoch: [25], step: [374/1581], batch loss: 0.37603, batch accuracy: 87.50, data load time: 0.00042, step time: 0.00883,
epoch: [25], step: [674/1581], batch loss: 0.11070, batch accuracy: 96.88, data load time: 0.00408, step time: 0.00816,
epoch: [25], step: [974/1581], batch loss: 0.24315, batch accuracy: 93.75, data load time: 0.00337, step time: 0.00797,
epoch: [25], step: [1274/1581], batch loss: 0.29883, batch accuracy: 81.25, data load time: 0.00335, step time: 0.00842,
epoch: [25], step: [1574/1581], batch loss: 0.11549, batch accuracy: 96.88, data load time: 0.00011, step time: 0.00722,
epoch: [26], step: [293/1581], batch loss: 0.11830, batch accuracy: 96.88, data load time: 0.00022, step time: 0.00809,
epoch: [26], step: [593/1581], batch loss: 0.23246, batch accuracy: 90.62, data load time: 0.00034, step time: 0.00810,
epoch: [26], step: [893/1581], batch loss: 0.14262, batch accuracy: 93.75, data load time: 0.00035, step time: 0.00812,
epoch: [26], step: [1193/1581], batch loss: 0.26925, batch accuracy: 87.50, data load time: 0.00023, step time: 0.00829,
epoch: [26], step: [1493/1581], batch loss: 0.30562, batch accuracy: 93.75, data load time: 0.00024, step time: 0.00806,
epoch: [27], step: [212/1581], batch loss: 0.12540, batch accuracy: 96.88, data load time: 0.00023, step time: 0.00808,
epoch: [27], step: [512/1581], batch loss: 0.13630, batch accuracy: 96.88, data load time: 0.00022, step time: 0.00805,
epoch: [27], step: [812/1581], batch loss: 0.11344, batch accuracy: 96.88, data load time: 0.00034, step time: 0.00818,
epoch: [27], step: [1112/1581], batch loss: 0.34309, batch accuracy: 81.25, data load time: 0.00023, step time: 0.00946,
epoch: [27], step: [1412/1581], batch loss: 0.30107, batch accuracy: 87.50, data load time: 0.00029, step time: 0.00860,
epoch: [28], step: [131/1581], batch loss: 0.18762, batch accuracy: 93.75, data load time: 0.00024, step time: 0.00823,
epoch: [28], step: [431/1581], batch loss: 0.14803, batch accuracy: 93.75, data load time: 0.00022, step time: 0.01256,
epoch: [28], step: [731/1581], batch loss: 0.09851, batch accuracy: 96.88, data load time: 0.00479, step time: 0.00956,
epoch: [28], step: [1031/1581], batch loss: 0.11402, batch accuracy: 96.88, data load time: 0.00026, step time: 0.00795,
epoch: [28], step: [1331/1581], batch loss: 0.17158, batch accuracy: 90.62, data load time: 0.00063, step time: 0.00893,
epoch: [29], step: [50/1581], batch loss: 0.22295, batch accuracy: 90.62, data load time: 0.00020, step time: 0.00890,
epoch: [29], step: [350/1581], batch loss: 0.20676, batch accuracy: 96.88, data load time: 0.00030, step time: 0.01017,
epoch: [29], step: [650/1581], batch loss: 0.13567, batch accuracy: 93.75, data load time: 0.00024, step time: 0.00828,
epoch: [29], step: [950/1581], batch loss: 0.25287, batch accuracy: 90.62, data load time: 0.00027, step time: 0.00826,
epoch: [29], step: [1250/1581], batch loss: 0.29561, batch accuracy: 93.75, data load time: 0.00023, step time: 0.00789,
epoch: [29], step: [1550/1581], batch loss: 0.13304, batch accuracy: 100.00, data load time: 0.00014, step time: 0.00733,
validation loss: 0.92500, accuracy: 73.08, class_accuracy: [50.847457627118644, 92.10526315789474, 76.06837606837607, 71.68141592920354, 84.7457627118644, 54.12844036697248, 100.0, 95.57522123893806, 55.10204081632653, 78.8135593220339]
class_avg: 75.90675372387284
epoch: [30], step: [269/1581], batch loss: 0.07131, batch accuracy: 100.00, data load time: 0.00022, step time: 0.00815,
epoch: [30], step: [569/1581], batch loss: 0.16405, batch accuracy: 93.75, data load time: 0.00034, step time: 0.00814,
epoch: [30], step: [869/1581], batch loss: 0.12873, batch accuracy: 96.88, data load time: 0.00024, step time: 0.00841,
epoch: [30], step: [1169/1581], batch loss: 0.16929, batch accuracy: 93.75, data load time: 0.00326, step time: 0.00952,
epoch: [30], step: [1469/1581], batch loss: 0.24214, batch accuracy: 96.88, data load time: 0.00024, step time: 0.01001,
epoch: [31], step: [188/1581], batch loss: 0.06887, batch accuracy: 100.00, data load time: 0.00044, step time: 0.00817,
epoch: [31], step: [488/1581], batch loss: 0.19803, batch accuracy: 90.62, data load time: 0.00638, step time: 0.00933,
epoch: [31], step: [788/1581], batch loss: 0.15248, batch accuracy: 90.62, data load time: 0.00408, step time: 0.00846,
epoch: [31], step: [1088/1581], batch loss: 0.07758, batch accuracy: 100.00, data load time: 0.00023, step time: 0.01091,
epoch: [31], step: [1388/1581], batch loss: 0.26341, batch accuracy: 84.38, data load time: 0.00306, step time: 0.00983,
epoch: [32], step: [107/1581], batch loss: 0.11042, batch accuracy: 100.00, data load time: 0.00037, step time: 0.00991,
epoch: [32], step: [407/1581], batch loss: 0.20860, batch accuracy: 93.75, data load time: 0.00023, step time: 0.01174,
epoch: [32], step: [707/1581], batch loss: 0.16472, batch accuracy: 100.00, data load time: 0.00022, step time: 0.01452,
epoch: [32], step: [1007/1581], batch loss: 0.31564, batch accuracy: 87.50, data load time: 0.00027, step time: 0.00829,
epoch: [32], step: [1307/1581], batch loss: 0.18488, batch accuracy: 96.88, data load time: 0.00023, step time: 0.00830,
epoch: [33], step: [26/1581], batch loss: 0.20256, batch accuracy: 90.62, data load time: 0.00028, step time: 0.00790,
epoch: [33], step: [326/1581], batch loss: 0.19891, batch accuracy: 96.88, data load time: 0.00022, step time: 0.01034,
epoch: [33], step: [626/1581], batch loss: 0.17734, batch accuracy: 90.62, data load time: 0.00503, step time: 0.00816,
epoch: [33], step: [926/1581], batch loss: 0.21170, batch accuracy: 93.75, data load time: 0.00337, step time: 0.00834,
epoch: [33], step: [1226/1581], batch loss: 0.07216, batch accuracy: 100.00, data load time: 0.00023, step time: 0.01432,
epoch: [33], step: [1526/1581], batch loss: 0.28249, batch accuracy: 87.50, data load time: 0.00018, step time: 0.00804,
epoch: [34], step: [245/1581], batch loss: 0.12952, batch accuracy: 96.88, data load time: 0.00719, step time: 0.01084,
epoch: [34], step: [545/1581], batch loss: 0.06153, batch accuracy: 96.88, data load time: 0.00396, step time: 0.00878,
epoch: [34], step: [845/1581], batch loss: 0.16789, batch accuracy: 93.75, data load time: 0.00373, step time: 0.00848,
epoch: [34], step: [1145/1581], batch loss: 0.08660, batch accuracy: 96.88, data load time: 0.00027, step time: 0.00882,
epoch: [34], step: [1445/1581], batch loss: 0.49861, batch accuracy: 96.88, data load time: 0.00025, step time: 0.01116,
validation loss: 0.93496, accuracy: 72.57, class_accuracy: [51.69491525423729, 92.10526315789474, 79.48717948717949, 72.56637168141593, 78.8135593220339, 54.12844036697248, 97.14285714285714, 97.34513274336283, 52.04081632653061, 77.11864406779661]
class_avg: 75.2443179550281
epoch: [35], step: [164/1581], batch loss: 0.10678, batch accuracy: 96.88, data load time: 0.00386, step time: 0.00924,
epoch: [35], step: [464/1581], batch loss: 0.17266, batch accuracy: 96.88, data load time: 0.00299, step time: 0.00978,
epoch: [35], step: [764/1581], batch loss: 0.19410, batch accuracy: 93.75, data load time: 0.00058, step time: 0.00823,
epoch: [35], step: [1064/1581], batch loss: 0.12366, batch accuracy: 93.75, data load time: 0.00119, step time: 0.00819,
epoch: [35], step: [1364/1581], batch loss: 0.15151, batch accuracy: 93.75, data load time: 0.00034, step time: 0.00835,
epoch: [36], step: [83/1581], batch loss: 0.08842, batch accuracy: 100.00, data load time: 0.00023, step time: 0.00903,
epoch: [36], step: [383/1581], batch loss: 0.20857, batch accuracy: 90.62, data load time: 0.00022, step time: 0.01120,
epoch: [36], step: [683/1581], batch loss: 0.11862, batch accuracy: 96.88, data load time: 0.00024, step time: 0.00997,
epoch: [36], step: [983/1581], batch loss: 0.12954, batch accuracy: 96.88, data load time: 0.00029, step time: 0.01344,
epoch: [36], step: [1283/1581], batch loss: 0.15758, batch accuracy: 93.75, data load time: 0.00031, step time: 0.00824,
epoch: [37], step: [2/1581], batch loss: 0.04109, batch accuracy: 100.00, data load time: 0.00022, step time: 0.00871,
epoch: [37], step: [302/1581], batch loss: 0.08947, batch accuracy: 96.88, data load time: 0.00022, step time: 0.00808,
epoch: [37], step: [602/1581], batch loss: 0.12156, batch accuracy: 96.88, data load time: 0.00028, step time: 0.00968,
epoch: [37], step: [902/1581], batch loss: 0.02257, batch accuracy: 100.00, data load time: 0.00332, step time: 0.00854,
epoch: [37], step: [1202/1581], batch loss: 0.15689, batch accuracy: 93.75, data load time: 0.00031, step time: 0.00785,
epoch: [37], step: [1502/1581], batch loss: 0.12973, batch accuracy: 90.62, data load time: 0.00030, step time: 0.00845,
epoch: [38], step: [221/1581], batch loss: 0.11331, batch accuracy: 96.88, data load time: 0.00032, step time: 0.00795,
epoch: [38], step: [521/1581], batch loss: 0.07047, batch accuracy: 96.88, data load time: 0.00428, step time: 0.00841,
epoch: [38], step: [821/1581], batch loss: 0.08310, batch accuracy: 100.00, data load time: 0.00029, step time: 0.00808,
epoch: [38], step: [1121/1581], batch loss: 0.06475, batch accuracy: 96.88, data load time: 0.00303, step time: 0.01137,
epoch: [38], step: [1421/1581], batch loss: 0.17323, batch accuracy: 90.62, data load time: 0.00025, step time: 0.00824,
epoch: [39], step: [140/1581], batch loss: 0.12149, batch accuracy: 96.88, data load time: 0.00023, step time: 0.00941,
epoch: [39], step: [440/1581], batch loss: 0.02438, batch accuracy: 100.00, data load time: 0.00330, step time: 0.00826,
epoch: [39], step: [740/1581], batch loss: 0.06846, batch accuracy: 100.00, data load time: 0.00063, step time: 0.00986,
epoch: [39], step: [1040/1581], batch loss: 0.18253, batch accuracy: 93.75, data load time: 0.00082, step time: 0.00818,
epoch: [39], step: [1340/1581], batch loss: 0.17575, batch accuracy: 96.88, data load time: 0.00022, step time: 0.00949,
validation loss: 1.02240, accuracy: 71.24, class_accuracy: [51.69491525423729, 92.10526315789474, 67.52136752136752, 80.53097345132744, 77.96610169491525, 50.45871559633027, 97.14285714285714, 97.34513274336283, 52.04081632653061, 74.57627118644068]
class_avg: 74.13824140752637
epoch: [40], step: [59/1581], batch loss: 0.06839, batch accuracy: 90.62, data load time: 0.00364, step time: 0.00904,
epoch: [40], step: [359/1581], batch loss: 0.06390, batch accuracy: 96.88, data load time: 0.00351, step time: 0.00921,
epoch: [40], step: [659/1581], batch loss: 0.08545, batch accuracy: 96.88, data load time: 0.00032, step time: 0.00808,
epoch: [40], step: [959/1581], batch loss: 0.07845, batch accuracy: 100.00, data load time: 0.00259, step time: 0.01013,
epoch: [40], step: [1259/1581], batch loss: 0.05030, batch accuracy: 100.00, data load time: 0.00328, step time: 0.00841,
epoch: [40], step: [1559/1581], batch loss: 0.09982, batch accuracy: 96.88, data load time: 0.00012, step time: 0.00725,
epoch: [41], step: [278/1581], batch loss: 0.07629, batch accuracy: 90.62, data load time: 0.00022, step time: 0.00911,
epoch: [41], step: [578/1581], batch loss: 0.09067, batch accuracy: 96.88, data load time: 0.00033, step time: 0.00959,
epoch: [41], step: [878/1581], batch loss: 0.07044, batch accuracy: 100.00, data load time: 0.00022, step time: 0.00809,
epoch: [41], step: [1178/1581], batch loss: 0.13085, batch accuracy: 93.75, data load time: 0.00024, step time: 0.00800,
epoch: [41], step: [1478/1581], batch loss: 0.15369, batch accuracy: 96.88, data load time: 0.00023, step time: 0.00806,
epoch: [42], step: [197/1581], batch loss: 0.17479, batch accuracy: 100.00, data load time: 0.00028, step time: 0.00871,
epoch: [42], step: [497/1581], batch loss: 0.14936, batch accuracy: 96.88, data load time: 0.00023, step time: 0.00886,
epoch: [42], step: [797/1581], batch loss: 0.06084, batch accuracy: 100.00, data load time: 0.00022, step time: 0.01027,
epoch: [42], step: [1097/1581], batch loss: 0.06162, batch accuracy: 100.00, data load time: 0.00025, step time: 0.00819,
epoch: [42], step: [1397/1581], batch loss: 0.08635, batch accuracy: 96.88, data load time: 0.00028, step time: 0.00838,
epoch: [43], step: [116/1581], batch loss: 0.06917, batch accuracy: 100.00, data load time: 0.00023, step time: 0.01203,
epoch: [43], step: [416/1581], batch loss: 0.06345, batch accuracy: 100.00, data load time: 0.00319, step time: 0.01378,
epoch: [43], step: [716/1581], batch loss: 0.07136, batch accuracy: 96.88, data load time: 0.00057, step time: 0.00811,
epoch: [43], step: [1016/1581], batch loss: 0.16856, batch accuracy: 93.75, data load time: 0.00023, step time: 0.01199,
epoch: [43], step: [1316/1581], batch loss: 0.07879, batch accuracy: 100.00, data load time: 0.00024, step time: 0.01145,
epoch: [44], step: [35/1581], batch loss: 0.26193, batch accuracy: 87.50, data load time: 0.00414, step time: 0.00985,
epoch: [44], step: [335/1581], batch loss: 0.04481, batch accuracy: 100.00, data load time: 0.00022, step time: 0.00851,
epoch: [44], step: [635/1581], batch loss: 0.04804, batch accuracy: 100.00, data load time: 0.00030, step time: 0.00869,
epoch: [44], step: [935/1581], batch loss: 0.15354, batch accuracy: 87.50, data load time: 0.00232, step time: 0.01027,
epoch: [44], step: [1235/1581], batch loss: 0.24774, batch accuracy: 87.50, data load time: 0.00024, step time: 0.00828,
epoch: [44], step: [1535/1581], batch loss: 0.07015, batch accuracy: 96.88, data load time: 0.00018, step time: 0.00806,
validation loss: 0.96024, accuracy: 72.06, class_accuracy: [50.847457627118644, 92.10526315789474, 70.08547008547009, 76.99115044247787, 83.05084745762711, 54.12844036697248, 97.14285714285714, 90.26548672566372, 53.06122448979592, 80.50847457627118]
class_avg: 74.8186672072149
epoch: [45], step: [254/1581], batch loss: 0.18971, batch accuracy: 96.88, data load time: 0.00024, step time: 0.00898,
epoch: [45], step: [554/1581], batch loss: 0.03328, batch accuracy: 100.00, data load time: 0.00022, step time: 0.00800,
epoch: [45], step: [854/1581], batch loss: 0.08757, batch accuracy: 96.88, data load time: 0.00023, step time: 0.00962,
epoch: [45], step: [1154/1581], batch loss: 0.03231, batch accuracy: 100.00, data load time: 0.00023, step time: 0.00843,
epoch: [45], step: [1454/1581], batch loss: 0.05083, batch accuracy: 100.00, data load time: 0.00350, step time: 0.00908,
epoch: [46], step: [173/1581], batch loss: 0.05663, batch accuracy: 100.00, data load time: 0.00432, step time: 0.00875,
epoch: [46], step: [473/1581], batch loss: 0.02767, batch accuracy: 100.00, data load time: 0.00023, step time: 0.00831,
epoch: [46], step: [773/1581], batch loss: 0.03938, batch accuracy: 100.00, data load time: 0.00023, step time: 0.01461,
epoch: [46], step: [1073/1581], batch loss: 0.05090, batch accuracy: 96.88, data load time: 0.00023, step time: 0.01014,
epoch: [46], step: [1373/1581], batch loss: 0.06164, batch accuracy: 100.00, data load time: 0.00032, step time: 0.00834,
epoch: [47], step: [92/1581], batch loss: 0.03234, batch accuracy: 100.00, data load time: 0.00023, step time: 0.00808,
epoch: [47], step: [392/1581], batch loss: 0.13910, batch accuracy: 93.75, data load time: 0.00026, step time: 0.00823,
epoch: [47], step: [692/1581], batch loss: 0.14598, batch accuracy: 93.75, data load time: 0.00046, step time: 0.00819,
epoch: [47], step: [992/1581], batch loss: 0.29260, batch accuracy: 87.50, data load time: 0.00346, step time: 0.00942,
epoch: [47], step: [1292/1581], batch loss: 0.09147, batch accuracy: 96.88, data load time: 0.00022, step time: 0.01449,
epoch: [48], step: [11/1581], batch loss: 0.03859, batch accuracy: 100.00, data load time: 0.00035, step time: 0.00856,
epoch: [48], step: [311/1581], batch loss: 0.06072, batch accuracy: 96.88, data load time: 0.00026, step time: 0.00838,
epoch: [48], step: [611/1581], batch loss: 0.02095, batch accuracy: 100.00, data load time: 0.00306, step time: 0.01218,
epoch: [48], step: [911/1581], batch loss: 0.12828, batch accuracy: 93.75, data load time: 0.00022, step time: 0.00885,
epoch: [48], step: [1211/1581], batch loss: 0.22232, batch accuracy: 93.75, data load time: 0.00022, step time: 0.00799,
epoch: [48], step: [1511/1581], batch loss: 0.07021, batch accuracy: 96.88, data load time: 0.00302, step time: 0.00941,
epoch: [49], step: [230/1581], batch loss: 0.11064, batch accuracy: 96.88, data load time: 0.00024, step time: 0.00784,
epoch: [49], step: [530/1581], batch loss: 0.04182, batch accuracy: 100.00, data load time: 0.00083, step time: 0.00810,
epoch: [49], step: [830/1581], batch loss: 0.07600, batch accuracy: 100.00, data load time: 0.00349, step time: 0.01430,
epoch: [49], step: [1130/1581], batch loss: 0.11822, batch accuracy: 96.88, data load time: 0.00023, step time: 0.00806,
epoch: [49], step: [1430/1581], batch loss: 0.13657, batch accuracy: 93.75, data load time: 0.00065, step time: 0.01873,
validation loss: 1.01739, accuracy: 71.24, class_accuracy: [52.54237288135593, 92.10526315789474, 72.64957264957265, 76.99115044247787, 78.8135593220339, 53.211009174311926, 97.14285714285714, 92.03539823008849, 44.89795918367347, 79.66101694915254]
class_avg: 74.00501591334186
Total time taken: 946.273962020874
