Using CUDA...
Writing logs to logs/CNN_bn_epochs=50_dropout=0.5_bs=32_optim=SGD_decay=0.01_lr=0.001_momentum=0.9_mode=TSCNN_run_2
epoch: [0], step: [299/1581], batch loss: 2.02069, batch accuracy: 18.75, data load time: 0.00020, step time: 0.00832,
epoch: [0], step: [599/1581], batch loss: 1.79148, batch accuracy: 34.38, data load time: 0.00028, step time: 0.01045,
epoch: [0], step: [899/1581], batch loss: 2.25149, batch accuracy: 28.12, data load time: 0.00052, step time: 0.02317,
epoch: [0], step: [1199/1581], batch loss: 1.51587, batch accuracy: 31.25, data load time: 0.00233, step time: 0.00926,
epoch: [0], step: [1499/1581], batch loss: 1.65301, batch accuracy: 43.75, data load time: 0.00281, step time: 0.00922,
epoch: [1], step: [218/1581], batch loss: 1.70115, batch accuracy: 50.00, data load time: 0.00099, step time: 0.01356,
epoch: [1], step: [518/1581], batch loss: 1.03629, batch accuracy: 59.38, data load time: 0.00026, step time: 0.01427,
epoch: [1], step: [818/1581], batch loss: 0.88228, batch accuracy: 56.25, data load time: 0.00023, step time: 0.00800,
epoch: [1], step: [1118/1581], batch loss: 1.29959, batch accuracy: 59.38, data load time: 0.00020, step time: 0.01350,
epoch: [1], step: [1418/1581], batch loss: 1.22620, batch accuracy: 62.50, data load time: 0.00024, step time: 0.01118,
epoch: [2], step: [137/1581], batch loss: 1.15743, batch accuracy: 50.00, data load time: 0.00022, step time: 0.01294,
epoch: [2], step: [437/1581], batch loss: 1.30885, batch accuracy: 62.50, data load time: 0.00022, step time: 0.00809,
epoch: [2], step: [737/1581], batch loss: 1.59718, batch accuracy: 62.50, data load time: 0.00023, step time: 0.00817,
epoch: [2], step: [1037/1581], batch loss: 1.11193, batch accuracy: 59.38, data load time: 0.00050, step time: 0.00818,
epoch: [2], step: [1337/1581], batch loss: 1.10249, batch accuracy: 59.38, data load time: 0.00022, step time: 0.00826,
epoch: [3], step: [56/1581], batch loss: 1.17313, batch accuracy: 56.25, data load time: 0.00020, step time: 0.01391,
epoch: [3], step: [356/1581], batch loss: 0.83408, batch accuracy: 68.75, data load time: 0.00021, step time: 0.00854,
epoch: [3], step: [656/1581], batch loss: 0.77908, batch accuracy: 68.75, data load time: 0.00025, step time: 0.01766,
epoch: [3], step: [956/1581], batch loss: 1.02916, batch accuracy: 71.88, data load time: 0.00025, step time: 0.00815,
epoch: [3], step: [1256/1581], batch loss: 1.00511, batch accuracy: 59.38, data load time: 0.00023, step time: 0.00837,
epoch: [3], step: [1556/1581], batch loss: 1.15581, batch accuracy: 56.25, data load time: 0.00011, step time: 0.00739,
epoch: [4], step: [275/1581], batch loss: 0.87769, batch accuracy: 62.50, data load time: 0.00021, step time: 0.01118,
epoch: [4], step: [575/1581], batch loss: 0.58591, batch accuracy: 78.12, data load time: 0.00375, step time: 0.00841,
epoch: [4], step: [875/1581], batch loss: 0.74346, batch accuracy: 71.88, data load time: 0.00022, step time: 0.01047,
epoch: [4], step: [1175/1581], batch loss: 1.00479, batch accuracy: 78.12, data load time: 0.00023, step time: 0.00948,
epoch: [4], step: [1475/1581], batch loss: 0.86846, batch accuracy: 62.50, data load time: 0.00020, step time: 0.00846,
validation loss: 1.59534, accuracy: 70.73, class_accuracy: [70.33898305084746, 81.57894736842105, 67.52136752136752, 65.48672566371681, 74.57627118644068, 64.22018348623853, 100.0, 91.15044247787611, 56.12244897959184, 61.86440677966102]
class_avg: 73.2859776514161
epoch: [5], step: [194/1581], batch loss: 0.95770, batch accuracy: 62.50, data load time: 0.00022, step time: 0.00817,
epoch: [5], step: [494/1581], batch loss: 1.11512, batch accuracy: 68.75, data load time: 0.00021, step time: 0.00876,
epoch: [5], step: [794/1581], batch loss: 0.63706, batch accuracy: 75.00, data load time: 0.00025, step time: 0.00835,
epoch: [5], step: [1094/1581], batch loss: 0.62299, batch accuracy: 81.25, data load time: 0.00021, step time: 0.00806,
epoch: [5], step: [1394/1581], batch loss: 0.65190, batch accuracy: 84.38, data load time: 0.00296, step time: 0.00804,
epoch: [6], step: [113/1581], batch loss: 0.60339, batch accuracy: 68.75, data load time: 0.00020, step time: 0.00936,
epoch: [6], step: [413/1581], batch loss: 0.71979, batch accuracy: 65.62, data load time: 0.00024, step time: 0.00878,
epoch: [6], step: [713/1581], batch loss: 0.76916, batch accuracy: 71.88, data load time: 0.00022, step time: 0.00860,
epoch: [6], step: [1013/1581], batch loss: 1.06461, batch accuracy: 62.50, data load time: 0.00023, step time: 0.01102,
epoch: [6], step: [1313/1581], batch loss: 0.53658, batch accuracy: 81.25, data load time: 0.00399, step time: 0.03358,
epoch: [7], step: [32/1581], batch loss: 0.89261, batch accuracy: 75.00, data load time: 0.00610, step time: 0.01050,
epoch: [7], step: [332/1581], batch loss: 0.53127, batch accuracy: 78.12, data load time: 0.00351, step time: 0.00979,
epoch: [7], step: [632/1581], batch loss: 0.66327, batch accuracy: 78.12, data load time: 0.00295, step time: 0.00970,
epoch: [7], step: [932/1581], batch loss: 0.57115, batch accuracy: 81.25, data load time: 0.00022, step time: 0.01246,
epoch: [7], step: [1232/1581], batch loss: 0.98228, batch accuracy: 56.25, data load time: 0.00317, step time: 0.00875,
epoch: [7], step: [1532/1581], batch loss: 0.46807, batch accuracy: 78.12, data load time: 0.00017, step time: 0.00954,
epoch: [8], step: [251/1581], batch loss: 0.64536, batch accuracy: 71.88, data load time: 0.00054, step time: 0.00812,
epoch: [8], step: [551/1581], batch loss: 0.54139, batch accuracy: 87.50, data load time: 0.00022, step time: 0.00995,
epoch: [8], step: [851/1581], batch loss: 0.47118, batch accuracy: 84.38, data load time: 0.00024, step time: 0.00893,
epoch: [8], step: [1151/1581], batch loss: 0.68592, batch accuracy: 71.88, data load time: 0.00314, step time: 0.00883,
epoch: [8], step: [1451/1581], batch loss: 0.78506, batch accuracy: 78.12, data load time: 0.00023, step time: 0.00931,
epoch: [9], step: [170/1581], batch loss: 0.63236, batch accuracy: 81.25, data load time: 0.00339, step time: 0.01452,
epoch: [9], step: [470/1581], batch loss: 0.39811, batch accuracy: 93.75, data load time: 0.00028, step time: 0.00839,
epoch: [9], step: [770/1581], batch loss: 0.46478, batch accuracy: 78.12, data load time: 0.00024, step time: 0.00849,
epoch: [9], step: [1070/1581], batch loss: 0.57400, batch accuracy: 81.25, data load time: 0.00360, step time: 0.00929,
epoch: [9], step: [1370/1581], batch loss: 0.74108, batch accuracy: 81.25, data load time: 0.00021, step time: 0.00796,
validation loss: 1.46858, accuracy: 74.31, class_accuracy: [64.40677966101696, 94.73684210526316, 76.92307692307692, 64.60176991150442, 76.27118644067797, 68.80733944954129, 100.0, 98.23008849557522, 57.142857142857146, 71.1864406779661]
class_avg: 77.23063808074792
epoch: [10], step: [89/1581], batch loss: 0.58211, batch accuracy: 84.38, data load time: 0.00024, step time: 0.00806,
epoch: [10], step: [389/1581], batch loss: 0.64890, batch accuracy: 75.00, data load time: 0.00022, step time: 0.00802,
epoch: [10], step: [689/1581], batch loss: 0.45855, batch accuracy: 87.50, data load time: 0.00020, step time: 0.00793,
epoch: [10], step: [989/1581], batch loss: 0.56846, batch accuracy: 81.25, data load time: 0.00372, step time: 0.01945,
epoch: [10], step: [1289/1581], batch loss: 0.79454, batch accuracy: 71.88, data load time: 0.00024, step time: 0.01537,
epoch: [11], step: [8/1581], batch loss: 0.67186, batch accuracy: 81.25, data load time: 0.00211, step time: 0.01058,
epoch: [11], step: [308/1581], batch loss: 0.49878, batch accuracy: 84.38, data load time: 0.00021, step time: 0.00807,
epoch: [11], step: [608/1581], batch loss: 0.77031, batch accuracy: 75.00, data load time: 0.00028, step time: 0.02012,
epoch: [11], step: [908/1581], batch loss: 0.64629, batch accuracy: 81.25, data load time: 0.00023, step time: 0.00793,
epoch: [11], step: [1208/1581], batch loss: 0.78938, batch accuracy: 84.38, data load time: 0.00283, step time: 0.00907,
epoch: [11], step: [1508/1581], batch loss: 0.60236, batch accuracy: 75.00, data load time: 0.00022, step time: 0.00815,
epoch: [12], step: [227/1581], batch loss: 1.13240, batch accuracy: 78.12, data load time: 0.00025, step time: 0.01229,
epoch: [12], step: [527/1581], batch loss: 0.54200, batch accuracy: 78.12, data load time: 0.00020, step time: 0.00909,
epoch: [12], step: [827/1581], batch loss: 0.58969, batch accuracy: 81.25, data load time: 0.00435, step time: 0.00888,
epoch: [12], step: [1127/1581], batch loss: 0.75657, batch accuracy: 75.00, data load time: 0.00022, step time: 0.00811,
epoch: [12], step: [1427/1581], batch loss: 0.60848, batch accuracy: 78.12, data load time: 0.00022, step time: 0.00808,
epoch: [13], step: [146/1581], batch loss: 0.55680, batch accuracy: 87.50, data load time: 0.00028, step time: 0.00822,
epoch: [13], step: [446/1581], batch loss: 0.62207, batch accuracy: 78.12, data load time: 0.00024, step time: 0.01409,
epoch: [13], step: [746/1581], batch loss: 0.77592, batch accuracy: 78.12, data load time: 0.00023, step time: 0.00882,
epoch: [13], step: [1046/1581], batch loss: 0.58709, batch accuracy: 78.12, data load time: 0.00023, step time: 0.00821,
epoch: [13], step: [1346/1581], batch loss: 0.49991, batch accuracy: 84.38, data load time: 0.00024, step time: 0.00917,
epoch: [14], step: [65/1581], batch loss: 0.37785, batch accuracy: 78.12, data load time: 0.00020, step time: 0.00791,
epoch: [14], step: [365/1581], batch loss: 0.49599, batch accuracy: 84.38, data load time: 0.00436, step time: 0.00884,
epoch: [14], step: [665/1581], batch loss: 0.48374, batch accuracy: 84.38, data load time: 0.00022, step time: 0.01644,
epoch: [14], step: [965/1581], batch loss: 0.70696, batch accuracy: 75.00, data load time: 0.00025, step time: 0.00867,
epoch: [14], step: [1265/1581], batch loss: 0.50898, batch accuracy: 78.12, data load time: 0.00024, step time: 0.00803,
epoch: [14], step: [1565/1581], batch loss: 0.42080, batch accuracy: 87.50, data load time: 0.00011, step time: 0.00737,
validation loss: 1.41301, accuracy: 75.33, class_accuracy: [65.2542372881356, 94.73684210526316, 83.76068376068376, 57.52212389380531, 77.96610169491525, 60.55045871559633, 100.0, 98.23008849557522, 58.16326530612245, 83.89830508474576]
class_avg: 78.0082106344843
epoch: [15], step: [284/1581], batch loss: 0.54475, batch accuracy: 78.12, data load time: 0.00330, step time: 0.00915,
epoch: [15], step: [584/1581], batch loss: 0.58002, batch accuracy: 81.25, data load time: 0.00022, step time: 0.00806,
epoch: [15], step: [884/1581], batch loss: 0.61445, batch accuracy: 78.12, data load time: 0.00021, step time: 0.00795,
epoch: [15], step: [1184/1581], batch loss: 0.57429, batch accuracy: 78.12, data load time: 0.00022, step time: 0.01086,
epoch: [15], step: [1484/1581], batch loss: 0.43123, batch accuracy: 81.25, data load time: 0.00284, step time: 0.00937,
epoch: [16], step: [203/1581], batch loss: 0.39033, batch accuracy: 90.62, data load time: 0.00021, step time: 0.00860,
epoch: [16], step: [503/1581], batch loss: 0.38985, batch accuracy: 81.25, data load time: 0.00022, step time: 0.00859,
epoch: [16], step: [803/1581], batch loss: 0.38496, batch accuracy: 90.62, data load time: 0.00021, step time: 0.00796,
epoch: [16], step: [1103/1581], batch loss: 0.55547, batch accuracy: 78.12, data load time: 0.00021, step time: 0.00786,
epoch: [16], step: [1403/1581], batch loss: 0.38402, batch accuracy: 90.62, data load time: 0.00022, step time: 0.00824,
epoch: [17], step: [122/1581], batch loss: 0.42400, batch accuracy: 84.38, data load time: 0.00393, step time: 0.00849,
epoch: [17], step: [422/1581], batch loss: 0.46529, batch accuracy: 81.25, data load time: 0.00332, step time: 0.00841,
epoch: [17], step: [722/1581], batch loss: 0.65606, batch accuracy: 81.25, data load time: 0.00024, step time: 0.00813,
epoch: [17], step: [1022/1581], batch loss: 0.31812, batch accuracy: 96.88, data load time: 0.00022, step time: 0.00851,
epoch: [17], step: [1322/1581], batch loss: 0.38707, batch accuracy: 87.50, data load time: 0.00021, step time: 0.00805,
epoch: [18], step: [41/1581], batch loss: 0.44931, batch accuracy: 81.25, data load time: 0.00289, step time: 0.00851,
epoch: [18], step: [341/1581], batch loss: 0.66457, batch accuracy: 78.12, data load time: 0.00024, step time: 0.01343,
epoch: [18], step: [641/1581], batch loss: 0.60820, batch accuracy: 84.38, data load time: 0.00023, step time: 0.00862,
epoch: [18], step: [941/1581], batch loss: 0.49997, batch accuracy: 78.12, data load time: 0.00315, step time: 0.00874,
epoch: [18], step: [1241/1581], batch loss: 0.54118, batch accuracy: 81.25, data load time: 0.00312, step time: 0.00982,
epoch: [18], step: [1541/1581], batch loss: 0.56057, batch accuracy: 75.00, data load time: 0.00017, step time: 0.00974,
epoch: [19], step: [260/1581], batch loss: 0.48459, batch accuracy: 87.50, data load time: 0.00023, step time: 0.01319,
epoch: [19], step: [560/1581], batch loss: 0.42019, batch accuracy: 93.75, data load time: 0.00022, step time: 0.00857,
epoch: [19], step: [860/1581], batch loss: 0.50563, batch accuracy: 81.25, data load time: 0.00021, step time: 0.01305,
epoch: [19], step: [1160/1581], batch loss: 0.50958, batch accuracy: 81.25, data load time: 0.00022, step time: 0.01276,
epoch: [19], step: [1460/1581], batch loss: 0.83083, batch accuracy: 68.75, data load time: 0.00021, step time: 0.00792,
validation loss: 1.39682, accuracy: 75.95, class_accuracy: [65.2542372881356, 94.73684210526316, 83.76068376068376, 71.68141592920354, 77.11864406779661, 59.63302752293578, 100.0, 99.11504424778761, 59.183673469387756, 75.42372881355932]
class_avg: 78.59072972047531
epoch: [20], step: [179/1581], batch loss: 0.49280, batch accuracy: 84.38, data load time: 0.00031, step time: 0.00842,
epoch: [20], step: [479/1581], batch loss: 0.79418, batch accuracy: 65.62, data load time: 0.00357, step time: 0.00811,
epoch: [20], step: [779/1581], batch loss: 0.36932, batch accuracy: 87.50, data load time: 0.00075, step time: 0.00813,
epoch: [20], step: [1079/1581], batch loss: 0.55736, batch accuracy: 75.00, data load time: 0.00029, step time: 0.01341,
epoch: [20], step: [1379/1581], batch loss: 0.20305, batch accuracy: 100.00, data load time: 0.00027, step time: 0.00879,
epoch: [21], step: [98/1581], batch loss: 0.58653, batch accuracy: 71.88, data load time: 0.00031, step time: 0.00956,
epoch: [21], step: [398/1581], batch loss: 0.37588, batch accuracy: 87.50, data load time: 0.00289, step time: 0.00829,
epoch: [21], step: [698/1581], batch loss: 0.37379, batch accuracy: 87.50, data load time: 0.00022, step time: 0.00979,
epoch: [21], step: [998/1581], batch loss: 0.62431, batch accuracy: 84.38, data load time: 0.00024, step time: 0.00987,
epoch: [21], step: [1298/1581], batch loss: 1.02128, batch accuracy: 59.38, data load time: 0.00281, step time: 0.00907,
epoch: [22], step: [17/1581], batch loss: 0.40354, batch accuracy: 84.38, data load time: 0.00023, step time: 0.00867,
epoch: [22], step: [317/1581], batch loss: 0.69505, batch accuracy: 75.00, data load time: 0.00021, step time: 0.01059,
epoch: [22], step: [617/1581], batch loss: 0.72509, batch accuracy: 71.88, data load time: 0.00029, step time: 0.00806,
epoch: [22], step: [917/1581], batch loss: 0.48749, batch accuracy: 87.50, data load time: 0.00280, step time: 0.00962,
epoch: [22], step: [1217/1581], batch loss: 0.57900, batch accuracy: 90.62, data load time: 0.00034, step time: 0.00852,
epoch: [22], step: [1517/1581], batch loss: 0.49375, batch accuracy: 78.12, data load time: 0.00022, step time: 0.00815,
epoch: [23], step: [236/1581], batch loss: 0.55873, batch accuracy: 84.38, data load time: 0.00353, step time: 0.01065,
epoch: [23], step: [536/1581], batch loss: 0.61674, batch accuracy: 75.00, data load time: 0.00202, step time: 0.01096,
epoch: [23], step: [836/1581], batch loss: 0.30699, batch accuracy: 87.50, data load time: 0.00262, step time: 0.01078,
epoch: [23], step: [1136/1581], batch loss: 0.50016, batch accuracy: 78.12, data load time: 0.00024, step time: 0.00809,
epoch: [23], step: [1436/1581], batch loss: 0.37692, batch accuracy: 90.62, data load time: 0.00023, step time: 0.01190,
epoch: [24], step: [155/1581], batch loss: 0.51148, batch accuracy: 84.38, data load time: 0.00805, step time: 0.00945,
epoch: [24], step: [455/1581], batch loss: 0.42938, batch accuracy: 90.62, data load time: 0.00025, step time: 0.00840,
epoch: [24], step: [755/1581], batch loss: 0.65032, batch accuracy: 81.25, data load time: 0.00024, step time: 0.00805,
epoch: [24], step: [1055/1581], batch loss: 0.30521, batch accuracy: 96.88, data load time: 0.00029, step time: 0.00794,
epoch: [24], step: [1355/1581], batch loss: 0.42261, batch accuracy: 90.62, data load time: 0.00238, step time: 0.00951,
validation loss: 1.36952, accuracy: 76.66, class_accuracy: [61.86440677966102, 97.36842105263158, 85.47008547008546, 70.79646017699115, 77.96610169491525, 64.22018348623853, 97.14285714285714, 97.34513274336283, 59.183673469387756, 80.50847457627118]
class_avg: 79.18657965924018
epoch: [25], step: [74/1581], batch loss: 0.56908, batch accuracy: 78.12, data load time: 0.00021, step time: 0.01108,
epoch: [25], step: [374/1581], batch loss: 0.52895, batch accuracy: 81.25, data load time: 0.00434, step time: 0.00917,
epoch: [25], step: [674/1581], batch loss: 0.66545, batch accuracy: 75.00, data load time: 0.00024, step time: 0.00804,
epoch: [25], step: [974/1581], batch loss: 1.07986, batch accuracy: 75.00, data load time: 0.00302, step time: 0.00943,
epoch: [25], step: [1274/1581], batch loss: 0.50915, batch accuracy: 75.00, data load time: 0.00021, step time: 0.00823,
epoch: [25], step: [1574/1581], batch loss: 0.76866, batch accuracy: 75.00, data load time: 0.00011, step time: 0.00739,
epoch: [26], step: [293/1581], batch loss: 0.42848, batch accuracy: 81.25, data load time: 0.00060, step time: 0.00826,
epoch: [26], step: [593/1581], batch loss: 0.35273, batch accuracy: 87.50, data load time: 0.00281, step time: 0.01072,
epoch: [26], step: [893/1581], batch loss: 0.53855, batch accuracy: 75.00, data load time: 0.00022, step time: 0.00850,
epoch: [26], step: [1193/1581], batch loss: 0.48686, batch accuracy: 84.38, data load time: 0.00429, step time: 0.00897,
epoch: [26], step: [1493/1581], batch loss: 0.30645, batch accuracy: 93.75, data load time: 0.00287, step time: 0.01115,
epoch: [27], step: [212/1581], batch loss: 0.67923, batch accuracy: 71.88, data load time: 0.00307, step time: 0.00798,
epoch: [27], step: [512/1581], batch loss: 0.50597, batch accuracy: 81.25, data load time: 0.00424, step time: 0.00852,
epoch: [27], step: [812/1581], batch loss: 0.48277, batch accuracy: 90.62, data load time: 0.00022, step time: 0.01014,
epoch: [27], step: [1112/1581], batch loss: 0.25394, batch accuracy: 93.75, data load time: 0.00022, step time: 0.00845,
epoch: [27], step: [1412/1581], batch loss: 0.23423, batch accuracy: 96.88, data load time: 0.00024, step time: 0.00821,
epoch: [28], step: [131/1581], batch loss: 0.63113, batch accuracy: 78.12, data load time: 0.00022, step time: 0.00969,
epoch: [28], step: [431/1581], batch loss: 0.40930, batch accuracy: 87.50, data load time: 0.00024, step time: 0.00838,
epoch: [28], step: [731/1581], batch loss: 0.27898, batch accuracy: 90.62, data load time: 0.00022, step time: 0.00801,
epoch: [28], step: [1031/1581], batch loss: 0.29581, batch accuracy: 93.75, data load time: 0.00023, step time: 0.00835,
epoch: [28], step: [1331/1581], batch loss: 0.47899, batch accuracy: 87.50, data load time: 0.00023, step time: 0.00805,
epoch: [29], step: [50/1581], batch loss: 0.43546, batch accuracy: 84.38, data load time: 0.00277, step time: 0.01063,
epoch: [29], step: [350/1581], batch loss: 0.56376, batch accuracy: 84.38, data load time: 0.00023, step time: 0.00792,
epoch: [29], step: [650/1581], batch loss: 0.48634, batch accuracy: 81.25, data load time: 0.00187, step time: 0.01021,
epoch: [29], step: [950/1581], batch loss: 0.48012, batch accuracy: 81.25, data load time: 0.00429, step time: 0.00814,
epoch: [29], step: [1250/1581], batch loss: 0.30760, batch accuracy: 93.75, data load time: 0.00023, step time: 0.00811,
epoch: [29], step: [1550/1581], batch loss: 0.35540, batch accuracy: 90.62, data load time: 0.00014, step time: 0.00740,
validation loss: 1.39430, accuracy: 75.13, class_accuracy: [65.2542372881356, 92.10526315789474, 82.05128205128206, 75.22123893805309, 80.50847457627118, 51.37614678899082, 100.0, 97.34513274336283, 58.16326530612245, 74.57627118644068]
class_avg: 77.66013120365533
epoch: [30], step: [269/1581], batch loss: 0.34163, batch accuracy: 81.25, data load time: 0.00026, step time: 0.00841,
epoch: [30], step: [569/1581], batch loss: 0.65386, batch accuracy: 71.88, data load time: 0.00021, step time: 0.00801,
epoch: [30], step: [869/1581], batch loss: 0.33339, batch accuracy: 90.62, data load time: 0.00020, step time: 0.00793,
epoch: [30], step: [1169/1581], batch loss: 0.65063, batch accuracy: 78.12, data load time: 0.00024, step time: 0.01054,
epoch: [30], step: [1469/1581], batch loss: 0.62761, batch accuracy: 68.75, data load time: 0.00290, step time: 0.00902,
epoch: [31], step: [188/1581], batch loss: 0.40599, batch accuracy: 87.50, data load time: 0.00024, step time: 0.00822,
epoch: [31], step: [488/1581], batch loss: 0.48752, batch accuracy: 78.12, data load time: 0.00025, step time: 0.00817,
epoch: [31], step: [788/1581], batch loss: 0.56576, batch accuracy: 87.50, data load time: 0.00021, step time: 0.00807,
epoch: [31], step: [1088/1581], batch loss: 0.52876, batch accuracy: 81.25, data load time: 0.00031, step time: 0.00788,
epoch: [31], step: [1388/1581], batch loss: 0.58313, batch accuracy: 78.12, data load time: 0.00023, step time: 0.01107,
epoch: [32], step: [107/1581], batch loss: 0.35383, batch accuracy: 90.62, data load time: 0.00453, step time: 0.00869,
epoch: [32], step: [407/1581], batch loss: 0.41835, batch accuracy: 90.62, data load time: 0.00023, step time: 0.00838,
epoch: [32], step: [707/1581], batch loss: 0.65600, batch accuracy: 87.50, data load time: 0.00288, step time: 0.01008,
epoch: [32], step: [1007/1581], batch loss: 0.33901, batch accuracy: 90.62, data load time: 0.00340, step time: 0.00962,
epoch: [32], step: [1307/1581], batch loss: 0.55548, batch accuracy: 75.00, data load time: 0.00380, step time: 0.01942,
epoch: [33], step: [26/1581], batch loss: 0.57983, batch accuracy: 68.75, data load time: 0.00134, step time: 0.01060,
epoch: [33], step: [326/1581], batch loss: 0.55477, batch accuracy: 84.38, data load time: 0.00023, step time: 0.00837,
epoch: [33], step: [626/1581], batch loss: 0.78773, batch accuracy: 75.00, data load time: 0.00022, step time: 0.00797,
epoch: [33], step: [926/1581], batch loss: 0.46649, batch accuracy: 87.50, data load time: 0.00021, step time: 0.00835,
epoch: [33], step: [1226/1581], batch loss: 0.73927, batch accuracy: 78.12, data load time: 0.00411, step time: 0.00838,
epoch: [33], step: [1526/1581], batch loss: 0.40208, batch accuracy: 84.38, data load time: 0.00017, step time: 0.00798,
epoch: [34], step: [245/1581], batch loss: 0.53176, batch accuracy: 81.25, data load time: 0.00024, step time: 0.00843,
epoch: [34], step: [545/1581], batch loss: 0.75231, batch accuracy: 71.88, data load time: 0.00555, step time: 0.01237,
epoch: [34], step: [845/1581], batch loss: 0.57529, batch accuracy: 84.38, data load time: 0.00025, step time: 0.00966,
epoch: [34], step: [1145/1581], batch loss: 0.82039, batch accuracy: 71.88, data load time: 0.00024, step time: 0.00805,
epoch: [34], step: [1445/1581], batch loss: 0.29458, batch accuracy: 96.88, data load time: 0.00022, step time: 0.00808,
validation loss: 1.35497, accuracy: 75.95, class_accuracy: [55.932203389830505, 100.0, 86.32478632478633, 69.91150442477876, 76.27118644067797, 58.71559633027523, 100.0, 98.23008849557522, 61.224489795918366, 83.05084745762711]
class_avg: 78.96607026594694
epoch: [35], step: [164/1581], batch loss: 0.63578, batch accuracy: 78.12, data load time: 0.00030, step time: 0.00798,
epoch: [35], step: [464/1581], batch loss: 0.63286, batch accuracy: 78.12, data load time: 0.00027, step time: 0.00868,
epoch: [35], step: [764/1581], batch loss: 0.58964, batch accuracy: 75.00, data load time: 0.00021, step time: 0.00993,
epoch: [35], step: [1064/1581], batch loss: 0.58086, batch accuracy: 81.25, data load time: 0.00085, step time: 0.00806,
epoch: [35], step: [1364/1581], batch loss: 0.78136, batch accuracy: 71.88, data load time: 0.00025, step time: 0.00842,
epoch: [36], step: [83/1581], batch loss: 0.43392, batch accuracy: 81.25, data load time: 0.00025, step time: 0.00844,
epoch: [36], step: [383/1581], batch loss: 0.55374, batch accuracy: 78.12, data load time: 0.00022, step time: 0.00815,
epoch: [36], step: [683/1581], batch loss: 0.56974, batch accuracy: 78.12, data load time: 0.00021, step time: 0.00809,
epoch: [36], step: [983/1581], batch loss: 0.43223, batch accuracy: 84.38, data load time: 0.00024, step time: 0.01135,
epoch: [36], step: [1283/1581], batch loss: 0.77179, batch accuracy: 81.25, data load time: 0.00023, step time: 0.00803,
epoch: [37], step: [2/1581], batch loss: 0.63895, batch accuracy: 78.12, data load time: 0.00028, step time: 0.00932,
epoch: [37], step: [302/1581], batch loss: 0.42861, batch accuracy: 84.38, data load time: 0.00022, step time: 0.00809,
epoch: [37], step: [602/1581], batch loss: 0.45203, batch accuracy: 84.38, data load time: 0.00020, step time: 0.00807,
epoch: [37], step: [902/1581], batch loss: 0.37882, batch accuracy: 84.38, data load time: 0.00023, step time: 0.00835,
epoch: [37], step: [1202/1581], batch loss: 0.32977, batch accuracy: 84.38, data load time: 0.00574, step time: 0.00933,
epoch: [37], step: [1502/1581], batch loss: 0.33905, batch accuracy: 87.50, data load time: 0.00022, step time: 0.00836,
epoch: [38], step: [221/1581], batch loss: 0.43428, batch accuracy: 84.38, data load time: 0.00024, step time: 0.01141,
epoch: [38], step: [521/1581], batch loss: 0.44052, batch accuracy: 84.38, data load time: 0.00021, step time: 0.00808,
epoch: [38], step: [821/1581], batch loss: 0.52270, batch accuracy: 81.25, data load time: 0.00022, step time: 0.00808,
epoch: [38], step: [1121/1581], batch loss: 0.68510, batch accuracy: 81.25, data load time: 0.00021, step time: 0.00836,
epoch: [38], step: [1421/1581], batch loss: 0.50629, batch accuracy: 81.25, data load time: 0.00021, step time: 0.00811,
epoch: [39], step: [140/1581], batch loss: 0.36029, batch accuracy: 87.50, data load time: 0.00297, step time: 0.00971,
epoch: [39], step: [440/1581], batch loss: 0.46542, batch accuracy: 87.50, data load time: 0.00024, step time: 0.00819,
epoch: [39], step: [740/1581], batch loss: 0.52672, batch accuracy: 81.25, data load time: 0.00302, step time: 0.01006,
epoch: [39], step: [1040/1581], batch loss: 0.29221, batch accuracy: 90.62, data load time: 0.00022, step time: 0.00845,
epoch: [39], step: [1340/1581], batch loss: 0.22492, batch accuracy: 96.88, data load time: 0.00288, step time: 0.00984,
validation loss: 1.35236, accuracy: 78.10, class_accuracy: [71.1864406779661, 97.36842105263158, 84.61538461538461, 71.68141592920354, 78.8135593220339, 68.80733944954129, 97.14285714285714, 94.69026548672566, 59.183673469387756, 80.50847457627118]
class_avg: 80.39978317220027
epoch: [40], step: [59/1581], batch loss: 0.40863, batch accuracy: 90.62, data load time: 0.00024, step time: 0.01425,
epoch: [40], step: [359/1581], batch loss: 0.47192, batch accuracy: 87.50, data load time: 0.00043, step time: 0.00817,
epoch: [40], step: [659/1581], batch loss: 0.29523, batch accuracy: 84.38, data load time: 0.00445, step time: 0.01043,
epoch: [40], step: [959/1581], batch loss: 0.30292, batch accuracy: 90.62, data load time: 0.00022, step time: 0.01327,
epoch: [40], step: [1259/1581], batch loss: 0.64931, batch accuracy: 78.12, data load time: 0.00024, step time: 0.00795,
epoch: [40], step: [1559/1581], batch loss: 0.48128, batch accuracy: 81.25, data load time: 0.00011, step time: 0.00737,
epoch: [41], step: [278/1581], batch loss: 0.34868, batch accuracy: 78.12, data load time: 0.00024, step time: 0.01033,
epoch: [41], step: [578/1581], batch loss: 0.36302, batch accuracy: 90.62, data load time: 0.00022, step time: 0.01088,
epoch: [41], step: [878/1581], batch loss: 0.33981, batch accuracy: 90.62, data load time: 0.00023, step time: 0.00809,
epoch: [41], step: [1178/1581], batch loss: 0.25828, batch accuracy: 90.62, data load time: 0.00022, step time: 0.00802,
epoch: [41], step: [1478/1581], batch loss: 0.45392, batch accuracy: 84.38, data load time: 0.00023, step time: 0.01371,
epoch: [42], step: [197/1581], batch loss: 0.49989, batch accuracy: 75.00, data load time: 0.00023, step time: 0.00828,
epoch: [42], step: [497/1581], batch loss: 0.39010, batch accuracy: 87.50, data load time: 0.00057, step time: 0.00827,
epoch: [42], step: [797/1581], batch loss: 0.38190, batch accuracy: 81.25, data load time: 0.00024, step time: 0.00840,
epoch: [42], step: [1097/1581], batch loss: 0.32985, batch accuracy: 90.62, data load time: 0.00299, step time: 0.00949,
epoch: [42], step: [1397/1581], batch loss: 0.56332, batch accuracy: 78.12, data load time: 0.00022, step time: 0.00796,
epoch: [43], step: [116/1581], batch loss: 0.55876, batch accuracy: 81.25, data load time: 0.00022, step time: 0.00802,
epoch: [43], step: [416/1581], batch loss: 0.43619, batch accuracy: 81.25, data load time: 0.00022, step time: 0.00828,
epoch: [43], step: [716/1581], batch loss: 0.58478, batch accuracy: 75.00, data load time: 0.00025, step time: 0.01011,
epoch: [43], step: [1016/1581], batch loss: 0.55568, batch accuracy: 75.00, data load time: 0.00021, step time: 0.00858,
epoch: [43], step: [1316/1581], batch loss: 0.64928, batch accuracy: 81.25, data load time: 0.00218, step time: 0.00953,
epoch: [44], step: [35/1581], batch loss: 0.33886, batch accuracy: 90.62, data load time: 0.00022, step time: 0.00831,
epoch: [44], step: [335/1581], batch loss: 0.75927, batch accuracy: 71.88, data load time: 0.00025, step time: 0.00814,
epoch: [44], step: [635/1581], batch loss: 0.51832, batch accuracy: 81.25, data load time: 0.00862, step time: 0.00813,
epoch: [44], step: [935/1581], batch loss: 0.30753, batch accuracy: 87.50, data load time: 0.00021, step time: 0.01307,
epoch: [44], step: [1235/1581], batch loss: 0.52485, batch accuracy: 81.25, data load time: 0.00023, step time: 0.00809,
epoch: [44], step: [1535/1581], batch loss: 0.25787, batch accuracy: 93.75, data load time: 0.00017, step time: 0.00805,
validation loss: 1.37266, accuracy: 76.87, class_accuracy: [72.03389830508475, 94.73684210526316, 80.34188034188034, 68.14159292035399, 77.11864406779661, 63.30275229357798, 100.0, 98.23008849557522, 60.204081632653065, 79.66101694915254]
class_avg: 79.37707971113375
epoch: [45], step: [254/1581], batch loss: 0.58037, batch accuracy: 81.25, data load time: 0.00022, step time: 0.00819,
epoch: [45], step: [554/1581], batch loss: 0.35836, batch accuracy: 90.62, data load time: 0.00332, step time: 0.00945,
epoch: [45], step: [854/1581], batch loss: 0.74420, batch accuracy: 71.88, data load time: 0.00022, step time: 0.01136,
epoch: [45], step: [1154/1581], batch loss: 0.52988, batch accuracy: 78.12, data load time: 0.00023, step time: 0.00819,
epoch: [45], step: [1454/1581], batch loss: 0.67070, batch accuracy: 75.00, data load time: 0.00428, step time: 0.00915,
epoch: [46], step: [173/1581], batch loss: 0.39350, batch accuracy: 87.50, data load time: 0.00022, step time: 0.00808,
epoch: [46], step: [473/1581], batch loss: 0.42264, batch accuracy: 81.25, data load time: 0.00024, step time: 0.00822,
epoch: [46], step: [773/1581], batch loss: 0.49539, batch accuracy: 78.12, data load time: 0.00020, step time: 0.00832,
epoch: [46], step: [1073/1581], batch loss: 0.46173, batch accuracy: 84.38, data load time: 0.00021, step time: 0.00843,
epoch: [46], step: [1373/1581], batch loss: 0.34873, batch accuracy: 93.75, data load time: 0.00021, step time: 0.01222,
epoch: [47], step: [92/1581], batch loss: 0.81842, batch accuracy: 68.75, data load time: 0.00031, step time: 0.00842,
epoch: [47], step: [392/1581], batch loss: 0.94737, batch accuracy: 68.75, data load time: 0.00031, step time: 0.00803,
epoch: [47], step: [692/1581], batch loss: 0.58418, batch accuracy: 78.12, data load time: 0.00028, step time: 0.00795,
epoch: [47], step: [992/1581], batch loss: 0.67175, batch accuracy: 68.75, data load time: 0.00021, step time: 0.00871,
epoch: [47], step: [1292/1581], batch loss: 0.58938, batch accuracy: 75.00, data load time: 0.00021, step time: 0.01124,
epoch: [48], step: [11/1581], batch loss: 0.66428, batch accuracy: 78.12, data load time: 0.00020, step time: 0.01254,
epoch: [48], step: [311/1581], batch loss: 0.30661, batch accuracy: 87.50, data load time: 0.00022, step time: 0.00805,
epoch: [48], step: [611/1581], batch loss: 0.37777, batch accuracy: 84.38, data load time: 0.00313, step time: 0.00871,
epoch: [48], step: [911/1581], batch loss: 0.48296, batch accuracy: 84.38, data load time: 0.00021, step time: 0.00804,
epoch: [48], step: [1211/1581], batch loss: 0.47140, batch accuracy: 78.12, data load time: 0.00289, step time: 0.00895,
epoch: [48], step: [1511/1581], batch loss: 0.37031, batch accuracy: 87.50, data load time: 0.00022, step time: 0.00941,
epoch: [49], step: [230/1581], batch loss: 0.26434, batch accuracy: 90.62, data load time: 0.00022, step time: 0.01284,
epoch: [49], step: [530/1581], batch loss: 0.48331, batch accuracy: 75.00, data load time: 0.00023, step time: 0.00861,
epoch: [49], step: [830/1581], batch loss: 0.35081, batch accuracy: 81.25, data load time: 0.00022, step time: 0.01101,
epoch: [49], step: [1130/1581], batch loss: 1.16459, batch accuracy: 71.88, data load time: 0.00313, step time: 0.00847,
epoch: [49], step: [1430/1581], batch loss: 0.42331, batch accuracy: 84.38, data load time: 0.00024, step time: 0.00877,
validation loss: 1.35197, accuracy: 76.66, class_accuracy: [56.779661016949156, 94.73684210526316, 82.05128205128206, 74.33628318584071, 77.96610169491525, 73.39449541284404, 97.14285714285714, 97.34513274336283, 58.16326530612245, 78.8135593220339]
class_avg: 79.07294799814707
Total time taken: 969.2374563217163
