Using CUDA...
Writing logs to logs/CNN_bn_epochs=50_dropout=0.5_bs=32_optim=SGD_decay=0.01_lr=0.001_momentum=0.9_mode=MLMC_run_4
epoch: [0], step: [299/1581], batch loss: 1.79248, batch accuracy: 37.50, data load time: 0.00026, step time: 0.01186,
epoch: [0], step: [599/1581], batch loss: 1.60239, batch accuracy: 46.88, data load time: 0.00025, step time: 0.01158,
epoch: [0], step: [899/1581], batch loss: 1.88448, batch accuracy: 40.62, data load time: 0.00025, step time: 0.01418,
epoch: [0], step: [1199/1581], batch loss: 1.49079, batch accuracy: 46.88, data load time: 0.00032, step time: 0.01233,
epoch: [0], step: [1499/1581], batch loss: 1.40295, batch accuracy: 56.25, data load time: 0.00025, step time: 0.01158,
epoch: [1], step: [218/1581], batch loss: 0.90953, batch accuracy: 65.62, data load time: 0.00365, step time: 0.01159,
epoch: [1], step: [518/1581], batch loss: 1.65176, batch accuracy: 43.75, data load time: 0.00026, step time: 0.01230,
epoch: [1], step: [818/1581], batch loss: 0.96969, batch accuracy: 68.75, data load time: 0.00025, step time: 0.01407,
epoch: [1], step: [1118/1581], batch loss: 1.20736, batch accuracy: 56.25, data load time: 0.00024, step time: 0.01159,
epoch: [1], step: [1418/1581], batch loss: 0.89180, batch accuracy: 75.00, data load time: 0.00027, step time: 0.01159,
epoch: [2], step: [137/1581], batch loss: 1.05734, batch accuracy: 59.38, data load time: 0.00023, step time: 0.01158,
epoch: [2], step: [437/1581], batch loss: 1.15133, batch accuracy: 65.62, data load time: 0.00025, step time: 0.01978,
epoch: [2], step: [737/1581], batch loss: 0.93115, batch accuracy: 65.62, data load time: 0.00024, step time: 0.01418,
epoch: [2], step: [1037/1581], batch loss: 1.03279, batch accuracy: 65.62, data load time: 0.00027, step time: 0.01241,
epoch: [2], step: [1337/1581], batch loss: 0.97289, batch accuracy: 65.62, data load time: 0.00025, step time: 0.01173,
epoch: [3], step: [56/1581], batch loss: 0.99129, batch accuracy: 75.00, data load time: 0.00024, step time: 0.01158,
epoch: [3], step: [356/1581], batch loss: 0.99070, batch accuracy: 56.25, data load time: 0.00024, step time: 0.01159,
epoch: [3], step: [656/1581], batch loss: 0.90472, batch accuracy: 71.88, data load time: 0.00026, step time: 0.01514,
epoch: [3], step: [956/1581], batch loss: 0.81541, batch accuracy: 81.25, data load time: 0.00403, step time: 0.01324,
epoch: [3], step: [1256/1581], batch loss: 0.71079, batch accuracy: 65.62, data load time: 0.00025, step time: 0.01159,
epoch: [3], step: [1556/1581], batch loss: 1.06359, batch accuracy: 78.12, data load time: 0.00014, step time: 0.01147,
epoch: [4], step: [275/1581], batch loss: 0.82490, batch accuracy: 75.00, data load time: 0.00025, step time: 0.01159,
epoch: [4], step: [575/1581], batch loss: 0.92247, batch accuracy: 71.88, data load time: 0.00025, step time: 0.01181,
epoch: [4], step: [875/1581], batch loss: 0.63911, batch accuracy: 78.12, data load time: 0.00026, step time: 0.01375,
epoch: [4], step: [1175/1581], batch loss: 0.92609, batch accuracy: 59.38, data load time: 0.00025, step time: 0.01901,
epoch: [4], step: [1475/1581], batch loss: 0.47328, batch accuracy: 84.38, data load time: 0.00025, step time: 0.01159,
validation loss: 1.03387, accuracy: 68.68, class_accuracy: [86.44067796610169, 84.21052631578948, 66.66666666666667, 68.14159292035399, 56.779661016949156, 64.22018348623853, 100.0, 71.68141592920354, 54.08163265306123, 64.40677966101696]
class_avg: 71.66291366153811
epoch: [5], step: [194/1581], batch loss: 0.61769, batch accuracy: 75.00, data load time: 0.00025, step time: 0.01383,
epoch: [5], step: [494/1581], batch loss: 0.46431, batch accuracy: 81.25, data load time: 0.00026, step time: 0.01158,
epoch: [5], step: [794/1581], batch loss: 0.91006, batch accuracy: 59.38, data load time: 0.00024, step time: 0.01629,
epoch: [5], step: [1094/1581], batch loss: 0.76063, batch accuracy: 75.00, data load time: 0.00023, step time: 0.01158,
epoch: [5], step: [1394/1581], batch loss: 0.71276, batch accuracy: 71.88, data load time: 0.00026, step time: 0.01156,
epoch: [6], step: [113/1581], batch loss: 0.47664, batch accuracy: 87.50, data load time: 0.00023, step time: 0.01159,
epoch: [6], step: [413/1581], batch loss: 0.64218, batch accuracy: 78.12, data load time: 0.00027, step time: 0.01160,
epoch: [6], step: [713/1581], batch loss: 0.54010, batch accuracy: 75.00, data load time: 0.00025, step time: 0.01216,
epoch: [6], step: [1013/1581], batch loss: 0.78852, batch accuracy: 75.00, data load time: 0.00024, step time: 0.01157,
epoch: [6], step: [1313/1581], batch loss: 1.16205, batch accuracy: 59.38, data load time: 0.00024, step time: 0.01231,
epoch: [7], step: [32/1581], batch loss: 0.61769, batch accuracy: 71.88, data load time: 0.00025, step time: 0.01287,
epoch: [7], step: [332/1581], batch loss: 0.51715, batch accuracy: 71.88, data load time: 0.00027, step time: 0.01872,
epoch: [7], step: [632/1581], batch loss: 0.55389, batch accuracy: 78.12, data load time: 0.00026, step time: 0.01974,
epoch: [7], step: [932/1581], batch loss: 0.49404, batch accuracy: 78.12, data load time: 0.00025, step time: 0.01382,
epoch: [7], step: [1232/1581], batch loss: 0.78664, batch accuracy: 75.00, data load time: 0.00549, step time: 0.01158,
epoch: [7], step: [1532/1581], batch loss: 0.28988, batch accuracy: 93.75, data load time: 0.00020, step time: 0.01157,
epoch: [8], step: [251/1581], batch loss: 0.64796, batch accuracy: 78.12, data load time: 0.00025, step time: 0.01156,
epoch: [8], step: [551/1581], batch loss: 0.50333, batch accuracy: 84.38, data load time: 0.00023, step time: 0.01158,
epoch: [8], step: [851/1581], batch loss: 0.53454, batch accuracy: 84.38, data load time: 0.00399, step time: 0.01234,
epoch: [8], step: [1151/1581], batch loss: 0.81227, batch accuracy: 71.88, data load time: 0.00025, step time: 0.01852,
epoch: [8], step: [1451/1581], batch loss: 0.58931, batch accuracy: 84.38, data load time: 0.00025, step time: 0.01158,
epoch: [9], step: [170/1581], batch loss: 0.58765, batch accuracy: 78.12, data load time: 0.00640, step time: 0.01156,
epoch: [9], step: [470/1581], batch loss: 0.44800, batch accuracy: 84.38, data load time: 0.00026, step time: 0.01159,
epoch: [9], step: [770/1581], batch loss: 0.51730, batch accuracy: 78.12, data load time: 0.00628, step time: 0.01158,
epoch: [9], step: [1070/1581], batch loss: 0.50073, batch accuracy: 87.50, data load time: 0.00026, step time: 0.01158,
epoch: [9], step: [1370/1581], batch loss: 0.51642, batch accuracy: 78.12, data load time: 0.00369, step time: 0.01158,
validation loss: 0.79236, accuracy: 74.51, class_accuracy: [61.016949152542374, 92.10526315789474, 63.24786324786325, 73.45132743362832, 76.27118644067797, 66.05504587155963, 97.14285714285714, 99.11504424778761, 62.244897959183675, 80.50847457627118]
class_avg: 77.1158909230266
epoch: [10], step: [89/1581], batch loss: 0.49270, batch accuracy: 87.50, data load time: 0.00023, step time: 0.01156,
epoch: [10], step: [389/1581], batch loss: 0.28491, batch accuracy: 90.62, data load time: 0.00024, step time: 0.01160,
epoch: [10], step: [689/1581], batch loss: 0.65035, batch accuracy: 75.00, data load time: 0.00024, step time: 0.01343,
epoch: [10], step: [989/1581], batch loss: 0.51012, batch accuracy: 71.88, data load time: 0.00420, step time: 0.01227,
epoch: [10], step: [1289/1581], batch loss: 0.53773, batch accuracy: 78.12, data load time: 0.00043, step time: 0.01285,
epoch: [11], step: [8/1581], batch loss: 0.68524, batch accuracy: 87.50, data load time: 0.00026, step time: 0.02171,
epoch: [11], step: [308/1581], batch loss: 0.38124, batch accuracy: 78.12, data load time: 0.00024, step time: 0.01203,
epoch: [11], step: [608/1581], batch loss: 0.54125, batch accuracy: 78.12, data load time: 0.00024, step time: 0.01327,
epoch: [11], step: [908/1581], batch loss: 0.35254, batch accuracy: 87.50, data load time: 0.00376, step time: 0.01173,
epoch: [11], step: [1208/1581], batch loss: 0.43325, batch accuracy: 78.12, data load time: 0.00027, step time: 0.01184,
epoch: [11], step: [1508/1581], batch loss: 0.29209, batch accuracy: 93.75, data load time: 0.00024, step time: 0.01269,
epoch: [12], step: [227/1581], batch loss: 0.46794, batch accuracy: 75.00, data load time: 0.00023, step time: 0.01156,
epoch: [12], step: [527/1581], batch loss: 0.32965, batch accuracy: 87.50, data load time: 0.00026, step time: 0.01367,
epoch: [12], step: [827/1581], batch loss: 0.59788, batch accuracy: 78.12, data load time: 0.00309, step time: 0.01157,
epoch: [12], step: [1127/1581], batch loss: 0.87885, batch accuracy: 84.38, data load time: 0.00031, step time: 0.01159,
epoch: [12], step: [1427/1581], batch loss: 0.51180, batch accuracy: 81.25, data load time: 0.00025, step time: 0.01170,
epoch: [13], step: [146/1581], batch loss: 0.46622, batch accuracy: 81.25, data load time: 0.00025, step time: 0.01302,
epoch: [13], step: [446/1581], batch loss: 0.55040, batch accuracy: 71.88, data load time: 0.00027, step time: 0.01182,
epoch: [13], step: [746/1581], batch loss: 0.32767, batch accuracy: 84.38, data load time: 0.00025, step time: 0.01240,
epoch: [13], step: [1046/1581], batch loss: 0.45844, batch accuracy: 87.50, data load time: 0.00025, step time: 0.01500,
epoch: [13], step: [1346/1581], batch loss: 0.37312, batch accuracy: 87.50, data load time: 0.00026, step time: 0.01846,
epoch: [14], step: [65/1581], batch loss: 0.41466, batch accuracy: 87.50, data load time: 0.00024, step time: 0.01159,
epoch: [14], step: [365/1581], batch loss: 0.39965, batch accuracy: 87.50, data load time: 0.00026, step time: 0.01170,
epoch: [14], step: [665/1581], batch loss: 0.42911, batch accuracy: 84.38, data load time: 0.00025, step time: 0.01170,
epoch: [14], step: [965/1581], batch loss: 0.63961, batch accuracy: 71.88, data load time: 0.00024, step time: 0.01177,
epoch: [14], step: [1265/1581], batch loss: 0.45294, batch accuracy: 87.50, data load time: 0.00062, step time: 0.01184,
epoch: [14], step: [1565/1581], batch loss: 0.54490, batch accuracy: 75.00, data load time: 0.00014, step time: 0.01206,
validation loss: 0.73750, accuracy: 77.89, class_accuracy: [61.016949152542374, 92.10526315789474, 91.45299145299145, 68.14159292035399, 83.05084745762711, 70.64220183486239, 97.14285714285714, 97.34513274336283, 58.16326530612245, 79.66101694915254]
class_avg: 79.8722118117767
epoch: [15], step: [284/1581], batch loss: 0.44773, batch accuracy: 78.12, data load time: 0.00026, step time: 0.01218,
epoch: [15], step: [584/1581], batch loss: 0.64357, batch accuracy: 78.12, data load time: 0.00024, step time: 0.02459,
epoch: [15], step: [884/1581], batch loss: 0.49611, batch accuracy: 78.12, data load time: 0.00024, step time: 0.01158,
epoch: [15], step: [1184/1581], batch loss: 0.56365, batch accuracy: 81.25, data load time: 0.00024, step time: 0.01158,
epoch: [15], step: [1484/1581], batch loss: 0.44334, batch accuracy: 84.38, data load time: 0.00024, step time: 0.01269,
epoch: [16], step: [203/1581], batch loss: 0.43742, batch accuracy: 87.50, data load time: 0.00027, step time: 0.01175,
epoch: [16], step: [503/1581], batch loss: 0.45810, batch accuracy: 84.38, data load time: 0.00026, step time: 0.01232,
epoch: [16], step: [803/1581], batch loss: 0.34347, batch accuracy: 90.62, data load time: 0.00024, step time: 0.01427,
epoch: [16], step: [1103/1581], batch loss: 0.31801, batch accuracy: 84.38, data load time: 0.00023, step time: 0.01925,
epoch: [16], step: [1403/1581], batch loss: 0.67841, batch accuracy: 81.25, data load time: 0.00026, step time: 0.01577,
epoch: [17], step: [122/1581], batch loss: 0.23787, batch accuracy: 90.62, data load time: 0.00026, step time: 0.01181,
epoch: [17], step: [422/1581], batch loss: 0.27329, batch accuracy: 93.75, data load time: 0.00025, step time: 0.01379,
epoch: [17], step: [722/1581], batch loss: 0.38590, batch accuracy: 90.62, data load time: 0.00468, step time: 0.01177,
epoch: [17], step: [1022/1581], batch loss: 0.28016, batch accuracy: 93.75, data load time: 0.00025, step time: 0.01843,
epoch: [17], step: [1322/1581], batch loss: 0.30892, batch accuracy: 87.50, data load time: 0.00027, step time: 0.01158,
epoch: [18], step: [41/1581], batch loss: 0.39937, batch accuracy: 90.62, data load time: 0.00022, step time: 0.01938,
epoch: [18], step: [341/1581], batch loss: 0.61067, batch accuracy: 87.50, data load time: 0.00027, step time: 0.01410,
epoch: [18], step: [641/1581], batch loss: 0.21286, batch accuracy: 96.88, data load time: 0.00024, step time: 0.01205,
epoch: [18], step: [941/1581], batch loss: 0.29779, batch accuracy: 90.62, data load time: 0.00024, step time: 0.01164,
epoch: [18], step: [1241/1581], batch loss: 0.48736, batch accuracy: 81.25, data load time: 0.00028, step time: 0.01167,
epoch: [18], step: [1541/1581], batch loss: 0.29993, batch accuracy: 93.75, data load time: 0.00019, step time: 0.01164,
epoch: [19], step: [260/1581], batch loss: 0.30068, batch accuracy: 84.38, data load time: 0.00025, step time: 0.01961,
epoch: [19], step: [560/1581], batch loss: 0.28627, batch accuracy: 90.62, data load time: 0.00689, step time: 0.01316,
epoch: [19], step: [860/1581], batch loss: 0.35566, batch accuracy: 84.38, data load time: 0.00024, step time: 0.01161,
epoch: [19], step: [1160/1581], batch loss: 0.51970, batch accuracy: 81.25, data load time: 0.00024, step time: 0.01203,
epoch: [19], step: [1460/1581], batch loss: 0.19524, batch accuracy: 93.75, data load time: 0.00025, step time: 0.01192,
validation loss: 0.76962, accuracy: 76.46, class_accuracy: [52.54237288135593, 92.10526315789474, 80.34188034188034, 80.53097345132744, 83.05084745762711, 65.13761467889908, 97.14285714285714, 100.0, 56.12244897959184, 79.66101694915254]
class_avg: 78.66352750405862
epoch: [20], step: [179/1581], batch loss: 0.45238, batch accuracy: 81.25, data load time: 0.00025, step time: 0.01165,
epoch: [20], step: [479/1581], batch loss: 0.35431, batch accuracy: 87.50, data load time: 0.00488, step time: 0.01327,
epoch: [20], step: [779/1581], batch loss: 0.55058, batch accuracy: 87.50, data load time: 0.00028, step time: 0.01810,
epoch: [20], step: [1079/1581], batch loss: 0.43670, batch accuracy: 87.50, data load time: 0.00027, step time: 0.01160,
epoch: [20], step: [1379/1581], batch loss: 0.39018, batch accuracy: 84.38, data load time: 0.00026, step time: 0.01172,
epoch: [21], step: [98/1581], batch loss: 0.32611, batch accuracy: 93.75, data load time: 0.00024, step time: 0.01157,
epoch: [21], step: [398/1581], batch loss: 0.29664, batch accuracy: 93.75, data load time: 0.00023, step time: 0.01312,
epoch: [21], step: [698/1581], batch loss: 0.42386, batch accuracy: 81.25, data load time: 0.00024, step time: 0.02397,
epoch: [21], step: [998/1581], batch loss: 0.54723, batch accuracy: 84.38, data load time: 0.00026, step time: 0.01358,
epoch: [21], step: [1298/1581], batch loss: 0.43113, batch accuracy: 87.50, data load time: 0.00024, step time: 0.01186,
epoch: [22], step: [17/1581], batch loss: 0.20424, batch accuracy: 93.75, data load time: 0.00026, step time: 0.01215,
epoch: [22], step: [317/1581], batch loss: 0.55491, batch accuracy: 81.25, data load time: 0.00026, step time: 0.01498,
epoch: [22], step: [617/1581], batch loss: 0.24354, batch accuracy: 93.75, data load time: 0.00025, step time: 0.01177,
epoch: [22], step: [917/1581], batch loss: 0.34875, batch accuracy: 84.38, data load time: 0.00025, step time: 0.01216,
epoch: [22], step: [1217/1581], batch loss: 0.20027, batch accuracy: 93.75, data load time: 0.00031, step time: 0.01314,
epoch: [22], step: [1517/1581], batch loss: 0.35132, batch accuracy: 84.38, data load time: 0.00025, step time: 0.01185,
epoch: [23], step: [236/1581], batch loss: 0.36074, batch accuracy: 90.62, data load time: 0.00028, step time: 0.01172,
epoch: [23], step: [536/1581], batch loss: 0.48544, batch accuracy: 81.25, data load time: 0.00026, step time: 0.01183,
epoch: [23], step: [836/1581], batch loss: 0.46900, batch accuracy: 84.38, data load time: 0.00027, step time: 0.01216,
epoch: [23], step: [1136/1581], batch loss: 0.48653, batch accuracy: 81.25, data load time: 0.00023, step time: 0.01162,
epoch: [23], step: [1436/1581], batch loss: 0.27174, batch accuracy: 90.62, data load time: 0.00025, step time: 0.01206,
epoch: [24], step: [155/1581], batch loss: 0.37618, batch accuracy: 87.50, data load time: 0.00025, step time: 0.01166,
epoch: [24], step: [455/1581], batch loss: 0.59308, batch accuracy: 71.88, data load time: 0.00026, step time: 0.01697,
epoch: [24], step: [755/1581], batch loss: 0.59738, batch accuracy: 81.25, data load time: 0.00025, step time: 0.01346,
epoch: [24], step: [1055/1581], batch loss: 0.34455, batch accuracy: 87.50, data load time: 0.00027, step time: 0.01184,
epoch: [24], step: [1355/1581], batch loss: 0.41238, batch accuracy: 90.62, data load time: 0.00365, step time: 0.01188,
validation loss: 0.78070, accuracy: 72.57, class_accuracy: [43.220338983050844, 92.10526315789474, 94.01709401709402, 62.83185840707964, 85.59322033898304, 64.22018348623853, 100.0, 93.80530973451327, 53.06122448979592, 66.10169491525424]
class_avg: 75.49561875299041
epoch: [25], step: [74/1581], batch loss: 0.36170, batch accuracy: 84.38, data load time: 0.00025, step time: 0.01723,
epoch: [25], step: [374/1581], batch loss: 0.46037, batch accuracy: 84.38, data load time: 0.00042, step time: 0.01372,
epoch: [25], step: [674/1581], batch loss: 0.24552, batch accuracy: 90.62, data load time: 0.00024, step time: 0.01157,
epoch: [25], step: [974/1581], batch loss: 0.40384, batch accuracy: 87.50, data load time: 0.00026, step time: 0.01650,
epoch: [25], step: [1274/1581], batch loss: 0.46757, batch accuracy: 87.50, data load time: 0.00023, step time: 0.01159,
epoch: [25], step: [1574/1581], batch loss: 0.42836, batch accuracy: 81.25, data load time: 0.00014, step time: 0.01157,
epoch: [26], step: [293/1581], batch loss: 0.32126, batch accuracy: 90.62, data load time: 0.00025, step time: 0.01186,
epoch: [26], step: [593/1581], batch loss: 0.28811, batch accuracy: 93.75, data load time: 0.00026, step time: 0.01169,
epoch: [26], step: [893/1581], batch loss: 0.37742, batch accuracy: 90.62, data load time: 0.00025, step time: 0.01167,
epoch: [26], step: [1193/1581], batch loss: 0.41389, batch accuracy: 90.62, data load time: 0.00025, step time: 0.01177,
epoch: [26], step: [1493/1581], batch loss: 0.46825, batch accuracy: 81.25, data load time: 0.00024, step time: 0.01168,
epoch: [27], step: [212/1581], batch loss: 0.28414, batch accuracy: 87.50, data load time: 0.00024, step time: 0.01612,
epoch: [27], step: [512/1581], batch loss: 0.36423, batch accuracy: 87.50, data load time: 0.00026, step time: 0.01257,
epoch: [27], step: [812/1581], batch loss: 0.92143, batch accuracy: 78.12, data load time: 0.00025, step time: 0.01157,
epoch: [27], step: [1112/1581], batch loss: 0.33135, batch accuracy: 90.62, data load time: 0.00026, step time: 0.01371,
epoch: [27], step: [1412/1581], batch loss: 0.35293, batch accuracy: 81.25, data load time: 0.00025, step time: 0.01163,
epoch: [28], step: [131/1581], batch loss: 0.38626, batch accuracy: 87.50, data load time: 0.00026, step time: 0.01156,
epoch: [28], step: [431/1581], batch loss: 0.11481, batch accuracy: 100.00, data load time: 0.00025, step time: 0.01160,
epoch: [28], step: [731/1581], batch loss: 0.60046, batch accuracy: 81.25, data load time: 0.00026, step time: 0.01604,
epoch: [28], step: [1031/1581], batch loss: 0.37770, batch accuracy: 84.38, data load time: 0.00028, step time: 0.01405,
epoch: [28], step: [1331/1581], batch loss: 0.29299, batch accuracy: 87.50, data load time: 0.00026, step time: 0.01171,
epoch: [29], step: [50/1581], batch loss: 0.39205, batch accuracy: 84.38, data load time: 0.00022, step time: 0.01157,
epoch: [29], step: [350/1581], batch loss: 0.59384, batch accuracy: 84.38, data load time: 0.00023, step time: 0.01187,
epoch: [29], step: [650/1581], batch loss: 0.34165, batch accuracy: 87.50, data load time: 0.00023, step time: 0.01183,
epoch: [29], step: [950/1581], batch loss: 0.46183, batch accuracy: 84.38, data load time: 0.00030, step time: 0.01195,
epoch: [29], step: [1250/1581], batch loss: 0.38043, batch accuracy: 90.62, data load time: 0.00497, step time: 0.01172,
epoch: [29], step: [1550/1581], batch loss: 0.24086, batch accuracy: 87.50, data load time: 0.00014, step time: 0.01184,
validation loss: 0.70047, accuracy: 77.38, class_accuracy: [61.86440677966102, 92.10526315789474, 73.5042735042735, 79.64601769911505, 77.96610169491525, 78.89908256880734, 97.14285714285714, 100.0, 55.10204081632653, 78.8135593220339]
class_avg: 79.50436026858844
epoch: [30], step: [269/1581], batch loss: 0.28180, batch accuracy: 87.50, data load time: 0.00024, step time: 0.01156,
epoch: [30], step: [569/1581], batch loss: 0.35095, batch accuracy: 90.62, data load time: 0.00027, step time: 0.01859,
epoch: [30], step: [869/1581], batch loss: 0.49122, batch accuracy: 90.62, data load time: 0.00026, step time: 0.01159,
epoch: [30], step: [1169/1581], batch loss: 0.38332, batch accuracy: 81.25, data load time: 0.00025, step time: 0.01712,
epoch: [30], step: [1469/1581], batch loss: 0.47795, batch accuracy: 84.38, data load time: 0.00027, step time: 0.02101,
epoch: [31], step: [188/1581], batch loss: 0.38248, batch accuracy: 87.50, data load time: 0.00025, step time: 0.01185,
epoch: [31], step: [488/1581], batch loss: 0.40288, batch accuracy: 87.50, data load time: 0.00027, step time: 0.01225,
epoch: [31], step: [788/1581], batch loss: 0.35224, batch accuracy: 84.38, data load time: 0.00027, step time: 0.01162,
epoch: [31], step: [1088/1581], batch loss: 0.25215, batch accuracy: 93.75, data load time: 0.00025, step time: 0.01200,
epoch: [31], step: [1388/1581], batch loss: 0.24828, batch accuracy: 93.75, data load time: 0.00025, step time: 0.01187,
epoch: [32], step: [107/1581], batch loss: 0.44349, batch accuracy: 81.25, data load time: 0.00033, step time: 0.01157,
epoch: [32], step: [407/1581], batch loss: 0.22265, batch accuracy: 87.50, data load time: 0.00025, step time: 0.01181,
epoch: [32], step: [707/1581], batch loss: 0.36841, batch accuracy: 93.75, data load time: 0.00027, step time: 0.01205,
epoch: [32], step: [1007/1581], batch loss: 0.26801, batch accuracy: 93.75, data load time: 0.00025, step time: 0.01171,
epoch: [32], step: [1307/1581], batch loss: 0.28628, batch accuracy: 93.75, data load time: 0.00026, step time: 0.01162,
epoch: [33], step: [26/1581], batch loss: 0.32131, batch accuracy: 90.62, data load time: 0.00039, step time: 0.01337,
epoch: [33], step: [326/1581], batch loss: 0.16545, batch accuracy: 96.88, data load time: 0.00729, step time: 0.01159,
epoch: [33], step: [626/1581], batch loss: 0.69771, batch accuracy: 78.12, data load time: 0.00024, step time: 0.01158,
epoch: [33], step: [926/1581], batch loss: 0.43937, batch accuracy: 81.25, data load time: 0.00028, step time: 0.01158,
epoch: [33], step: [1226/1581], batch loss: 0.25810, batch accuracy: 90.62, data load time: 0.00409, step time: 0.01345,
epoch: [33], step: [1526/1581], batch loss: 0.46900, batch accuracy: 84.38, data load time: 0.00020, step time: 0.01187,
epoch: [34], step: [245/1581], batch loss: 0.34117, batch accuracy: 93.75, data load time: 0.00028, step time: 0.01157,
epoch: [34], step: [545/1581], batch loss: 0.32583, batch accuracy: 90.62, data load time: 0.00026, step time: 0.01802,
epoch: [34], step: [845/1581], batch loss: 0.44199, batch accuracy: 87.50, data load time: 0.00026, step time: 0.01160,
epoch: [34], step: [1145/1581], batch loss: 0.32503, batch accuracy: 90.62, data load time: 0.00026, step time: 0.01169,
epoch: [34], step: [1445/1581], batch loss: 0.32542, batch accuracy: 87.50, data load time: 0.00053, step time: 0.01425,
validation loss: 0.73495, accuracy: 76.56, class_accuracy: [56.779661016949156, 92.10526315789474, 87.17948717948718, 71.68141592920354, 82.20338983050847, 73.39449541284404, 100.0, 99.11504424778761, 55.10204081632653, 72.03389830508475]
class_avg: 78.9594695896086
epoch: [35], step: [164/1581], batch loss: 0.43483, batch accuracy: 90.62, data load time: 0.00026, step time: 0.01157,
epoch: [35], step: [464/1581], batch loss: 0.40134, batch accuracy: 84.38, data load time: 0.00024, step time: 0.01218,
epoch: [35], step: [764/1581], batch loss: 0.40451, batch accuracy: 84.38, data load time: 0.00026, step time: 0.01164,
epoch: [35], step: [1064/1581], batch loss: 0.38820, batch accuracy: 81.25, data load time: 0.00040, step time: 0.01257,
epoch: [35], step: [1364/1581], batch loss: 0.21946, batch accuracy: 93.75, data load time: 0.00026, step time: 0.01257,
epoch: [36], step: [83/1581], batch loss: 0.39929, batch accuracy: 93.75, data load time: 0.00452, step time: 0.01157,
epoch: [36], step: [383/1581], batch loss: 0.51713, batch accuracy: 78.12, data load time: 0.00026, step time: 0.01188,
epoch: [36], step: [683/1581], batch loss: 0.29303, batch accuracy: 93.75, data load time: 0.00024, step time: 0.01156,
epoch: [36], step: [983/1581], batch loss: 0.67928, batch accuracy: 78.12, data load time: 0.00025, step time: 0.01160,
epoch: [36], step: [1283/1581], batch loss: 0.42754, batch accuracy: 90.62, data load time: 0.00290, step time: 0.01171,
epoch: [37], step: [2/1581], batch loss: 0.27998, batch accuracy: 93.75, data load time: 0.00027, step time: 0.01791,
epoch: [37], step: [302/1581], batch loss: 0.40290, batch accuracy: 87.50, data load time: 0.00024, step time: 0.01875,
epoch: [37], step: [602/1581], batch loss: 0.23344, batch accuracy: 96.88, data load time: 0.00024, step time: 0.01184,
epoch: [37], step: [902/1581], batch loss: 0.30540, batch accuracy: 84.38, data load time: 0.00025, step time: 0.01228,
epoch: [37], step: [1202/1581], batch loss: 0.33583, batch accuracy: 90.62, data load time: 0.00027, step time: 0.01168,
epoch: [37], step: [1502/1581], batch loss: 0.38436, batch accuracy: 90.62, data load time: 0.00027, step time: 0.01176,
epoch: [38], step: [221/1581], batch loss: 0.44911, batch accuracy: 84.38, data load time: 0.00023, step time: 0.01156,
epoch: [38], step: [521/1581], batch loss: 0.45556, batch accuracy: 84.38, data load time: 0.00025, step time: 0.01315,
epoch: [38], step: [821/1581], batch loss: 0.46353, batch accuracy: 78.12, data load time: 0.00025, step time: 0.01284,
epoch: [38], step: [1121/1581], batch loss: 0.31183, batch accuracy: 90.62, data load time: 0.00025, step time: 0.01277,
epoch: [38], step: [1421/1581], batch loss: 0.28577, batch accuracy: 96.88, data load time: 0.00024, step time: 0.01177,
epoch: [39], step: [140/1581], batch loss: 0.35623, batch accuracy: 81.25, data load time: 0.00025, step time: 0.01156,
epoch: [39], step: [440/1581], batch loss: 0.55353, batch accuracy: 81.25, data load time: 0.00025, step time: 0.01352,
epoch: [39], step: [740/1581], batch loss: 0.44638, batch accuracy: 87.50, data load time: 0.00025, step time: 0.01172,
epoch: [39], step: [1040/1581], batch loss: 0.52331, batch accuracy: 87.50, data load time: 0.00027, step time: 0.01173,
epoch: [39], step: [1340/1581], batch loss: 0.38196, batch accuracy: 90.62, data load time: 0.00023, step time: 0.01917,
validation loss: 0.66070, accuracy: 76.46, class_accuracy: [59.32203389830509, 92.10526315789474, 82.90598290598291, 79.64601769911505, 83.89830508474576, 60.55045871559633, 97.14285714285714, 97.34513274336283, 56.12244897959184, 77.11864406779661]
class_avg: 78.61571443952482
epoch: [40], step: [59/1581], batch loss: 0.41159, batch accuracy: 90.62, data load time: 0.00384, step time: 0.01327,
epoch: [40], step: [359/1581], batch loss: 0.37779, batch accuracy: 84.38, data load time: 0.00479, step time: 0.01202,
epoch: [40], step: [659/1581], batch loss: 0.23497, batch accuracy: 96.88, data load time: 0.00026, step time: 0.01158,
epoch: [40], step: [959/1581], batch loss: 0.22960, batch accuracy: 93.75, data load time: 0.00024, step time: 0.02013,
epoch: [40], step: [1259/1581], batch loss: 0.37921, batch accuracy: 90.62, data load time: 0.00025, step time: 0.02010,
epoch: [40], step: [1559/1581], batch loss: 0.21914, batch accuracy: 96.88, data load time: 0.00014, step time: 0.01163,
epoch: [41], step: [278/1581], batch loss: 0.46231, batch accuracy: 84.38, data load time: 0.00026, step time: 0.01160,
epoch: [41], step: [578/1581], batch loss: 0.42914, batch accuracy: 90.62, data load time: 0.00359, step time: 0.02185,
epoch: [41], step: [878/1581], batch loss: 0.29263, batch accuracy: 87.50, data load time: 0.00024, step time: 0.01169,
epoch: [41], step: [1178/1581], batch loss: 0.31444, batch accuracy: 90.62, data load time: 0.00026, step time: 0.02013,
epoch: [41], step: [1478/1581], batch loss: 0.21808, batch accuracy: 93.75, data load time: 0.00025, step time: 0.01195,
epoch: [42], step: [197/1581], batch loss: 0.46516, batch accuracy: 90.62, data load time: 0.00025, step time: 0.01156,
epoch: [42], step: [497/1581], batch loss: 0.24103, batch accuracy: 90.62, data load time: 0.00027, step time: 0.01160,
epoch: [42], step: [797/1581], batch loss: 0.46214, batch accuracy: 78.12, data load time: 0.00395, step time: 0.01255,
epoch: [42], step: [1097/1581], batch loss: 0.22195, batch accuracy: 93.75, data load time: 0.00026, step time: 0.01177,
epoch: [42], step: [1397/1581], batch loss: 0.26845, batch accuracy: 93.75, data load time: 0.00026, step time: 0.01942,
epoch: [43], step: [116/1581], batch loss: 0.65150, batch accuracy: 81.25, data load time: 0.00026, step time: 0.01423,
epoch: [43], step: [416/1581], batch loss: 0.19486, batch accuracy: 96.88, data load time: 0.00026, step time: 0.01170,
epoch: [43], step: [716/1581], batch loss: 0.26092, batch accuracy: 93.75, data load time: 0.00025, step time: 0.01169,
epoch: [43], step: [1016/1581], batch loss: 0.54550, batch accuracy: 87.50, data load time: 0.00030, step time: 0.01160,
epoch: [43], step: [1316/1581], batch loss: 0.33776, batch accuracy: 90.62, data load time: 0.00024, step time: 0.02074,
epoch: [44], step: [35/1581], batch loss: 0.36156, batch accuracy: 84.38, data load time: 0.00025, step time: 0.01159,
epoch: [44], step: [335/1581], batch loss: 0.38572, batch accuracy: 84.38, data load time: 0.00024, step time: 0.01165,
epoch: [44], step: [635/1581], batch loss: 0.47282, batch accuracy: 87.50, data load time: 0.00031, step time: 0.01292,
epoch: [44], step: [935/1581], batch loss: 0.31199, batch accuracy: 90.62, data load time: 0.00027, step time: 0.01162,
epoch: [44], step: [1235/1581], batch loss: 0.37837, batch accuracy: 90.62, data load time: 0.01103, step time: 0.01248,
epoch: [44], step: [1535/1581], batch loss: 0.32845, batch accuracy: 90.62, data load time: 0.00020, step time: 0.01168,
validation loss: 0.69850, accuracy: 78.10, class_accuracy: [72.03389830508475, 92.10526315789474, 82.90598290598291, 81.41592920353982, 83.05084745762711, 58.71559633027523, 97.14285714285714, 97.34513274336283, 47.95918367346939, 85.59322033898304]
class_avg: 79.8267911259077
epoch: [45], step: [254/1581], batch loss: 0.29245, batch accuracy: 87.50, data load time: 0.00024, step time: 0.01393,
epoch: [45], step: [554/1581], batch loss: 0.44162, batch accuracy: 81.25, data load time: 0.00025, step time: 0.01510,
epoch: [45], step: [854/1581], batch loss: 0.77770, batch accuracy: 81.25, data load time: 0.00026, step time: 0.01161,
epoch: [45], step: [1154/1581], batch loss: 0.34478, batch accuracy: 84.38, data load time: 0.00026, step time: 0.01369,
epoch: [45], step: [1454/1581], batch loss: 0.32289, batch accuracy: 87.50, data load time: 0.00431, step time: 0.01430,
epoch: [46], step: [173/1581], batch loss: 0.26294, batch accuracy: 93.75, data load time: 0.00026, step time: 0.01838,
epoch: [46], step: [473/1581], batch loss: 0.21821, batch accuracy: 93.75, data load time: 0.00027, step time: 0.02016,
epoch: [46], step: [773/1581], batch loss: 0.29994, batch accuracy: 90.62, data load time: 0.00025, step time: 0.01308,
epoch: [46], step: [1073/1581], batch loss: 0.26290, batch accuracy: 87.50, data load time: 0.00025, step time: 0.01206,
epoch: [46], step: [1373/1581], batch loss: 0.69382, batch accuracy: 84.38, data load time: 0.00027, step time: 0.01159,
epoch: [47], step: [92/1581], batch loss: 0.42540, batch accuracy: 90.62, data load time: 0.00025, step time: 0.01309,
epoch: [47], step: [392/1581], batch loss: 0.24662, batch accuracy: 87.50, data load time: 0.00026, step time: 0.02020,
epoch: [47], step: [692/1581], batch loss: 0.28095, batch accuracy: 90.62, data load time: 0.00536, step time: 0.01189,
epoch: [47], step: [992/1581], batch loss: 0.66907, batch accuracy: 81.25, data load time: 0.00024, step time: 0.01187,
epoch: [47], step: [1292/1581], batch loss: 0.48934, batch accuracy: 81.25, data load time: 0.00024, step time: 0.01194,
epoch: [48], step: [11/1581], batch loss: 0.37308, batch accuracy: 87.50, data load time: 0.00029, step time: 0.01480,
epoch: [48], step: [311/1581], batch loss: 0.30488, batch accuracy: 93.75, data load time: 0.00025, step time: 0.02037,
epoch: [48], step: [611/1581], batch loss: 0.40813, batch accuracy: 84.38, data load time: 0.00024, step time: 0.02021,
epoch: [48], step: [911/1581], batch loss: 0.47444, batch accuracy: 84.38, data load time: 0.00444, step time: 0.01265,
epoch: [48], step: [1211/1581], batch loss: 0.35734, batch accuracy: 84.38, data load time: 0.00371, step time: 0.01162,
epoch: [48], step: [1511/1581], batch loss: 0.36705, batch accuracy: 87.50, data load time: 0.00028, step time: 0.01335,
epoch: [49], step: [230/1581], batch loss: 0.40710, batch accuracy: 78.12, data load time: 0.00024, step time: 0.01157,
epoch: [49], step: [530/1581], batch loss: 0.30924, batch accuracy: 87.50, data load time: 0.00024, step time: 0.01961,
epoch: [49], step: [830/1581], batch loss: 0.40289, batch accuracy: 93.75, data load time: 0.00025, step time: 0.01988,
epoch: [49], step: [1130/1581], batch loss: 0.35018, batch accuracy: 93.75, data load time: 0.00025, step time: 0.01186,
epoch: [49], step: [1430/1581], batch loss: 0.49710, batch accuracy: 87.50, data load time: 0.00025, step time: 0.01388,
validation loss: 0.74209, accuracy: 74.21, class_accuracy: [38.983050847457626, 92.10526315789474, 82.90598290598291, 73.45132743362832, 79.66101694915254, 77.98165137614679, 97.14285714285714, 92.92035398230088, 55.10204081632653, 77.96610169491525]
class_avg: 76.82196463066626
Total time taken: 1268.9952011108398
