Using CUDA...
Writing logs to logs/CNN_bn_epochs=50_dropout=0.5_bs=32_optim=SGD_decay=0.0001_lr=0.001_momentum=0.9_mode=MC_run_0
epoch: [0], step: [299/1581], batch loss: 2.41315, batch accuracy: 15.62, data load time: 0.00022, step time: 0.01275,
epoch: [0], step: [599/1581], batch loss: 1.74125, batch accuracy: 37.50, data load time: 0.00021, step time: 0.01420,
epoch: [0], step: [899/1581], batch loss: 1.56681, batch accuracy: 46.88, data load time: 0.00290, step time: 0.01055,
epoch: [0], step: [1199/1581], batch loss: 1.56383, batch accuracy: 50.00, data load time: 0.00022, step time: 0.00857,
epoch: [0], step: [1499/1581], batch loss: 1.47875, batch accuracy: 46.88, data load time: 0.00025, step time: 0.00830,
epoch: [1], step: [218/1581], batch loss: 1.17882, batch accuracy: 68.75, data load time: 0.00244, step time: 0.01030,
epoch: [1], step: [518/1581], batch loss: 1.05843, batch accuracy: 53.12, data load time: 0.00024, step time: 0.01481,
epoch: [1], step: [818/1581], batch loss: 1.10575, batch accuracy: 53.12, data load time: 0.00024, step time: 0.00812,
epoch: [1], step: [1118/1581], batch loss: 1.90853, batch accuracy: 40.62, data load time: 0.00022, step time: 0.00819,
epoch: [1], step: [1418/1581], batch loss: 1.68722, batch accuracy: 43.75, data load time: 0.00632, step time: 0.00832,
epoch: [2], step: [137/1581], batch loss: 1.12148, batch accuracy: 59.38, data load time: 0.00023, step time: 0.00836,
epoch: [2], step: [437/1581], batch loss: 1.23628, batch accuracy: 37.50, data load time: 0.00023, step time: 0.01013,
epoch: [2], step: [737/1581], batch loss: 1.06385, batch accuracy: 65.62, data load time: 0.00024, step time: 0.01080,
epoch: [2], step: [1037/1581], batch loss: 1.10987, batch accuracy: 62.50, data load time: 0.00023, step time: 0.01016,
epoch: [2], step: [1337/1581], batch loss: 0.86999, batch accuracy: 62.50, data load time: 0.00024, step time: 0.00863,
epoch: [3], step: [56/1581], batch loss: 1.22451, batch accuracy: 56.25, data load time: 0.00022, step time: 0.01274,
epoch: [3], step: [356/1581], batch loss: 1.22291, batch accuracy: 59.38, data load time: 0.00389, step time: 0.01023,
epoch: [3], step: [656/1581], batch loss: 1.06998, batch accuracy: 65.62, data load time: 0.00318, step time: 0.01009,
epoch: [3], step: [956/1581], batch loss: 0.94758, batch accuracy: 68.75, data load time: 0.00291, step time: 0.01231,
epoch: [3], step: [1256/1581], batch loss: 0.83282, batch accuracy: 62.50, data load time: 0.00905, step time: 0.00790,
epoch: [3], step: [1556/1581], batch loss: 0.98619, batch accuracy: 53.12, data load time: 0.00012, step time: 0.00733,
epoch: [4], step: [275/1581], batch loss: 0.92287, batch accuracy: 65.62, data load time: 0.00539, step time: 0.01089,
epoch: [4], step: [575/1581], batch loss: 0.69479, batch accuracy: 71.88, data load time: 0.00022, step time: 0.00834,
epoch: [4], step: [875/1581], batch loss: 0.82902, batch accuracy: 71.88, data load time: 0.00023, step time: 0.00828,
epoch: [4], step: [1175/1581], batch loss: 0.74344, batch accuracy: 65.62, data load time: 0.00317, step time: 0.00844,
epoch: [4], step: [1475/1581], batch loss: 0.52594, batch accuracy: 84.38, data load time: 0.00021, step time: 0.00859,
validation loss: 1.08879, accuracy: 64.69, class_accuracy: [59.32203389830509, 76.3157894736842, 61.53846153846154, 43.36283185840708, 52.54237288135593, 78.89908256880734, 100.0, 95.57522123893806, 50.0, 61.016949152542374]
class_avg: 67.85727426105015
epoch: [5], step: [194/1581], batch loss: 0.82241, batch accuracy: 78.12, data load time: 0.00191, step time: 0.00844,
epoch: [5], step: [494/1581], batch loss: 0.70080, batch accuracy: 78.12, data load time: 0.00023, step time: 0.01038,
epoch: [5], step: [794/1581], batch loss: 0.72077, batch accuracy: 65.62, data load time: 0.00025, step time: 0.00826,
epoch: [5], step: [1094/1581], batch loss: 0.83445, batch accuracy: 65.62, data load time: 0.00313, step time: 0.01119,
epoch: [5], step: [1394/1581], batch loss: 0.46884, batch accuracy: 84.38, data load time: 0.00023, step time: 0.01455,
epoch: [6], step: [113/1581], batch loss: 1.13699, batch accuracy: 56.25, data load time: 0.00260, step time: 0.01083,
epoch: [6], step: [413/1581], batch loss: 0.71643, batch accuracy: 81.25, data load time: 0.00787, step time: 0.01104,
epoch: [6], step: [713/1581], batch loss: 0.48427, batch accuracy: 84.38, data load time: 0.00153, step time: 0.01068,
epoch: [6], step: [1013/1581], batch loss: 0.48946, batch accuracy: 71.88, data load time: 0.00025, step time: 0.08048,
epoch: [6], step: [1313/1581], batch loss: 0.58004, batch accuracy: 81.25, data load time: 0.00022, step time: 0.01311,
epoch: [7], step: [32/1581], batch loss: 0.73542, batch accuracy: 78.12, data load time: 0.00432, step time: 0.01017,
epoch: [7], step: [332/1581], batch loss: 0.41258, batch accuracy: 87.50, data load time: 0.00022, step time: 0.01211,
epoch: [7], step: [632/1581], batch loss: 0.81294, batch accuracy: 59.38, data load time: 0.00432, step time: 0.01031,
epoch: [7], step: [932/1581], batch loss: 0.74292, batch accuracy: 84.38, data load time: 0.00173, step time: 0.01039,
epoch: [7], step: [1232/1581], batch loss: 0.68311, batch accuracy: 78.12, data load time: 0.00019, step time: 0.00771,
epoch: [7], step: [1532/1581], batch loss: 0.65457, batch accuracy: 75.00, data load time: 0.00017, step time: 0.01443,
epoch: [8], step: [251/1581], batch loss: 0.61621, batch accuracy: 71.88, data load time: 0.00424, step time: 0.01067,
epoch: [8], step: [551/1581], batch loss: 0.78009, batch accuracy: 75.00, data load time: 0.00023, step time: 0.01302,
epoch: [8], step: [851/1581], batch loss: 1.04413, batch accuracy: 84.38, data load time: 0.00022, step time: 0.01276,
epoch: [8], step: [1151/1581], batch loss: 0.75063, batch accuracy: 75.00, data load time: 0.00432, step time: 0.01035,
epoch: [8], step: [1451/1581], batch loss: 0.60216, batch accuracy: 75.00, data load time: 0.00726, step time: 0.01184,
epoch: [9], step: [170/1581], batch loss: 0.74587, batch accuracy: 71.88, data load time: 0.00024, step time: 0.00861,
epoch: [9], step: [470/1581], batch loss: 1.18017, batch accuracy: 68.75, data load time: 0.00252, step time: 0.01717,
epoch: [9], step: [770/1581], batch loss: 0.70761, batch accuracy: 65.62, data load time: 0.00195, step time: 0.01080,
epoch: [9], step: [1070/1581], batch loss: 0.66380, batch accuracy: 71.88, data load time: 0.00021, step time: 0.01758,
epoch: [9], step: [1370/1581], batch loss: 0.34097, batch accuracy: 84.38, data load time: 0.00499, step time: 0.01092,
validation loss: 0.84546, accuracy: 76.56, class_accuracy: [88.98305084745763, 78.94736842105263, 52.99145299145299, 69.02654867256638, 75.42372881355932, 75.22935779816514, 100.0, 97.34513274336283, 56.12244897959184, 86.44067796610169]
class_avg: 78.05097672333105
epoch: [10], step: [89/1581], batch loss: 0.57975, batch accuracy: 81.25, data load time: 0.00022, step time: 0.00814,
epoch: [10], step: [389/1581], batch loss: 0.63416, batch accuracy: 65.62, data load time: 0.00818, step time: 0.01280,
epoch: [10], step: [689/1581], batch loss: 0.40233, batch accuracy: 78.12, data load time: 0.00048, step time: 0.00792,
epoch: [10], step: [989/1581], batch loss: 0.53284, batch accuracy: 81.25, data load time: 0.00242, step time: 0.01097,
epoch: [10], step: [1289/1581], batch loss: 0.55586, batch accuracy: 78.12, data load time: 0.00021, step time: 0.01248,
epoch: [11], step: [8/1581], batch loss: 0.69639, batch accuracy: 68.75, data load time: 0.00438, step time: 0.01152,
epoch: [11], step: [308/1581], batch loss: 0.58261, batch accuracy: 78.12, data load time: 0.01614, step time: 0.00799,
epoch: [11], step: [608/1581], batch loss: 0.31281, batch accuracy: 90.62, data load time: 0.00021, step time: 0.01286,
epoch: [11], step: [908/1581], batch loss: 0.68466, batch accuracy: 78.12, data load time: 0.00023, step time: 0.00798,
epoch: [11], step: [1208/1581], batch loss: 0.44371, batch accuracy: 87.50, data load time: 0.00021, step time: 0.01389,
epoch: [11], step: [1508/1581], batch loss: 0.46755, batch accuracy: 81.25, data load time: 0.00684, step time: 0.01077,
epoch: [12], step: [227/1581], batch loss: 0.59626, batch accuracy: 84.38, data load time: 0.00248, step time: 0.01048,
epoch: [12], step: [527/1581], batch loss: 0.40574, batch accuracy: 90.62, data load time: 0.00021, step time: 0.01382,
epoch: [12], step: [827/1581], batch loss: 0.49332, batch accuracy: 84.38, data load time: 0.00022, step time: 0.00807,
epoch: [12], step: [1127/1581], batch loss: 0.64238, batch accuracy: 78.12, data load time: 0.00329, step time: 0.00873,
epoch: [12], step: [1427/1581], batch loss: 0.32620, batch accuracy: 87.50, data load time: 0.00328, step time: 0.00860,
epoch: [13], step: [146/1581], batch loss: 0.21497, batch accuracy: 96.88, data load time: 0.00021, step time: 0.00838,
epoch: [13], step: [446/1581], batch loss: 0.34779, batch accuracy: 84.38, data load time: 0.00026, step time: 0.00826,
epoch: [13], step: [746/1581], batch loss: 0.55902, batch accuracy: 81.25, data load time: 0.00021, step time: 0.00795,
epoch: [13], step: [1046/1581], batch loss: 0.45775, batch accuracy: 84.38, data load time: 0.00023, step time: 0.00890,
epoch: [13], step: [1346/1581], batch loss: 0.36242, batch accuracy: 81.25, data load time: 0.00022, step time: 0.00819,
epoch: [14], step: [65/1581], batch loss: 0.39181, batch accuracy: 84.38, data load time: 0.00388, step time: 0.00818,
epoch: [14], step: [365/1581], batch loss: 0.31416, batch accuracy: 84.38, data load time: 0.00024, step time: 0.00807,
epoch: [14], step: [665/1581], batch loss: 0.49714, batch accuracy: 81.25, data load time: 0.00026, step time: 0.00815,
epoch: [14], step: [965/1581], batch loss: 0.45198, batch accuracy: 87.50, data load time: 0.00024, step time: 0.00861,
epoch: [14], step: [1265/1581], batch loss: 0.53173, batch accuracy: 78.12, data load time: 0.00023, step time: 0.00847,
epoch: [14], step: [1565/1581], batch loss: 0.65902, batch accuracy: 71.88, data load time: 0.00011, step time: 0.00735,
validation loss: 0.77038, accuracy: 79.02, class_accuracy: [82.20338983050847, 86.84210526315789, 75.21367521367522, 74.33628318584071, 69.49152542372882, 77.98165137614679, 97.14285714285714, 99.11504424778761, 58.16326530612245, 84.7457627118644]
class_avg: 80.52355597016894
epoch: [15], step: [284/1581], batch loss: 0.43132, batch accuracy: 75.00, data load time: 0.00721, step time: 0.01127,
epoch: [15], step: [584/1581], batch loss: 0.69629, batch accuracy: 84.38, data load time: 0.00022, step time: 0.01266,
epoch: [15], step: [884/1581], batch loss: 0.25725, batch accuracy: 90.62, data load time: 0.00356, step time: 0.01020,
epoch: [15], step: [1184/1581], batch loss: 0.44025, batch accuracy: 81.25, data load time: 0.00031, step time: 0.00815,
epoch: [15], step: [1484/1581], batch loss: 0.32615, batch accuracy: 96.88, data load time: 0.00024, step time: 0.00825,
epoch: [16], step: [203/1581], batch loss: 0.49920, batch accuracy: 71.88, data load time: 0.00022, step time: 0.01787,
epoch: [16], step: [503/1581], batch loss: 0.36130, batch accuracy: 81.25, data load time: 0.00236, step time: 0.01042,
epoch: [16], step: [803/1581], batch loss: 0.41643, batch accuracy: 87.50, data load time: 0.00023, step time: 0.01278,
epoch: [16], step: [1103/1581], batch loss: 0.41691, batch accuracy: 84.38, data load time: 0.00288, step time: 0.01014,
epoch: [16], step: [1403/1581], batch loss: 0.55043, batch accuracy: 78.12, data load time: 0.00712, step time: 0.02317,
epoch: [17], step: [122/1581], batch loss: 0.24144, batch accuracy: 93.75, data load time: 0.00021, step time: 0.01123,
epoch: [17], step: [422/1581], batch loss: 0.31315, batch accuracy: 93.75, data load time: 0.00585, step time: 0.01237,
epoch: [17], step: [722/1581], batch loss: 0.35838, batch accuracy: 87.50, data load time: 0.00836, step time: 0.01080,
epoch: [17], step: [1022/1581], batch loss: 0.25763, batch accuracy: 90.62, data load time: 0.00410, step time: 0.01083,
epoch: [17], step: [1322/1581], batch loss: 0.43323, batch accuracy: 84.38, data load time: 0.00431, step time: 0.01051,
epoch: [18], step: [41/1581], batch loss: 0.58861, batch accuracy: 81.25, data load time: 0.00021, step time: 0.01449,
epoch: [18], step: [341/1581], batch loss: 0.55135, batch accuracy: 84.38, data load time: 0.00742, step time: 0.01118,
epoch: [18], step: [641/1581], batch loss: 0.36595, batch accuracy: 90.62, data load time: 0.00025, step time: 0.00868,
epoch: [18], step: [941/1581], batch loss: 0.31068, batch accuracy: 93.75, data load time: 0.00023, step time: 0.00822,
epoch: [18], step: [1241/1581], batch loss: 0.23949, batch accuracy: 93.75, data load time: 0.00494, step time: 0.01964,
epoch: [18], step: [1541/1581], batch loss: 0.48383, batch accuracy: 78.12, data load time: 0.00018, step time: 0.01308,
epoch: [19], step: [260/1581], batch loss: 0.47649, batch accuracy: 84.38, data load time: 0.00846, step time: 0.01104,
epoch: [19], step: [560/1581], batch loss: 0.36770, batch accuracy: 84.38, data load time: 0.00022, step time: 0.01784,
epoch: [19], step: [860/1581], batch loss: 0.42581, batch accuracy: 87.50, data load time: 0.00477, step time: 0.01076,
epoch: [19], step: [1160/1581], batch loss: 0.26303, batch accuracy: 90.62, data load time: 0.00411, step time: 0.00910,
epoch: [19], step: [1460/1581], batch loss: 0.45241, batch accuracy: 84.38, data load time: 0.00609, step time: 0.01074,
validation loss: 0.71916, accuracy: 79.43, class_accuracy: [84.7457627118644, 84.21052631578948, 67.52136752136752, 74.33628318584071, 74.57627118644068, 75.22935779816514, 100.0, 98.23008849557522, 58.16326530612245, 91.52542372881356]
class_avg: 80.85383462499792
epoch: [20], step: [179/1581], batch loss: 0.17736, batch accuracy: 90.62, data load time: 0.00741, step time: 0.01089,
epoch: [20], step: [479/1581], batch loss: 0.42672, batch accuracy: 78.12, data load time: 0.00021, step time: 0.01226,
epoch: [20], step: [779/1581], batch loss: 0.20138, batch accuracy: 93.75, data load time: 0.00024, step time: 0.02039,
epoch: [20], step: [1079/1581], batch loss: 0.24673, batch accuracy: 87.50, data load time: 0.00060, step time: 0.00827,
epoch: [20], step: [1379/1581], batch loss: 0.22566, batch accuracy: 90.62, data load time: 0.00025, step time: 0.01390,
epoch: [21], step: [98/1581], batch loss: 0.11025, batch accuracy: 96.88, data load time: 0.00022, step time: 0.01799,
epoch: [21], step: [398/1581], batch loss: 0.34794, batch accuracy: 87.50, data load time: 0.00021, step time: 0.01916,
epoch: [21], step: [698/1581], batch loss: 0.35714, batch accuracy: 90.62, data load time: 0.00021, step time: 0.01218,
epoch: [21], step: [998/1581], batch loss: 0.41071, batch accuracy: 81.25, data load time: 0.00024, step time: 0.01275,
epoch: [21], step: [1298/1581], batch loss: 0.26272, batch accuracy: 87.50, data load time: 0.00577, step time: 0.00979,
epoch: [22], step: [17/1581], batch loss: 0.28297, batch accuracy: 90.62, data load time: 0.00216, step time: 0.01131,
epoch: [22], step: [317/1581], batch loss: 0.31858, batch accuracy: 87.50, data load time: 0.00581, step time: 0.01064,
epoch: [22], step: [617/1581], batch loss: 0.20310, batch accuracy: 93.75, data load time: 0.00028, step time: 0.02088,
epoch: [22], step: [917/1581], batch loss: 0.29671, batch accuracy: 87.50, data load time: 0.00215, step time: 0.01048,
epoch: [22], step: [1217/1581], batch loss: 0.20509, batch accuracy: 87.50, data load time: 0.00428, step time: 0.01086,
epoch: [22], step: [1517/1581], batch loss: 0.18195, batch accuracy: 93.75, data load time: 0.00023, step time: 0.01266,
epoch: [23], step: [236/1581], batch loss: 0.24997, batch accuracy: 87.50, data load time: 0.00023, step time: 0.00883,
epoch: [23], step: [536/1581], batch loss: 0.17997, batch accuracy: 96.88, data load time: 0.00613, step time: 0.01237,
epoch: [23], step: [836/1581], batch loss: 0.34206, batch accuracy: 87.50, data load time: 0.00435, step time: 0.01032,
epoch: [23], step: [1136/1581], batch loss: 0.40415, batch accuracy: 93.75, data load time: 0.00023, step time: 0.01074,
epoch: [23], step: [1436/1581], batch loss: 0.22984, batch accuracy: 90.62, data load time: 0.00023, step time: 0.00808,
epoch: [24], step: [155/1581], batch loss: 0.48747, batch accuracy: 81.25, data load time: 0.00024, step time: 0.01037,
epoch: [24], step: [455/1581], batch loss: 0.16303, batch accuracy: 96.88, data load time: 0.00571, step time: 0.00927,
epoch: [24], step: [755/1581], batch loss: 0.11549, batch accuracy: 96.88, data load time: 0.00021, step time: 0.01082,
epoch: [24], step: [1055/1581], batch loss: 0.16688, batch accuracy: 93.75, data load time: 0.00366, step time: 0.00981,
epoch: [24], step: [1355/1581], batch loss: 0.24106, batch accuracy: 90.62, data load time: 0.01127, step time: 0.01296,
validation loss: 0.74094, accuracy: 76.87, class_accuracy: [75.42372881355932, 78.94736842105263, 82.90598290598291, 67.2566371681416, 77.96610169491525, 66.05504587155963, 97.14285714285714, 95.57522123893806, 58.16326530612245, 81.35593220338983]
class_avg: 78.07921407665188
epoch: [25], step: [74/1581], batch loss: 0.22065, batch accuracy: 93.75, data load time: 0.00023, step time: 0.01285,
epoch: [25], step: [374/1581], batch loss: 0.53079, batch accuracy: 87.50, data load time: 0.00444, step time: 0.01056,
epoch: [25], step: [674/1581], batch loss: 0.19878, batch accuracy: 90.62, data load time: 0.00710, step time: 0.01060,
epoch: [25], step: [974/1581], batch loss: 0.28720, batch accuracy: 90.62, data load time: 0.00292, step time: 0.01019,
epoch: [25], step: [1274/1581], batch loss: 0.14827, batch accuracy: 100.00, data load time: 0.00420, step time: 0.00862,
epoch: [25], step: [1574/1581], batch loss: 0.23745, batch accuracy: 87.50, data load time: 0.00016, step time: 0.00784,
epoch: [26], step: [293/1581], batch loss: 0.57541, batch accuracy: 78.12, data load time: 0.00222, step time: 0.01037,
epoch: [26], step: [593/1581], batch loss: 0.17327, batch accuracy: 90.62, data load time: 0.00691, step time: 0.01034,
epoch: [26], step: [893/1581], batch loss: 0.11096, batch accuracy: 100.00, data load time: 0.00022, step time: 0.01795,
epoch: [26], step: [1193/1581], batch loss: 0.09927, batch accuracy: 96.88, data load time: 0.00022, step time: 0.01245,
epoch: [26], step: [1493/1581], batch loss: 0.30201, batch accuracy: 84.38, data load time: 0.00320, step time: 0.00937,
epoch: [27], step: [212/1581], batch loss: 0.24475, batch accuracy: 84.38, data load time: 0.00434, step time: 0.01041,
epoch: [27], step: [512/1581], batch loss: 0.26005, batch accuracy: 87.50, data load time: 0.00237, step time: 0.01065,
epoch: [27], step: [812/1581], batch loss: 0.24823, batch accuracy: 93.75, data load time: 0.00023, step time: 0.01071,
epoch: [27], step: [1112/1581], batch loss: 0.28228, batch accuracy: 84.38, data load time: 0.00023, step time: 0.01468,
epoch: [27], step: [1412/1581], batch loss: 0.36701, batch accuracy: 84.38, data load time: 0.00022, step time: 0.02051,
epoch: [28], step: [131/1581], batch loss: 0.16921, batch accuracy: 90.62, data load time: 0.00024, step time: 0.00816,
epoch: [28], step: [431/1581], batch loss: 0.17896, batch accuracy: 96.88, data load time: 0.00763, step time: 0.01061,
epoch: [28], step: [731/1581], batch loss: 0.29764, batch accuracy: 87.50, data load time: 0.00786, step time: 0.00910,
epoch: [28], step: [1031/1581], batch loss: 0.24521, batch accuracy: 84.38, data load time: 0.00022, step time: 0.01750,
epoch: [28], step: [1331/1581], batch loss: 0.35255, batch accuracy: 84.38, data load time: 0.00023, step time: 0.01354,
epoch: [29], step: [50/1581], batch loss: 0.15114, batch accuracy: 93.75, data load time: 0.01030, step time: 0.01128,
epoch: [29], step: [350/1581], batch loss: 0.25857, batch accuracy: 84.38, data load time: 0.00035, step time: 0.00831,
epoch: [29], step: [650/1581], batch loss: 0.11575, batch accuracy: 96.88, data load time: 0.00768, step time: 0.01121,
epoch: [29], step: [950/1581], batch loss: 0.12070, batch accuracy: 100.00, data load time: 0.00030, step time: 0.01475,
epoch: [29], step: [1250/1581], batch loss: 0.18222, batch accuracy: 93.75, data load time: 0.00024, step time: 0.01455,
epoch: [29], step: [1550/1581], batch loss: 0.38708, batch accuracy: 81.25, data load time: 0.00019, step time: 0.00979,
validation loss: 0.76629, accuracy: 76.46, class_accuracy: [61.016949152542374, 86.84210526315789, 75.21367521367522, 74.33628318584071, 77.96610169491525, 66.05504587155963, 97.14285714285714, 99.11504424778761, 61.224489795918366, 84.7457627118644]
class_avg: 78.36583142801186
epoch: [30], step: [269/1581], batch loss: 0.21978, batch accuracy: 87.50, data load time: 0.00420, step time: 0.01103,
epoch: [30], step: [569/1581], batch loss: 0.20390, batch accuracy: 96.88, data load time: 0.00024, step time: 0.01953,
epoch: [30], step: [869/1581], batch loss: 0.22056, batch accuracy: 90.62, data load time: 0.00338, step time: 0.00991,
epoch: [30], step: [1169/1581], batch loss: 0.18838, batch accuracy: 87.50, data load time: 0.00023, step time: 0.02407,
epoch: [30], step: [1469/1581], batch loss: 0.62380, batch accuracy: 90.62, data load time: 0.00536, step time: 0.00799,
epoch: [31], step: [188/1581], batch loss: 0.22279, batch accuracy: 87.50, data load time: 0.00200, step time: 0.01079,
epoch: [31], step: [488/1581], batch loss: 0.20928, batch accuracy: 93.75, data load time: 0.00024, step time: 0.01821,
epoch: [31], step: [788/1581], batch loss: 0.26877, batch accuracy: 93.75, data load time: 0.00024, step time: 0.01429,
epoch: [31], step: [1088/1581], batch loss: 0.17338, batch accuracy: 93.75, data load time: 0.00409, step time: 0.01125,
epoch: [31], step: [1388/1581], batch loss: 0.09156, batch accuracy: 96.88, data load time: 0.00237, step time: 0.01169,
epoch: [32], step: [107/1581], batch loss: 0.16846, batch accuracy: 93.75, data load time: 0.00433, step time: 0.01053,
epoch: [32], step: [407/1581], batch loss: 0.11354, batch accuracy: 87.50, data load time: 0.00022, step time: 0.01422,
epoch: [32], step: [707/1581], batch loss: 0.09107, batch accuracy: 100.00, data load time: 0.00251, step time: 0.01045,
epoch: [32], step: [1007/1581], batch loss: 0.12573, batch accuracy: 93.75, data load time: 0.00021, step time: 0.01272,
epoch: [32], step: [1307/1581], batch loss: 0.13434, batch accuracy: 96.88, data load time: 0.00237, step time: 0.01086,
epoch: [33], step: [26/1581], batch loss: 0.11974, batch accuracy: 93.75, data load time: 0.00253, step time: 0.01068,
epoch: [33], step: [326/1581], batch loss: 0.17933, batch accuracy: 96.88, data load time: 0.00022, step time: 0.01840,
epoch: [33], step: [626/1581], batch loss: 0.15811, batch accuracy: 93.75, data load time: 0.00022, step time: 0.01198,
epoch: [33], step: [926/1581], batch loss: 0.13389, batch accuracy: 93.75, data load time: 0.00023, step time: 0.01301,
epoch: [33], step: [1226/1581], batch loss: 0.21583, batch accuracy: 96.88, data load time: 0.00498, step time: 0.01687,
epoch: [33], step: [1526/1581], batch loss: 0.28439, batch accuracy: 90.62, data load time: 0.00019, step time: 0.01263,
epoch: [34], step: [245/1581], batch loss: 0.21860, batch accuracy: 93.75, data load time: 0.00598, step time: 0.01100,
epoch: [34], step: [545/1581], batch loss: 0.15049, batch accuracy: 93.75, data load time: 0.00022, step time: 0.01712,
epoch: [34], step: [845/1581], batch loss: 0.25069, batch accuracy: 84.38, data load time: 0.00243, step time: 0.01048,
epoch: [34], step: [1145/1581], batch loss: 0.26963, batch accuracy: 87.50, data load time: 0.00179, step time: 0.01047,
epoch: [34], step: [1445/1581], batch loss: 0.26598, batch accuracy: 78.12, data load time: 0.00213, step time: 0.01092,
validation loss: 0.83904, accuracy: 73.49, class_accuracy: [60.16949152542373, 84.21052631578948, 80.34188034188034, 74.33628318584071, 72.03389830508475, 54.12844036697248, 97.14285714285714, 94.69026548672566, 60.204081632653065, 78.8135593220339]
class_avg: 75.60712836252613
epoch: [35], step: [164/1581], batch loss: 0.21129, batch accuracy: 93.75, data load time: 0.00245, step time: 0.00975,
epoch: [35], step: [464/1581], batch loss: 0.23928, batch accuracy: 87.50, data load time: 0.00430, step time: 0.01101,
epoch: [35], step: [764/1581], batch loss: 0.08768, batch accuracy: 96.88, data load time: 0.00212, step time: 0.01053,
epoch: [35], step: [1064/1581], batch loss: 0.17299, batch accuracy: 96.88, data load time: 0.00068, step time: 0.01272,
epoch: [35], step: [1364/1581], batch loss: 0.17016, batch accuracy: 93.75, data load time: 0.00031, step time: 0.01249,
epoch: [36], step: [83/1581], batch loss: 0.04227, batch accuracy: 100.00, data load time: 0.00036, step time: 0.01274,
epoch: [36], step: [383/1581], batch loss: 0.13705, batch accuracy: 96.88, data load time: 0.00561, step time: 0.00813,
epoch: [36], step: [683/1581], batch loss: 0.15967, batch accuracy: 96.88, data load time: 0.00024, step time: 0.00899,
epoch: [36], step: [983/1581], batch loss: 0.16413, batch accuracy: 87.50, data load time: 0.00595, step time: 0.01110,
epoch: [36], step: [1283/1581], batch loss: 0.35918, batch accuracy: 87.50, data load time: 0.00022, step time: 0.02079,
epoch: [37], step: [2/1581], batch loss: 0.07870, batch accuracy: 96.88, data load time: 0.00052, step time: 0.00974,
epoch: [37], step: [302/1581], batch loss: 0.07441, batch accuracy: 100.00, data load time: 0.00462, step time: 0.01144,
epoch: [37], step: [602/1581], batch loss: 0.08747, batch accuracy: 100.00, data load time: 0.00023, step time: 0.01280,
epoch: [37], step: [902/1581], batch loss: 0.05126, batch accuracy: 100.00, data load time: 0.00023, step time: 0.01261,
epoch: [37], step: [1202/1581], batch loss: 0.25860, batch accuracy: 90.62, data load time: 0.00024, step time: 0.01360,
epoch: [37], step: [1502/1581], batch loss: 0.08067, batch accuracy: 96.88, data load time: 0.00027, step time: 0.00802,
epoch: [38], step: [221/1581], batch loss: 0.10535, batch accuracy: 100.00, data load time: 0.00526, step time: 0.01273,
epoch: [38], step: [521/1581], batch loss: 0.08910, batch accuracy: 100.00, data load time: 0.00257, step time: 0.01057,
epoch: [38], step: [821/1581], batch loss: 0.09888, batch accuracy: 96.88, data load time: 0.00024, step time: 0.01200,
epoch: [38], step: [1121/1581], batch loss: 0.05983, batch accuracy: 96.88, data load time: 0.00365, step time: 0.01115,
epoch: [38], step: [1421/1581], batch loss: 0.13124, batch accuracy: 96.88, data load time: 0.00783, step time: 0.01080,
epoch: [39], step: [140/1581], batch loss: 0.08855, batch accuracy: 100.00, data load time: 0.00025, step time: 0.00847,
epoch: [39], step: [440/1581], batch loss: 0.22344, batch accuracy: 93.75, data load time: 0.00233, step time: 0.01079,
epoch: [39], step: [740/1581], batch loss: 0.14715, batch accuracy: 96.88, data load time: 0.00414, step time: 0.01913,
epoch: [39], step: [1040/1581], batch loss: 0.12063, batch accuracy: 96.88, data load time: 0.00433, step time: 0.01075,
epoch: [39], step: [1340/1581], batch loss: 0.20717, batch accuracy: 87.50, data load time: 0.00997, step time: 0.01040,
validation loss: 0.88992, accuracy: 72.47, class_accuracy: [56.779661016949156, 86.84210526315789, 82.90598290598291, 71.68141592920354, 66.94915254237289, 53.211009174311926, 97.14285714285714, 95.57522123893806, 59.183673469387756, 78.8135593220339]
class_avg: 74.90846380051951
epoch: [40], step: [59/1581], batch loss: 0.10190, batch accuracy: 100.00, data load time: 0.00706, step time: 0.00922,
epoch: [40], step: [359/1581], batch loss: 0.21719, batch accuracy: 90.62, data load time: 0.00446, step time: 0.01038,
epoch: [40], step: [659/1581], batch loss: 0.04851, batch accuracy: 96.88, data load time: 0.00023, step time: 0.01855,
epoch: [40], step: [959/1581], batch loss: 0.11756, batch accuracy: 96.88, data load time: 0.00252, step time: 0.01067,
epoch: [40], step: [1259/1581], batch loss: 0.22364, batch accuracy: 90.62, data load time: 0.00087, step time: 0.00817,
epoch: [40], step: [1559/1581], batch loss: 0.13330, batch accuracy: 96.88, data load time: 0.00018, step time: 0.00817,
epoch: [41], step: [278/1581], batch loss: 0.10267, batch accuracy: 96.88, data load time: 0.01215, step time: 0.01209,
epoch: [41], step: [578/1581], batch loss: 0.04831, batch accuracy: 100.00, data load time: 0.00028, step time: 0.00823,
epoch: [41], step: [878/1581], batch loss: 0.13094, batch accuracy: 96.88, data load time: 0.00467, step time: 0.01921,
epoch: [41], step: [1178/1581], batch loss: 0.14758, batch accuracy: 90.62, data load time: 0.00427, step time: 0.01084,
epoch: [41], step: [1478/1581], batch loss: 0.19557, batch accuracy: 93.75, data load time: 0.00569, step time: 0.01016,
epoch: [42], step: [197/1581], batch loss: 0.30147, batch accuracy: 87.50, data load time: 0.00564, step time: 0.01121,
epoch: [42], step: [497/1581], batch loss: 0.13295, batch accuracy: 96.88, data load time: 0.00252, step time: 0.01052,
epoch: [42], step: [797/1581], batch loss: 0.08685, batch accuracy: 100.00, data load time: 0.00407, step time: 0.00950,
epoch: [42], step: [1097/1581], batch loss: 0.14160, batch accuracy: 96.88, data load time: 0.00026, step time: 0.00895,
epoch: [42], step: [1397/1581], batch loss: 0.05864, batch accuracy: 100.00, data load time: 0.00098, step time: 0.00860,
epoch: [43], step: [116/1581], batch loss: 0.12169, batch accuracy: 100.00, data load time: 0.00677, step time: 0.01450,
epoch: [43], step: [416/1581], batch loss: 0.15698, batch accuracy: 93.75, data load time: 0.00573, step time: 0.01272,
epoch: [43], step: [716/1581], batch loss: 0.10254, batch accuracy: 93.75, data load time: 0.00238, step time: 0.01177,
epoch: [43], step: [1016/1581], batch loss: 0.33672, batch accuracy: 87.50, data load time: 0.00021, step time: 0.01978,
epoch: [43], step: [1316/1581], batch loss: 0.02639, batch accuracy: 100.00, data load time: 0.00422, step time: 0.00876,
epoch: [44], step: [35/1581], batch loss: 0.03296, batch accuracy: 100.00, data load time: 0.00347, step time: 0.01044,
epoch: [44], step: [335/1581], batch loss: 0.06332, batch accuracy: 100.00, data load time: 0.00425, step time: 0.01063,
epoch: [44], step: [635/1581], batch loss: 0.12635, batch accuracy: 96.88, data load time: 0.00229, step time: 0.01084,
epoch: [44], step: [935/1581], batch loss: 0.09726, batch accuracy: 96.88, data load time: 0.00023, step time: 0.01647,
epoch: [44], step: [1235/1581], batch loss: 0.29874, batch accuracy: 87.50, data load time: 0.01299, step time: 0.00900,
epoch: [44], step: [1535/1581], batch loss: 0.09998, batch accuracy: 93.75, data load time: 0.00019, step time: 0.00815,
validation loss: 0.84549, accuracy: 74.31, class_accuracy: [56.779661016949156, 86.84210526315789, 77.77777777777777, 74.33628318584071, 65.2542372881356, 66.97247706422019, 97.14285714285714, 96.46017699115045, 59.183673469387756, 84.7457627118644]
class_avg: 76.5495011911341
epoch: [45], step: [254/1581], batch loss: 0.04364, batch accuracy: 100.00, data load time: 0.00738, step time: 0.00846,
epoch: [45], step: [554/1581], batch loss: 0.13190, batch accuracy: 96.88, data load time: 0.00363, step time: 0.00930,
epoch: [45], step: [854/1581], batch loss: 0.16687, batch accuracy: 96.88, data load time: 0.00545, step time: 0.01116,
epoch: [45], step: [1154/1581], batch loss: 0.04822, batch accuracy: 100.00, data load time: 0.00205, step time: 0.01070,
epoch: [45], step: [1454/1581], batch loss: 0.10341, batch accuracy: 93.75, data load time: 0.00268, step time: 0.01354,
epoch: [46], step: [173/1581], batch loss: 0.28071, batch accuracy: 84.38, data load time: 0.00105, step time: 0.00793,
epoch: [46], step: [473/1581], batch loss: 0.15594, batch accuracy: 93.75, data load time: 0.00023, step time: 0.01365,
epoch: [46], step: [773/1581], batch loss: 0.11492, batch accuracy: 96.88, data load time: 0.00022, step time: 0.01270,
epoch: [46], step: [1073/1581], batch loss: 0.14018, batch accuracy: 96.88, data load time: 0.00049, step time: 0.01082,
epoch: [46], step: [1373/1581], batch loss: 0.27310, batch accuracy: 87.50, data load time: 0.00195, step time: 0.01407,
epoch: [47], step: [92/1581], batch loss: 0.06854, batch accuracy: 96.88, data load time: 0.00025, step time: 0.01444,
epoch: [47], step: [392/1581], batch loss: 0.07197, batch accuracy: 96.88, data load time: 0.00347, step time: 0.00975,
epoch: [47], step: [692/1581], batch loss: 0.20991, batch accuracy: 90.62, data load time: 0.01486, step time: 0.01483,
epoch: [47], step: [992/1581], batch loss: 0.12227, batch accuracy: 100.00, data load time: 0.00621, step time: 0.00947,
epoch: [47], step: [1292/1581], batch loss: 0.16359, batch accuracy: 93.75, data load time: 0.00273, step time: 0.01464,
epoch: [48], step: [11/1581], batch loss: 0.26317, batch accuracy: 90.62, data load time: 0.00597, step time: 0.01029,
epoch: [48], step: [311/1581], batch loss: 0.28151, batch accuracy: 90.62, data load time: 0.00284, step time: 0.00818,
epoch: [48], step: [611/1581], batch loss: 0.12919, batch accuracy: 93.75, data load time: 0.00416, step time: 0.01095,
epoch: [48], step: [911/1581], batch loss: 0.07902, batch accuracy: 96.88, data load time: 0.00420, step time: 0.01114,
epoch: [48], step: [1211/1581], batch loss: 0.11101, batch accuracy: 96.88, data load time: 0.00186, step time: 0.00810,
epoch: [48], step: [1511/1581], batch loss: 0.11323, batch accuracy: 96.88, data load time: 0.00026, step time: 0.00803,
epoch: [49], step: [230/1581], batch loss: 0.09963, batch accuracy: 96.88, data load time: 0.00436, step time: 0.01029,
epoch: [49], step: [530/1581], batch loss: 0.19399, batch accuracy: 93.75, data load time: 0.00831, step time: 0.01066,
epoch: [49], step: [830/1581], batch loss: 0.08702, batch accuracy: 100.00, data load time: 0.00022, step time: 0.01448,
epoch: [49], step: [1130/1581], batch loss: 0.04988, batch accuracy: 100.00, data load time: 0.00348, step time: 0.01008,
epoch: [49], step: [1430/1581], batch loss: 0.12923, batch accuracy: 93.75, data load time: 0.00022, step time: 0.00821,
validation loss: 0.86761, accuracy: 74.10, class_accuracy: [56.779661016949156, 84.21052631578948, 84.61538461538461, 72.56637168141593, 66.94915254237289, 58.71559633027523, 97.14285714285714, 95.57522123893806, 59.183673469387756, 85.59322033898304]
class_avg: 76.13316646923532
Total time taken: 1283.8038048744202
