Using CUDA...
Writing logs to logs/CNN_bn_epochs=50_dropout=0.5_bs=32_optim=SGD_decay=0.0001_lr=0.001_momentum=0.9_mode=MLMC_run_0
epoch: [0], step: [299/1581], batch loss: 2.33605, batch accuracy: 25.00, data load time: 0.00022, step time: 0.01154,
epoch: [0], step: [599/1581], batch loss: 1.62164, batch accuracy: 46.88, data load time: 0.00030, step time: 0.01156,
epoch: [0], step: [899/1581], batch loss: 1.45311, batch accuracy: 37.50, data load time: 0.00024, step time: 0.01682,
epoch: [0], step: [1199/1581], batch loss: 1.26881, batch accuracy: 50.00, data load time: 0.00024, step time: 0.01155,
epoch: [0], step: [1499/1581], batch loss: 1.59451, batch accuracy: 37.50, data load time: 0.00024, step time: 0.01183,
epoch: [1], step: [218/1581], batch loss: 0.91783, batch accuracy: 53.12, data load time: 0.00024, step time: 0.01927,
epoch: [1], step: [518/1581], batch loss: 1.23848, batch accuracy: 56.25, data load time: 0.00026, step time: 0.01211,
epoch: [1], step: [818/1581], batch loss: 1.34730, batch accuracy: 40.62, data load time: 0.00025, step time: 0.01158,
epoch: [1], step: [1118/1581], batch loss: 1.25305, batch accuracy: 46.88, data load time: 0.00025, step time: 0.01157,
epoch: [1], step: [1418/1581], batch loss: 1.23916, batch accuracy: 43.75, data load time: 0.00328, step time: 0.01165,
epoch: [2], step: [137/1581], batch loss: 1.30120, batch accuracy: 59.38, data load time: 0.00028, step time: 0.01181,
epoch: [2], step: [437/1581], batch loss: 0.95246, batch accuracy: 71.88, data load time: 0.00024, step time: 0.01154,
epoch: [2], step: [737/1581], batch loss: 1.09801, batch accuracy: 68.75, data load time: 0.00024, step time: 0.01157,
epoch: [2], step: [1037/1581], batch loss: 1.01609, batch accuracy: 62.50, data load time: 0.00024, step time: 0.01157,
epoch: [2], step: [1337/1581], batch loss: 0.73048, batch accuracy: 65.62, data load time: 0.00026, step time: 0.01159,
epoch: [3], step: [56/1581], batch loss: 0.79813, batch accuracy: 71.88, data load time: 0.00021, step time: 0.01155,
epoch: [3], step: [356/1581], batch loss: 0.94863, batch accuracy: 68.75, data load time: 0.00023, step time: 0.01157,
epoch: [3], step: [656/1581], batch loss: 0.94894, batch accuracy: 71.88, data load time: 0.00510, step time: 0.01368,
epoch: [3], step: [956/1581], batch loss: 0.95804, batch accuracy: 75.00, data load time: 0.00027, step time: 0.01171,
epoch: [3], step: [1256/1581], batch loss: 0.69401, batch accuracy: 65.62, data load time: 0.00023, step time: 0.01156,
epoch: [3], step: [1556/1581], batch loss: 0.76156, batch accuracy: 68.75, data load time: 0.00014, step time: 0.01150,
epoch: [4], step: [275/1581], batch loss: 0.68419, batch accuracy: 75.00, data load time: 0.00026, step time: 0.01157,
epoch: [4], step: [575/1581], batch loss: 0.87395, batch accuracy: 65.62, data load time: 0.00068, step time: 0.02031,
epoch: [4], step: [875/1581], batch loss: 0.81979, batch accuracy: 68.75, data load time: 0.00024, step time: 0.01157,
epoch: [4], step: [1175/1581], batch loss: 0.63788, batch accuracy: 78.12, data load time: 0.00024, step time: 0.01156,
epoch: [4], step: [1475/1581], batch loss: 0.85121, batch accuracy: 71.88, data load time: 0.00026, step time: 0.01155,
validation loss: 1.03953, accuracy: 68.17, class_accuracy: [68.64406779661017, 89.47368421052632, 62.39316239316239, 56.63716814159292, 78.8135593220339, 78.89908256880734, 100.0, 78.76106194690266, 52.04081632653061, 50.847457627118644]
class_avg: 71.65100603332847
epoch: [5], step: [194/1581], batch loss: 0.97119, batch accuracy: 87.50, data load time: 0.00025, step time: 0.01165,
epoch: [5], step: [494/1581], batch loss: 0.61288, batch accuracy: 78.12, data load time: 0.00024, step time: 0.01158,
epoch: [5], step: [794/1581], batch loss: 0.66537, batch accuracy: 71.88, data load time: 0.00024, step time: 0.01159,
epoch: [5], step: [1094/1581], batch loss: 0.56008, batch accuracy: 75.00, data load time: 0.00038, step time: 0.01160,
epoch: [5], step: [1394/1581], batch loss: 0.58215, batch accuracy: 78.12, data load time: 0.00428, step time: 0.01867,
epoch: [6], step: [113/1581], batch loss: 0.44790, batch accuracy: 87.50, data load time: 0.00398, step time: 0.01362,
epoch: [6], step: [413/1581], batch loss: 0.96579, batch accuracy: 59.38, data load time: 0.00025, step time: 0.01164,
epoch: [6], step: [713/1581], batch loss: 0.78574, batch accuracy: 75.00, data load time: 0.00024, step time: 0.01160,
epoch: [6], step: [1013/1581], batch loss: 0.58458, batch accuracy: 75.00, data load time: 0.00024, step time: 0.01154,
epoch: [6], step: [1313/1581], batch loss: 0.63015, batch accuracy: 75.00, data load time: 0.00025, step time: 0.01154,
epoch: [7], step: [32/1581], batch loss: 0.49135, batch accuracy: 87.50, data load time: 0.00025, step time: 0.01251,
epoch: [7], step: [332/1581], batch loss: 0.72418, batch accuracy: 75.00, data load time: 0.00171, step time: 0.01372,
epoch: [7], step: [632/1581], batch loss: 0.48485, batch accuracy: 75.00, data load time: 0.00026, step time: 0.01891,
epoch: [7], step: [932/1581], batch loss: 0.29755, batch accuracy: 87.50, data load time: 0.00420, step time: 0.01230,
epoch: [7], step: [1232/1581], batch loss: 0.47114, batch accuracy: 81.25, data load time: 0.00024, step time: 0.01156,
epoch: [7], step: [1532/1581], batch loss: 0.32344, batch accuracy: 93.75, data load time: 0.00025, step time: 0.01187,
epoch: [8], step: [251/1581], batch loss: 0.31551, batch accuracy: 96.88, data load time: 0.00035, step time: 0.01155,
epoch: [8], step: [551/1581], batch loss: 0.27792, batch accuracy: 87.50, data load time: 0.00027, step time: 0.01170,
epoch: [8], step: [851/1581], batch loss: 0.28233, batch accuracy: 90.62, data load time: 0.00026, step time: 0.01156,
epoch: [8], step: [1151/1581], batch loss: 0.44356, batch accuracy: 78.12, data load time: 0.00024, step time: 0.01423,
epoch: [8], step: [1451/1581], batch loss: 0.49782, batch accuracy: 84.38, data load time: 0.00023, step time: 0.02000,
epoch: [9], step: [170/1581], batch loss: 0.39499, batch accuracy: 87.50, data load time: 0.00025, step time: 0.01160,
epoch: [9], step: [470/1581], batch loss: 0.46200, batch accuracy: 84.38, data load time: 0.00479, step time: 0.01207,
epoch: [9], step: [770/1581], batch loss: 0.49279, batch accuracy: 78.12, data load time: 0.00037, step time: 0.01198,
epoch: [9], step: [1070/1581], batch loss: 0.25205, batch accuracy: 93.75, data load time: 0.00065, step time: 0.01354,
epoch: [9], step: [1370/1581], batch loss: 0.46326, batch accuracy: 81.25, data load time: 0.00025, step time: 0.01155,
validation loss: 0.90115, accuracy: 73.90, class_accuracy: [72.03389830508475, 92.10526315789474, 69.23076923076923, 74.33628318584071, 78.8135593220339, 55.04587155963303, 100.0, 97.34513274336283, 54.08163265306123, 72.88135593220339]
class_avg: 76.58737660898838
epoch: [10], step: [89/1581], batch loss: 0.27750, batch accuracy: 90.62, data load time: 0.00024, step time: 0.01392,
epoch: [10], step: [389/1581], batch loss: 0.26103, batch accuracy: 93.75, data load time: 0.00024, step time: 0.01157,
epoch: [10], step: [689/1581], batch loss: 0.37225, batch accuracy: 87.50, data load time: 0.00029, step time: 0.01154,
epoch: [10], step: [989/1581], batch loss: 0.51858, batch accuracy: 84.38, data load time: 0.00024, step time: 0.01154,
epoch: [10], step: [1289/1581], batch loss: 0.31243, batch accuracy: 93.75, data load time: 0.00025, step time: 0.01155,
epoch: [11], step: [8/1581], batch loss: 0.27346, batch accuracy: 84.38, data load time: 0.00022, step time: 0.01435,
epoch: [11], step: [308/1581], batch loss: 0.44138, batch accuracy: 81.25, data load time: 0.00036, step time: 0.01373,
epoch: [11], step: [608/1581], batch loss: 0.42891, batch accuracy: 96.88, data load time: 0.00027, step time: 0.01177,
epoch: [11], step: [908/1581], batch loss: 0.54982, batch accuracy: 84.38, data load time: 0.00025, step time: 0.01154,
epoch: [11], step: [1208/1581], batch loss: 0.21966, batch accuracy: 90.62, data load time: 0.00025, step time: 0.01163,
epoch: [11], step: [1508/1581], batch loss: 0.31989, batch accuracy: 87.50, data load time: 0.00025, step time: 0.02059,
epoch: [12], step: [227/1581], batch loss: 0.28477, batch accuracy: 90.62, data load time: 0.00028, step time: 0.02026,
epoch: [12], step: [527/1581], batch loss: 0.55710, batch accuracy: 78.12, data load time: 0.00024, step time: 0.02352,
epoch: [12], step: [827/1581], batch loss: 0.35421, batch accuracy: 87.50, data load time: 0.00027, step time: 0.01158,
epoch: [12], step: [1127/1581], batch loss: 0.39098, batch accuracy: 84.38, data load time: 0.00026, step time: 0.01156,
epoch: [12], step: [1427/1581], batch loss: 0.35704, batch accuracy: 87.50, data load time: 0.00024, step time: 0.01154,
epoch: [13], step: [146/1581], batch loss: 0.34050, batch accuracy: 90.62, data load time: 0.00025, step time: 0.01158,
epoch: [13], step: [446/1581], batch loss: 0.34378, batch accuracy: 87.50, data load time: 0.00027, step time: 0.01155,
epoch: [13], step: [746/1581], batch loss: 0.43245, batch accuracy: 84.38, data load time: 0.00025, step time: 0.01155,
epoch: [13], step: [1046/1581], batch loss: 0.53663, batch accuracy: 81.25, data load time: 0.00024, step time: 0.01158,
epoch: [13], step: [1346/1581], batch loss: 0.39719, batch accuracy: 84.38, data load time: 0.00024, step time: 0.01171,
epoch: [14], step: [65/1581], batch loss: 0.32654, batch accuracy: 87.50, data load time: 0.01058, step time: 0.01232,
epoch: [14], step: [365/1581], batch loss: 0.35856, batch accuracy: 87.50, data load time: 0.00043, step time: 0.01485,
epoch: [14], step: [665/1581], batch loss: 0.14726, batch accuracy: 93.75, data load time: 0.00422, step time: 0.01226,
epoch: [14], step: [965/1581], batch loss: 0.36443, batch accuracy: 84.38, data load time: 0.00024, step time: 0.01156,
epoch: [14], step: [1265/1581], batch loss: 0.11682, batch accuracy: 96.88, data load time: 0.00400, step time: 0.01223,
epoch: [14], step: [1565/1581], batch loss: 0.22115, batch accuracy: 90.62, data load time: 0.00014, step time: 0.01150,
validation loss: 0.90417, accuracy: 73.18, class_accuracy: [69.49152542372882, 89.47368421052632, 63.24786324786325, 76.99115044247787, 79.66101694915254, 57.79816513761468, 100.0, 91.15044247787611, 55.10204081632653, 75.42372881355932]
class_avg: 75.83396175191254
epoch: [15], step: [284/1581], batch loss: 0.18939, batch accuracy: 96.88, data load time: 0.00026, step time: 0.01627,
epoch: [15], step: [584/1581], batch loss: 0.09425, batch accuracy: 93.75, data load time: 0.00470, step time: 0.01194,
epoch: [15], step: [884/1581], batch loss: 0.26000, batch accuracy: 93.75, data load time: 0.00023, step time: 0.02317,
epoch: [15], step: [1184/1581], batch loss: 0.46196, batch accuracy: 84.38, data load time: 0.00024, step time: 0.01151,
epoch: [15], step: [1484/1581], batch loss: 0.33338, batch accuracy: 87.50, data load time: 0.00024, step time: 0.01293,
epoch: [16], step: [203/1581], batch loss: 0.24430, batch accuracy: 96.88, data load time: 0.00026, step time: 0.02003,
epoch: [16], step: [503/1581], batch loss: 0.14635, batch accuracy: 96.88, data load time: 0.00023, step time: 0.01161,
epoch: [16], step: [803/1581], batch loss: 0.38448, batch accuracy: 87.50, data load time: 0.00027, step time: 0.01195,
epoch: [16], step: [1103/1581], batch loss: 0.28271, batch accuracy: 87.50, data load time: 0.00026, step time: 0.01192,
epoch: [16], step: [1403/1581], batch loss: 0.23711, batch accuracy: 90.62, data load time: 0.00024, step time: 0.01202,
epoch: [17], step: [122/1581], batch loss: 0.24357, batch accuracy: 90.62, data load time: 0.00383, step time: 0.01387,
epoch: [17], step: [422/1581], batch loss: 0.28461, batch accuracy: 90.62, data load time: 0.00024, step time: 0.01356,
epoch: [17], step: [722/1581], batch loss: 0.15973, batch accuracy: 90.62, data load time: 0.00024, step time: 0.01156,
epoch: [17], step: [1022/1581], batch loss: 0.13553, batch accuracy: 96.88, data load time: 0.00024, step time: 0.01156,
epoch: [17], step: [1322/1581], batch loss: 0.26349, batch accuracy: 93.75, data load time: 0.00024, step time: 0.01156,
epoch: [18], step: [41/1581], batch loss: 0.13518, batch accuracy: 96.88, data load time: 0.00021, step time: 0.01614,
epoch: [18], step: [341/1581], batch loss: 0.24611, batch accuracy: 90.62, data load time: 0.00025, step time: 0.01891,
epoch: [18], step: [641/1581], batch loss: 0.28425, batch accuracy: 90.62, data load time: 0.00026, step time: 0.01156,
epoch: [18], step: [941/1581], batch loss: 0.09809, batch accuracy: 96.88, data load time: 0.00025, step time: 0.01427,
epoch: [18], step: [1241/1581], batch loss: 0.23513, batch accuracy: 90.62, data load time: 0.00024, step time: 0.01155,
epoch: [18], step: [1541/1581], batch loss: 0.16835, batch accuracy: 90.62, data load time: 0.00015, step time: 0.01153,
epoch: [19], step: [260/1581], batch loss: 0.23252, batch accuracy: 84.38, data load time: 0.00025, step time: 0.01380,
epoch: [19], step: [560/1581], batch loss: 0.22008, batch accuracy: 90.62, data load time: 0.00449, step time: 0.02159,
epoch: [19], step: [860/1581], batch loss: 0.16507, batch accuracy: 93.75, data load time: 0.00025, step time: 0.01399,
epoch: [19], step: [1160/1581], batch loss: 0.14909, batch accuracy: 100.00, data load time: 0.00024, step time: 0.01154,
epoch: [19], step: [1460/1581], batch loss: 0.29788, batch accuracy: 93.75, data load time: 0.00024, step time: 0.01158,
validation loss: 0.86674, accuracy: 73.18, class_accuracy: [62.71186440677966, 92.10526315789474, 77.77777777777777, 70.79646017699115, 68.64406779661017, 59.63302752293578, 100.0, 94.69026548672566, 57.142857142857146, 77.11864406779661]
class_avg: 76.06202275363685
epoch: [20], step: [179/1581], batch loss: 0.36271, batch accuracy: 93.75, data load time: 0.00025, step time: 0.01157,
epoch: [20], step: [479/1581], batch loss: 0.06677, batch accuracy: 96.88, data load time: 0.00023, step time: 0.01153,
epoch: [20], step: [779/1581], batch loss: 0.13192, batch accuracy: 93.75, data load time: 0.00026, step time: 0.01157,
epoch: [20], step: [1079/1581], batch loss: 0.20181, batch accuracy: 90.62, data load time: 0.00027, step time: 0.01154,
epoch: [20], step: [1379/1581], batch loss: 0.21475, batch accuracy: 90.62, data load time: 0.00026, step time: 0.01158,
epoch: [21], step: [98/1581], batch loss: 0.11907, batch accuracy: 100.00, data load time: 0.00024, step time: 0.01995,
epoch: [21], step: [398/1581], batch loss: 0.16636, batch accuracy: 93.75, data load time: 0.00034, step time: 0.01155,
epoch: [21], step: [698/1581], batch loss: 0.10677, batch accuracy: 96.88, data load time: 0.00025, step time: 0.01156,
epoch: [21], step: [998/1581], batch loss: 0.11739, batch accuracy: 100.00, data load time: 0.00025, step time: 0.01184,
epoch: [21], step: [1298/1581], batch loss: 0.08040, batch accuracy: 96.88, data load time: 0.00024, step time: 0.01894,
epoch: [22], step: [17/1581], batch loss: 0.12463, batch accuracy: 96.88, data load time: 0.00024, step time: 0.01156,
epoch: [22], step: [317/1581], batch loss: 0.10331, batch accuracy: 96.88, data load time: 0.00025, step time: 0.01510,
epoch: [22], step: [617/1581], batch loss: 0.13927, batch accuracy: 96.88, data load time: 0.00034, step time: 0.01154,
epoch: [22], step: [917/1581], batch loss: 0.24901, batch accuracy: 100.00, data load time: 0.00023, step time: 0.01161,
epoch: [22], step: [1217/1581], batch loss: 0.16023, batch accuracy: 93.75, data load time: 0.00024, step time: 0.01154,
epoch: [22], step: [1517/1581], batch loss: 0.22263, batch accuracy: 96.88, data load time: 0.00025, step time: 0.01262,
epoch: [23], step: [236/1581], batch loss: 0.16007, batch accuracy: 96.88, data load time: 0.00035, step time: 0.01184,
epoch: [23], step: [536/1581], batch loss: 0.08790, batch accuracy: 96.88, data load time: 0.00341, step time: 0.01154,
epoch: [23], step: [836/1581], batch loss: 0.22649, batch accuracy: 90.62, data load time: 0.00025, step time: 0.01202,
epoch: [23], step: [1136/1581], batch loss: 0.20750, batch accuracy: 90.62, data load time: 0.00025, step time: 0.01155,
epoch: [23], step: [1436/1581], batch loss: 0.18670, batch accuracy: 93.75, data load time: 0.00025, step time: 0.01156,
epoch: [24], step: [155/1581], batch loss: 0.19953, batch accuracy: 93.75, data load time: 0.00024, step time: 0.01243,
epoch: [24], step: [455/1581], batch loss: 0.16685, batch accuracy: 93.75, data load time: 0.00024, step time: 0.01159,
epoch: [24], step: [755/1581], batch loss: 0.09724, batch accuracy: 96.88, data load time: 0.00832, step time: 0.01389,
epoch: [24], step: [1055/1581], batch loss: 0.04975, batch accuracy: 100.00, data load time: 0.00418, step time: 0.01199,
epoch: [24], step: [1355/1581], batch loss: 0.06185, batch accuracy: 96.88, data load time: 0.00371, step time: 0.01212,
validation loss: 0.92968, accuracy: 70.52, class_accuracy: [45.76271186440678, 92.10526315789474, 79.48717948717949, 70.79646017699115, 77.96610169491525, 56.88073394495413, 100.0, 84.070796460177, 54.08163265306123, 76.27118644067797]
class_avg: 73.74220658802577
epoch: [25], step: [74/1581], batch loss: 0.07776, batch accuracy: 100.00, data load time: 0.00027, step time: 0.01173,
epoch: [25], step: [374/1581], batch loss: 0.08723, batch accuracy: 96.88, data load time: 0.00040, step time: 0.01653,
epoch: [25], step: [674/1581], batch loss: 0.15586, batch accuracy: 90.62, data load time: 0.00033, step time: 0.01206,
epoch: [25], step: [974/1581], batch loss: 0.07539, batch accuracy: 96.88, data load time: 0.00025, step time: 0.01384,
epoch: [25], step: [1274/1581], batch loss: 0.03489, batch accuracy: 100.00, data load time: 0.00025, step time: 0.01729,
epoch: [25], step: [1574/1581], batch loss: 0.19007, batch accuracy: 93.75, data load time: 0.00014, step time: 0.01147,
epoch: [26], step: [293/1581], batch loss: 0.17088, batch accuracy: 93.75, data load time: 0.00024, step time: 0.01157,
epoch: [26], step: [593/1581], batch loss: 0.14910, batch accuracy: 93.75, data load time: 0.00025, step time: 0.01155,
epoch: [26], step: [893/1581], batch loss: 0.05514, batch accuracy: 100.00, data load time: 0.00059, step time: 0.02477,
epoch: [26], step: [1193/1581], batch loss: 0.13777, batch accuracy: 93.75, data load time: 0.00025, step time: 0.01284,
epoch: [26], step: [1493/1581], batch loss: 0.12228, batch accuracy: 96.88, data load time: 0.00027, step time: 0.01155,
epoch: [27], step: [212/1581], batch loss: 0.08867, batch accuracy: 96.88, data load time: 0.00028, step time: 0.01677,
epoch: [27], step: [512/1581], batch loss: 0.20333, batch accuracy: 93.75, data load time: 0.00026, step time: 0.01225,
epoch: [27], step: [812/1581], batch loss: 0.16216, batch accuracy: 90.62, data load time: 0.00445, step time: 0.01157,
epoch: [27], step: [1112/1581], batch loss: 0.28592, batch accuracy: 90.62, data load time: 0.00024, step time: 0.01157,
epoch: [27], step: [1412/1581], batch loss: 0.06971, batch accuracy: 96.88, data load time: 0.00025, step time: 0.01377,
epoch: [28], step: [131/1581], batch loss: 0.09239, batch accuracy: 96.88, data load time: 0.00025, step time: 0.01263,
epoch: [28], step: [431/1581], batch loss: 0.18867, batch accuracy: 93.75, data load time: 0.00025, step time: 0.01154,
epoch: [28], step: [731/1581], batch loss: 0.18803, batch accuracy: 90.62, data load time: 0.00430, step time: 0.01236,
epoch: [28], step: [1031/1581], batch loss: 0.28265, batch accuracy: 90.62, data load time: 0.00026, step time: 0.01157,
epoch: [28], step: [1331/1581], batch loss: 0.07595, batch accuracy: 96.88, data load time: 0.00026, step time: 0.01155,
epoch: [29], step: [50/1581], batch loss: 0.12948, batch accuracy: 100.00, data load time: 0.00022, step time: 0.01155,
epoch: [29], step: [350/1581], batch loss: 0.11297, batch accuracy: 96.88, data load time: 0.00025, step time: 0.01157,
epoch: [29], step: [650/1581], batch loss: 0.11808, batch accuracy: 96.88, data load time: 0.00036, step time: 0.01154,
epoch: [29], step: [950/1581], batch loss: 0.07471, batch accuracy: 96.88, data load time: 0.00024, step time: 0.01155,
epoch: [29], step: [1250/1581], batch loss: 0.06958, batch accuracy: 100.00, data load time: 0.00027, step time: 0.01738,
epoch: [29], step: [1550/1581], batch loss: 0.16725, batch accuracy: 93.75, data load time: 0.00014, step time: 0.01149,
validation loss: 0.95970, accuracy: 69.70, class_accuracy: [38.983050847457626, 94.73684210526316, 82.05128205128206, 72.56637168141593, 71.1864406779661, 55.96330275229358, 97.14285714285714, 94.69026548672566, 51.02040816326531, 72.03389830508475]
class_avg: 73.03747192136115
epoch: [30], step: [269/1581], batch loss: 0.03566, batch accuracy: 100.00, data load time: 0.00026, step time: 0.01156,
epoch: [30], step: [569/1581], batch loss: 0.16780, batch accuracy: 93.75, data load time: 0.00024, step time: 0.01156,
epoch: [30], step: [869/1581], batch loss: 0.09479, batch accuracy: 90.62, data load time: 0.00024, step time: 0.01156,
epoch: [30], step: [1169/1581], batch loss: 0.10690, batch accuracy: 96.88, data load time: 0.00024, step time: 0.01203,
epoch: [30], step: [1469/1581], batch loss: 0.07791, batch accuracy: 96.88, data load time: 0.00024, step time: 0.01156,
epoch: [31], step: [188/1581], batch loss: 0.20554, batch accuracy: 90.62, data load time: 0.00027, step time: 0.01451,
epoch: [31], step: [488/1581], batch loss: 0.02660, batch accuracy: 100.00, data load time: 0.00025, step time: 0.01174,
epoch: [31], step: [788/1581], batch loss: 0.07847, batch accuracy: 96.88, data load time: 0.00442, step time: 0.01382,
epoch: [31], step: [1088/1581], batch loss: 0.06641, batch accuracy: 100.00, data load time: 0.00025, step time: 0.02099,
epoch: [31], step: [1388/1581], batch loss: 0.02294, batch accuracy: 100.00, data load time: 0.00025, step time: 0.01157,
epoch: [32], step: [107/1581], batch loss: 0.17935, batch accuracy: 93.75, data load time: 0.00025, step time: 0.01156,
epoch: [32], step: [407/1581], batch loss: 0.06934, batch accuracy: 96.88, data load time: 0.00024, step time: 0.01155,
epoch: [32], step: [707/1581], batch loss: 0.08082, batch accuracy: 93.75, data load time: 0.00025, step time: 0.01164,
epoch: [32], step: [1007/1581], batch loss: 0.12131, batch accuracy: 93.75, data load time: 0.00025, step time: 0.01158,
epoch: [32], step: [1307/1581], batch loss: 0.13380, batch accuracy: 90.62, data load time: 0.00025, step time: 0.01154,
epoch: [33], step: [26/1581], batch loss: 0.04421, batch accuracy: 100.00, data load time: 0.00032, step time: 0.01155,
epoch: [33], step: [326/1581], batch loss: 0.05705, batch accuracy: 96.88, data load time: 0.00504, step time: 0.01245,
epoch: [33], step: [626/1581], batch loss: 0.02814, batch accuracy: 100.00, data load time: 0.00026, step time: 0.01157,
epoch: [33], step: [926/1581], batch loss: 0.07773, batch accuracy: 96.88, data load time: 0.00444, step time: 0.01290,
epoch: [33], step: [1226/1581], batch loss: 0.01901, batch accuracy: 100.00, data load time: 0.00411, step time: 0.01213,
epoch: [33], step: [1526/1581], batch loss: 0.05557, batch accuracy: 96.88, data load time: 0.00020, step time: 0.01154,
epoch: [34], step: [245/1581], batch loss: 0.06422, batch accuracy: 96.88, data load time: 0.00023, step time: 0.01258,
epoch: [34], step: [545/1581], batch loss: 0.30956, batch accuracy: 90.62, data load time: 0.00025, step time: 0.01433,
epoch: [34], step: [845/1581], batch loss: 0.04647, batch accuracy: 96.88, data load time: 0.00026, step time: 0.01155,
epoch: [34], step: [1145/1581], batch loss: 0.12827, batch accuracy: 96.88, data load time: 0.00365, step time: 0.01156,
epoch: [34], step: [1445/1581], batch loss: 0.04412, batch accuracy: 100.00, data load time: 0.00025, step time: 0.01155,
validation loss: 0.92949, accuracy: 70.42, class_accuracy: [41.52542372881356, 92.10526315789474, 82.90598290598291, 72.56637168141593, 71.1864406779661, 55.96330275229358, 97.14285714285714, 94.69026548672566, 55.10204081632653, 72.03389830508475]
class_avg: 73.5221846655361
epoch: [35], step: [164/1581], batch loss: 0.13325, batch accuracy: 90.62, data load time: 0.00033, step time: 0.01275,
epoch: [35], step: [464/1581], batch loss: 0.09623, batch accuracy: 96.88, data load time: 0.00354, step time: 0.01373,
epoch: [35], step: [764/1581], batch loss: 0.04505, batch accuracy: 100.00, data load time: 0.00026, step time: 0.01163,
epoch: [35], step: [1064/1581], batch loss: 0.09293, batch accuracy: 93.75, data load time: 0.00040, step time: 0.01159,
epoch: [35], step: [1364/1581], batch loss: 0.13920, batch accuracy: 96.88, data load time: 0.00025, step time: 0.01154,
epoch: [36], step: [83/1581], batch loss: 0.05239, batch accuracy: 100.00, data load time: 0.00026, step time: 0.01186,
epoch: [36], step: [383/1581], batch loss: 0.07846, batch accuracy: 96.88, data load time: 0.00029, step time: 0.01463,
epoch: [36], step: [683/1581], batch loss: 0.04751, batch accuracy: 100.00, data load time: 0.00025, step time: 0.01156,
epoch: [36], step: [983/1581], batch loss: 0.15212, batch accuracy: 93.75, data load time: 0.00360, step time: 0.01169,
epoch: [36], step: [1283/1581], batch loss: 0.05327, batch accuracy: 96.88, data load time: 0.00025, step time: 0.01176,
epoch: [37], step: [2/1581], batch loss: 0.07616, batch accuracy: 100.00, data load time: 0.00034, step time: 0.01196,
epoch: [37], step: [302/1581], batch loss: 0.09255, batch accuracy: 96.88, data load time: 0.00025, step time: 0.01233,
epoch: [37], step: [602/1581], batch loss: 0.05157, batch accuracy: 100.00, data load time: 0.00026, step time: 0.01155,
epoch: [37], step: [902/1581], batch loss: 0.01735, batch accuracy: 100.00, data load time: 0.00027, step time: 0.01159,
epoch: [37], step: [1202/1581], batch loss: 0.11846, batch accuracy: 93.75, data load time: 0.00418, step time: 0.01323,
epoch: [37], step: [1502/1581], batch loss: 0.14337, batch accuracy: 96.88, data load time: 0.00027, step time: 0.01251,
epoch: [38], step: [221/1581], batch loss: 0.08322, batch accuracy: 96.88, data load time: 0.00026, step time: 0.01157,
epoch: [38], step: [521/1581], batch loss: 0.30803, batch accuracy: 96.88, data load time: 0.00027, step time: 0.01200,
epoch: [38], step: [821/1581], batch loss: 0.12069, batch accuracy: 96.88, data load time: 0.00023, step time: 0.01728,
epoch: [38], step: [1121/1581], batch loss: 0.11346, batch accuracy: 93.75, data load time: 0.00023, step time: 0.01157,
epoch: [38], step: [1421/1581], batch loss: 0.01952, batch accuracy: 100.00, data load time: 0.00024, step time: 0.01156,
epoch: [39], step: [140/1581], batch loss: 0.02457, batch accuracy: 100.00, data load time: 0.00028, step time: 0.01160,
epoch: [39], step: [440/1581], batch loss: 0.05221, batch accuracy: 96.88, data load time: 0.00024, step time: 0.01153,
epoch: [39], step: [740/1581], batch loss: 0.04335, batch accuracy: 100.00, data load time: 0.00028, step time: 0.01157,
epoch: [39], step: [1040/1581], batch loss: 0.14583, batch accuracy: 93.75, data load time: 0.00024, step time: 0.01155,
epoch: [39], step: [1340/1581], batch loss: 0.04767, batch accuracy: 100.00, data load time: 0.00025, step time: 0.01284,
validation loss: 0.97814, accuracy: 70.21, class_accuracy: [39.83050847457627, 94.73684210526316, 83.76068376068376, 73.45132743362832, 72.88135593220339, 54.12844036697248, 97.14285714285714, 94.69026548672566, 54.08163265306123, 70.33898305084746]
class_avg: 73.50428964068189
epoch: [40], step: [59/1581], batch loss: 0.01442, batch accuracy: 100.00, data load time: 0.00025, step time: 0.01157,
epoch: [40], step: [359/1581], batch loss: 0.05580, batch accuracy: 100.00, data load time: 0.00026, step time: 0.01158,
epoch: [40], step: [659/1581], batch loss: 0.01745, batch accuracy: 100.00, data load time: 0.00032, step time: 0.01167,
epoch: [40], step: [959/1581], batch loss: 0.08415, batch accuracy: 96.88, data load time: 0.00023, step time: 0.01155,
epoch: [40], step: [1259/1581], batch loss: 0.04677, batch accuracy: 100.00, data load time: 0.00025, step time: 0.01180,
epoch: [40], step: [1559/1581], batch loss: 0.02972, batch accuracy: 100.00, data load time: 0.00014, step time: 0.01149,
epoch: [41], step: [278/1581], batch loss: 0.07478, batch accuracy: 96.88, data load time: 0.00026, step time: 0.01155,
epoch: [41], step: [578/1581], batch loss: 0.02357, batch accuracy: 100.00, data load time: 0.00027, step time: 0.01157,
epoch: [41], step: [878/1581], batch loss: 0.03015, batch accuracy: 100.00, data load time: 0.00027, step time: 0.01157,
epoch: [41], step: [1178/1581], batch loss: 0.01143, batch accuracy: 100.00, data load time: 0.00024, step time: 0.01155,
epoch: [41], step: [1478/1581], batch loss: 0.09751, batch accuracy: 96.88, data load time: 0.00024, step time: 0.01219,
epoch: [42], step: [197/1581], batch loss: 0.02376, batch accuracy: 100.00, data load time: 0.00026, step time: 0.01158,
epoch: [42], step: [497/1581], batch loss: 0.03338, batch accuracy: 100.00, data load time: 0.00026, step time: 0.01176,
epoch: [42], step: [797/1581], batch loss: 0.02747, batch accuracy: 100.00, data load time: 0.00024, step time: 0.01178,
epoch: [42], step: [1097/1581], batch loss: 0.05085, batch accuracy: 96.88, data load time: 0.00031, step time: 0.01325,
epoch: [42], step: [1397/1581], batch loss: 0.04848, batch accuracy: 100.00, data load time: 0.00350, step time: 0.01336,
epoch: [43], step: [116/1581], batch loss: 0.01276, batch accuracy: 100.00, data load time: 0.00023, step time: 0.01156,
epoch: [43], step: [416/1581], batch loss: 0.04598, batch accuracy: 100.00, data load time: 0.00024, step time: 0.01153,
epoch: [43], step: [716/1581], batch loss: 0.05280, batch accuracy: 100.00, data load time: 0.00046, step time: 0.01158,
epoch: [43], step: [1016/1581], batch loss: 0.15580, batch accuracy: 93.75, data load time: 0.00392, step time: 0.01184,
epoch: [43], step: [1316/1581], batch loss: 0.20648, batch accuracy: 96.88, data load time: 0.00028, step time: 0.01168,
epoch: [44], step: [35/1581], batch loss: 0.12653, batch accuracy: 96.88, data load time: 0.00036, step time: 0.01187,
epoch: [44], step: [335/1581], batch loss: 0.07066, batch accuracy: 96.88, data load time: 0.00066, step time: 0.03058,
epoch: [44], step: [635/1581], batch loss: 0.11344, batch accuracy: 93.75, data load time: 0.00024, step time: 0.01155,
epoch: [44], step: [935/1581], batch loss: 0.03322, batch accuracy: 100.00, data load time: 0.00036, step time: 0.01194,
epoch: [44], step: [1235/1581], batch loss: 0.06597, batch accuracy: 100.00, data load time: 0.00025, step time: 0.01619,
epoch: [44], step: [1535/1581], batch loss: 0.04679, batch accuracy: 100.00, data load time: 0.00020, step time: 0.01155,
validation loss: 0.95448, accuracy: 71.95, class_accuracy: [40.67796610169491, 94.73684210526316, 80.34188034188034, 74.33628318584071, 80.50847457627118, 56.88073394495413, 97.14285714285714, 91.15044247787611, 58.16326530612245, 76.27118644067797]
class_avg: 75.0209931623438
epoch: [45], step: [254/1581], batch loss: 0.02468, batch accuracy: 100.00, data load time: 0.00063, step time: 0.01158,
epoch: [45], step: [554/1581], batch loss: 0.09595, batch accuracy: 96.88, data load time: 0.00023, step time: 0.01154,
epoch: [45], step: [854/1581], batch loss: 0.01039, batch accuracy: 100.00, data load time: 0.00552, step time: 0.01417,
epoch: [45], step: [1154/1581], batch loss: 0.07364, batch accuracy: 96.88, data load time: 0.00349, step time: 0.01252,
epoch: [45], step: [1454/1581], batch loss: 0.04715, batch accuracy: 100.00, data load time: 0.00025, step time: 0.01154,
epoch: [46], step: [173/1581], batch loss: 0.05101, batch accuracy: 96.88, data load time: 0.00026, step time: 0.01411,
epoch: [46], step: [473/1581], batch loss: 0.03110, batch accuracy: 100.00, data load time: 0.00028, step time: 0.01186,
epoch: [46], step: [773/1581], batch loss: 0.02506, batch accuracy: 100.00, data load time: 0.00024, step time: 0.01155,
epoch: [46], step: [1073/1581], batch loss: 0.03575, batch accuracy: 100.00, data load time: 0.00024, step time: 0.01155,
epoch: [46], step: [1373/1581], batch loss: 0.03852, batch accuracy: 100.00, data load time: 0.00025, step time: 0.01155,
epoch: [47], step: [92/1581], batch loss: 0.01820, batch accuracy: 100.00, data load time: 0.00024, step time: 0.01155,
epoch: [47], step: [392/1581], batch loss: 0.13249, batch accuracy: 90.62, data load time: 0.00059, step time: 0.01158,
epoch: [47], step: [692/1581], batch loss: 0.08923, batch accuracy: 96.88, data load time: 0.01099, step time: 0.01386,
epoch: [47], step: [992/1581], batch loss: 0.05010, batch accuracy: 100.00, data load time: 0.00025, step time: 0.01155,
epoch: [47], step: [1292/1581], batch loss: 0.01034, batch accuracy: 100.00, data load time: 0.00300, step time: 0.01382,
epoch: [48], step: [11/1581], batch loss: 0.01742, batch accuracy: 100.00, data load time: 0.00020, step time: 0.01227,
epoch: [48], step: [311/1581], batch loss: 0.06837, batch accuracy: 96.88, data load time: 0.00026, step time: 0.01736,
epoch: [48], step: [611/1581], batch loss: 0.03803, batch accuracy: 100.00, data load time: 0.00026, step time: 0.01158,
epoch: [48], step: [911/1581], batch loss: 0.01808, batch accuracy: 100.00, data load time: 0.00024, step time: 0.01155,
epoch: [48], step: [1211/1581], batch loss: 0.03494, batch accuracy: 100.00, data load time: 0.00384, step time: 0.01181,
epoch: [48], step: [1511/1581], batch loss: 0.10579, batch accuracy: 96.88, data load time: 0.00025, step time: 0.01177,
epoch: [49], step: [230/1581], batch loss: 0.00929, batch accuracy: 100.00, data load time: 0.00427, step time: 0.01261,
epoch: [49], step: [530/1581], batch loss: 0.06464, batch accuracy: 96.88, data load time: 0.00026, step time: 0.01171,
epoch: [49], step: [830/1581], batch loss: 0.10104, batch accuracy: 96.88, data load time: 0.00025, step time: 0.01176,
epoch: [49], step: [1130/1581], batch loss: 0.01680, batch accuracy: 100.00, data load time: 0.00024, step time: 0.01156,
epoch: [49], step: [1430/1581], batch loss: 0.02250, batch accuracy: 100.00, data load time: 0.00025, step time: 0.01156,
validation loss: 0.94662, accuracy: 72.06, class_accuracy: [40.67796610169491, 94.73684210526316, 82.05128205128206, 76.10619469026548, 80.50847457627118, 55.04587155963303, 97.14285714285714, 92.03539823008849, 55.10204081632653, 77.11864406779661]
class_avg: 75.05255713414786
Total time taken: 1210.3814556598663
