Using CUDA...
Writing logs to logs/CNN_bn_epochs=50_dropout=0.5_bs=32_optim=Adam_decay=0.01_lr=0.001_momentum=0.9_mode=MC_run_0
epoch: [0], step: [299/1581], batch loss: 1.57590, batch accuracy: 46.88, data load time: 0.00401, step time: 0.01354,
epoch: [0], step: [599/1581], batch loss: 1.15222, batch accuracy: 46.88, data load time: 0.00024, step time: 0.01418,
epoch: [0], step: [899/1581], batch loss: 1.21700, batch accuracy: 56.25, data load time: 0.00024, step time: 0.01101,
epoch: [0], step: [1199/1581], batch loss: 1.01835, batch accuracy: 65.62, data load time: 0.00074, step time: 0.01129,
epoch: [0], step: [1499/1581], batch loss: 1.50598, batch accuracy: 34.38, data load time: 0.00299, step time: 0.01084,
epoch: [1], step: [218/1581], batch loss: 1.42581, batch accuracy: 50.00, data load time: 0.00025, step time: 0.01047,
epoch: [1], step: [518/1581], batch loss: 1.39507, batch accuracy: 59.38, data load time: 0.00032, step time: 0.01401,
epoch: [1], step: [818/1581], batch loss: 1.28203, batch accuracy: 53.12, data load time: 0.00024, step time: 0.01051,
epoch: [1], step: [1118/1581], batch loss: 1.05449, batch accuracy: 59.38, data load time: 0.00027, step time: 0.01136,
epoch: [1], step: [1418/1581], batch loss: 1.19740, batch accuracy: 62.50, data load time: 0.00025, step time: 0.03796,
epoch: [2], step: [137/1581], batch loss: 1.05055, batch accuracy: 50.00, data load time: 0.00030, step time: 0.01282,
epoch: [2], step: [437/1581], batch loss: 1.08381, batch accuracy: 65.62, data load time: 0.00025, step time: 0.00990,
epoch: [2], step: [737/1581], batch loss: 1.30054, batch accuracy: 62.50, data load time: 0.00024, step time: 0.01043,
epoch: [2], step: [1037/1581], batch loss: 1.53721, batch accuracy: 50.00, data load time: 0.00024, step time: 0.01097,
epoch: [2], step: [1337/1581], batch loss: 1.06284, batch accuracy: 62.50, data load time: 0.00025, step time: 0.01085,
epoch: [3], step: [56/1581], batch loss: 0.86015, batch accuracy: 68.75, data load time: 0.00021, step time: 0.01084,
epoch: [3], step: [356/1581], batch loss: 0.79107, batch accuracy: 75.00, data load time: 0.00055, step time: 0.01181,
epoch: [3], step: [656/1581], batch loss: 0.70473, batch accuracy: 68.75, data load time: 0.00025, step time: 0.01925,
epoch: [3], step: [956/1581], batch loss: 0.65560, batch accuracy: 81.25, data load time: 0.00034, step time: 0.01010,
epoch: [3], step: [1256/1581], batch loss: 1.14355, batch accuracy: 56.25, data load time: 0.00023, step time: 0.01184,
epoch: [3], step: [1556/1581], batch loss: 0.97403, batch accuracy: 71.88, data load time: 0.00012, step time: 0.00870,
epoch: [4], step: [275/1581], batch loss: 1.01969, batch accuracy: 59.38, data load time: 0.00022, step time: 0.01091,
epoch: [4], step: [575/1581], batch loss: 0.90921, batch accuracy: 65.62, data load time: 0.00023, step time: 0.01742,
epoch: [4], step: [875/1581], batch loss: 1.24262, batch accuracy: 56.25, data load time: 0.00023, step time: 0.01227,
epoch: [4], step: [1175/1581], batch loss: 0.51843, batch accuracy: 84.38, data load time: 0.00365, step time: 0.01123,
epoch: [4], step: [1475/1581], batch loss: 0.62654, batch accuracy: 78.12, data load time: 0.00024, step time: 0.01767,
validation loss: 1.04568, accuracy: 65.71, class_accuracy: [46.610169491525426, 28.94736842105263, 92.3076923076923, 60.176991150442475, 61.86440677966102, 62.38532110091743, 100.0, 74.33628318584071, 51.02040816326531, 76.27118644067797]
class_avg: 65.39198270410752
epoch: [5], step: [194/1581], batch loss: 0.78118, batch accuracy: 65.62, data load time: 0.00037, step time: 0.01128,
epoch: [5], step: [494/1581], batch loss: 0.80660, batch accuracy: 71.88, data load time: 0.00026, step time: 0.01675,
epoch: [5], step: [794/1581], batch loss: 0.74955, batch accuracy: 68.75, data load time: 0.00027, step time: 0.01223,
epoch: [5], step: [1094/1581], batch loss: 0.90937, batch accuracy: 59.38, data load time: 0.00025, step time: 0.01022,
epoch: [5], step: [1394/1581], batch loss: 0.83399, batch accuracy: 68.75, data load time: 0.00023, step time: 0.01017,
epoch: [6], step: [113/1581], batch loss: 0.66795, batch accuracy: 71.88, data load time: 0.00024, step time: 0.01788,
epoch: [6], step: [413/1581], batch loss: 0.82121, batch accuracy: 75.00, data load time: 0.00023, step time: 0.01061,
epoch: [6], step: [713/1581], batch loss: 1.18715, batch accuracy: 50.00, data load time: 0.00342, step time: 0.01382,
epoch: [6], step: [1013/1581], batch loss: 1.15614, batch accuracy: 50.00, data load time: 0.00063, step time: 0.01166,
epoch: [6], step: [1313/1581], batch loss: 0.85453, batch accuracy: 71.88, data load time: 0.00460, step time: 0.01331,
epoch: [7], step: [32/1581], batch loss: 0.88460, batch accuracy: 62.50, data load time: 0.00025, step time: 0.01327,
epoch: [7], step: [332/1581], batch loss: 0.96410, batch accuracy: 62.50, data load time: 0.00367, step time: 0.01130,
epoch: [7], step: [632/1581], batch loss: 0.94762, batch accuracy: 65.62, data load time: 0.00025, step time: 0.01078,
epoch: [7], step: [932/1581], batch loss: 0.89921, batch accuracy: 75.00, data load time: 0.00024, step time: 0.01296,
epoch: [7], step: [1232/1581], batch loss: 0.71664, batch accuracy: 65.62, data load time: 0.00026, step time: 0.01098,
epoch: [7], step: [1532/1581], batch loss: 1.13962, batch accuracy: 56.25, data load time: 0.00022, step time: 0.01092,
epoch: [8], step: [251/1581], batch loss: 1.25936, batch accuracy: 65.62, data load time: 0.00348, step time: 0.01168,
epoch: [8], step: [551/1581], batch loss: 0.82234, batch accuracy: 68.75, data load time: 0.00035, step time: 0.01148,
epoch: [8], step: [851/1581], batch loss: 0.84136, batch accuracy: 65.62, data load time: 0.00034, step time: 0.01489,
epoch: [8], step: [1151/1581], batch loss: 1.26996, batch accuracy: 53.12, data load time: 0.00595, step time: 0.01085,
epoch: [8], step: [1451/1581], batch loss: 0.65675, batch accuracy: 71.88, data load time: 0.00339, step time: 0.01289,
epoch: [9], step: [170/1581], batch loss: 0.67680, batch accuracy: 81.25, data load time: 0.00027, step time: 0.01185,
epoch: [9], step: [470/1581], batch loss: 1.35238, batch accuracy: 65.62, data load time: 0.00026, step time: 0.01230,
epoch: [9], step: [770/1581], batch loss: 0.82562, batch accuracy: 65.62, data load time: 0.00367, step time: 0.01393,
epoch: [9], step: [1070/1581], batch loss: 1.35231, batch accuracy: 59.38, data load time: 0.00028, step time: 0.01025,
epoch: [9], step: [1370/1581], batch loss: 0.94057, batch accuracy: 56.25, data load time: 0.00024, step time: 0.00979,
validation loss: 0.93003, accuracy: 71.14, class_accuracy: [79.66101694915254, 71.05263157894737, 74.35897435897436, 72.56637168141593, 56.779661016949156, 77.98165137614679, 100.0, 85.84070796460178, 48.97959183673469, 61.86440677966102]
class_avg: 72.90850135425836
epoch: [10], step: [89/1581], batch loss: 1.07884, batch accuracy: 59.38, data load time: 0.00028, step time: 0.01941,
epoch: [10], step: [389/1581], batch loss: 0.69219, batch accuracy: 78.12, data load time: 0.00023, step time: 0.01175,
epoch: [10], step: [689/1581], batch loss: 0.77225, batch accuracy: 78.12, data load time: 0.00362, step time: 0.01470,
epoch: [10], step: [989/1581], batch loss: 0.91668, batch accuracy: 68.75, data load time: 0.00025, step time: 0.01677,
epoch: [10], step: [1289/1581], batch loss: 1.15158, batch accuracy: 78.12, data load time: 0.00024, step time: 0.01092,
epoch: [11], step: [8/1581], batch loss: 0.68206, batch accuracy: 71.88, data load time: 0.00078, step time: 0.01625,
epoch: [11], step: [308/1581], batch loss: 0.65777, batch accuracy: 78.12, data load time: 0.00436, step time: 0.01125,
epoch: [11], step: [608/1581], batch loss: 1.05684, batch accuracy: 68.75, data load time: 0.00372, step time: 0.01209,
epoch: [11], step: [908/1581], batch loss: 0.68976, batch accuracy: 78.12, data load time: 0.00031, step time: 0.01273,
epoch: [11], step: [1208/1581], batch loss: 0.84865, batch accuracy: 68.75, data load time: 0.00024, step time: 0.01102,
epoch: [11], step: [1508/1581], batch loss: 0.90123, batch accuracy: 81.25, data load time: 0.00461, step time: 0.01407,
epoch: [12], step: [227/1581], batch loss: 0.68774, batch accuracy: 71.88, data load time: 0.00036, step time: 0.01117,
epoch: [12], step: [527/1581], batch loss: 0.51166, batch accuracy: 96.88, data load time: 0.00023, step time: 0.00982,
epoch: [12], step: [827/1581], batch loss: 1.05825, batch accuracy: 71.88, data load time: 0.00024, step time: 0.01103,
epoch: [12], step: [1127/1581], batch loss: 0.97103, batch accuracy: 62.50, data load time: 0.00024, step time: 0.01077,
epoch: [12], step: [1427/1581], batch loss: 0.88106, batch accuracy: 75.00, data load time: 0.00026, step time: 0.01285,
epoch: [13], step: [146/1581], batch loss: 0.72423, batch accuracy: 75.00, data load time: 0.00227, step time: 0.01542,
epoch: [13], step: [446/1581], batch loss: 1.37347, batch accuracy: 56.25, data load time: 0.00025, step time: 0.01754,
epoch: [13], step: [746/1581], batch loss: 0.89191, batch accuracy: 71.88, data load time: 0.00024, step time: 0.01821,
epoch: [13], step: [1046/1581], batch loss: 0.77516, batch accuracy: 71.88, data load time: 0.00024, step time: 0.01021,
epoch: [13], step: [1346/1581], batch loss: 0.80667, batch accuracy: 68.75, data load time: 0.00027, step time: 0.01227,
epoch: [14], step: [65/1581], batch loss: 1.12217, batch accuracy: 62.50, data load time: 0.00027, step time: 0.01138,
epoch: [14], step: [365/1581], batch loss: 0.94124, batch accuracy: 59.38, data load time: 0.00026, step time: 0.01128,
epoch: [14], step: [665/1581], batch loss: 0.66275, batch accuracy: 78.12, data load time: 0.00030, step time: 0.01081,
epoch: [14], step: [965/1581], batch loss: 0.77626, batch accuracy: 68.75, data load time: 0.00396, step time: 0.02649,
epoch: [14], step: [1265/1581], batch loss: 1.18253, batch accuracy: 62.50, data load time: 0.00023, step time: 0.01823,
epoch: [14], step: [1565/1581], batch loss: 0.84090, batch accuracy: 68.75, data load time: 0.00011, step time: 0.00871,
validation loss: 0.93336, accuracy: 71.55, class_accuracy: [77.96610169491525, 47.36842105263158, 79.48717948717949, 53.982300884955755, 64.40677966101696, 85.3211009174312, 100.0, 71.68141592920354, 56.12244897959184, 80.50847457627118]
class_avg: 71.68442231831968
epoch: [15], step: [284/1581], batch loss: 0.61157, batch accuracy: 68.75, data load time: 0.00032, step time: 0.01404,
epoch: [15], step: [584/1581], batch loss: 1.02752, batch accuracy: 56.25, data load time: 0.00025, step time: 0.01628,
epoch: [15], step: [884/1581], batch loss: 0.69921, batch accuracy: 71.88, data load time: 0.00639, step time: 0.01114,
epoch: [15], step: [1184/1581], batch loss: 0.97662, batch accuracy: 65.62, data load time: 0.00035, step time: 0.01070,
epoch: [15], step: [1484/1581], batch loss: 0.72094, batch accuracy: 68.75, data load time: 0.00024, step time: 0.01745,
epoch: [16], step: [203/1581], batch loss: 1.20723, batch accuracy: 68.75, data load time: 0.00533, step time: 0.01085,
epoch: [16], step: [503/1581], batch loss: 1.17326, batch accuracy: 68.75, data load time: 0.00025, step time: 0.01029,
epoch: [16], step: [803/1581], batch loss: 0.55598, batch accuracy: 84.38, data load time: 0.00376, step time: 0.01181,
epoch: [16], step: [1103/1581], batch loss: 0.92208, batch accuracy: 65.62, data load time: 0.00496, step time: 0.01318,
epoch: [16], step: [1403/1581], batch loss: 1.15791, batch accuracy: 78.12, data load time: 0.00036, step time: 0.01429,
epoch: [17], step: [122/1581], batch loss: 1.05430, batch accuracy: 65.62, data load time: 0.00023, step time: 0.01013,
epoch: [17], step: [422/1581], batch loss: 0.90081, batch accuracy: 81.25, data load time: 0.00397, step time: 0.01325,
epoch: [17], step: [722/1581], batch loss: 0.74658, batch accuracy: 71.88, data load time: 0.00023, step time: 0.01170,
epoch: [17], step: [1022/1581], batch loss: 0.89460, batch accuracy: 71.88, data load time: 0.00024, step time: 0.01030,
epoch: [17], step: [1322/1581], batch loss: 0.91133, batch accuracy: 75.00, data load time: 0.00024, step time: 0.01041,
epoch: [18], step: [41/1581], batch loss: 0.70922, batch accuracy: 62.50, data load time: 0.00022, step time: 0.01100,
epoch: [18], step: [341/1581], batch loss: 0.77032, batch accuracy: 75.00, data load time: 0.00023, step time: 0.01045,
epoch: [18], step: [641/1581], batch loss: 0.63412, batch accuracy: 75.00, data load time: 0.00025, step time: 0.01173,
epoch: [18], step: [941/1581], batch loss: 0.69662, batch accuracy: 65.62, data load time: 0.00025, step time: 0.01124,
epoch: [18], step: [1241/1581], batch loss: 0.97999, batch accuracy: 65.62, data load time: 0.00026, step time: 0.01909,
epoch: [18], step: [1541/1581], batch loss: 1.26818, batch accuracy: 62.50, data load time: 0.00015, step time: 0.00876,
epoch: [19], step: [260/1581], batch loss: 0.69701, batch accuracy: 65.62, data load time: 0.00028, step time: 0.01196,
epoch: [19], step: [560/1581], batch loss: 0.95255, batch accuracy: 68.75, data load time: 0.00027, step time: 0.01106,
epoch: [19], step: [860/1581], batch loss: 0.92111, batch accuracy: 68.75, data load time: 0.00071, step time: 0.02673,
epoch: [19], step: [1160/1581], batch loss: 1.09552, batch accuracy: 62.50, data load time: 0.00035, step time: 0.01389,
epoch: [19], step: [1460/1581], batch loss: 1.17678, batch accuracy: 62.50, data load time: 0.00401, step time: 0.01096,
validation loss: 0.92277, accuracy: 68.68, class_accuracy: [75.42372881355932, 71.05263157894737, 80.34188034188034, 58.4070796460177, 67.79661016949153, 86.23853211009174, 100.0, 73.45132743362832, 57.142857142857146, 39.83050847457627]
class_avg: 70.96851557110497
epoch: [20], step: [179/1581], batch loss: 1.00476, batch accuracy: 62.50, data load time: 0.00028, step time: 0.01224,
epoch: [20], step: [479/1581], batch loss: 1.05748, batch accuracy: 59.38, data load time: 0.00024, step time: 0.01065,
epoch: [20], step: [779/1581], batch loss: 1.08402, batch accuracy: 68.75, data load time: 0.00025, step time: 0.01114,
epoch: [20], step: [1079/1581], batch loss: 0.96730, batch accuracy: 50.00, data load time: 0.00025, step time: 0.01045,
epoch: [20], step: [1379/1581], batch loss: 1.33741, batch accuracy: 62.50, data load time: 0.00024, step time: 0.01058,
epoch: [21], step: [98/1581], batch loss: 0.62728, batch accuracy: 75.00, data load time: 0.00025, step time: 0.01200,
epoch: [21], step: [398/1581], batch loss: 1.02168, batch accuracy: 68.75, data load time: 0.00025, step time: 0.01236,
epoch: [21], step: [698/1581], batch loss: 1.00300, batch accuracy: 75.00, data load time: 0.00025, step time: 0.01658,
epoch: [21], step: [998/1581], batch loss: 0.77029, batch accuracy: 75.00, data load time: 0.00041, step time: 0.01094,
epoch: [21], step: [1298/1581], batch loss: 0.93545, batch accuracy: 81.25, data load time: 0.00032, step time: 0.01145,
epoch: [22], step: [17/1581], batch loss: 0.56820, batch accuracy: 81.25, data load time: 0.00150, step time: 0.01280,
epoch: [22], step: [317/1581], batch loss: 0.90239, batch accuracy: 68.75, data load time: 0.00027, step time: 0.01035,
epoch: [22], step: [617/1581], batch loss: 1.06919, batch accuracy: 56.25, data load time: 0.00028, step time: 0.01102,
epoch: [22], step: [917/1581], batch loss: 0.82258, batch accuracy: 59.38, data load time: 0.00026, step time: 0.01022,
epoch: [22], step: [1217/1581], batch loss: 0.82967, batch accuracy: 71.88, data load time: 0.00025, step time: 0.01068,
epoch: [22], step: [1517/1581], batch loss: 0.78854, batch accuracy: 68.75, data load time: 0.00024, step time: 0.01235,
epoch: [23], step: [236/1581], batch loss: 0.85110, batch accuracy: 71.88, data load time: 0.00026, step time: 0.01101,
epoch: [23], step: [536/1581], batch loss: 0.83330, batch accuracy: 62.50, data load time: 0.00035, step time: 0.01480,
epoch: [23], step: [836/1581], batch loss: 0.90237, batch accuracy: 75.00, data load time: 0.00027, step time: 0.01298,
epoch: [23], step: [1136/1581], batch loss: 0.89185, batch accuracy: 65.62, data load time: 0.00026, step time: 0.01142,
epoch: [23], step: [1436/1581], batch loss: 0.72850, batch accuracy: 71.88, data load time: 0.00027, step time: 0.01044,
epoch: [24], step: [155/1581], batch loss: 0.80526, batch accuracy: 71.88, data load time: 0.00024, step time: 0.01050,
epoch: [24], step: [455/1581], batch loss: 1.16345, batch accuracy: 68.75, data load time: 0.00023, step time: 0.01086,
epoch: [24], step: [755/1581], batch loss: 0.55121, batch accuracy: 87.50, data load time: 0.00025, step time: 0.01125,
epoch: [24], step: [1055/1581], batch loss: 0.95213, batch accuracy: 68.75, data load time: 0.00586, step time: 0.01045,
epoch: [24], step: [1355/1581], batch loss: 0.88041, batch accuracy: 68.75, data load time: 0.00026, step time: 0.01781,
validation loss: 0.85034, accuracy: 74.31, class_accuracy: [85.59322033898304, 73.6842105263158, 75.21367521367522, 58.4070796460177, 70.33898305084746, 77.98165137614679, 97.14285714285714, 75.22123893805309, 57.142857142857146, 84.7457627118644]
class_avg: 75.54715360876176
epoch: [25], step: [74/1581], batch loss: 0.90839, batch accuracy: 65.62, data load time: 0.00021, step time: 0.01000,
epoch: [25], step: [374/1581], batch loss: 0.76215, batch accuracy: 71.88, data load time: 0.00030, step time: 0.01070,
epoch: [25], step: [674/1581], batch loss: 0.96158, batch accuracy: 68.75, data load time: 0.00026, step time: 0.01059,
epoch: [25], step: [974/1581], batch loss: 0.74931, batch accuracy: 59.38, data load time: 0.00345, step time: 0.01197,
epoch: [25], step: [1274/1581], batch loss: 0.74419, batch accuracy: 65.62, data load time: 0.00037, step time: 0.01459,
epoch: [25], step: [1574/1581], batch loss: 0.55703, batch accuracy: 84.38, data load time: 0.00011, step time: 0.00872,
epoch: [26], step: [293/1581], batch loss: 0.74744, batch accuracy: 81.25, data load time: 0.00027, step time: 0.01160,
epoch: [26], step: [593/1581], batch loss: 0.84265, batch accuracy: 65.62, data load time: 0.00026, step time: 0.01065,
epoch: [26], step: [893/1581], batch loss: 0.73107, batch accuracy: 78.12, data load time: 0.00599, step time: 0.01205,
epoch: [26], step: [1193/1581], batch loss: 1.03229, batch accuracy: 68.75, data load time: 0.00025, step time: 0.01103,
epoch: [26], step: [1493/1581], batch loss: 0.57495, batch accuracy: 78.12, data load time: 0.00042, step time: 0.01363,
epoch: [27], step: [212/1581], batch loss: 0.65151, batch accuracy: 75.00, data load time: 0.00026, step time: 0.01104,
epoch: [27], step: [512/1581], batch loss: 0.83164, batch accuracy: 75.00, data load time: 0.00027, step time: 0.01065,
epoch: [27], step: [812/1581], batch loss: 1.04120, batch accuracy: 75.00, data load time: 0.00425, step time: 0.01240,
epoch: [27], step: [1112/1581], batch loss: 0.60526, batch accuracy: 78.12, data load time: 0.00355, step time: 0.01914,
epoch: [27], step: [1412/1581], batch loss: 0.88005, batch accuracy: 71.88, data load time: 0.00027, step time: 0.01910,
epoch: [28], step: [131/1581], batch loss: 1.40196, batch accuracy: 68.75, data load time: 0.00022, step time: 0.01161,
epoch: [28], step: [431/1581], batch loss: 0.79922, batch accuracy: 78.12, data load time: 0.00027, step time: 0.01166,
epoch: [28], step: [731/1581], batch loss: 0.96236, batch accuracy: 75.00, data load time: 0.00023, step time: 0.01126,
epoch: [28], step: [1031/1581], batch loss: 1.14822, batch accuracy: 59.38, data load time: 0.00601, step time: 0.01077,
epoch: [28], step: [1331/1581], batch loss: 1.57736, batch accuracy: 53.12, data load time: 0.00025, step time: 0.01416,
epoch: [29], step: [50/1581], batch loss: 0.66603, batch accuracy: 81.25, data load time: 0.00015, step time: 0.01206,
epoch: [29], step: [350/1581], batch loss: 1.22409, batch accuracy: 62.50, data load time: 0.00024, step time: 0.01017,
epoch: [29], step: [650/1581], batch loss: 0.65388, batch accuracy: 68.75, data load time: 0.01014, step time: 0.01114,
epoch: [29], step: [950/1581], batch loss: 0.91567, batch accuracy: 62.50, data load time: 0.00363, step time: 0.01327,
epoch: [29], step: [1250/1581], batch loss: 0.84301, batch accuracy: 75.00, data load time: 0.00024, step time: 0.01889,
epoch: [29], step: [1550/1581], batch loss: 0.59176, batch accuracy: 81.25, data load time: 0.00012, step time: 0.00871,
validation loss: 0.86463, accuracy: 70.62, class_accuracy: [88.13559322033899, 44.73684210526316, 80.34188034188034, 59.29203539823009, 61.86440677966102, 78.89908256880734, 100.0, 84.95575221238938, 56.12244897959184, 53.389830508474574]
class_avg: 70.77378721146366
epoch: [30], step: [269/1581], batch loss: 0.86552, batch accuracy: 75.00, data load time: 0.00026, step time: 0.01100,
epoch: [30], step: [569/1581], batch loss: 0.94686, batch accuracy: 68.75, data load time: 0.00025, step time: 0.01131,
epoch: [30], step: [869/1581], batch loss: 0.41815, batch accuracy: 90.62, data load time: 0.00349, step time: 0.01118,
epoch: [30], step: [1169/1581], batch loss: 0.61843, batch accuracy: 75.00, data load time: 0.00023, step time: 0.01006,
epoch: [30], step: [1469/1581], batch loss: 1.10859, batch accuracy: 53.12, data load time: 0.00150, step time: 0.01321,
epoch: [31], step: [188/1581], batch loss: 1.57292, batch accuracy: 81.25, data load time: 0.00349, step time: 0.01403,
epoch: [31], step: [488/1581], batch loss: 0.69754, batch accuracy: 68.75, data load time: 0.00028, step time: 0.01051,
epoch: [31], step: [788/1581], batch loss: 0.91995, batch accuracy: 56.25, data load time: 0.00327, step time: 0.01041,
epoch: [31], step: [1088/1581], batch loss: 0.72130, batch accuracy: 78.12, data load time: 0.00023, step time: 0.01015,
epoch: [31], step: [1388/1581], batch loss: 0.97713, batch accuracy: 65.62, data load time: 0.00320, step time: 0.01212,
epoch: [32], step: [107/1581], batch loss: 1.18490, batch accuracy: 65.62, data load time: 0.00027, step time: 0.01068,
epoch: [32], step: [407/1581], batch loss: 1.25638, batch accuracy: 59.38, data load time: 0.00025, step time: 0.01145,
epoch: [32], step: [707/1581], batch loss: 0.64187, batch accuracy: 75.00, data load time: 0.00028, step time: 0.01124,
epoch: [32], step: [1007/1581], batch loss: 0.80893, batch accuracy: 78.12, data load time: 0.00030, step time: 0.01934,
epoch: [32], step: [1307/1581], batch loss: 1.08603, batch accuracy: 62.50, data load time: 0.00328, step time: 0.01928,
epoch: [33], step: [26/1581], batch loss: 0.97518, batch accuracy: 75.00, data load time: 0.00033, step time: 0.01254,
epoch: [33], step: [326/1581], batch loss: 0.65827, batch accuracy: 81.25, data load time: 0.00033, step time: 0.01021,
epoch: [33], step: [626/1581], batch loss: 1.07639, batch accuracy: 59.38, data load time: 0.00349, step time: 0.01178,
epoch: [33], step: [926/1581], batch loss: 1.10808, batch accuracy: 59.38, data load time: 0.00023, step time: 0.01703,
epoch: [33], step: [1226/1581], batch loss: 0.70400, batch accuracy: 71.88, data load time: 0.00472, step time: 0.01079,
epoch: [33], step: [1526/1581], batch loss: 0.76944, batch accuracy: 81.25, data load time: 0.00018, step time: 0.00997,
epoch: [34], step: [245/1581], batch loss: 0.89002, batch accuracy: 68.75, data load time: 0.00038, step time: 0.01252,
epoch: [34], step: [545/1581], batch loss: 0.61292, batch accuracy: 75.00, data load time: 0.01277, step time: 0.01034,
epoch: [34], step: [845/1581], batch loss: 1.16803, batch accuracy: 65.62, data load time: 0.00023, step time: 0.01209,
epoch: [34], step: [1145/1581], batch loss: 1.70810, batch accuracy: 46.88, data load time: 0.00024, step time: 0.01113,
epoch: [34], step: [1445/1581], batch loss: 0.81729, batch accuracy: 71.88, data load time: 0.00023, step time: 0.01013,
validation loss: 0.89892, accuracy: 73.69, class_accuracy: [80.50847457627118, 65.78947368421052, 82.90598290598291, 68.14159292035399, 58.47457627118644, 78.89908256880734, 82.85714285714286, 75.22123893805309, 52.04081632653061, 89.83050847457628]
class_avg: 73.4668889523115
epoch: [35], step: [164/1581], batch loss: 1.25282, batch accuracy: 50.00, data load time: 0.00032, step time: 0.00934,
epoch: [35], step: [464/1581], batch loss: 0.96424, batch accuracy: 71.88, data load time: 0.00613, step time: 0.01062,
epoch: [35], step: [764/1581], batch loss: 0.62776, batch accuracy: 71.88, data load time: 0.00022, step time: 0.00989,
epoch: [35], step: [1064/1581], batch loss: 0.73469, batch accuracy: 68.75, data load time: 0.00028, step time: 0.01025,
epoch: [35], step: [1364/1581], batch loss: 0.92959, batch accuracy: 59.38, data load time: 0.00346, step time: 0.01291,
epoch: [36], step: [83/1581], batch loss: 0.98853, batch accuracy: 75.00, data load time: 0.00035, step time: 0.01345,
epoch: [36], step: [383/1581], batch loss: 1.06870, batch accuracy: 68.75, data load time: 0.00025, step time: 0.01352,
epoch: [36], step: [683/1581], batch loss: 1.12168, batch accuracy: 53.12, data load time: 0.00027, step time: 0.01151,
epoch: [36], step: [983/1581], batch loss: 1.06658, batch accuracy: 59.38, data load time: 0.00576, step time: 0.00990,
epoch: [36], step: [1283/1581], batch loss: 0.96232, batch accuracy: 68.75, data load time: 0.00026, step time: 0.01023,
epoch: [37], step: [2/1581], batch loss: 0.80400, batch accuracy: 68.75, data load time: 0.00028, step time: 0.01782,
epoch: [37], step: [302/1581], batch loss: 0.55587, batch accuracy: 78.12, data load time: 0.00044, step time: 0.01311,
epoch: [37], step: [602/1581], batch loss: 0.72447, batch accuracy: 78.12, data load time: 0.00565, step time: 0.01303,
epoch: [37], step: [902/1581], batch loss: 0.70413, batch accuracy: 81.25, data load time: 0.00023, step time: 0.01071,
epoch: [37], step: [1202/1581], batch loss: 1.16919, batch accuracy: 50.00, data load time: 0.00026, step time: 0.01152,
epoch: [37], step: [1502/1581], batch loss: 0.95473, batch accuracy: 56.25, data load time: 0.00378, step time: 0.01139,
epoch: [38], step: [221/1581], batch loss: 1.00028, batch accuracy: 68.75, data load time: 0.00024, step time: 0.01231,
epoch: [38], step: [521/1581], batch loss: 0.90286, batch accuracy: 62.50, data load time: 0.00029, step time: 0.01034,
epoch: [38], step: [821/1581], batch loss: 0.60966, batch accuracy: 78.12, data load time: 0.00024, step time: 0.01242,
epoch: [38], step: [1121/1581], batch loss: 0.39855, batch accuracy: 90.62, data load time: 0.00033, step time: 0.01377,
epoch: [38], step: [1421/1581], batch loss: 0.93424, batch accuracy: 62.50, data load time: 0.00025, step time: 0.01757,
epoch: [39], step: [140/1581], batch loss: 0.88767, batch accuracy: 71.88, data load time: 0.00028, step time: 0.01211,
epoch: [39], step: [440/1581], batch loss: 0.58423, batch accuracy: 78.12, data load time: 0.00025, step time: 0.01082,
epoch: [39], step: [740/1581], batch loss: 1.16243, batch accuracy: 53.12, data load time: 0.00365, step time: 0.01115,
epoch: [39], step: [1040/1581], batch loss: 0.80383, batch accuracy: 68.75, data load time: 0.00026, step time: 0.01109,
epoch: [39], step: [1340/1581], batch loss: 0.91842, batch accuracy: 65.62, data load time: 0.00023, step time: 0.01074,
validation loss: 0.93486, accuracy: 72.88, class_accuracy: [78.8135593220339, 89.47368421052632, 79.48717948717949, 87.61061946902655, 44.067796610169495, 72.4770642201835, 88.57142857142857, 91.15044247787611, 52.04081632653061, 65.2542372881356]
class_avg: 74.894682798309
epoch: [40], step: [59/1581], batch loss: 0.69848, batch accuracy: 81.25, data load time: 0.00037, step time: 0.01288,
epoch: [40], step: [359/1581], batch loss: 0.61177, batch accuracy: 75.00, data load time: 0.00036, step time: 0.01068,
epoch: [40], step: [659/1581], batch loss: 1.07564, batch accuracy: 50.00, data load time: 0.00036, step time: 0.01428,
epoch: [40], step: [959/1581], batch loss: 0.70857, batch accuracy: 78.12, data load time: 0.00028, step time: 0.01284,
epoch: [40], step: [1259/1581], batch loss: 0.97983, batch accuracy: 68.75, data load time: 0.00027, step time: 0.01040,
epoch: [40], step: [1559/1581], batch loss: 0.76532, batch accuracy: 71.88, data load time: 0.00015, step time: 0.00873,
epoch: [41], step: [278/1581], batch loss: 0.75030, batch accuracy: 78.12, data load time: 0.00027, step time: 0.01370,
epoch: [41], step: [578/1581], batch loss: 0.83324, batch accuracy: 71.88, data load time: 0.00036, step time: 0.01027,
epoch: [41], step: [878/1581], batch loss: 0.99272, batch accuracy: 59.38, data load time: 0.00026, step time: 0.01031,
epoch: [41], step: [1178/1581], batch loss: 0.78377, batch accuracy: 78.12, data load time: 0.00026, step time: 0.02275,
epoch: [41], step: [1478/1581], batch loss: 0.97946, batch accuracy: 62.50, data load time: 0.00095, step time: 0.01699,
epoch: [42], step: [197/1581], batch loss: 0.48523, batch accuracy: 78.12, data load time: 0.00614, step time: 0.01177,
epoch: [42], step: [497/1581], batch loss: 0.71191, batch accuracy: 68.75, data load time: 0.00026, step time: 0.01163,
epoch: [42], step: [797/1581], batch loss: 0.96667, batch accuracy: 75.00, data load time: 0.00024, step time: 0.01274,
epoch: [42], step: [1097/1581], batch loss: 1.23293, batch accuracy: 50.00, data load time: 0.00024, step time: 0.01034,
epoch: [42], step: [1397/1581], batch loss: 0.92832, batch accuracy: 68.75, data load time: 0.00024, step time: 0.01001,
epoch: [43], step: [116/1581], batch loss: 0.81639, batch accuracy: 75.00, data load time: 0.00024, step time: 0.01215,
epoch: [43], step: [416/1581], batch loss: 0.58756, batch accuracy: 84.38, data load time: 0.00025, step time: 0.01091,
epoch: [43], step: [716/1581], batch loss: 0.92401, batch accuracy: 65.62, data load time: 0.00383, step time: 0.01186,
epoch: [43], step: [1016/1581], batch loss: 1.05964, batch accuracy: 65.62, data load time: 0.00025, step time: 0.01064,
epoch: [43], step: [1316/1581], batch loss: 1.08800, batch accuracy: 59.38, data load time: 0.00345, step time: 0.01124,
epoch: [44], step: [35/1581], batch loss: 0.81758, batch accuracy: 68.75, data load time: 0.00021, step time: 0.01798,
epoch: [44], step: [335/1581], batch loss: 0.61192, batch accuracy: 78.12, data load time: 0.00352, step time: 0.01332,
epoch: [44], step: [635/1581], batch loss: 0.73551, batch accuracy: 75.00, data load time: 0.00025, step time: 0.01229,
epoch: [44], step: [935/1581], batch loss: 0.96681, batch accuracy: 68.75, data load time: 0.00024, step time: 0.01177,
epoch: [44], step: [1235/1581], batch loss: 0.75315, batch accuracy: 65.62, data load time: 0.00368, step time: 0.01326,
epoch: [44], step: [1535/1581], batch loss: 0.65773, batch accuracy: 75.00, data load time: 0.00019, step time: 0.01038,
validation loss: 0.89286, accuracy: 74.21, class_accuracy: [79.66101694915254, 73.6842105263158, 56.41025641025641, 72.56637168141593, 72.03389830508475, 85.3211009174312, 100.0, 76.10619469026548, 55.10204081632653, 86.44067796610169]
class_avg: 75.73257682623503
epoch: [45], step: [254/1581], batch loss: 0.70585, batch accuracy: 62.50, data load time: 0.00023, step time: 0.01216,
epoch: [45], step: [554/1581], batch loss: 1.02900, batch accuracy: 75.00, data load time: 0.00024, step time: 0.01187,
epoch: [45], step: [854/1581], batch loss: 0.77907, batch accuracy: 65.62, data load time: 0.00025, step time: 0.00976,
epoch: [45], step: [1154/1581], batch loss: 1.44273, batch accuracy: 50.00, data load time: 0.00038, step time: 0.01120,
epoch: [45], step: [1454/1581], batch loss: 1.09599, batch accuracy: 59.38, data load time: 0.00025, step time: 0.01049,
epoch: [46], step: [173/1581], batch loss: 0.96857, batch accuracy: 62.50, data load time: 0.00023, step time: 0.01221,
epoch: [46], step: [473/1581], batch loss: 0.91230, batch accuracy: 68.75, data load time: 0.00026, step time: 0.01078,
epoch: [46], step: [773/1581], batch loss: 0.68997, batch accuracy: 75.00, data load time: 0.00025, step time: 0.01163,
epoch: [46], step: [1073/1581], batch loss: 0.75310, batch accuracy: 75.00, data load time: 0.00681, step time: 0.01351,
epoch: [46], step: [1373/1581], batch loss: 1.14096, batch accuracy: 65.62, data load time: 0.00023, step time: 0.01054,
epoch: [47], step: [92/1581], batch loss: 0.89847, batch accuracy: 71.88, data load time: 0.00034, step time: 0.01018,
epoch: [47], step: [392/1581], batch loss: 0.75452, batch accuracy: 75.00, data load time: 0.00025, step time: 0.01182,
epoch: [47], step: [692/1581], batch loss: 1.07479, batch accuracy: 68.75, data load time: 0.00335, step time: 0.01071,
epoch: [47], step: [992/1581], batch loss: 0.93725, batch accuracy: 75.00, data load time: 0.00486, step time: 0.01401,
epoch: [47], step: [1292/1581], batch loss: 0.66841, batch accuracy: 81.25, data load time: 0.00027, step time: 0.01140,
epoch: [48], step: [11/1581], batch loss: 0.82843, batch accuracy: 71.88, data load time: 0.00023, step time: 0.01600,
epoch: [48], step: [311/1581], batch loss: 1.07297, batch accuracy: 62.50, data load time: 0.00329, step time: 0.01205,
epoch: [48], step: [611/1581], batch loss: 1.32068, batch accuracy: 50.00, data load time: 0.00023, step time: 0.01037,
epoch: [48], step: [911/1581], batch loss: 0.77535, batch accuracy: 75.00, data load time: 0.00025, step time: 0.01791,
epoch: [48], step: [1211/1581], batch loss: 0.56815, batch accuracy: 81.25, data load time: 0.00027, step time: 0.01095,
epoch: [48], step: [1511/1581], batch loss: 0.70047, batch accuracy: 78.12, data load time: 0.00025, step time: 0.01088,
epoch: [49], step: [230/1581], batch loss: 0.94177, batch accuracy: 56.25, data load time: 0.00021, step time: 0.01034,
epoch: [49], step: [530/1581], batch loss: 1.21428, batch accuracy: 65.62, data load time: 0.00022, step time: 0.00987,
epoch: [49], step: [830/1581], batch loss: 0.78710, batch accuracy: 75.00, data load time: 0.00023, step time: 0.01156,
epoch: [49], step: [1130/1581], batch loss: 0.80562, batch accuracy: 68.75, data load time: 0.00024, step time: 0.01102,
epoch: [49], step: [1430/1581], batch loss: 1.10660, batch accuracy: 56.25, data load time: 0.00024, step time: 0.01051,
validation loss: 0.93563, accuracy: 69.91, class_accuracy: [42.3728813559322, 65.78947368421052, 75.21367521367522, 69.91150442477876, 68.64406779661017, 89.90825688073394, 100.0, 73.45132743362832, 55.10204081632653, 76.27118644067797]
class_avg: 71.66644140465736
Total time taken: 1197.148530960083
