Using CUDA...
Writing logs to logs/CNN_bn_epochs=50_dropout=0.5_bs=32_optim=SGD_decay=0.01_lr=0.001_momentum=0.9_mode=MLMCdropout1d_run_0
epoch: [0], step: [299/1581], batch loss: 1.37983, batch accuracy: 56.25, data load time: 0.00395, step time: 0.01242,
epoch: [0], step: [599/1581], batch loss: 1.32691, batch accuracy: 59.38, data load time: 0.00024, step time: 0.01163,
epoch: [0], step: [899/1581], batch loss: 1.65517, batch accuracy: 53.12, data load time: 0.00027, step time: 0.01165,
epoch: [0], step: [1199/1581], batch loss: 1.18650, batch accuracy: 53.12, data load time: 0.00455, step time: 0.01186,
epoch: [0], step: [1499/1581], batch loss: 1.64329, batch accuracy: 56.25, data load time: 0.00025, step time: 0.01167,
epoch: [1], step: [218/1581], batch loss: 1.23374, batch accuracy: 62.50, data load time: 0.00026, step time: 0.01675,
epoch: [1], step: [518/1581], batch loss: 0.79076, batch accuracy: 68.75, data load time: 0.00025, step time: 0.01165,
epoch: [1], step: [818/1581], batch loss: 0.98781, batch accuracy: 56.25, data load time: 0.00025, step time: 0.01160,
epoch: [1], step: [1118/1581], batch loss: 1.10970, batch accuracy: 59.38, data load time: 0.00027, step time: 0.01161,
epoch: [1], step: [1418/1581], batch loss: 0.79283, batch accuracy: 84.38, data load time: 0.00028, step time: 0.01191,
epoch: [2], step: [137/1581], batch loss: 1.23389, batch accuracy: 50.00, data load time: 0.00028, step time: 0.01721,
epoch: [2], step: [437/1581], batch loss: 0.79803, batch accuracy: 75.00, data load time: 0.00032, step time: 0.01697,
epoch: [2], step: [737/1581], batch loss: 0.92071, batch accuracy: 71.88, data load time: 0.00025, step time: 0.01162,
epoch: [2], step: [1037/1581], batch loss: 0.97055, batch accuracy: 62.50, data load time: 0.00025, step time: 0.01336,
epoch: [2], step: [1337/1581], batch loss: 0.78605, batch accuracy: 56.25, data load time: 0.00028, step time: 0.01165,
epoch: [3], step: [56/1581], batch loss: 0.68135, batch accuracy: 78.12, data load time: 0.00024, step time: 0.01444,
epoch: [3], step: [356/1581], batch loss: 0.83228, batch accuracy: 62.50, data load time: 0.00805, step time: 0.01162,
epoch: [3], step: [656/1581], batch loss: 0.84689, batch accuracy: 68.75, data load time: 0.00026, step time: 0.01166,
epoch: [3], step: [956/1581], batch loss: 0.49139, batch accuracy: 87.50, data load time: 0.00533, step time: 0.01165,
epoch: [3], step: [1256/1581], batch loss: 0.91501, batch accuracy: 65.62, data load time: 0.00026, step time: 0.02438,
epoch: [3], step: [1556/1581], batch loss: 0.70708, batch accuracy: 56.25, data load time: 0.00014, step time: 0.01155,
epoch: [4], step: [275/1581], batch loss: 0.79108, batch accuracy: 68.75, data load time: 0.00027, step time: 0.01336,
epoch: [4], step: [575/1581], batch loss: 0.74054, batch accuracy: 75.00, data load time: 0.00034, step time: 0.01215,
epoch: [4], step: [875/1581], batch loss: 0.61376, batch accuracy: 78.12, data load time: 0.00026, step time: 0.01695,
epoch: [4], step: [1175/1581], batch loss: 0.55283, batch accuracy: 90.62, data load time: 0.00027, step time: 0.01160,
epoch: [4], step: [1475/1581], batch loss: 0.61619, batch accuracy: 78.12, data load time: 0.00024, step time: 0.01161,
validation loss: 1.22867, accuracy: 60.90, class_accuracy: [90.67796610169492, 78.94736842105263, 46.15384615384615, 52.21238938053097, 81.35593220338983, 47.706422018348626, 100.0, 78.76106194690266, 42.857142857142854, 26.271186440677965]
class_avg: 64.49433155235866
epoch: [5], step: [194/1581], batch loss: 0.74817, batch accuracy: 75.00, data load time: 0.00026, step time: 0.01973,
epoch: [5], step: [494/1581], batch loss: 0.71017, batch accuracy: 75.00, data load time: 0.00027, step time: 0.01165,
epoch: [5], step: [794/1581], batch loss: 0.70859, batch accuracy: 62.50, data load time: 0.00025, step time: 0.01161,
epoch: [5], step: [1094/1581], batch loss: 0.57519, batch accuracy: 90.62, data load time: 0.00027, step time: 0.01172,
epoch: [5], step: [1394/1581], batch loss: 0.69689, batch accuracy: 75.00, data load time: 0.00026, step time: 0.01317,
epoch: [6], step: [113/1581], batch loss: 0.64557, batch accuracy: 71.88, data load time: 0.00025, step time: 0.01222,
epoch: [6], step: [413/1581], batch loss: 0.71265, batch accuracy: 75.00, data load time: 0.00026, step time: 0.01806,
epoch: [6], step: [713/1581], batch loss: 0.78713, batch accuracy: 65.62, data load time: 0.00025, step time: 0.01407,
epoch: [6], step: [1013/1581], batch loss: 0.41664, batch accuracy: 84.38, data load time: 0.00378, step time: 0.01162,
epoch: [6], step: [1313/1581], batch loss: 0.50202, batch accuracy: 90.62, data load time: 0.00025, step time: 0.02378,
epoch: [7], step: [32/1581], batch loss: 0.75805, batch accuracy: 62.50, data load time: 0.00023, step time: 0.01807,
epoch: [7], step: [332/1581], batch loss: 0.43951, batch accuracy: 87.50, data load time: 0.00034, step time: 0.01168,
epoch: [7], step: [632/1581], batch loss: 0.75623, batch accuracy: 78.12, data load time: 0.00556, step time: 0.02078,
epoch: [7], step: [932/1581], batch loss: 0.57463, batch accuracy: 81.25, data load time: 0.00025, step time: 0.01441,
epoch: [7], step: [1232/1581], batch loss: 0.39841, batch accuracy: 87.50, data load time: 0.00026, step time: 0.01190,
epoch: [7], step: [1532/1581], batch loss: 0.48347, batch accuracy: 81.25, data load time: 0.00021, step time: 0.01163,
epoch: [8], step: [251/1581], batch loss: 0.59801, batch accuracy: 81.25, data load time: 0.00028, step time: 0.01221,
epoch: [8], step: [551/1581], batch loss: 0.33904, batch accuracy: 93.75, data load time: 0.00628, step time: 0.01222,
epoch: [8], step: [851/1581], batch loss: 0.20680, batch accuracy: 93.75, data load time: 0.00028, step time: 0.01191,
epoch: [8], step: [1151/1581], batch loss: 0.54134, batch accuracy: 78.12, data load time: 0.00028, step time: 0.01168,
epoch: [8], step: [1451/1581], batch loss: 0.25626, batch accuracy: 87.50, data load time: 0.00026, step time: 0.01709,
epoch: [9], step: [170/1581], batch loss: 0.40334, batch accuracy: 78.12, data load time: 0.00025, step time: 0.01167,
epoch: [9], step: [470/1581], batch loss: 0.38524, batch accuracy: 87.50, data load time: 0.00024, step time: 0.01163,
epoch: [9], step: [770/1581], batch loss: 0.42261, batch accuracy: 78.12, data load time: 0.00400, step time: 0.01162,
epoch: [9], step: [1070/1581], batch loss: 0.39246, batch accuracy: 96.88, data load time: 0.00027, step time: 0.01167,
epoch: [9], step: [1370/1581], batch loss: 0.48081, batch accuracy: 87.50, data load time: 0.00428, step time: 0.01214,
validation loss: 0.78052, accuracy: 71.34, class_accuracy: [68.64406779661017, 92.10526315789474, 67.52136752136752, 69.91150442477876, 86.44067796610169, 54.12844036697248, 97.14285714285714, 84.95575221238938, 53.06122448979592, 67.79661016949153]
class_avg: 74.17077652482592
epoch: [10], step: [89/1581], batch loss: 0.23984, batch accuracy: 100.00, data load time: 0.00039, step time: 0.01165,
epoch: [10], step: [389/1581], batch loss: 0.21214, batch accuracy: 90.62, data load time: 0.00025, step time: 0.01161,
epoch: [10], step: [689/1581], batch loss: 0.38853, batch accuracy: 87.50, data load time: 0.00025, step time: 0.01162,
epoch: [10], step: [989/1581], batch loss: 0.20730, batch accuracy: 93.75, data load time: 0.00026, step time: 0.01163,
epoch: [10], step: [1289/1581], batch loss: 0.35824, batch accuracy: 87.50, data load time: 0.00405, step time: 0.01615,
epoch: [11], step: [8/1581], batch loss: 0.18002, batch accuracy: 93.75, data load time: 0.00023, step time: 0.01160,
epoch: [11], step: [308/1581], batch loss: 0.19213, batch accuracy: 96.88, data load time: 0.00028, step time: 0.01166,
epoch: [11], step: [608/1581], batch loss: 0.37354, batch accuracy: 90.62, data load time: 0.00028, step time: 0.02083,
epoch: [11], step: [908/1581], batch loss: 0.26355, batch accuracy: 96.88, data load time: 0.00024, step time: 0.01165,
epoch: [11], step: [1208/1581], batch loss: 0.36021, batch accuracy: 90.62, data load time: 0.00025, step time: 0.01668,
epoch: [11], step: [1508/1581], batch loss: 0.20122, batch accuracy: 93.75, data load time: 0.00029, step time: 0.01209,
epoch: [12], step: [227/1581], batch loss: 0.39734, batch accuracy: 84.38, data load time: 0.00462, step time: 0.01166,
epoch: [12], step: [527/1581], batch loss: 0.43268, batch accuracy: 78.12, data load time: 0.00035, step time: 0.01529,
epoch: [12], step: [827/1581], batch loss: 0.60500, batch accuracy: 90.62, data load time: 0.00025, step time: 0.01344,
epoch: [12], step: [1127/1581], batch loss: 0.34827, batch accuracy: 90.62, data load time: 0.00027, step time: 0.01459,
epoch: [12], step: [1427/1581], batch loss: 0.28674, batch accuracy: 93.75, data load time: 0.00024, step time: 0.01161,
epoch: [13], step: [146/1581], batch loss: 0.29980, batch accuracy: 90.62, data load time: 0.00028, step time: 0.01165,
epoch: [13], step: [446/1581], batch loss: 0.37103, batch accuracy: 90.62, data load time: 0.00028, step time: 0.01162,
epoch: [13], step: [746/1581], batch loss: 0.28392, batch accuracy: 90.62, data load time: 0.00069, step time: 0.01181,
epoch: [13], step: [1046/1581], batch loss: 0.48640, batch accuracy: 75.00, data load time: 0.00029, step time: 0.01740,
epoch: [13], step: [1346/1581], batch loss: 0.21953, batch accuracy: 93.75, data load time: 0.00029, step time: 0.01169,
epoch: [14], step: [65/1581], batch loss: 0.31623, batch accuracy: 90.62, data load time: 0.00026, step time: 0.01164,
epoch: [14], step: [365/1581], batch loss: 0.42353, batch accuracy: 87.50, data load time: 0.00023, step time: 0.01162,
epoch: [14], step: [665/1581], batch loss: 0.27575, batch accuracy: 93.75, data load time: 0.00026, step time: 0.01161,
epoch: [14], step: [965/1581], batch loss: 0.24128, batch accuracy: 90.62, data load time: 0.00662, step time: 0.01231,
epoch: [14], step: [1265/1581], batch loss: 0.25647, batch accuracy: 90.62, data load time: 0.00034, step time: 0.01192,
epoch: [14], step: [1565/1581], batch loss: 0.37922, batch accuracy: 84.38, data load time: 0.00014, step time: 0.01152,
validation loss: 0.76285, accuracy: 75.23, class_accuracy: [55.08474576271186, 94.73684210526316, 67.52136752136752, 71.68141592920354, 90.67796610169492, 72.4770642201835, 100.0, 99.11504424778761, 54.08163265306123, 74.57627118644068]
class_avg: 77.9952349727714
epoch: [15], step: [284/1581], batch loss: 0.25904, batch accuracy: 93.75, data load time: 0.00028, step time: 0.01420,
epoch: [15], step: [584/1581], batch loss: 0.18469, batch accuracy: 93.75, data load time: 0.00026, step time: 0.01166,
epoch: [15], step: [884/1581], batch loss: 0.11953, batch accuracy: 93.75, data load time: 0.00026, step time: 0.01505,
epoch: [15], step: [1184/1581], batch loss: 0.28616, batch accuracy: 84.38, data load time: 0.00026, step time: 0.01165,
epoch: [15], step: [1484/1581], batch loss: 0.17223, batch accuracy: 100.00, data load time: 0.00028, step time: 0.01163,
epoch: [16], step: [203/1581], batch loss: 0.26623, batch accuracy: 93.75, data load time: 0.00025, step time: 0.01625,
epoch: [16], step: [503/1581], batch loss: 0.48393, batch accuracy: 78.12, data load time: 0.00025, step time: 0.01161,
epoch: [16], step: [803/1581], batch loss: 0.40925, batch accuracy: 87.50, data load time: 0.00027, step time: 0.01163,
epoch: [16], step: [1103/1581], batch loss: 0.43973, batch accuracy: 84.38, data load time: 0.00411, step time: 0.01356,
epoch: [16], step: [1403/1581], batch loss: 0.25464, batch accuracy: 93.75, data load time: 0.00402, step time: 0.01237,
epoch: [17], step: [122/1581], batch loss: 0.15636, batch accuracy: 96.88, data load time: 0.00025, step time: 0.01162,
epoch: [17], step: [422/1581], batch loss: 0.19458, batch accuracy: 96.88, data load time: 0.00027, step time: 0.01168,
epoch: [17], step: [722/1581], batch loss: 0.12719, batch accuracy: 96.88, data load time: 0.00390, step time: 0.01182,
epoch: [17], step: [1022/1581], batch loss: 0.25827, batch accuracy: 87.50, data load time: 0.00064, step time: 0.01165,
epoch: [17], step: [1322/1581], batch loss: 0.26456, batch accuracy: 93.75, data load time: 0.00035, step time: 0.01243,
epoch: [18], step: [41/1581], batch loss: 0.25624, batch accuracy: 90.62, data load time: 0.00023, step time: 0.02028,
epoch: [18], step: [341/1581], batch loss: 0.16376, batch accuracy: 93.75, data load time: 0.00029, step time: 0.01210,
epoch: [18], step: [641/1581], batch loss: 0.27057, batch accuracy: 96.88, data load time: 0.00025, step time: 0.01164,
epoch: [18], step: [941/1581], batch loss: 0.27012, batch accuracy: 87.50, data load time: 0.00031, step time: 0.01164,
epoch: [18], step: [1241/1581], batch loss: 0.27677, batch accuracy: 93.75, data load time: 0.00035, step time: 0.01163,
epoch: [18], step: [1541/1581], batch loss: 0.28744, batch accuracy: 90.62, data load time: 0.00015, step time: 0.01157,
epoch: [19], step: [260/1581], batch loss: 0.36806, batch accuracy: 90.62, data load time: 0.00026, step time: 0.01159,
epoch: [19], step: [560/1581], batch loss: 0.31901, batch accuracy: 96.88, data load time: 0.00367, step time: 0.01160,
epoch: [19], step: [860/1581], batch loss: 0.35022, batch accuracy: 93.75, data load time: 0.00038, step time: 0.01162,
epoch: [19], step: [1160/1581], batch loss: 0.26956, batch accuracy: 93.75, data load time: 0.00026, step time: 0.01203,
epoch: [19], step: [1460/1581], batch loss: 0.20827, batch accuracy: 93.75, data load time: 0.00355, step time: 0.01381,
validation loss: 0.83476, accuracy: 70.21, class_accuracy: [66.10169491525424, 89.47368421052632, 56.41025641025641, 90.26548672566372, 84.7457627118644, 57.79816513761468, 94.28571428571429, 84.070796460177, 51.02040816326531, 55.08474576271186]
class_avg: 72.92567147830482
epoch: [20], step: [179/1581], batch loss: 0.08992, batch accuracy: 100.00, data load time: 0.00025, step time: 0.01162,
epoch: [20], step: [479/1581], batch loss: 0.27260, batch accuracy: 90.62, data load time: 0.00026, step time: 0.01723,
epoch: [20], step: [779/1581], batch loss: 0.29807, batch accuracy: 90.62, data load time: 0.00359, step time: 0.01163,
epoch: [20], step: [1079/1581], batch loss: 0.40685, batch accuracy: 87.50, data load time: 0.00026, step time: 0.01952,
epoch: [20], step: [1379/1581], batch loss: 0.33500, batch accuracy: 93.75, data load time: 0.00028, step time: 0.01164,
epoch: [21], step: [98/1581], batch loss: 0.61424, batch accuracy: 78.12, data load time: 0.00025, step time: 0.01780,
epoch: [21], step: [398/1581], batch loss: 0.05882, batch accuracy: 100.00, data load time: 0.00036, step time: 0.01245,
epoch: [21], step: [698/1581], batch loss: 0.26955, batch accuracy: 90.62, data load time: 0.00028, step time: 0.01279,
epoch: [21], step: [998/1581], batch loss: 0.12912, batch accuracy: 96.88, data load time: 0.00034, step time: 0.01165,
epoch: [21], step: [1298/1581], batch loss: 0.10440, batch accuracy: 96.88, data load time: 0.00029, step time: 0.01166,
epoch: [22], step: [17/1581], batch loss: 0.13994, batch accuracy: 93.75, data load time: 0.00028, step time: 0.01163,
epoch: [22], step: [317/1581], batch loss: 0.27817, batch accuracy: 93.75, data load time: 0.00024, step time: 0.01372,
epoch: [22], step: [617/1581], batch loss: 0.34792, batch accuracy: 84.38, data load time: 0.00036, step time: 0.01306,
epoch: [22], step: [917/1581], batch loss: 0.25776, batch accuracy: 90.62, data load time: 0.00034, step time: 0.01166,
epoch: [22], step: [1217/1581], batch loss: 0.24360, batch accuracy: 87.50, data load time: 0.00026, step time: 0.01183,
epoch: [22], step: [1517/1581], batch loss: 0.15530, batch accuracy: 93.75, data load time: 0.00034, step time: 0.01235,
epoch: [23], step: [236/1581], batch loss: 0.18682, batch accuracy: 96.88, data load time: 0.00487, step time: 0.01193,
epoch: [23], step: [536/1581], batch loss: 0.22254, batch accuracy: 93.75, data load time: 0.00027, step time: 0.01701,
epoch: [23], step: [836/1581], batch loss: 0.36672, batch accuracy: 93.75, data load time: 0.00025, step time: 0.01161,
epoch: [23], step: [1136/1581], batch loss: 0.13662, batch accuracy: 100.00, data load time: 0.00034, step time: 0.01160,
epoch: [23], step: [1436/1581], batch loss: 0.25538, batch accuracy: 96.88, data load time: 0.00025, step time: 0.01165,
epoch: [24], step: [155/1581], batch loss: 0.30835, batch accuracy: 87.50, data load time: 0.01205, step time: 0.01229,
epoch: [24], step: [455/1581], batch loss: 0.12487, batch accuracy: 93.75, data load time: 0.00025, step time: 0.01712,
epoch: [24], step: [755/1581], batch loss: 0.34379, batch accuracy: 81.25, data load time: 0.00025, step time: 0.01168,
epoch: [24], step: [1055/1581], batch loss: 0.28445, batch accuracy: 90.62, data load time: 0.00025, step time: 0.01163,
epoch: [24], step: [1355/1581], batch loss: 0.21815, batch accuracy: 90.62, data load time: 0.00065, step time: 0.01617,
validation loss: 0.65976, accuracy: 78.51, class_accuracy: [71.1864406779661, 92.10526315789474, 79.48717948717949, 75.22123893805309, 94.0677966101695, 73.39449541284404, 94.28571428571429, 99.11504424778761, 54.08163265306123, 68.64406779661017]
class_avg: 80.15888732672803
epoch: [25], step: [74/1581], batch loss: 0.29674, batch accuracy: 87.50, data load time: 0.00028, step time: 0.01191,
epoch: [25], step: [374/1581], batch loss: 0.27639, batch accuracy: 90.62, data load time: 0.00066, step time: 0.01165,
epoch: [25], step: [674/1581], batch loss: 0.43863, batch accuracy: 87.50, data load time: 0.00422, step time: 0.01234,
epoch: [25], step: [974/1581], batch loss: 0.12256, batch accuracy: 93.75, data load time: 0.00497, step time: 0.01205,
epoch: [25], step: [1274/1581], batch loss: 0.25950, batch accuracy: 87.50, data load time: 0.00028, step time: 0.01169,
epoch: [25], step: [1574/1581], batch loss: 0.31016, batch accuracy: 87.50, data load time: 0.00013, step time: 0.01154,
epoch: [26], step: [293/1581], batch loss: 0.33786, batch accuracy: 90.62, data load time: 0.00024, step time: 0.02072,
epoch: [26], step: [593/1581], batch loss: 0.28443, batch accuracy: 93.75, data load time: 0.00025, step time: 0.01163,
epoch: [26], step: [893/1581], batch loss: 0.14944, batch accuracy: 93.75, data load time: 0.00025, step time: 0.01608,
epoch: [26], step: [1193/1581], batch loss: 0.41803, batch accuracy: 87.50, data load time: 0.00024, step time: 0.01164,
epoch: [26], step: [1493/1581], batch loss: 0.29593, batch accuracy: 87.50, data load time: 0.00361, step time: 0.01168,
epoch: [27], step: [212/1581], batch loss: 0.16373, batch accuracy: 90.62, data load time: 0.00034, step time: 0.01445,
epoch: [27], step: [512/1581], batch loss: 0.41309, batch accuracy: 81.25, data load time: 0.00024, step time: 0.01161,
epoch: [27], step: [812/1581], batch loss: 0.20088, batch accuracy: 93.75, data load time: 0.00027, step time: 0.01800,
epoch: [27], step: [1112/1581], batch loss: 0.23008, batch accuracy: 96.88, data load time: 0.00036, step time: 0.01164,
epoch: [27], step: [1412/1581], batch loss: 0.20216, batch accuracy: 90.62, data load time: 0.00025, step time: 0.01162,
epoch: [28], step: [131/1581], batch loss: 0.24798, batch accuracy: 90.62, data load time: 0.00027, step time: 0.01161,
epoch: [28], step: [431/1581], batch loss: 0.45346, batch accuracy: 87.50, data load time: 0.00035, step time: 0.01236,
epoch: [28], step: [731/1581], batch loss: 0.25168, batch accuracy: 90.62, data load time: 0.00026, step time: 0.01966,
epoch: [28], step: [1031/1581], batch loss: 0.25630, batch accuracy: 93.75, data load time: 0.00036, step time: 0.01231,
epoch: [28], step: [1331/1581], batch loss: 0.16051, batch accuracy: 96.88, data load time: 0.00026, step time: 0.01179,
epoch: [29], step: [50/1581], batch loss: 0.40807, batch accuracy: 87.50, data load time: 0.00024, step time: 0.01162,
epoch: [29], step: [350/1581], batch loss: 0.32596, batch accuracy: 87.50, data load time: 0.00027, step time: 0.01798,
epoch: [29], step: [650/1581], batch loss: 0.18456, batch accuracy: 96.88, data load time: 0.00028, step time: 0.02063,
epoch: [29], step: [950/1581], batch loss: 0.30898, batch accuracy: 84.38, data load time: 0.00033, step time: 0.01902,
epoch: [29], step: [1250/1581], batch loss: 0.28738, batch accuracy: 87.50, data load time: 0.00025, step time: 0.01162,
epoch: [29], step: [1550/1581], batch loss: 0.22904, batch accuracy: 93.75, data load time: 0.00014, step time: 0.01155,
validation loss: 0.82977, accuracy: 72.77, class_accuracy: [66.94915254237289, 89.47368421052632, 58.11965811965812, 76.10619469026548, 86.44067796610169, 75.22935779816514, 100.0, 99.11504424778761, 55.10204081632653, 50.0]
class_avg: 75.65358103912038
epoch: [30], step: [269/1581], batch loss: 0.31049, batch accuracy: 87.50, data load time: 0.00025, step time: 0.01378,
epoch: [30], step: [569/1581], batch loss: 0.31552, batch accuracy: 90.62, data load time: 0.00412, step time: 0.01163,
epoch: [30], step: [869/1581], batch loss: 0.24990, batch accuracy: 93.75, data load time: 0.00027, step time: 0.01421,
epoch: [30], step: [1169/1581], batch loss: 0.27766, batch accuracy: 90.62, data load time: 0.00025, step time: 0.01162,
epoch: [30], step: [1469/1581], batch loss: 0.33565, batch accuracy: 87.50, data load time: 0.00026, step time: 0.01162,
epoch: [31], step: [188/1581], batch loss: 0.17241, batch accuracy: 100.00, data load time: 0.00504, step time: 0.01383,
epoch: [31], step: [488/1581], batch loss: 0.24618, batch accuracy: 90.62, data load time: 0.00026, step time: 0.01164,
epoch: [31], step: [788/1581], batch loss: 0.11321, batch accuracy: 96.88, data load time: 0.00024, step time: 0.01166,
epoch: [31], step: [1088/1581], batch loss: 0.21551, batch accuracy: 90.62, data load time: 0.00026, step time: 0.01190,
epoch: [31], step: [1388/1581], batch loss: 0.28519, batch accuracy: 90.62, data load time: 0.00042, step time: 0.01232,
epoch: [32], step: [107/1581], batch loss: 0.18835, batch accuracy: 93.75, data load time: 0.00076, step time: 0.01630,
epoch: [32], step: [407/1581], batch loss: 0.12745, batch accuracy: 96.88, data load time: 0.00025, step time: 0.01626,
epoch: [32], step: [707/1581], batch loss: 0.27218, batch accuracy: 96.88, data load time: 0.00753, step time: 0.01272,
epoch: [32], step: [1007/1581], batch loss: 0.35782, batch accuracy: 84.38, data load time: 0.00027, step time: 0.01164,
epoch: [32], step: [1307/1581], batch loss: 0.09928, batch accuracy: 100.00, data load time: 0.00026, step time: 0.02016,
epoch: [33], step: [26/1581], batch loss: 0.19361, batch accuracy: 96.88, data load time: 0.00027, step time: 0.01769,
epoch: [33], step: [326/1581], batch loss: 0.16667, batch accuracy: 93.75, data load time: 0.00025, step time: 0.01370,
epoch: [33], step: [626/1581], batch loss: 0.21435, batch accuracy: 96.88, data load time: 0.00026, step time: 0.01884,
epoch: [33], step: [926/1581], batch loss: 0.18795, batch accuracy: 96.88, data load time: 0.00035, step time: 0.01220,
epoch: [33], step: [1226/1581], batch loss: 0.12999, batch accuracy: 93.75, data load time: 0.00033, step time: 0.01163,
epoch: [33], step: [1526/1581], batch loss: 0.32809, batch accuracy: 81.25, data load time: 0.00021, step time: 0.01161,
epoch: [34], step: [245/1581], batch loss: 0.25750, batch accuracy: 93.75, data load time: 0.00027, step time: 0.01166,
epoch: [34], step: [545/1581], batch loss: 0.33637, batch accuracy: 87.50, data load time: 0.00384, step time: 0.01323,
epoch: [34], step: [845/1581], batch loss: 0.23911, batch accuracy: 96.88, data load time: 0.00027, step time: 0.01424,
epoch: [34], step: [1145/1581], batch loss: 0.20969, batch accuracy: 93.75, data load time: 0.00028, step time: 0.01693,
epoch: [34], step: [1445/1581], batch loss: 0.15605, batch accuracy: 96.88, data load time: 0.00025, step time: 0.01163,
validation loss: 0.76561, accuracy: 73.29, class_accuracy: [70.33898305084746, 89.47368421052632, 68.37606837606837, 76.99115044247787, 80.50847457627118, 59.63302752293578, 97.14285714285714, 99.11504424778761, 59.183673469387756, 57.6271186440678]
class_avg: 75.83900816832272
epoch: [35], step: [164/1581], batch loss: 0.24166, batch accuracy: 93.75, data load time: 0.00024, step time: 0.01159,
epoch: [35], step: [464/1581], batch loss: 0.17496, batch accuracy: 93.75, data load time: 0.00458, step time: 0.01196,
epoch: [35], step: [764/1581], batch loss: 0.18165, batch accuracy: 96.88, data load time: 0.00025, step time: 0.01697,
epoch: [35], step: [1064/1581], batch loss: 0.36957, batch accuracy: 90.62, data load time: 0.00059, step time: 0.01163,
epoch: [35], step: [1364/1581], batch loss: 0.27726, batch accuracy: 90.62, data load time: 0.00026, step time: 0.01165,
epoch: [36], step: [83/1581], batch loss: 0.15127, batch accuracy: 96.88, data load time: 0.00028, step time: 0.01167,
epoch: [36], step: [383/1581], batch loss: 0.26698, batch accuracy: 93.75, data load time: 0.00025, step time: 0.01261,
epoch: [36], step: [683/1581], batch loss: 0.20557, batch accuracy: 96.88, data load time: 0.00034, step time: 0.01263,
epoch: [36], step: [983/1581], batch loss: 0.34882, batch accuracy: 90.62, data load time: 0.00026, step time: 0.01163,
epoch: [36], step: [1283/1581], batch loss: 0.18305, batch accuracy: 96.88, data load time: 0.00027, step time: 0.01162,
epoch: [37], step: [2/1581], batch loss: 0.35449, batch accuracy: 84.38, data load time: 0.00519, step time: 0.01167,
epoch: [37], step: [302/1581], batch loss: 0.30381, batch accuracy: 81.25, data load time: 0.00029, step time: 0.01214,
epoch: [37], step: [602/1581], batch loss: 0.06256, batch accuracy: 100.00, data load time: 0.00026, step time: 0.01214,
epoch: [37], step: [902/1581], batch loss: 0.19165, batch accuracy: 100.00, data load time: 0.00026, step time: 0.01161,
epoch: [37], step: [1202/1581], batch loss: 0.31092, batch accuracy: 84.38, data load time: 0.00028, step time: 0.01165,
epoch: [37], step: [1502/1581], batch loss: 0.21147, batch accuracy: 93.75, data load time: 0.00025, step time: 0.01551,
epoch: [38], step: [221/1581], batch loss: 0.29019, batch accuracy: 90.62, data load time: 0.00034, step time: 0.01161,
epoch: [38], step: [521/1581], batch loss: 0.46134, batch accuracy: 90.62, data load time: 0.00025, step time: 0.02132,
epoch: [38], step: [821/1581], batch loss: 0.25311, batch accuracy: 87.50, data load time: 0.00088, step time: 0.01159,
epoch: [38], step: [1121/1581], batch loss: 0.28760, batch accuracy: 93.75, data load time: 0.00026, step time: 0.01163,
epoch: [38], step: [1421/1581], batch loss: 0.24650, batch accuracy: 90.62, data load time: 0.00026, step time: 0.01167,
epoch: [39], step: [140/1581], batch loss: 0.23223, batch accuracy: 93.75, data load time: 0.00026, step time: 0.01458,
epoch: [39], step: [440/1581], batch loss: 0.60450, batch accuracy: 78.12, data load time: 0.00025, step time: 0.01163,
epoch: [39], step: [740/1581], batch loss: 0.21543, batch accuracy: 93.75, data load time: 0.00240, step time: 0.01353,
epoch: [39], step: [1040/1581], batch loss: 0.24139, batch accuracy: 96.88, data load time: 0.00037, step time: 0.01164,
epoch: [39], step: [1340/1581], batch loss: 0.13227, batch accuracy: 93.75, data load time: 0.00061, step time: 0.01160,
validation loss: 0.77522, accuracy: 72.77, class_accuracy: [43.220338983050844, 92.10526315789474, 76.92307692307692, 62.83185840707964, 78.8135593220339, 58.71559633027523, 97.14285714285714, 100.0, 60.204081632653065, 85.59322033898304]
class_avg: 75.55498522379045
epoch: [40], step: [59/1581], batch loss: 0.22145, batch accuracy: 90.62, data load time: 0.00026, step time: 0.01162,
epoch: [40], step: [359/1581], batch loss: 0.21848, batch accuracy: 93.75, data load time: 0.00027, step time: 0.01663,
epoch: [40], step: [659/1581], batch loss: 0.18324, batch accuracy: 90.62, data load time: 0.00025, step time: 0.01180,
epoch: [40], step: [959/1581], batch loss: 0.34535, batch accuracy: 90.62, data load time: 0.00032, step time: 0.01162,
epoch: [40], step: [1259/1581], batch loss: 0.08556, batch accuracy: 100.00, data load time: 0.00025, step time: 0.01162,
epoch: [40], step: [1559/1581], batch loss: 0.15176, batch accuracy: 96.88, data load time: 0.00014, step time: 0.01155,
epoch: [41], step: [278/1581], batch loss: 0.14436, batch accuracy: 96.88, data load time: 0.00025, step time: 0.01163,
epoch: [41], step: [578/1581], batch loss: 0.07610, batch accuracy: 100.00, data load time: 0.00026, step time: 0.01160,
epoch: [41], step: [878/1581], batch loss: 0.29008, batch accuracy: 84.38, data load time: 0.00028, step time: 0.01162,
epoch: [41], step: [1178/1581], batch loss: 0.30713, batch accuracy: 87.50, data load time: 0.00028, step time: 0.01164,
epoch: [41], step: [1478/1581], batch loss: 0.19309, batch accuracy: 96.88, data load time: 0.00026, step time: 0.01325,
epoch: [42], step: [197/1581], batch loss: 0.21899, batch accuracy: 96.88, data load time: 0.00455, step time: 0.01163,
epoch: [42], step: [497/1581], batch loss: 0.45569, batch accuracy: 84.38, data load time: 0.00442, step time: 0.01169,
epoch: [42], step: [797/1581], batch loss: 0.31625, batch accuracy: 90.62, data load time: 0.00032, step time: 0.01224,
epoch: [42], step: [1097/1581], batch loss: 0.34450, batch accuracy: 87.50, data load time: 0.00030, step time: 0.01172,
epoch: [42], step: [1397/1581], batch loss: 0.18849, batch accuracy: 96.88, data load time: 0.00026, step time: 0.01163,
epoch: [43], step: [116/1581], batch loss: 0.31458, batch accuracy: 90.62, data load time: 0.00026, step time: 0.01692,
epoch: [43], step: [416/1581], batch loss: 0.23426, batch accuracy: 93.75, data load time: 0.00026, step time: 0.01165,
epoch: [43], step: [716/1581], batch loss: 0.17267, batch accuracy: 93.75, data load time: 0.00038, step time: 0.01375,
epoch: [43], step: [1016/1581], batch loss: 0.17219, batch accuracy: 96.88, data load time: 0.00025, step time: 0.01160,
epoch: [43], step: [1316/1581], batch loss: 0.24287, batch accuracy: 90.62, data load time: 0.00026, step time: 0.01181,
epoch: [44], step: [35/1581], batch loss: 0.19085, batch accuracy: 93.75, data load time: 0.00027, step time: 0.01167,
epoch: [44], step: [335/1581], batch loss: 0.21423, batch accuracy: 93.75, data load time: 0.00026, step time: 0.01163,
epoch: [44], step: [635/1581], batch loss: 0.14325, batch accuracy: 100.00, data load time: 0.00025, step time: 0.01163,
epoch: [44], step: [935/1581], batch loss: 0.24583, batch accuracy: 93.75, data load time: 0.00024, step time: 0.01161,
epoch: [44], step: [1235/1581], batch loss: 0.15622, batch accuracy: 93.75, data load time: 0.00026, step time: 0.01163,
epoch: [44], step: [1535/1581], batch loss: 0.33840, batch accuracy: 87.50, data load time: 0.00021, step time: 0.01174,
validation loss: 0.86124, accuracy: 73.69, class_accuracy: [35.59322033898305, 92.10526315789474, 95.72649572649573, 65.48672566371681, 74.57627118644068, 56.88073394495413, 97.14285714285714, 100.0, 46.93877551020408, 96.61016949152543]
class_avg: 76.10605121630718
epoch: [45], step: [254/1581], batch loss: 0.24823, batch accuracy: 90.62, data load time: 0.00037, step time: 0.01203,
epoch: [45], step: [554/1581], batch loss: 0.49239, batch accuracy: 78.12, data load time: 0.00025, step time: 0.01163,
epoch: [45], step: [854/1581], batch loss: 0.30974, batch accuracy: 90.62, data load time: 0.00026, step time: 0.01179,
epoch: [45], step: [1154/1581], batch loss: 0.13805, batch accuracy: 93.75, data load time: 0.00026, step time: 0.01185,
epoch: [45], step: [1454/1581], batch loss: 0.09402, batch accuracy: 100.00, data load time: 0.00426, step time: 0.01391,
epoch: [46], step: [173/1581], batch loss: 0.25579, batch accuracy: 90.62, data load time: 0.00028, step time: 0.01166,
epoch: [46], step: [473/1581], batch loss: 0.23488, batch accuracy: 96.88, data load time: 0.00026, step time: 0.01179,
epoch: [46], step: [773/1581], batch loss: 0.25644, batch accuracy: 93.75, data load time: 0.00028, step time: 0.01163,
epoch: [46], step: [1073/1581], batch loss: 0.42760, batch accuracy: 84.38, data load time: 0.00042, step time: 0.01239,
epoch: [46], step: [1373/1581], batch loss: 0.15323, batch accuracy: 93.75, data load time: 0.00029, step time: 0.01173,
epoch: [47], step: [92/1581], batch loss: 0.32193, batch accuracy: 90.62, data load time: 0.00025, step time: 0.01388,
epoch: [47], step: [392/1581], batch loss: 0.19022, batch accuracy: 93.75, data load time: 0.00026, step time: 0.01195,
epoch: [47], step: [692/1581], batch loss: 0.24813, batch accuracy: 100.00, data load time: 0.00397, step time: 0.01416,
epoch: [47], step: [992/1581], batch loss: 0.35302, batch accuracy: 84.38, data load time: 0.00027, step time: 0.01192,
epoch: [47], step: [1292/1581], batch loss: 0.26766, batch accuracy: 90.62, data load time: 0.00025, step time: 0.01177,
epoch: [48], step: [11/1581], batch loss: 0.19422, batch accuracy: 93.75, data load time: 0.00023, step time: 0.01163,
epoch: [48], step: [311/1581], batch loss: 0.30213, batch accuracy: 84.38, data load time: 0.00031, step time: 0.01176,
epoch: [48], step: [611/1581], batch loss: 0.18002, batch accuracy: 93.75, data load time: 0.00037, step time: 0.01164,
epoch: [48], step: [911/1581], batch loss: 0.17237, batch accuracy: 93.75, data load time: 0.00479, step time: 0.01258,
epoch: [48], step: [1211/1581], batch loss: 0.24792, batch accuracy: 96.88, data load time: 0.00036, step time: 0.01238,
epoch: [48], step: [1511/1581], batch loss: 0.31131, batch accuracy: 87.50, data load time: 0.00026, step time: 0.01161,
epoch: [49], step: [230/1581], batch loss: 0.10928, batch accuracy: 100.00, data load time: 0.00025, step time: 0.01162,
epoch: [49], step: [530/1581], batch loss: 0.20318, batch accuracy: 90.62, data load time: 0.00403, step time: 0.01165,
epoch: [49], step: [830/1581], batch loss: 0.17920, batch accuracy: 93.75, data load time: 0.00025, step time: 0.01163,
epoch: [49], step: [1130/1581], batch loss: 0.22464, batch accuracy: 96.88, data load time: 0.00028, step time: 0.01162,
epoch: [49], step: [1430/1581], batch loss: 0.14414, batch accuracy: 96.88, data load time: 0.00026, step time: 0.01164,
validation loss: 0.81367, accuracy: 74.00, class_accuracy: [38.13559322033898, 89.47368421052632, 80.34188034188034, 77.87610619469027, 82.20338983050847, 58.71559633027523, 94.28571428571429, 97.34513274336283, 63.265306122448976, 81.35593220338983]
class_avg: 76.29983354831354
Total time taken: 1233.753387928009
