Using CUDA...
Writing logs to logs/CNN_bn_epochs=50_dropout=0.5_bs=32_optim=Adam_decay=0.0001_lr=0.001_momentum=0.9_mode=LMC_run_0
epoch: [0], step: [299/1581], batch loss: 1.69447, batch accuracy: 28.12, data load time: 0.00028, step time: 0.01038,
epoch: [0], step: [599/1581], batch loss: 1.17347, batch accuracy: 59.38, data load time: 0.00026, step time: 0.01355,
epoch: [0], step: [899/1581], batch loss: 1.10289, batch accuracy: 65.62, data load time: 0.00796, step time: 0.01249,
epoch: [0], step: [1199/1581], batch loss: 0.92218, batch accuracy: 62.50, data load time: 0.00022, step time: 0.01025,
epoch: [0], step: [1499/1581], batch loss: 0.99961, batch accuracy: 56.25, data load time: 0.00022, step time: 0.00952,
epoch: [1], step: [218/1581], batch loss: 0.88981, batch accuracy: 75.00, data load time: 0.00022, step time: 0.01576,
epoch: [1], step: [518/1581], batch loss: 0.36076, batch accuracy: 84.38, data load time: 0.00022, step time: 0.01511,
epoch: [1], step: [818/1581], batch loss: 1.17855, batch accuracy: 65.62, data load time: 0.00023, step time: 0.01001,
epoch: [1], step: [1118/1581], batch loss: 0.33116, batch accuracy: 90.62, data load time: 0.00021, step time: 0.00947,
epoch: [1], step: [1418/1581], batch loss: 0.53451, batch accuracy: 78.12, data load time: 0.00022, step time: 0.01708,
epoch: [2], step: [137/1581], batch loss: 0.34708, batch accuracy: 90.62, data load time: 0.00022, step time: 0.00988,
epoch: [2], step: [437/1581], batch loss: 0.59233, batch accuracy: 78.12, data load time: 0.00023, step time: 0.00958,
epoch: [2], step: [737/1581], batch loss: 0.56005, batch accuracy: 78.12, data load time: 0.00021, step time: 0.00926,
epoch: [2], step: [1037/1581], batch loss: 0.42721, batch accuracy: 81.25, data load time: 0.00023, step time: 0.00966,
epoch: [2], step: [1337/1581], batch loss: 0.26876, batch accuracy: 93.75, data load time: 0.00024, step time: 0.01143,
epoch: [3], step: [56/1581], batch loss: 0.31898, batch accuracy: 84.38, data load time: 0.00023, step time: 0.00984,
epoch: [3], step: [356/1581], batch loss: 0.42100, batch accuracy: 84.38, data load time: 0.00021, step time: 0.00973,
epoch: [3], step: [656/1581], batch loss: 0.35804, batch accuracy: 87.50, data load time: 0.00021, step time: 0.00975,
epoch: [3], step: [956/1581], batch loss: 0.57673, batch accuracy: 81.25, data load time: 0.00023, step time: 0.00990,
epoch: [3], step: [1256/1581], batch loss: 0.39443, batch accuracy: 87.50, data load time: 0.00023, step time: 0.01416,
epoch: [3], step: [1556/1581], batch loss: 0.34477, batch accuracy: 90.62, data load time: 0.00011, step time: 0.00860,
epoch: [4], step: [275/1581], batch loss: 0.18411, batch accuracy: 93.75, data load time: 0.00021, step time: 0.01056,
epoch: [4], step: [575/1581], batch loss: 0.46707, batch accuracy: 81.25, data load time: 0.00023, step time: 0.01033,
epoch: [4], step: [875/1581], batch loss: 0.09173, batch accuracy: 100.00, data load time: 0.00025, step time: 0.01239,
epoch: [4], step: [1175/1581], batch loss: 0.34408, batch accuracy: 87.50, data load time: 0.00032, step time: 0.01028,
epoch: [4], step: [1475/1581], batch loss: 0.31535, batch accuracy: 87.50, data load time: 0.00025, step time: 0.01194,
validation loss: 0.86914, accuracy: 73.80, class_accuracy: [69.49152542372882, 97.36842105263158, 70.08547008547009, 64.60176991150442, 77.96610169491525, 55.96330275229358, 100.0, 95.57522123893806, 61.224489795918366, 77.11864406779661]
class_avg: 76.93949460231968
epoch: [5], step: [194/1581], batch loss: 0.37537, batch accuracy: 87.50, data load time: 0.00026, step time: 0.02159,
epoch: [5], step: [494/1581], batch loss: 0.31886, batch accuracy: 87.50, data load time: 0.00024, step time: 0.01115,
epoch: [5], step: [794/1581], batch loss: 0.33910, batch accuracy: 87.50, data load time: 0.00032, step time: 0.01134,
epoch: [5], step: [1094/1581], batch loss: 0.35731, batch accuracy: 81.25, data load time: 0.00021, step time: 0.00949,
epoch: [5], step: [1394/1581], batch loss: 0.33264, batch accuracy: 87.50, data load time: 0.00021, step time: 0.01051,
epoch: [6], step: [113/1581], batch loss: 0.19260, batch accuracy: 90.62, data load time: 0.00418, step time: 0.01000,
epoch: [6], step: [413/1581], batch loss: 0.41856, batch accuracy: 78.12, data load time: 0.00022, step time: 0.01189,
epoch: [6], step: [713/1581], batch loss: 0.35524, batch accuracy: 81.25, data load time: 0.00021, step time: 0.01108,
epoch: [6], step: [1013/1581], batch loss: 0.21042, batch accuracy: 90.62, data load time: 0.00347, step time: 0.01177,
epoch: [6], step: [1313/1581], batch loss: 0.41178, batch accuracy: 87.50, data load time: 0.00024, step time: 0.01129,
epoch: [7], step: [32/1581], batch loss: 0.50938, batch accuracy: 84.38, data load time: 0.00689, step time: 0.01400,
epoch: [7], step: [332/1581], batch loss: 0.07899, batch accuracy: 100.00, data load time: 0.00022, step time: 0.01030,
epoch: [7], step: [632/1581], batch loss: 0.12822, batch accuracy: 96.88, data load time: 0.00022, step time: 0.00949,
epoch: [7], step: [932/1581], batch loss: 0.21833, batch accuracy: 87.50, data load time: 0.00322, step time: 0.01082,
epoch: [7], step: [1232/1581], batch loss: 0.12653, batch accuracy: 93.75, data load time: 0.00024, step time: 0.01013,
epoch: [7], step: [1532/1581], batch loss: 0.09714, batch accuracy: 96.88, data load time: 0.00017, step time: 0.00952,
epoch: [8], step: [251/1581], batch loss: 0.09725, batch accuracy: 93.75, data load time: 0.00030, step time: 0.01091,
epoch: [8], step: [551/1581], batch loss: 0.28770, batch accuracy: 84.38, data load time: 0.00466, step time: 0.01434,
epoch: [8], step: [851/1581], batch loss: 0.28105, batch accuracy: 90.62, data load time: 0.00022, step time: 0.00949,
epoch: [8], step: [1151/1581], batch loss: 0.26907, batch accuracy: 84.38, data load time: 0.00024, step time: 0.01168,
epoch: [8], step: [1451/1581], batch loss: 0.12995, batch accuracy: 96.88, data load time: 0.00022, step time: 0.01323,
epoch: [9], step: [170/1581], batch loss: 0.11100, batch accuracy: 93.75, data load time: 0.00023, step time: 0.01030,
epoch: [9], step: [470/1581], batch loss: 0.23774, batch accuracy: 90.62, data load time: 0.00024, step time: 0.01386,
epoch: [9], step: [770/1581], batch loss: 0.59855, batch accuracy: 78.12, data load time: 0.00290, step time: 0.01214,
epoch: [9], step: [1070/1581], batch loss: 0.11520, batch accuracy: 96.88, data load time: 0.00021, step time: 0.01578,
epoch: [9], step: [1370/1581], batch loss: 0.20142, batch accuracy: 93.75, data load time: 0.00024, step time: 0.00945,
validation loss: 0.94709, accuracy: 71.65, class_accuracy: [39.83050847457627, 97.36842105263158, 78.63247863247864, 69.91150442477876, 77.96610169491525, 58.71559633027523, 97.14285714285714, 98.23008849557522, 61.224489795918366, 71.1864406779661]
class_avg: 75.02084867219725
epoch: [10], step: [89/1581], batch loss: 0.33825, batch accuracy: 90.62, data load time: 0.00025, step time: 0.01087,
epoch: [10], step: [389/1581], batch loss: 0.23535, batch accuracy: 93.75, data load time: 0.00054, step time: 0.01087,
epoch: [10], step: [689/1581], batch loss: 0.11985, batch accuracy: 96.88, data load time: 0.00028, step time: 0.01425,
epoch: [10], step: [989/1581], batch loss: 0.11652, batch accuracy: 96.88, data load time: 0.00022, step time: 0.01266,
epoch: [10], step: [1289/1581], batch loss: 0.21304, batch accuracy: 90.62, data load time: 0.00024, step time: 0.00989,
epoch: [11], step: [8/1581], batch loss: 0.13117, batch accuracy: 96.88, data load time: 0.00017, step time: 0.01748,
epoch: [11], step: [308/1581], batch loss: 0.07807, batch accuracy: 96.88, data load time: 0.00025, step time: 0.01248,
epoch: [11], step: [608/1581], batch loss: 0.11900, batch accuracy: 96.88, data load time: 0.00021, step time: 0.01521,
epoch: [11], step: [908/1581], batch loss: 0.08658, batch accuracy: 96.88, data load time: 0.00523, step time: 0.00948,
epoch: [11], step: [1208/1581], batch loss: 0.28905, batch accuracy: 90.62, data load time: 0.00496, step time: 0.01142,
epoch: [11], step: [1508/1581], batch loss: 0.13126, batch accuracy: 93.75, data load time: 0.00022, step time: 0.01535,
epoch: [12], step: [227/1581], batch loss: 0.21778, batch accuracy: 90.62, data load time: 0.00023, step time: 0.01563,
epoch: [12], step: [527/1581], batch loss: 0.22268, batch accuracy: 93.75, data load time: 0.00574, step time: 0.00987,
epoch: [12], step: [827/1581], batch loss: 0.15597, batch accuracy: 90.62, data load time: 0.00032, step time: 0.00965,
epoch: [12], step: [1127/1581], batch loss: 0.21829, batch accuracy: 84.38, data load time: 0.00301, step time: 0.01128,
epoch: [12], step: [1427/1581], batch loss: 0.32114, batch accuracy: 93.75, data load time: 0.00022, step time: 0.01798,
epoch: [13], step: [146/1581], batch loss: 0.08800, batch accuracy: 96.88, data load time: 0.00356, step time: 0.01162,
epoch: [13], step: [446/1581], batch loss: 0.07527, batch accuracy: 96.88, data load time: 0.00024, step time: 0.00964,
epoch: [13], step: [746/1581], batch loss: 0.25910, batch accuracy: 93.75, data load time: 0.00027, step time: 0.01050,
epoch: [13], step: [1046/1581], batch loss: 0.22240, batch accuracy: 84.38, data load time: 0.00022, step time: 0.01002,
epoch: [13], step: [1346/1581], batch loss: 0.08038, batch accuracy: 100.00, data load time: 0.00021, step time: 0.00964,
epoch: [14], step: [65/1581], batch loss: 0.11454, batch accuracy: 96.88, data load time: 0.00035, step time: 0.01329,
epoch: [14], step: [365/1581], batch loss: 0.10659, batch accuracy: 90.62, data load time: 0.00021, step time: 0.01092,
epoch: [14], step: [665/1581], batch loss: 0.28747, batch accuracy: 84.38, data load time: 0.00022, step time: 0.01022,
epoch: [14], step: [965/1581], batch loss: 0.12102, batch accuracy: 93.75, data load time: 0.00341, step time: 0.01072,
epoch: [14], step: [1265/1581], batch loss: 0.22369, batch accuracy: 93.75, data load time: 0.00025, step time: 0.01242,
epoch: [14], step: [1565/1581], batch loss: 0.20226, batch accuracy: 93.75, data load time: 0.00011, step time: 0.00860,
validation loss: 0.98438, accuracy: 72.98, class_accuracy: [33.05084745762712, 94.73684210526316, 70.94017094017094, 71.68141592920354, 81.35593220338983, 65.13761467889908, 94.28571428571429, 93.80530973451327, 65.3061224489796, 88.13559322033899]
class_avg: 75.84355630040997
epoch: [15], step: [284/1581], batch loss: 0.17662, batch accuracy: 93.75, data load time: 0.00360, step time: 0.01088,
epoch: [15], step: [584/1581], batch loss: 0.12904, batch accuracy: 93.75, data load time: 0.00373, step time: 0.01302,
epoch: [15], step: [884/1581], batch loss: 0.17747, batch accuracy: 93.75, data load time: 0.00022, step time: 0.01621,
epoch: [15], step: [1184/1581], batch loss: 0.09492, batch accuracy: 96.88, data load time: 0.00377, step time: 0.01253,
epoch: [15], step: [1484/1581], batch loss: 0.20566, batch accuracy: 93.75, data load time: 0.00024, step time: 0.01359,
epoch: [16], step: [203/1581], batch loss: 0.30951, batch accuracy: 87.50, data load time: 0.00021, step time: 0.01575,
epoch: [16], step: [503/1581], batch loss: 0.28191, batch accuracy: 93.75, data load time: 0.00612, step time: 0.01004,
epoch: [16], step: [803/1581], batch loss: 0.17335, batch accuracy: 96.88, data load time: 0.00023, step time: 0.00949,
epoch: [16], step: [1103/1581], batch loss: 0.19849, batch accuracy: 93.75, data load time: 0.00021, step time: 0.01491,
epoch: [16], step: [1403/1581], batch loss: 0.28085, batch accuracy: 93.75, data load time: 0.00022, step time: 0.01129,
epoch: [17], step: [122/1581], batch loss: 0.13741, batch accuracy: 96.88, data load time: 0.00336, step time: 0.01025,
epoch: [17], step: [422/1581], batch loss: 0.16785, batch accuracy: 93.75, data load time: 0.00022, step time: 0.01040,
epoch: [17], step: [722/1581], batch loss: 0.13357, batch accuracy: 93.75, data load time: 0.00333, step time: 0.01024,
epoch: [17], step: [1022/1581], batch loss: 0.18065, batch accuracy: 84.38, data load time: 0.00871, step time: 0.01418,
epoch: [17], step: [1322/1581], batch loss: 0.16353, batch accuracy: 90.62, data load time: 0.00022, step time: 0.00966,
epoch: [18], step: [41/1581], batch loss: 0.20108, batch accuracy: 87.50, data load time: 0.00228, step time: 0.01200,
epoch: [18], step: [341/1581], batch loss: 0.09702, batch accuracy: 96.88, data load time: 0.00022, step time: 0.00979,
epoch: [18], step: [641/1581], batch loss: 0.12461, batch accuracy: 93.75, data load time: 0.00023, step time: 0.00984,
epoch: [18], step: [941/1581], batch loss: 0.10783, batch accuracy: 93.75, data load time: 0.00021, step time: 0.00999,
epoch: [18], step: [1241/1581], batch loss: 0.16157, batch accuracy: 93.75, data load time: 0.00021, step time: 0.01697,
epoch: [18], step: [1541/1581], batch loss: 0.25558, batch accuracy: 87.50, data load time: 0.00012, step time: 0.00861,
epoch: [19], step: [260/1581], batch loss: 0.16930, batch accuracy: 90.62, data load time: 0.00022, step time: 0.01682,
epoch: [19], step: [560/1581], batch loss: 0.10511, batch accuracy: 96.88, data load time: 0.00560, step time: 0.01221,
epoch: [19], step: [860/1581], batch loss: 0.09397, batch accuracy: 93.75, data load time: 0.00021, step time: 0.01566,
epoch: [19], step: [1160/1581], batch loss: 0.07192, batch accuracy: 93.75, data load time: 0.00022, step time: 0.01025,
epoch: [19], step: [1460/1581], batch loss: 0.14584, batch accuracy: 90.62, data load time: 0.00022, step time: 0.00998,
validation loss: 1.03004, accuracy: 73.49, class_accuracy: [42.3728813559322, 94.73684210526316, 81.19658119658119, 77.87610619469027, 80.50847457627118, 74.31192660550458, 100.0, 89.38053097345133, 45.91836734693877, 77.96610169491525]
class_avg: 76.42678120495478
epoch: [20], step: [179/1581], batch loss: 0.13990, batch accuracy: 96.88, data load time: 0.00027, step time: 0.01241,
epoch: [20], step: [479/1581], batch loss: 0.05589, batch accuracy: 96.88, data load time: 0.00023, step time: 0.01137,
epoch: [20], step: [779/1581], batch loss: 0.18610, batch accuracy: 96.88, data load time: 0.00022, step time: 0.01049,
epoch: [20], step: [1079/1581], batch loss: 0.17832, batch accuracy: 96.88, data load time: 0.00024, step time: 0.01169,
epoch: [20], step: [1379/1581], batch loss: 0.15355, batch accuracy: 93.75, data load time: 0.00022, step time: 0.00986,
epoch: [21], step: [98/1581], batch loss: 0.08255, batch accuracy: 96.88, data load time: 0.00025, step time: 0.01245,
epoch: [21], step: [398/1581], batch loss: 0.04937, batch accuracy: 96.88, data load time: 0.00480, step time: 0.01002,
epoch: [21], step: [698/1581], batch loss: 0.25167, batch accuracy: 84.38, data load time: 0.00025, step time: 0.01693,
epoch: [21], step: [998/1581], batch loss: 0.04518, batch accuracy: 96.88, data load time: 0.00026, step time: 0.01187,
epoch: [21], step: [1298/1581], batch loss: 0.06614, batch accuracy: 96.88, data load time: 0.00025, step time: 0.01227,
epoch: [22], step: [17/1581], batch loss: 0.11718, batch accuracy: 96.88, data load time: 0.00033, step time: 0.01480,
epoch: [22], step: [317/1581], batch loss: 0.38501, batch accuracy: 87.50, data load time: 0.00022, step time: 0.01566,
epoch: [22], step: [617/1581], batch loss: 0.26246, batch accuracy: 84.38, data load time: 0.00023, step time: 0.01688,
epoch: [22], step: [917/1581], batch loss: 0.23016, batch accuracy: 90.62, data load time: 0.00296, step time: 0.01000,
epoch: [22], step: [1217/1581], batch loss: 0.22478, batch accuracy: 90.62, data load time: 0.00034, step time: 0.01014,
epoch: [22], step: [1517/1581], batch loss: 0.04862, batch accuracy: 96.88, data load time: 0.00022, step time: 0.00937,
epoch: [23], step: [236/1581], batch loss: 0.01804, batch accuracy: 100.00, data load time: 0.00407, step time: 0.01001,
epoch: [23], step: [536/1581], batch loss: 0.02423, batch accuracy: 100.00, data load time: 0.00024, step time: 0.01102,
epoch: [23], step: [836/1581], batch loss: 0.06339, batch accuracy: 96.88, data load time: 0.00382, step time: 0.01055,
epoch: [23], step: [1136/1581], batch loss: 0.13037, batch accuracy: 93.75, data load time: 0.00056, step time: 0.00969,
epoch: [23], step: [1436/1581], batch loss: 0.03201, batch accuracy: 100.00, data load time: 0.00030, step time: 0.01129,
epoch: [24], step: [155/1581], batch loss: 0.13688, batch accuracy: 96.88, data load time: 0.00826, step time: 0.01053,
epoch: [24], step: [455/1581], batch loss: 0.09007, batch accuracy: 93.75, data load time: 0.00030, step time: 0.01208,
epoch: [24], step: [755/1581], batch loss: 0.13279, batch accuracy: 96.88, data load time: 0.00031, step time: 0.01215,
epoch: [24], step: [1055/1581], batch loss: 0.26031, batch accuracy: 90.62, data load time: 0.00025, step time: 0.01005,
epoch: [24], step: [1355/1581], batch loss: 0.23389, batch accuracy: 93.75, data load time: 0.00026, step time: 0.00985,
validation loss: 1.16116, accuracy: 71.24, class_accuracy: [42.3728813559322, 92.10526315789474, 73.5042735042735, 78.76106194690266, 83.89830508474576, 53.211009174311926, 97.14285714285714, 91.15044247787611, 48.97959183673469, 79.66101694915254]
class_avg: 74.07867026306812
epoch: [25], step: [74/1581], batch loss: 0.24148, batch accuracy: 93.75, data load time: 0.00022, step time: 0.01595,
epoch: [25], step: [374/1581], batch loss: 0.12151, batch accuracy: 96.88, data load time: 0.00028, step time: 0.01109,
epoch: [25], step: [674/1581], batch loss: 0.09201, batch accuracy: 96.88, data load time: 0.00021, step time: 0.01008,
epoch: [25], step: [974/1581], batch loss: 0.05141, batch accuracy: 100.00, data load time: 0.00022, step time: 0.01021,
epoch: [25], step: [1274/1581], batch loss: 0.18508, batch accuracy: 93.75, data load time: 0.00511, step time: 0.01260,
epoch: [25], step: [1574/1581], batch loss: 0.13818, batch accuracy: 93.75, data load time: 0.00011, step time: 0.00862,
epoch: [26], step: [293/1581], batch loss: 0.10840, batch accuracy: 96.88, data load time: 0.00022, step time: 0.00981,
epoch: [26], step: [593/1581], batch loss: 0.07661, batch accuracy: 96.88, data load time: 0.00022, step time: 0.01537,
epoch: [26], step: [893/1581], batch loss: 0.13861, batch accuracy: 93.75, data load time: 0.00593, step time: 0.00934,
epoch: [26], step: [1193/1581], batch loss: 0.15837, batch accuracy: 93.75, data load time: 0.00867, step time: 0.01433,
epoch: [26], step: [1493/1581], batch loss: 0.18176, batch accuracy: 93.75, data load time: 0.00023, step time: 0.01624,
epoch: [27], step: [212/1581], batch loss: 0.10857, batch accuracy: 96.88, data load time: 0.00023, step time: 0.01767,
epoch: [27], step: [512/1581], batch loss: 0.06983, batch accuracy: 96.88, data load time: 0.00023, step time: 0.01219,
epoch: [27], step: [812/1581], batch loss: 0.10584, batch accuracy: 96.88, data load time: 0.00022, step time: 0.01006,
epoch: [27], step: [1112/1581], batch loss: 0.25077, batch accuracy: 84.38, data load time: 0.00022, step time: 0.00988,
epoch: [27], step: [1412/1581], batch loss: 0.07434, batch accuracy: 96.88, data load time: 0.00020, step time: 0.01042,
epoch: [28], step: [131/1581], batch loss: 0.15044, batch accuracy: 90.62, data load time: 0.00021, step time: 0.01014,
epoch: [28], step: [431/1581], batch loss: 0.10740, batch accuracy: 96.88, data load time: 0.00020, step time: 0.01057,
epoch: [28], step: [731/1581], batch loss: 0.10477, batch accuracy: 100.00, data load time: 0.00031, step time: 0.01026,
epoch: [28], step: [1031/1581], batch loss: 0.18114, batch accuracy: 93.75, data load time: 0.00021, step time: 0.00975,
epoch: [28], step: [1331/1581], batch loss: 0.20107, batch accuracy: 87.50, data load time: 0.00021, step time: 0.01088,
epoch: [29], step: [50/1581], batch loss: 0.09587, batch accuracy: 96.88, data load time: 0.00588, step time: 0.01783,
epoch: [29], step: [350/1581], batch loss: 0.11599, batch accuracy: 96.88, data load time: 0.00021, step time: 0.00946,
epoch: [29], step: [650/1581], batch loss: 0.11612, batch accuracy: 93.75, data load time: 0.00022, step time: 0.01233,
epoch: [29], step: [950/1581], batch loss: 0.07708, batch accuracy: 96.88, data load time: 0.00022, step time: 0.01097,
epoch: [29], step: [1250/1581], batch loss: 0.06165, batch accuracy: 100.00, data load time: 0.00279, step time: 0.01017,
epoch: [29], step: [1550/1581], batch loss: 0.13921, batch accuracy: 93.75, data load time: 0.00011, step time: 0.00860,
validation loss: 1.05372, accuracy: 71.55, class_accuracy: [48.30508474576271, 94.73684210526316, 86.32478632478633, 67.2566371681416, 78.8135593220339, 50.45871559633027, 97.14285714285714, 91.15044247787611, 56.12244897959184, 75.42372881355932]
class_avg: 74.57351026762024
epoch: [30], step: [269/1581], batch loss: 0.05008, batch accuracy: 96.88, data load time: 0.00021, step time: 0.00975,
epoch: [30], step: [569/1581], batch loss: 0.17740, batch accuracy: 87.50, data load time: 0.00022, step time: 0.00947,
epoch: [30], step: [869/1581], batch loss: 0.13103, batch accuracy: 93.75, data load time: 0.00021, step time: 0.00986,
epoch: [30], step: [1169/1581], batch loss: 0.07557, batch accuracy: 96.88, data load time: 0.00022, step time: 0.00990,
epoch: [30], step: [1469/1581], batch loss: 0.12770, batch accuracy: 90.62, data load time: 0.00023, step time: 0.01515,
epoch: [31], step: [188/1581], batch loss: 0.11156, batch accuracy: 93.75, data load time: 0.00022, step time: 0.01248,
epoch: [31], step: [488/1581], batch loss: 0.11818, batch accuracy: 90.62, data load time: 0.00025, step time: 0.00980,
epoch: [31], step: [788/1581], batch loss: 0.01423, batch accuracy: 100.00, data load time: 0.00024, step time: 0.01134,
epoch: [31], step: [1088/1581], batch loss: 0.11969, batch accuracy: 93.75, data load time: 0.00022, step time: 0.01032,
epoch: [31], step: [1388/1581], batch loss: 0.15388, batch accuracy: 93.75, data load time: 0.00022, step time: 0.00968,
epoch: [32], step: [107/1581], batch loss: 0.25019, batch accuracy: 93.75, data load time: 0.00020, step time: 0.00998,
epoch: [32], step: [407/1581], batch loss: 0.09587, batch accuracy: 93.75, data load time: 0.00022, step time: 0.01134,
epoch: [32], step: [707/1581], batch loss: 0.07729, batch accuracy: 93.75, data load time: 0.00047, step time: 0.01029,
epoch: [32], step: [1007/1581], batch loss: 0.17736, batch accuracy: 93.75, data load time: 0.00335, step time: 0.00985,
epoch: [32], step: [1307/1581], batch loss: 0.15328, batch accuracy: 93.75, data load time: 0.00290, step time: 0.01098,
epoch: [33], step: [26/1581], batch loss: 0.16509, batch accuracy: 93.75, data load time: 0.00019, step time: 0.01127,
epoch: [33], step: [326/1581], batch loss: 0.17407, batch accuracy: 93.75, data load time: 0.00021, step time: 0.01038,
epoch: [33], step: [626/1581], batch loss: 0.05415, batch accuracy: 96.88, data load time: 0.00027, step time: 0.01297,
epoch: [33], step: [926/1581], batch loss: 0.06843, batch accuracy: 100.00, data load time: 0.00022, step time: 0.00946,
epoch: [33], step: [1226/1581], batch loss: 0.17394, batch accuracy: 90.62, data load time: 0.00021, step time: 0.01270,
epoch: [33], step: [1526/1581], batch loss: 0.07443, batch accuracy: 100.00, data load time: 0.00017, step time: 0.00983,
epoch: [34], step: [245/1581], batch loss: 0.05328, batch accuracy: 100.00, data load time: 0.00319, step time: 0.01146,
epoch: [34], step: [545/1581], batch loss: 0.13584, batch accuracy: 93.75, data load time: 0.00022, step time: 0.01039,
epoch: [34], step: [845/1581], batch loss: 0.18482, batch accuracy: 90.62, data load time: 0.00021, step time: 0.01435,
epoch: [34], step: [1145/1581], batch loss: 0.07135, batch accuracy: 100.00, data load time: 0.00023, step time: 0.01005,
epoch: [34], step: [1445/1581], batch loss: 0.13847, batch accuracy: 93.75, data load time: 0.00033, step time: 0.01031,
validation loss: 0.95635, accuracy: 75.03, class_accuracy: [54.23728813559322, 92.10526315789474, 75.21367521367522, 76.99115044247787, 86.44067796610169, 59.63302752293578, 100.0, 94.69026548672566, 54.08163265306123, 82.20338983050847]
class_avg: 77.5596370408974
epoch: [35], step: [164/1581], batch loss: 0.20336, batch accuracy: 93.75, data load time: 0.00031, step time: 0.01136,
epoch: [35], step: [464/1581], batch loss: 0.22525, batch accuracy: 87.50, data load time: 0.00020, step time: 0.01516,
epoch: [35], step: [764/1581], batch loss: 0.05273, batch accuracy: 96.88, data load time: 0.00024, step time: 0.01054,
epoch: [35], step: [1064/1581], batch loss: 0.10844, batch accuracy: 90.62, data load time: 0.00024, step time: 0.00992,
epoch: [35], step: [1364/1581], batch loss: 0.10686, batch accuracy: 96.88, data load time: 0.00288, step time: 0.00978,
epoch: [36], step: [83/1581], batch loss: 0.12883, batch accuracy: 93.75, data load time: 0.00687, step time: 0.01097,
epoch: [36], step: [383/1581], batch loss: 0.05717, batch accuracy: 100.00, data load time: 0.00022, step time: 0.01176,
epoch: [36], step: [683/1581], batch loss: 0.26615, batch accuracy: 90.62, data load time: 0.00308, step time: 0.01128,
epoch: [36], step: [983/1581], batch loss: 0.02892, batch accuracy: 100.00, data load time: 0.00022, step time: 0.00979,
epoch: [36], step: [1283/1581], batch loss: 0.09150, batch accuracy: 100.00, data load time: 0.00294, step time: 0.00988,
epoch: [37], step: [2/1581], batch loss: 0.11393, batch accuracy: 93.75, data load time: 0.00029, step time: 0.01238,
epoch: [37], step: [302/1581], batch loss: 0.13339, batch accuracy: 96.88, data load time: 0.00034, step time: 0.01035,
epoch: [37], step: [602/1581], batch loss: 0.13798, batch accuracy: 96.88, data load time: 0.00021, step time: 0.01229,
epoch: [37], step: [902/1581], batch loss: 0.08026, batch accuracy: 96.88, data load time: 0.00021, step time: 0.00917,
epoch: [37], step: [1202/1581], batch loss: 0.24468, batch accuracy: 87.50, data load time: 0.00023, step time: 0.00998,
epoch: [37], step: [1502/1581], batch loss: 0.15678, batch accuracy: 90.62, data load time: 0.00021, step time: 0.01411,
epoch: [38], step: [221/1581], batch loss: 0.04169, batch accuracy: 100.00, data load time: 0.00341, step time: 0.00999,
epoch: [38], step: [521/1581], batch loss: 0.07292, batch accuracy: 96.88, data load time: 0.00058, step time: 0.01010,
epoch: [38], step: [821/1581], batch loss: 0.07259, batch accuracy: 96.88, data load time: 0.00024, step time: 0.01036,
epoch: [38], step: [1121/1581], batch loss: 0.10284, batch accuracy: 93.75, data load time: 0.00023, step time: 0.01141,
epoch: [38], step: [1421/1581], batch loss: 0.17920, batch accuracy: 90.62, data load time: 0.00022, step time: 0.01477,
epoch: [39], step: [140/1581], batch loss: 0.25464, batch accuracy: 96.88, data load time: 0.00029, step time: 0.00989,
epoch: [39], step: [440/1581], batch loss: 0.06717, batch accuracy: 96.88, data load time: 0.00021, step time: 0.00949,
epoch: [39], step: [740/1581], batch loss: 0.12144, batch accuracy: 93.75, data load time: 0.00030, step time: 0.00954,
epoch: [39], step: [1040/1581], batch loss: 0.04038, batch accuracy: 100.00, data load time: 0.00375, step time: 0.01212,
epoch: [39], step: [1340/1581], batch loss: 0.09089, batch accuracy: 96.88, data load time: 0.00022, step time: 0.01072,
validation loss: 1.05546, accuracy: 72.57, class_accuracy: [39.83050847457627, 86.84210526315789, 78.63247863247864, 69.02654867256638, 93.22033898305085, 47.706422018348626, 97.14285714285714, 87.61061946902655, 61.224489795918366, 88.13559322033899]
class_avg: 74.93719616723197
epoch: [40], step: [59/1581], batch loss: 0.18260, batch accuracy: 93.75, data load time: 0.00553, step time: 0.01271,
epoch: [40], step: [359/1581], batch loss: 0.25464, batch accuracy: 90.62, data load time: 0.00024, step time: 0.01029,
epoch: [40], step: [659/1581], batch loss: 0.13517, batch accuracy: 96.88, data load time: 0.00029, step time: 0.01483,
epoch: [40], step: [959/1581], batch loss: 0.04713, batch accuracy: 100.00, data load time: 0.00321, step time: 0.01022,
epoch: [40], step: [1259/1581], batch loss: 0.06740, batch accuracy: 100.00, data load time: 0.00031, step time: 0.01033,
epoch: [40], step: [1559/1581], batch loss: 0.06325, batch accuracy: 100.00, data load time: 0.00011, step time: 0.00858,
epoch: [41], step: [278/1581], batch loss: 0.18433, batch accuracy: 90.62, data load time: 0.00022, step time: 0.01028,
epoch: [41], step: [578/1581], batch loss: 0.10421, batch accuracy: 93.75, data load time: 0.00022, step time: 0.00966,
epoch: [41], step: [878/1581], batch loss: 0.11550, batch accuracy: 93.75, data load time: 0.00024, step time: 0.00938,
epoch: [41], step: [1178/1581], batch loss: 0.07363, batch accuracy: 100.00, data load time: 0.00286, step time: 0.00966,
epoch: [41], step: [1478/1581], batch loss: 0.12441, batch accuracy: 90.62, data load time: 0.00022, step time: 0.01019,
epoch: [42], step: [197/1581], batch loss: 0.07573, batch accuracy: 93.75, data load time: 0.00409, step time: 0.01043,
epoch: [42], step: [497/1581], batch loss: 0.09325, batch accuracy: 96.88, data load time: 0.00022, step time: 0.00980,
epoch: [42], step: [797/1581], batch loss: 0.17356, batch accuracy: 87.50, data load time: 0.00329, step time: 0.01022,
epoch: [42], step: [1097/1581], batch loss: 0.28155, batch accuracy: 84.38, data load time: 0.00023, step time: 0.01188,
epoch: [42], step: [1397/1581], batch loss: 0.06474, batch accuracy: 100.00, data load time: 0.00020, step time: 0.01019,
epoch: [43], step: [116/1581], batch loss: 0.05054, batch accuracy: 100.00, data load time: 0.00025, step time: 0.01084,
epoch: [43], step: [416/1581], batch loss: 0.00926, batch accuracy: 100.00, data load time: 0.00054, step time: 0.01007,
epoch: [43], step: [716/1581], batch loss: 0.18028, batch accuracy: 93.75, data load time: 0.00535, step time: 0.01049,
epoch: [43], step: [1016/1581], batch loss: 0.20147, batch accuracy: 90.62, data load time: 0.00318, step time: 0.01051,
epoch: [43], step: [1316/1581], batch loss: 0.12240, batch accuracy: 100.00, data load time: 0.00021, step time: 0.00933,
epoch: [44], step: [35/1581], batch loss: 0.05223, batch accuracy: 100.00, data load time: 0.00023, step time: 0.01663,
epoch: [44], step: [335/1581], batch loss: 0.17199, batch accuracy: 96.88, data load time: 0.00023, step time: 0.01117,
epoch: [44], step: [635/1581], batch loss: 0.03341, batch accuracy: 100.00, data load time: 0.00388, step time: 0.01208,
epoch: [44], step: [935/1581], batch loss: 0.31230, batch accuracy: 84.38, data load time: 0.00032, step time: 0.00995,
epoch: [44], step: [1235/1581], batch loss: 0.13307, batch accuracy: 96.88, data load time: 0.00022, step time: 0.01535,
epoch: [44], step: [1535/1581], batch loss: 0.38464, batch accuracy: 84.38, data load time: 0.00018, step time: 0.00955,
validation loss: 0.97182, accuracy: 71.85, class_accuracy: [34.74576271186441, 94.73684210526316, 80.34188034188034, 76.10619469026548, 71.1864406779661, 52.293577981651374, 100.0, 96.46017699115045, 59.183673469387756, 86.44067796610169]
class_avg: 75.14952269355307
epoch: [45], step: [254/1581], batch loss: 0.13312, batch accuracy: 96.88, data load time: 0.00024, step time: 0.01164,
epoch: [45], step: [554/1581], batch loss: 0.09623, batch accuracy: 96.88, data load time: 0.00023, step time: 0.00970,
epoch: [45], step: [854/1581], batch loss: 0.20016, batch accuracy: 96.88, data load time: 0.00023, step time: 0.00950,
epoch: [45], step: [1154/1581], batch loss: 0.07868, batch accuracy: 93.75, data load time: 0.00021, step time: 0.00957,
epoch: [45], step: [1454/1581], batch loss: 0.04428, batch accuracy: 100.00, data load time: 0.00021, step time: 0.01528,
epoch: [46], step: [173/1581], batch loss: 0.05187, batch accuracy: 93.75, data load time: 0.00022, step time: 0.01074,
epoch: [46], step: [473/1581], batch loss: 0.03373, batch accuracy: 100.00, data load time: 0.00088, step time: 0.00995,
epoch: [46], step: [773/1581], batch loss: 0.12136, batch accuracy: 93.75, data load time: 0.00022, step time: 0.01616,
epoch: [46], step: [1073/1581], batch loss: 0.12799, batch accuracy: 96.88, data load time: 0.00023, step time: 0.01656,
epoch: [46], step: [1373/1581], batch loss: 0.05349, batch accuracy: 96.88, data load time: 0.00024, step time: 0.01022,
epoch: [47], step: [92/1581], batch loss: 0.16524, batch accuracy: 93.75, data load time: 0.00022, step time: 0.01702,
epoch: [47], step: [392/1581], batch loss: 0.06455, batch accuracy: 96.88, data load time: 0.00025, step time: 0.01129,
epoch: [47], step: [692/1581], batch loss: 0.02369, batch accuracy: 100.00, data load time: 0.00025, step time: 0.01010,
epoch: [47], step: [992/1581], batch loss: 0.03374, batch accuracy: 100.00, data load time: 0.00023, step time: 0.01596,
epoch: [47], step: [1292/1581], batch loss: 0.15655, batch accuracy: 93.75, data load time: 0.00023, step time: 0.01639,
epoch: [48], step: [11/1581], batch loss: 0.06325, batch accuracy: 100.00, data load time: 0.00026, step time: 0.01245,
epoch: [48], step: [311/1581], batch loss: 0.27761, batch accuracy: 90.62, data load time: 0.00023, step time: 0.00984,
epoch: [48], step: [611/1581], batch loss: 0.11999, batch accuracy: 93.75, data load time: 0.00022, step time: 0.01547,
epoch: [48], step: [911/1581], batch loss: 0.07534, batch accuracy: 100.00, data load time: 0.00026, step time: 0.00972,
epoch: [48], step: [1211/1581], batch loss: 0.03881, batch accuracy: 100.00, data load time: 0.00023, step time: 0.01647,
epoch: [48], step: [1511/1581], batch loss: 0.02279, batch accuracy: 100.00, data load time: 0.00024, step time: 0.00992,
epoch: [49], step: [230/1581], batch loss: 0.03772, batch accuracy: 100.00, data load time: 0.00022, step time: 0.01022,
epoch: [49], step: [530/1581], batch loss: 0.14571, batch accuracy: 96.88, data load time: 0.00022, step time: 0.01154,
epoch: [49], step: [830/1581], batch loss: 0.07716, batch accuracy: 96.88, data load time: 0.00021, step time: 0.01576,
epoch: [49], step: [1130/1581], batch loss: 0.17486, batch accuracy: 96.88, data load time: 0.00021, step time: 0.01133,
epoch: [49], step: [1430/1581], batch loss: 0.10178, batch accuracy: 93.75, data load time: 0.00023, step time: 0.00987,
validation loss: 0.98426, accuracy: 72.16, class_accuracy: [45.76271186440678, 97.36842105263158, 78.63247863247864, 70.79646017699115, 83.89830508474576, 51.37614678899082, 97.14285714285714, 88.49557522123894, 59.183673469387756, 80.50847457627118]
class_avg: 75.31651040099997
Total time taken: 1115.3452651500702
