Using CUDA...
Writing logs to logs/CNN_bn_epochs=50_dropout=0.5_bs=32_optim=Adam_decay=1e-06_lr=0.001_momentum=0.9_mode=MLMC_run_1
epoch: [0], step: [299/1581], batch loss: 1.74266, batch accuracy: 28.12, data load time: 0.00027, step time: 0.02370,
epoch: [0], step: [599/1581], batch loss: 1.60973, batch accuracy: 43.75, data load time: 0.00027, step time: 0.01388,
epoch: [0], step: [899/1581], batch loss: 1.20958, batch accuracy: 56.25, data load time: 0.00029, step time: 0.02425,
epoch: [0], step: [1199/1581], batch loss: 0.94001, batch accuracy: 65.62, data load time: 0.00027, step time: 0.01390,
epoch: [0], step: [1499/1581], batch loss: 1.13938, batch accuracy: 65.62, data load time: 0.00025, step time: 0.01420,
epoch: [1], step: [218/1581], batch loss: 0.98136, batch accuracy: 62.50, data load time: 0.00026, step time: 0.01393,
epoch: [1], step: [518/1581], batch loss: 0.90570, batch accuracy: 68.75, data load time: 0.00029, step time: 0.01495,
epoch: [1], step: [818/1581], batch loss: 0.48131, batch accuracy: 81.25, data load time: 0.00027, step time: 0.01389,
epoch: [1], step: [1118/1581], batch loss: 0.51681, batch accuracy: 84.38, data load time: 0.00026, step time: 0.01389,
epoch: [1], step: [1418/1581], batch loss: 0.72255, batch accuracy: 71.88, data load time: 0.00866, step time: 0.01472,
epoch: [2], step: [137/1581], batch loss: 0.52294, batch accuracy: 90.62, data load time: 0.00028, step time: 0.01394,
epoch: [2], step: [437/1581], batch loss: 0.51161, batch accuracy: 81.25, data load time: 0.00027, step time: 0.01389,
epoch: [2], step: [737/1581], batch loss: 0.38529, batch accuracy: 90.62, data load time: 0.00029, step time: 0.01400,
epoch: [2], step: [1037/1581], batch loss: 0.53644, batch accuracy: 84.38, data load time: 0.00028, step time: 0.02494,
epoch: [2], step: [1337/1581], batch loss: 0.37177, batch accuracy: 93.75, data load time: 0.00027, step time: 0.02286,
epoch: [3], step: [56/1581], batch loss: 0.58427, batch accuracy: 84.38, data load time: 0.00026, step time: 0.01403,
epoch: [3], step: [356/1581], batch loss: 0.67851, batch accuracy: 78.12, data load time: 0.00025, step time: 0.02366,
epoch: [3], step: [656/1581], batch loss: 0.59889, batch accuracy: 68.75, data load time: 0.00030, step time: 0.01409,
epoch: [3], step: [956/1581], batch loss: 0.55138, batch accuracy: 87.50, data load time: 0.00027, step time: 0.01389,
epoch: [3], step: [1256/1581], batch loss: 0.34073, batch accuracy: 87.50, data load time: 0.00026, step time: 0.01390,
epoch: [3], step: [1556/1581], batch loss: 0.74496, batch accuracy: 68.75, data load time: 0.00014, step time: 0.01380,
epoch: [4], step: [275/1581], batch loss: 0.17684, batch accuracy: 93.75, data load time: 0.00026, step time: 0.01408,
epoch: [4], step: [575/1581], batch loss: 0.39007, batch accuracy: 87.50, data load time: 0.00026, step time: 0.01388,
epoch: [4], step: [875/1581], batch loss: 0.23724, batch accuracy: 93.75, data load time: 0.00028, step time: 0.01434,
epoch: [4], step: [1175/1581], batch loss: 0.22495, batch accuracy: 90.62, data load time: 0.00492, step time: 0.01575,
epoch: [4], step: [1475/1581], batch loss: 0.45143, batch accuracy: 90.62, data load time: 0.00026, step time: 0.01391,
validation loss: 0.90227, accuracy: 70.32, class_accuracy: [47.45762711864407, 92.10526315789474, 67.52136752136752, 81.41592920353982, 62.71186440677966, 57.79816513761468, 91.42857142857143, 97.34513274336283, 56.12244897959184, 77.11864406779661]
class_avg: 73.10250137651632
epoch: [5], step: [194/1581], batch loss: 0.46467, batch accuracy: 81.25, data load time: 0.00028, step time: 0.01389,
epoch: [5], step: [494/1581], batch loss: 0.26666, batch accuracy: 87.50, data load time: 0.00027, step time: 0.01400,
epoch: [5], step: [794/1581], batch loss: 0.10460, batch accuracy: 100.00, data load time: 0.00031, step time: 0.02984,
epoch: [5], step: [1094/1581], batch loss: 0.38666, batch accuracy: 84.38, data load time: 0.00034, step time: 0.01680,
epoch: [5], step: [1394/1581], batch loss: 0.25289, batch accuracy: 84.38, data load time: 0.00038, step time: 0.01745,
epoch: [6], step: [113/1581], batch loss: 0.31249, batch accuracy: 93.75, data load time: 0.00026, step time: 0.01390,
epoch: [6], step: [413/1581], batch loss: 0.06639, batch accuracy: 100.00, data load time: 0.00044, step time: 0.01407,
epoch: [6], step: [713/1581], batch loss: 0.28928, batch accuracy: 90.62, data load time: 0.00026, step time: 0.01401,
epoch: [6], step: [1013/1581], batch loss: 0.41861, batch accuracy: 81.25, data load time: 0.00027, step time: 0.01460,
epoch: [6], step: [1313/1581], batch loss: 0.09527, batch accuracy: 96.88, data load time: 0.00025, step time: 0.01387,
epoch: [7], step: [32/1581], batch loss: 0.24594, batch accuracy: 90.62, data load time: 0.00072, step time: 0.02857,
epoch: [7], step: [332/1581], batch loss: 0.14407, batch accuracy: 93.75, data load time: 0.00029, step time: 0.02429,
epoch: [7], step: [632/1581], batch loss: 0.19432, batch accuracy: 96.88, data load time: 0.00029, step time: 0.03092,
epoch: [7], step: [932/1581], batch loss: 0.28445, batch accuracy: 87.50, data load time: 0.00026, step time: 0.01393,
epoch: [7], step: [1232/1581], batch loss: 0.21610, batch accuracy: 90.62, data load time: 0.00037, step time: 0.01389,
epoch: [7], step: [1532/1581], batch loss: 0.33160, batch accuracy: 84.38, data load time: 0.00021, step time: 0.01390,
epoch: [8], step: [251/1581], batch loss: 0.22984, batch accuracy: 90.62, data load time: 0.00032, step time: 0.02338,
epoch: [8], step: [551/1581], batch loss: 0.40461, batch accuracy: 84.38, data load time: 0.00447, step time: 0.01454,
epoch: [8], step: [851/1581], batch loss: 0.30158, batch accuracy: 84.38, data load time: 0.00027, step time: 0.01541,
epoch: [8], step: [1151/1581], batch loss: 0.15425, batch accuracy: 96.88, data load time: 0.00026, step time: 0.02356,
epoch: [8], step: [1451/1581], batch loss: 0.11210, batch accuracy: 90.62, data load time: 0.00029, step time: 0.01415,
epoch: [9], step: [170/1581], batch loss: 0.04072, batch accuracy: 100.00, data load time: 0.00029, step time: 0.01414,
epoch: [9], step: [470/1581], batch loss: 0.17479, batch accuracy: 93.75, data load time: 0.00068, step time: 0.01415,
epoch: [9], step: [770/1581], batch loss: 0.09830, batch accuracy: 96.88, data load time: 0.00907, step time: 0.01389,
epoch: [9], step: [1070/1581], batch loss: 0.08460, batch accuracy: 96.88, data load time: 0.00029, step time: 0.01423,
epoch: [9], step: [1370/1581], batch loss: 0.14920, batch accuracy: 93.75, data load time: 0.00026, step time: 0.01518,
validation loss: 1.14386, accuracy: 70.01, class_accuracy: [38.13559322033898, 94.73684210526316, 80.34188034188034, 76.99115044247787, 78.8135593220339, 50.45871559633027, 97.14285714285714, 86.72566371681415, 52.04081632653061, 77.11864406779661]
class_avg: 73.2505722282323
epoch: [10], step: [89/1581], batch loss: 0.60762, batch accuracy: 90.62, data load time: 0.00026, step time: 0.01390,
epoch: [10], step: [389/1581], batch loss: 0.10040, batch accuracy: 93.75, data load time: 0.00028, step time: 0.01392,
epoch: [10], step: [689/1581], batch loss: 0.10838, batch accuracy: 96.88, data load time: 0.00027, step time: 0.01390,
epoch: [10], step: [989/1581], batch loss: 0.09140, batch accuracy: 96.88, data load time: 0.00027, step time: 0.02231,
epoch: [10], step: [1289/1581], batch loss: 0.04926, batch accuracy: 100.00, data load time: 0.00026, step time: 0.01388,
epoch: [11], step: [8/1581], batch loss: 0.07616, batch accuracy: 93.75, data load time: 0.00024, step time: 0.01648,
epoch: [11], step: [308/1581], batch loss: 0.13970, batch accuracy: 93.75, data load time: 0.00026, step time: 0.01413,
epoch: [11], step: [608/1581], batch loss: 0.20096, batch accuracy: 90.62, data load time: 0.00032, step time: 0.02532,
epoch: [11], step: [908/1581], batch loss: 0.10038, batch accuracy: 93.75, data load time: 0.00811, step time: 0.01406,
epoch: [11], step: [1208/1581], batch loss: 0.27305, batch accuracy: 87.50, data load time: 0.00027, step time: 0.01395,
epoch: [11], step: [1508/1581], batch loss: 0.19473, batch accuracy: 93.75, data load time: 0.00028, step time: 0.01395,
epoch: [12], step: [227/1581], batch loss: 0.03164, batch accuracy: 100.00, data load time: 0.00078, step time: 0.03007,
epoch: [12], step: [527/1581], batch loss: 0.06930, batch accuracy: 100.00, data load time: 0.00027, step time: 0.01391,
epoch: [12], step: [827/1581], batch loss: 0.06588, batch accuracy: 100.00, data load time: 0.00048, step time: 0.01797,
epoch: [12], step: [1127/1581], batch loss: 0.07455, batch accuracy: 100.00, data load time: 0.00025, step time: 0.01388,
epoch: [12], step: [1427/1581], batch loss: 0.03475, batch accuracy: 100.00, data load time: 0.00027, step time: 0.01405,
epoch: [13], step: [146/1581], batch loss: 0.02230, batch accuracy: 100.00, data load time: 0.00074, step time: 0.01397,
epoch: [13], step: [446/1581], batch loss: 0.21070, batch accuracy: 90.62, data load time: 0.00029, step time: 0.01443,
epoch: [13], step: [746/1581], batch loss: 0.01673, batch accuracy: 100.00, data load time: 0.00028, step time: 0.01415,
epoch: [13], step: [1046/1581], batch loss: 0.02785, batch accuracy: 100.00, data load time: 0.00028, step time: 0.01389,
epoch: [13], step: [1346/1581], batch loss: 0.04552, batch accuracy: 100.00, data load time: 0.00029, step time: 0.01391,
epoch: [14], step: [65/1581], batch loss: 0.10487, batch accuracy: 93.75, data load time: 0.00768, step time: 0.01447,
epoch: [14], step: [365/1581], batch loss: 0.02749, batch accuracy: 100.00, data load time: 0.00027, step time: 0.02370,
epoch: [14], step: [665/1581], batch loss: 0.12055, batch accuracy: 96.88, data load time: 0.00868, step time: 0.01389,
epoch: [14], step: [965/1581], batch loss: 0.10724, batch accuracy: 96.88, data load time: 0.00028, step time: 0.01396,
epoch: [14], step: [1265/1581], batch loss: 0.07204, batch accuracy: 93.75, data load time: 0.00031, step time: 0.01410,
epoch: [14], step: [1565/1581], batch loss: 0.13778, batch accuracy: 96.88, data load time: 0.00014, step time: 0.01382,
validation loss: 1.05422, accuracy: 74.00, class_accuracy: [43.220338983050844, 92.10526315789474, 71.7948717948718, 84.070796460177, 75.42372881355932, 55.96330275229358, 97.14285714285714, 98.23008849557522, 62.244897959183675, 86.44067796610169]
class_avg: 76.66368235255649
epoch: [15], step: [284/1581], batch loss: 0.02532, batch accuracy: 100.00, data load time: 0.00041, step time: 0.01476,
epoch: [15], step: [584/1581], batch loss: 0.11543, batch accuracy: 96.88, data load time: 0.00869, step time: 0.01411,
epoch: [15], step: [884/1581], batch loss: 0.03576, batch accuracy: 96.88, data load time: 0.00026, step time: 0.01391,
epoch: [15], step: [1184/1581], batch loss: 0.04869, batch accuracy: 96.88, data load time: 0.00437, step time: 0.01510,
epoch: [15], step: [1484/1581], batch loss: 0.27619, batch accuracy: 93.75, data load time: 0.01251, step time: 0.01438,
epoch: [16], step: [203/1581], batch loss: 0.06419, batch accuracy: 100.00, data load time: 0.00028, step time: 0.01508,
epoch: [16], step: [503/1581], batch loss: 0.09263, batch accuracy: 96.88, data load time: 0.00026, step time: 0.01387,
epoch: [16], step: [803/1581], batch loss: 0.01245, batch accuracy: 100.00, data load time: 0.00027, step time: 0.01467,
epoch: [16], step: [1103/1581], batch loss: 0.20546, batch accuracy: 90.62, data load time: 0.00028, step time: 0.01397,
epoch: [16], step: [1403/1581], batch loss: 0.07153, batch accuracy: 96.88, data load time: 0.00029, step time: 0.03144,
epoch: [17], step: [122/1581], batch loss: 0.09447, batch accuracy: 96.88, data load time: 0.00024, step time: 0.01387,
epoch: [17], step: [422/1581], batch loss: 0.02890, batch accuracy: 96.88, data load time: 0.00036, step time: 0.01431,
epoch: [17], step: [722/1581], batch loss: 0.11995, batch accuracy: 93.75, data load time: 0.00038, step time: 0.01393,
epoch: [17], step: [1022/1581], batch loss: 0.00795, batch accuracy: 100.00, data load time: 0.00027, step time: 0.01399,
epoch: [17], step: [1322/1581], batch loss: 0.06782, batch accuracy: 96.88, data load time: 0.00038, step time: 0.01394,
epoch: [18], step: [41/1581], batch loss: 0.00366, batch accuracy: 100.00, data load time: 0.00025, step time: 0.01466,
epoch: [18], step: [341/1581], batch loss: 0.06006, batch accuracy: 96.88, data load time: 0.00029, step time: 0.01596,
epoch: [18], step: [641/1581], batch loss: 0.04596, batch accuracy: 100.00, data load time: 0.00029, step time: 0.01393,
epoch: [18], step: [941/1581], batch loss: 0.02366, batch accuracy: 100.00, data load time: 0.00504, step time: 0.01694,
epoch: [18], step: [1241/1581], batch loss: 0.02815, batch accuracy: 96.88, data load time: 0.00030, step time: 0.01392,
epoch: [18], step: [1541/1581], batch loss: 0.17800, batch accuracy: 90.62, data load time: 0.00016, step time: 0.01382,
epoch: [19], step: [260/1581], batch loss: 0.20461, batch accuracy: 87.50, data load time: 0.00028, step time: 0.01390,
epoch: [19], step: [560/1581], batch loss: 0.01350, batch accuracy: 100.00, data load time: 0.00027, step time: 0.01390,
epoch: [19], step: [860/1581], batch loss: 0.01981, batch accuracy: 100.00, data load time: 0.00027, step time: 0.01447,
epoch: [19], step: [1160/1581], batch loss: 0.02216, batch accuracy: 100.00, data load time: 0.00025, step time: 0.01388,
epoch: [19], step: [1460/1581], batch loss: 0.03444, batch accuracy: 96.88, data load time: 0.00027, step time: 0.02431,
validation loss: 1.33889, accuracy: 72.47, class_accuracy: [34.74576271186441, 86.84210526315789, 82.05128205128206, 76.10619469026548, 78.8135593220339, 53.211009174311926, 97.14285714285714, 93.80530973451327, 63.265306122448976, 83.89830508474576]
class_avg: 74.98816912974807
epoch: [20], step: [179/1581], batch loss: 0.08415, batch accuracy: 96.88, data load time: 0.00029, step time: 0.01401,
epoch: [20], step: [479/1581], batch loss: 0.24690, batch accuracy: 87.50, data load time: 0.00029, step time: 0.01546,
epoch: [20], step: [779/1581], batch loss: 0.01564, batch accuracy: 100.00, data load time: 0.00028, step time: 0.01420,
epoch: [20], step: [1079/1581], batch loss: 0.02840, batch accuracy: 100.00, data load time: 0.00027, step time: 0.01464,
epoch: [20], step: [1379/1581], batch loss: 0.21619, batch accuracy: 93.75, data load time: 0.00028, step time: 0.01390,
epoch: [21], step: [98/1581], batch loss: 0.02667, batch accuracy: 100.00, data load time: 0.00027, step time: 0.02382,
epoch: [21], step: [398/1581], batch loss: 0.01535, batch accuracy: 100.00, data load time: 0.00028, step time: 0.02352,
epoch: [21], step: [698/1581], batch loss: 0.00192, batch accuracy: 100.00, data load time: 0.00028, step time: 0.02225,
epoch: [21], step: [998/1581], batch loss: 0.01875, batch accuracy: 100.00, data load time: 0.00028, step time: 0.01393,
epoch: [21], step: [1298/1581], batch loss: 0.05873, batch accuracy: 96.88, data load time: 0.00029, step time: 0.01393,
epoch: [22], step: [17/1581], batch loss: 0.09816, batch accuracy: 96.88, data load time: 0.00030, step time: 0.01390,
epoch: [22], step: [317/1581], batch loss: 0.01758, batch accuracy: 100.00, data load time: 0.00027, step time: 0.02272,
epoch: [22], step: [617/1581], batch loss: 0.00757, batch accuracy: 100.00, data load time: 0.00727, step time: 0.01408,
epoch: [22], step: [917/1581], batch loss: 0.05848, batch accuracy: 96.88, data load time: 0.00029, step time: 0.01391,
epoch: [22], step: [1217/1581], batch loss: 0.03025, batch accuracy: 100.00, data load time: 0.00028, step time: 0.02454,
epoch: [22], step: [1517/1581], batch loss: 0.02054, batch accuracy: 100.00, data load time: 0.00026, step time: 0.01675,
epoch: [23], step: [236/1581], batch loss: 0.11721, batch accuracy: 96.88, data load time: 0.00027, step time: 0.02193,
epoch: [23], step: [536/1581], batch loss: 0.03418, batch accuracy: 96.88, data load time: 0.01257, step time: 0.01598,
epoch: [23], step: [836/1581], batch loss: 0.02151, batch accuracy: 100.00, data load time: 0.00027, step time: 0.01463,
epoch: [23], step: [1136/1581], batch loss: 0.06929, batch accuracy: 96.88, data load time: 0.00029, step time: 0.01472,
epoch: [23], step: [1436/1581], batch loss: 0.02138, batch accuracy: 100.00, data load time: 0.00402, step time: 0.01667,
epoch: [24], step: [155/1581], batch loss: 0.10139, batch accuracy: 96.88, data load time: 0.00929, step time: 0.01395,
epoch: [24], step: [455/1581], batch loss: 0.00889, batch accuracy: 100.00, data load time: 0.00044, step time: 0.01404,
epoch: [24], step: [755/1581], batch loss: 0.00455, batch accuracy: 100.00, data load time: 0.00027, step time: 0.01464,
epoch: [24], step: [1055/1581], batch loss: 0.00957, batch accuracy: 100.00, data load time: 0.00380, step time: 0.02517,
epoch: [24], step: [1355/1581], batch loss: 0.00290, batch accuracy: 100.00, data load time: 0.00028, step time: 0.01392,
validation loss: 1.57134, accuracy: 71.85, class_accuracy: [35.59322033898305, 92.10526315789474, 88.88888888888889, 71.68141592920354, 77.96610169491525, 49.54128440366973, 97.14285714285714, 91.15044247787611, 58.16326530612245, 84.7457627118644]
class_avg: 74.69785020522752
epoch: [25], step: [74/1581], batch loss: 0.00346, batch accuracy: 100.00, data load time: 0.00028, step time: 0.03034,
epoch: [25], step: [374/1581], batch loss: 0.04387, batch accuracy: 96.88, data load time: 0.00032, step time: 0.01449,
epoch: [25], step: [674/1581], batch loss: 0.00645, batch accuracy: 100.00, data load time: 0.00028, step time: 0.01411,
epoch: [25], step: [974/1581], batch loss: 0.02932, batch accuracy: 100.00, data load time: 0.00029, step time: 0.02024,
epoch: [25], step: [1274/1581], batch loss: 0.05802, batch accuracy: 96.88, data load time: 0.00028, step time: 0.01401,
epoch: [25], step: [1574/1581], batch loss: 0.01558, batch accuracy: 100.00, data load time: 0.00013, step time: 0.01380,
epoch: [26], step: [293/1581], batch loss: 0.01754, batch accuracy: 100.00, data load time: 0.00028, step time: 0.01707,
epoch: [26], step: [593/1581], batch loss: 0.01914, batch accuracy: 100.00, data load time: 0.00033, step time: 0.01604,
epoch: [26], step: [893/1581], batch loss: 0.05976, batch accuracy: 96.88, data load time: 0.00026, step time: 0.01687,
epoch: [26], step: [1193/1581], batch loss: 0.01677, batch accuracy: 100.00, data load time: 0.00027, step time: 0.01559,
epoch: [26], step: [1493/1581], batch loss: 0.12213, batch accuracy: 96.88, data load time: 0.00027, step time: 0.01469,
epoch: [27], step: [212/1581], batch loss: 0.01934, batch accuracy: 100.00, data load time: 0.00028, step time: 0.01391,
epoch: [27], step: [512/1581], batch loss: 0.03387, batch accuracy: 96.88, data load time: 0.00407, step time: 0.01604,
epoch: [27], step: [812/1581], batch loss: 0.00366, batch accuracy: 100.00, data load time: 0.00026, step time: 0.01390,
epoch: [27], step: [1112/1581], batch loss: 0.01939, batch accuracy: 100.00, data load time: 0.00028, step time: 0.02413,
epoch: [27], step: [1412/1581], batch loss: 0.01606, batch accuracy: 100.00, data load time: 0.00027, step time: 0.01392,
epoch: [28], step: [131/1581], batch loss: 0.00904, batch accuracy: 100.00, data load time: 0.00047, step time: 0.01388,
epoch: [28], step: [431/1581], batch loss: 0.00774, batch accuracy: 100.00, data load time: 0.00030, step time: 0.02289,
epoch: [28], step: [731/1581], batch loss: 0.08186, batch accuracy: 93.75, data load time: 0.00029, step time: 0.01415,
epoch: [28], step: [1031/1581], batch loss: 0.08090, batch accuracy: 96.88, data load time: 0.00028, step time: 0.01392,
epoch: [28], step: [1331/1581], batch loss: 0.08171, batch accuracy: 96.88, data load time: 0.00027, step time: 0.01406,
epoch: [29], step: [50/1581], batch loss: 0.06156, batch accuracy: 96.88, data load time: 0.00873, step time: 0.01388,
epoch: [29], step: [350/1581], batch loss: 0.10700, batch accuracy: 96.88, data load time: 0.00877, step time: 0.01427,
epoch: [29], step: [650/1581], batch loss: 0.00579, batch accuracy: 100.00, data load time: 0.00030, step time: 0.02470,
epoch: [29], step: [950/1581], batch loss: 0.01451, batch accuracy: 100.00, data load time: 0.00029, step time: 0.01394,
epoch: [29], step: [1250/1581], batch loss: 0.07272, batch accuracy: 96.88, data load time: 0.00028, step time: 0.01691,
epoch: [29], step: [1550/1581], batch loss: 0.01440, batch accuracy: 100.00, data load time: 0.00014, step time: 0.01380,
validation loss: 1.74994, accuracy: 69.19, class_accuracy: [39.83050847457627, 89.47368421052632, 79.48717948717949, 80.53097345132744, 62.71186440677966, 36.69724770642202, 97.14285714285714, 92.03539823008849, 53.06122448979592, 90.67796610169492]
class_avg: 72.16489037012477
epoch: [30], step: [269/1581], batch loss: 0.04054, batch accuracy: 96.88, data load time: 0.00026, step time: 0.01549,
epoch: [30], step: [569/1581], batch loss: 0.01165, batch accuracy: 100.00, data load time: 0.00030, step time: 0.01917,
epoch: [30], step: [869/1581], batch loss: 0.05424, batch accuracy: 96.88, data load time: 0.00027, step time: 0.01390,
epoch: [30], step: [1169/1581], batch loss: 0.00440, batch accuracy: 100.00, data load time: 0.00037, step time: 0.01394,
epoch: [30], step: [1469/1581], batch loss: 0.02619, batch accuracy: 96.88, data load time: 0.00030, step time: 0.01534,
epoch: [31], step: [188/1581], batch loss: 0.04152, batch accuracy: 96.88, data load time: 0.00477, step time: 0.01576,
epoch: [31], step: [488/1581], batch loss: 0.00436, batch accuracy: 100.00, data load time: 0.00029, step time: 0.02078,
epoch: [31], step: [788/1581], batch loss: 0.01427, batch accuracy: 100.00, data load time: 0.00031, step time: 0.01421,
epoch: [31], step: [1088/1581], batch loss: 0.00846, batch accuracy: 100.00, data load time: 0.00026, step time: 0.01389,
epoch: [31], step: [1388/1581], batch loss: 0.00019, batch accuracy: 100.00, data load time: 0.00028, step time: 0.02395,
epoch: [32], step: [107/1581], batch loss: 0.06608, batch accuracy: 96.88, data load time: 0.00027, step time: 0.02477,
epoch: [32], step: [407/1581], batch loss: 0.00045, batch accuracy: 100.00, data load time: 0.00036, step time: 0.01576,
epoch: [32], step: [707/1581], batch loss: 0.11349, batch accuracy: 93.75, data load time: 0.00028, step time: 0.02360,
epoch: [32], step: [1007/1581], batch loss: 0.04681, batch accuracy: 96.88, data load time: 0.00027, step time: 0.02263,
epoch: [32], step: [1307/1581], batch loss: 0.07132, batch accuracy: 96.88, data load time: 0.00025, step time: 0.01389,
epoch: [33], step: [26/1581], batch loss: 0.00086, batch accuracy: 100.00, data load time: 0.00028, step time: 0.01658,
epoch: [33], step: [326/1581], batch loss: 0.00334, batch accuracy: 100.00, data load time: 0.00029, step time: 0.02083,
epoch: [33], step: [626/1581], batch loss: 0.00273, batch accuracy: 100.00, data load time: 0.00027, step time: 0.01391,
epoch: [33], step: [926/1581], batch loss: 0.00309, batch accuracy: 100.00, data load time: 0.00028, step time: 0.01457,
epoch: [33], step: [1226/1581], batch loss: 0.09151, batch accuracy: 96.88, data load time: 0.00028, step time: 0.01391,
epoch: [33], step: [1526/1581], batch loss: 0.01207, batch accuracy: 100.00, data load time: 0.00022, step time: 0.01392,
epoch: [34], step: [245/1581], batch loss: 0.00716, batch accuracy: 100.00, data load time: 0.00028, step time: 0.01390,
epoch: [34], step: [545/1581], batch loss: 0.03497, batch accuracy: 100.00, data load time: 0.00471, step time: 0.01470,
epoch: [34], step: [845/1581], batch loss: 0.00649, batch accuracy: 100.00, data load time: 0.00027, step time: 0.01390,
epoch: [34], step: [1145/1581], batch loss: 0.06652, batch accuracy: 96.88, data load time: 0.00040, step time: 0.01402,
epoch: [34], step: [1445/1581], batch loss: 0.00585, batch accuracy: 100.00, data load time: 0.00408, step time: 0.01656,
validation loss: 1.44088, accuracy: 71.34, class_accuracy: [39.83050847457627, 84.21052631578948, 79.48717948717949, 82.30088495575221, 80.50847457627118, 49.54128440366973, 94.28571428571429, 91.15044247787611, 56.12244897959184, 77.96610169491525]
class_avg: 73.54035656513358
epoch: [35], step: [164/1581], batch loss: 0.00754, batch accuracy: 100.00, data load time: 0.00028, step time: 0.01438,
epoch: [35], step: [464/1581], batch loss: 0.00775, batch accuracy: 100.00, data load time: 0.00029, step time: 0.01488,
epoch: [35], step: [764/1581], batch loss: 0.06709, batch accuracy: 96.88, data load time: 0.00037, step time: 0.01659,
epoch: [35], step: [1064/1581], batch loss: 0.01805, batch accuracy: 100.00, data load time: 0.00044, step time: 0.01763,
epoch: [35], step: [1364/1581], batch loss: 0.00033, batch accuracy: 100.00, data load time: 0.00029, step time: 0.01399,
epoch: [36], step: [83/1581], batch loss: 0.00548, batch accuracy: 100.00, data load time: 0.00471, step time: 0.01405,
epoch: [36], step: [383/1581], batch loss: 0.05951, batch accuracy: 96.88, data load time: 0.01284, step time: 0.01512,
epoch: [36], step: [683/1581], batch loss: 0.00273, batch accuracy: 100.00, data load time: 0.00028, step time: 0.01393,
epoch: [36], step: [983/1581], batch loss: 0.00135, batch accuracy: 100.00, data load time: 0.00029, step time: 0.01412,
epoch: [36], step: [1283/1581], batch loss: 0.00777, batch accuracy: 100.00, data load time: 0.00409, step time: 0.01453,
epoch: [37], step: [2/1581], batch loss: 0.01549, batch accuracy: 100.00, data load time: 0.00024, step time: 0.02178,
epoch: [37], step: [302/1581], batch loss: 0.13653, batch accuracy: 96.88, data load time: 0.00029, step time: 0.03031,
epoch: [37], step: [602/1581], batch loss: 0.01608, batch accuracy: 100.00, data load time: 0.00029, step time: 0.01394,
epoch: [37], step: [902/1581], batch loss: 0.02577, batch accuracy: 96.88, data load time: 0.00442, step time: 0.01597,
epoch: [37], step: [1202/1581], batch loss: 0.00749, batch accuracy: 100.00, data load time: 0.00027, step time: 0.01392,
epoch: [37], step: [1502/1581], batch loss: 0.00243, batch accuracy: 100.00, data load time: 0.00027, step time: 0.01388,
epoch: [38], step: [221/1581], batch loss: 0.00165, batch accuracy: 100.00, data load time: 0.00028, step time: 0.02337,
epoch: [38], step: [521/1581], batch loss: 0.07136, batch accuracy: 96.88, data load time: 0.00028, step time: 0.01399,
epoch: [38], step: [821/1581], batch loss: 0.00560, batch accuracy: 100.00, data load time: 0.00027, step time: 0.01399,
epoch: [38], step: [1121/1581], batch loss: 0.06583, batch accuracy: 96.88, data load time: 0.00114, step time: 0.01397,
epoch: [38], step: [1421/1581], batch loss: 0.00859, batch accuracy: 100.00, data load time: 0.00028, step time: 0.01578,
epoch: [39], step: [140/1581], batch loss: 0.00949, batch accuracy: 100.00, data load time: 0.00028, step time: 0.02342,
epoch: [39], step: [440/1581], batch loss: 0.30351, batch accuracy: 96.88, data load time: 0.00027, step time: 0.01390,
epoch: [39], step: [740/1581], batch loss: 0.01923, batch accuracy: 100.00, data load time: 0.00028, step time: 0.01393,
epoch: [39], step: [1040/1581], batch loss: 0.02722, batch accuracy: 96.88, data load time: 0.00028, step time: 0.01437,
epoch: [39], step: [1340/1581], batch loss: 0.00573, batch accuracy: 100.00, data load time: 0.00026, step time: 0.01430,
validation loss: 1.40110, accuracy: 71.75, class_accuracy: [37.28813559322034, 86.84210526315789, 70.08547008547009, 76.10619469026548, 76.27118644067797, 57.79816513761468, 97.14285714285714, 93.80530973451327, 63.265306122448976, 85.59322033898304]
class_avg: 74.4197950549209
epoch: [40], step: [59/1581], batch loss: 0.11565, batch accuracy: 93.75, data load time: 0.00026, step time: 0.02237,
epoch: [40], step: [359/1581], batch loss: 0.00361, batch accuracy: 100.00, data load time: 0.00876, step time: 0.01472,
epoch: [40], step: [659/1581], batch loss: 0.00307, batch accuracy: 100.00, data load time: 0.00028, step time: 0.01426,
epoch: [40], step: [959/1581], batch loss: 0.00076, batch accuracy: 100.00, data load time: 0.00028, step time: 0.01388,
epoch: [40], step: [1259/1581], batch loss: 0.04771, batch accuracy: 96.88, data load time: 0.00029, step time: 0.02566,
epoch: [40], step: [1559/1581], batch loss: 0.02629, batch accuracy: 100.00, data load time: 0.00015, step time: 0.01383,
epoch: [41], step: [278/1581], batch loss: 0.03786, batch accuracy: 96.88, data load time: 0.00026, step time: 0.01413,
epoch: [41], step: [578/1581], batch loss: 0.12484, batch accuracy: 96.88, data load time: 0.00029, step time: 0.01408,
epoch: [41], step: [878/1581], batch loss: 0.22245, batch accuracy: 96.88, data load time: 0.00028, step time: 0.01390,
epoch: [41], step: [1178/1581], batch loss: 0.00499, batch accuracy: 100.00, data load time: 0.00026, step time: 0.01578,
epoch: [41], step: [1478/1581], batch loss: 0.00681, batch accuracy: 100.00, data load time: 0.00028, step time: 0.01430,
epoch: [42], step: [197/1581], batch loss: 0.03368, batch accuracy: 96.88, data load time: 0.00029, step time: 0.01408,
epoch: [42], step: [497/1581], batch loss: 0.05550, batch accuracy: 96.88, data load time: 0.00028, step time: 0.01399,
epoch: [42], step: [797/1581], batch loss: 0.02182, batch accuracy: 96.88, data load time: 0.00029, step time: 0.01410,
epoch: [42], step: [1097/1581], batch loss: 0.11435, batch accuracy: 96.88, data load time: 0.00029, step time: 0.01396,
epoch: [42], step: [1397/1581], batch loss: 0.02735, batch accuracy: 100.00, data load time: 0.00029, step time: 0.02549,
epoch: [43], step: [116/1581], batch loss: 0.00048, batch accuracy: 100.00, data load time: 0.00025, step time: 0.02573,
epoch: [43], step: [416/1581], batch loss: 0.00147, batch accuracy: 100.00, data load time: 0.00026, step time: 0.01391,
epoch: [43], step: [716/1581], batch loss: 0.02221, batch accuracy: 100.00, data load time: 0.00027, step time: 0.01392,
epoch: [43], step: [1016/1581], batch loss: 0.04935, batch accuracy: 96.88, data load time: 0.00388, step time: 0.01439,
epoch: [43], step: [1316/1581], batch loss: 0.00146, batch accuracy: 100.00, data load time: 0.00036, step time: 0.01389,
epoch: [44], step: [35/1581], batch loss: 0.00359, batch accuracy: 100.00, data load time: 0.00024, step time: 0.02226,
epoch: [44], step: [335/1581], batch loss: 0.00914, batch accuracy: 100.00, data load time: 0.00038, step time: 0.01394,
epoch: [44], step: [635/1581], batch loss: 0.00439, batch accuracy: 100.00, data load time: 0.00027, step time: 0.01471,
epoch: [44], step: [935/1581], batch loss: 0.03577, batch accuracy: 96.88, data load time: 0.00031, step time: 0.01456,
epoch: [44], step: [1235/1581], batch loss: 0.00133, batch accuracy: 100.00, data load time: 0.00029, step time: 0.01474,
epoch: [44], step: [1535/1581], batch loss: 0.01856, batch accuracy: 100.00, data load time: 0.00020, step time: 0.01392,
validation loss: 1.81360, accuracy: 69.91, class_accuracy: [38.13559322033898, 97.36842105263158, 80.34188034188034, 82.30088495575221, 70.33898305084746, 38.53211009174312, 97.14285714285714, 87.61061946902655, 59.183673469387756, 83.05084745762711]
class_avg: 73.40058702520922
epoch: [45], step: [254/1581], batch loss: 0.05413, batch accuracy: 93.75, data load time: 0.00063, step time: 0.02542,
epoch: [45], step: [554/1581], batch loss: 0.00228, batch accuracy: 100.00, data load time: 0.00233, step time: 0.01761,
epoch: [45], step: [854/1581], batch loss: 0.01377, batch accuracy: 100.00, data load time: 0.00053, step time: 0.01390,
epoch: [45], step: [1154/1581], batch loss: 0.25991, batch accuracy: 93.75, data load time: 0.00028, step time: 0.01450,
epoch: [45], step: [1454/1581], batch loss: 0.00740, batch accuracy: 100.00, data load time: 0.00029, step time: 0.01414,
epoch: [46], step: [173/1581], batch loss: 0.00480, batch accuracy: 100.00, data load time: 0.00056, step time: 0.01486,
epoch: [46], step: [473/1581], batch loss: 0.00068, batch accuracy: 100.00, data load time: 0.00026, step time: 0.01391,
epoch: [46], step: [773/1581], batch loss: 0.00935, batch accuracy: 100.00, data load time: 0.00028, step time: 0.01464,
epoch: [46], step: [1073/1581], batch loss: 0.00746, batch accuracy: 100.00, data load time: 0.00027, step time: 0.01389,
epoch: [46], step: [1373/1581], batch loss: 0.58496, batch accuracy: 96.88, data load time: 0.00027, step time: 0.01391,
epoch: [47], step: [92/1581], batch loss: 0.02037, batch accuracy: 100.00, data load time: 0.00042, step time: 0.01452,
epoch: [47], step: [392/1581], batch loss: 0.04302, batch accuracy: 96.88, data load time: 0.00026, step time: 0.01393,
epoch: [47], step: [692/1581], batch loss: 0.03088, batch accuracy: 100.00, data load time: 0.00031, step time: 0.02316,
epoch: [47], step: [992/1581], batch loss: 0.01120, batch accuracy: 100.00, data load time: 0.00025, step time: 0.01390,
epoch: [47], step: [1292/1581], batch loss: 0.09969, batch accuracy: 96.88, data load time: 0.00038, step time: 0.01652,
epoch: [48], step: [11/1581], batch loss: 0.07056, batch accuracy: 96.88, data load time: 0.00036, step time: 0.01604,
epoch: [48], step: [311/1581], batch loss: 0.00030, batch accuracy: 100.00, data load time: 0.00026, step time: 0.02544,
epoch: [48], step: [611/1581], batch loss: 0.03221, batch accuracy: 96.88, data load time: 0.00024, step time: 0.01390,
epoch: [48], step: [911/1581], batch loss: 0.00294, batch accuracy: 100.00, data load time: 0.00028, step time: 0.01393,
epoch: [48], step: [1211/1581], batch loss: 0.00058, batch accuracy: 100.00, data load time: 0.00741, step time: 0.01902,
epoch: [48], step: [1511/1581], batch loss: 0.03914, batch accuracy: 96.88, data load time: 0.00027, step time: 0.01389,
epoch: [49], step: [230/1581], batch loss: 0.00027, batch accuracy: 100.00, data load time: 0.00030, step time: 0.01406,
epoch: [49], step: [530/1581], batch loss: 0.01729, batch accuracy: 100.00, data load time: 0.00028, step time: 0.01392,
epoch: [49], step: [830/1581], batch loss: 0.01378, batch accuracy: 100.00, data load time: 0.00029, step time: 0.01394,
epoch: [49], step: [1130/1581], batch loss: 0.00778, batch accuracy: 100.00, data load time: 0.00029, step time: 0.02586,
epoch: [49], step: [1430/1581], batch loss: 0.01138, batch accuracy: 100.00, data load time: 0.00025, step time: 0.01388,
validation loss: 1.57430, accuracy: 72.77, class_accuracy: [35.59322033898305, 97.36842105263158, 83.76068376068376, 78.76106194690266, 74.57627118644068, 50.45871559633027, 97.14285714285714, 94.69026548672566, 68.36734693877551, 79.66101694915254]
class_avg: 76.0379860399483
Total time taken: 1504.2522222995758
