Using CUDA...
Writing logs to logs/CNN_bn_epochs=50_dropout=0.5_bs=32_optim=Adam_decay=1e-06_lr=0.001_momentum=0.9_mode=MC_run_0
epoch: [0], step: [299/1581], batch loss: 1.37410, batch accuracy: 46.88, data load time: 0.00020, step time: 0.01093,
epoch: [0], step: [599/1581], batch loss: 1.20635, batch accuracy: 56.25, data load time: 0.00034, step time: 0.01019,
epoch: [0], step: [899/1581], batch loss: 0.76637, batch accuracy: 62.50, data load time: 0.00025, step time: 0.01076,
epoch: [0], step: [1199/1581], batch loss: 0.82954, batch accuracy: 75.00, data load time: 0.00310, step time: 0.01010,
epoch: [0], step: [1499/1581], batch loss: 1.11107, batch accuracy: 62.50, data load time: 0.00148, step time: 0.01208,
epoch: [1], step: [218/1581], batch loss: 0.76352, batch accuracy: 71.88, data load time: 0.00023, step time: 0.01374,
epoch: [1], step: [518/1581], batch loss: 0.68760, batch accuracy: 71.88, data load time: 0.00059, step time: 0.01378,
epoch: [1], step: [818/1581], batch loss: 0.49638, batch accuracy: 84.38, data load time: 0.00816, step time: 0.01312,
epoch: [1], step: [1118/1581], batch loss: 0.49699, batch accuracy: 81.25, data load time: 0.00021, step time: 0.01509,
epoch: [1], step: [1418/1581], batch loss: 0.34017, batch accuracy: 81.25, data load time: 0.00021, step time: 0.00968,
epoch: [2], step: [137/1581], batch loss: 0.42427, batch accuracy: 90.62, data load time: 0.00560, step time: 0.00984,
epoch: [2], step: [437/1581], batch loss: 0.82942, batch accuracy: 78.12, data load time: 0.00022, step time: 0.01508,
epoch: [2], step: [737/1581], batch loss: 0.42211, batch accuracy: 81.25, data load time: 0.00023, step time: 0.01731,
epoch: [2], step: [1037/1581], batch loss: 0.32054, batch accuracy: 90.62, data load time: 0.00458, step time: 0.01154,
epoch: [2], step: [1337/1581], batch loss: 0.56650, batch accuracy: 71.88, data load time: 0.00021, step time: 0.01681,
epoch: [3], step: [56/1581], batch loss: 0.54791, batch accuracy: 78.12, data load time: 0.00033, step time: 0.01221,
epoch: [3], step: [356/1581], batch loss: 0.51097, batch accuracy: 84.38, data load time: 0.00022, step time: 0.01035,
epoch: [3], step: [656/1581], batch loss: 0.62165, batch accuracy: 75.00, data load time: 0.00035, step time: 0.00999,
epoch: [3], step: [956/1581], batch loss: 0.70688, batch accuracy: 71.88, data load time: 0.00028, step time: 0.01567,
epoch: [3], step: [1256/1581], batch loss: 0.24871, batch accuracy: 90.62, data load time: 0.00023, step time: 0.01653,
epoch: [3], step: [1556/1581], batch loss: 0.61504, batch accuracy: 87.50, data load time: 0.00012, step time: 0.00867,
epoch: [4], step: [275/1581], batch loss: 0.31926, batch accuracy: 90.62, data load time: 0.01248, step time: 0.00980,
epoch: [4], step: [575/1581], batch loss: 0.58676, batch accuracy: 78.12, data load time: 0.00581, step time: 0.01104,
epoch: [4], step: [875/1581], batch loss: 0.34244, batch accuracy: 90.62, data load time: 0.00026, step time: 0.01033,
epoch: [4], step: [1175/1581], batch loss: 0.41360, batch accuracy: 84.38, data load time: 0.00023, step time: 0.00950,
epoch: [4], step: [1475/1581], batch loss: 0.67050, batch accuracy: 75.00, data load time: 0.00023, step time: 0.01618,
validation loss: 0.95522, accuracy: 72.16, class_accuracy: [62.71186440677966, 81.57894736842105, 70.08547008547009, 70.79646017699115, 77.96610169491525, 61.46788990825688, 100.0, 86.72566371681415, 55.10204081632653, 77.96610169491525]
class_avg: 74.440053986889
epoch: [5], step: [194/1581], batch loss: 0.47595, batch accuracy: 81.25, data load time: 0.00021, step time: 0.01592,
epoch: [5], step: [494/1581], batch loss: 0.34702, batch accuracy: 87.50, data load time: 0.00567, step time: 0.00967,
epoch: [5], step: [794/1581], batch loss: 0.25895, batch accuracy: 90.62, data load time: 0.00553, step time: 0.00996,
epoch: [5], step: [1094/1581], batch loss: 0.45426, batch accuracy: 68.75, data load time: 0.00314, step time: 0.01091,
epoch: [5], step: [1394/1581], batch loss: 0.20264, batch accuracy: 93.75, data load time: 0.00021, step time: 0.00930,
epoch: [6], step: [113/1581], batch loss: 0.33602, batch accuracy: 87.50, data load time: 0.00021, step time: 0.01659,
epoch: [6], step: [413/1581], batch loss: 0.30775, batch accuracy: 87.50, data load time: 0.00023, step time: 0.01022,
epoch: [6], step: [713/1581], batch loss: 0.16239, batch accuracy: 96.88, data load time: 0.00022, step time: 0.01066,
epoch: [6], step: [1013/1581], batch loss: 0.63658, batch accuracy: 90.62, data load time: 0.00383, step time: 0.01185,
epoch: [6], step: [1313/1581], batch loss: 0.23349, batch accuracy: 93.75, data load time: 0.00021, step time: 0.01022,
epoch: [7], step: [32/1581], batch loss: 0.10809, batch accuracy: 96.88, data load time: 0.00020, step time: 0.01028,
epoch: [7], step: [332/1581], batch loss: 0.07407, batch accuracy: 100.00, data load time: 0.00025, step time: 0.00967,
epoch: [7], step: [632/1581], batch loss: 0.32224, batch accuracy: 87.50, data load time: 0.00023, step time: 0.01554,
epoch: [7], step: [932/1581], batch loss: 0.35841, batch accuracy: 87.50, data load time: 0.00020, step time: 0.01066,
epoch: [7], step: [1232/1581], batch loss: 0.16148, batch accuracy: 90.62, data load time: 0.00022, step time: 0.00953,
epoch: [7], step: [1532/1581], batch loss: 0.09445, batch accuracy: 100.00, data load time: 0.00017, step time: 0.00928,
epoch: [8], step: [251/1581], batch loss: 0.72475, batch accuracy: 81.25, data load time: 0.00022, step time: 0.01511,
epoch: [8], step: [551/1581], batch loss: 0.19782, batch accuracy: 90.62, data load time: 0.00322, step time: 0.00988,
epoch: [8], step: [851/1581], batch loss: 0.36315, batch accuracy: 90.62, data load time: 0.00021, step time: 0.00936,
epoch: [8], step: [1151/1581], batch loss: 0.10542, batch accuracy: 96.88, data load time: 0.00027, step time: 0.01235,
epoch: [8], step: [1451/1581], batch loss: 0.15985, batch accuracy: 93.75, data load time: 0.00024, step time: 0.00971,
epoch: [9], step: [170/1581], batch loss: 0.28467, batch accuracy: 84.38, data load time: 0.00023, step time: 0.01008,
epoch: [9], step: [470/1581], batch loss: 0.14107, batch accuracy: 93.75, data load time: 0.00356, step time: 0.01193,
epoch: [9], step: [770/1581], batch loss: 0.21900, batch accuracy: 90.62, data load time: 0.00022, step time: 0.01521,
epoch: [9], step: [1070/1581], batch loss: 0.23254, batch accuracy: 87.50, data load time: 0.00033, step time: 0.01041,
epoch: [9], step: [1370/1581], batch loss: 0.25508, batch accuracy: 87.50, data load time: 0.00573, step time: 0.01009,
validation loss: 1.01760, accuracy: 74.31, class_accuracy: [57.6271186440678, 86.84210526315789, 88.03418803418803, 67.2566371681416, 67.79661016949153, 62.38532110091743, 100.0, 92.92035398230088, 63.265306122448976, 81.35593220338983]
class_avg: 76.7483572688104
epoch: [10], step: [89/1581], batch loss: 0.07024, batch accuracy: 96.88, data load time: 0.00020, step time: 0.01042,
epoch: [10], step: [389/1581], batch loss: 0.31185, batch accuracy: 81.25, data load time: 0.00025, step time: 0.01029,
epoch: [10], step: [689/1581], batch loss: 0.38204, batch accuracy: 87.50, data load time: 0.00025, step time: 0.01696,
epoch: [10], step: [989/1581], batch loss: 0.12546, batch accuracy: 96.88, data load time: 0.00021, step time: 0.01424,
epoch: [10], step: [1289/1581], batch loss: 0.16996, batch accuracy: 90.62, data load time: 0.00032, step time: 0.01023,
epoch: [11], step: [8/1581], batch loss: 0.40903, batch accuracy: 93.75, data load time: 0.00019, step time: 0.01687,
epoch: [11], step: [308/1581], batch loss: 0.12369, batch accuracy: 96.88, data load time: 0.00027, step time: 0.01220,
epoch: [11], step: [608/1581], batch loss: 0.21146, batch accuracy: 93.75, data load time: 0.00024, step time: 0.01612,
epoch: [11], step: [908/1581], batch loss: 0.22304, batch accuracy: 87.50, data load time: 0.00025, step time: 0.01077,
epoch: [11], step: [1208/1581], batch loss: 0.12114, batch accuracy: 96.88, data load time: 0.00023, step time: 0.00978,
epoch: [11], step: [1508/1581], batch loss: 0.18474, batch accuracy: 93.75, data load time: 0.00021, step time: 0.01230,
epoch: [12], step: [227/1581], batch loss: 0.27124, batch accuracy: 90.62, data load time: 0.00023, step time: 0.01046,
epoch: [12], step: [527/1581], batch loss: 0.21969, batch accuracy: 93.75, data load time: 0.00023, step time: 0.00993,
epoch: [12], step: [827/1581], batch loss: 0.23509, batch accuracy: 90.62, data load time: 0.00025, step time: 0.01006,
epoch: [12], step: [1127/1581], batch loss: 0.10880, batch accuracy: 96.88, data load time: 0.00021, step time: 0.01712,
epoch: [12], step: [1427/1581], batch loss: 0.37472, batch accuracy: 87.50, data load time: 0.00022, step time: 0.01660,
epoch: [13], step: [146/1581], batch loss: 0.08660, batch accuracy: 96.88, data load time: 0.00031, step time: 0.00966,
epoch: [13], step: [446/1581], batch loss: 0.33770, batch accuracy: 84.38, data load time: 0.00131, step time: 0.01206,
epoch: [13], step: [746/1581], batch loss: 0.41544, batch accuracy: 84.38, data load time: 0.00400, step time: 0.01029,
epoch: [13], step: [1046/1581], batch loss: 0.29917, batch accuracy: 87.50, data load time: 0.00321, step time: 0.01153,
epoch: [13], step: [1346/1581], batch loss: 0.11227, batch accuracy: 93.75, data load time: 0.00024, step time: 0.00958,
epoch: [14], step: [65/1581], batch loss: 0.24691, batch accuracy: 87.50, data load time: 0.00027, step time: 0.01215,
epoch: [14], step: [365/1581], batch loss: 0.19386, batch accuracy: 87.50, data load time: 0.00432, step time: 0.01231,
epoch: [14], step: [665/1581], batch loss: 0.15683, batch accuracy: 90.62, data load time: 0.00033, step time: 0.01944,
epoch: [14], step: [965/1581], batch loss: 0.12408, batch accuracy: 96.88, data load time: 0.00023, step time: 0.01355,
epoch: [14], step: [1265/1581], batch loss: 0.31079, batch accuracy: 90.62, data load time: 0.00022, step time: 0.00933,
epoch: [14], step: [1565/1581], batch loss: 0.04477, batch accuracy: 96.88, data load time: 0.00011, step time: 0.00865,
validation loss: 1.00792, accuracy: 75.54, class_accuracy: [63.559322033898304, 86.84210526315789, 81.19658119658119, 78.76106194690266, 73.72881355932203, 54.12844036697248, 100.0, 91.15044247787611, 60.204081632653065, 87.28813559322033]
class_avg: 77.6858984070584
epoch: [15], step: [284/1581], batch loss: 0.04626, batch accuracy: 100.00, data load time: 0.00035, step time: 0.01614,
epoch: [15], step: [584/1581], batch loss: 0.10822, batch accuracy: 96.88, data load time: 0.00022, step time: 0.01056,
epoch: [15], step: [884/1581], batch loss: 0.13740, batch accuracy: 93.75, data load time: 0.00024, step time: 0.01233,
epoch: [15], step: [1184/1581], batch loss: 0.15961, batch accuracy: 90.62, data load time: 0.00022, step time: 0.01690,
epoch: [15], step: [1484/1581], batch loss: 0.21315, batch accuracy: 90.62, data load time: 0.00022, step time: 0.01058,
epoch: [16], step: [203/1581], batch loss: 0.03542, batch accuracy: 100.00, data load time: 0.00022, step time: 0.01048,
epoch: [16], step: [503/1581], batch loss: 0.17674, batch accuracy: 90.62, data load time: 0.00023, step time: 0.01718,
epoch: [16], step: [803/1581], batch loss: 0.05942, batch accuracy: 96.88, data load time: 0.00026, step time: 0.00944,
epoch: [16], step: [1103/1581], batch loss: 0.28740, batch accuracy: 90.62, data load time: 0.00380, step time: 0.01206,
epoch: [16], step: [1403/1581], batch loss: 0.10567, batch accuracy: 93.75, data load time: 0.00024, step time: 0.01412,
epoch: [17], step: [122/1581], batch loss: 0.11257, batch accuracy: 96.88, data load time: 0.00352, step time: 0.01414,
epoch: [17], step: [422/1581], batch loss: 0.06394, batch accuracy: 100.00, data load time: 0.00024, step time: 0.01145,
epoch: [17], step: [722/1581], batch loss: 0.07862, batch accuracy: 96.88, data load time: 0.00022, step time: 0.00955,
epoch: [17], step: [1022/1581], batch loss: 0.14983, batch accuracy: 96.88, data load time: 0.00022, step time: 0.01148,
epoch: [17], step: [1322/1581], batch loss: 0.07805, batch accuracy: 96.88, data load time: 0.00030, step time: 0.01205,
epoch: [18], step: [41/1581], batch loss: 0.17731, batch accuracy: 87.50, data load time: 0.00033, step time: 0.01059,
epoch: [18], step: [341/1581], batch loss: 0.10576, batch accuracy: 93.75, data load time: 0.00022, step time: 0.01022,
epoch: [18], step: [641/1581], batch loss: 0.06461, batch accuracy: 100.00, data load time: 0.00022, step time: 0.01527,
epoch: [18], step: [941/1581], batch loss: 0.32271, batch accuracy: 84.38, data load time: 0.00347, step time: 0.00980,
epoch: [18], step: [1241/1581], batch loss: 0.12239, batch accuracy: 96.88, data load time: 0.00023, step time: 0.00957,
epoch: [18], step: [1541/1581], batch loss: 0.10945, batch accuracy: 100.00, data load time: 0.00017, step time: 0.00913,
epoch: [19], step: [260/1581], batch loss: 0.08584, batch accuracy: 96.88, data load time: 0.00021, step time: 0.01511,
epoch: [19], step: [560/1581], batch loss: 0.17909, batch accuracy: 87.50, data load time: 0.00026, step time: 0.00980,
epoch: [19], step: [860/1581], batch loss: 0.11377, batch accuracy: 90.62, data load time: 0.00024, step time: 0.01221,
epoch: [19], step: [1160/1581], batch loss: 0.27478, batch accuracy: 87.50, data load time: 0.00023, step time: 0.00998,
epoch: [19], step: [1460/1581], batch loss: 0.17706, batch accuracy: 90.62, data load time: 0.00032, step time: 0.01012,
validation loss: 1.20890, accuracy: 72.67, class_accuracy: [52.54237288135593, 89.47368421052632, 82.05128205128206, 79.64601769911505, 83.05084745762711, 47.706422018348626, 100.0, 83.1858407079646, 55.10204081632653, 80.50847457627118]
class_avg: 75.32669824188176
epoch: [20], step: [179/1581], batch loss: 0.17960, batch accuracy: 90.62, data load time: 0.00570, step time: 0.00975,
epoch: [20], step: [479/1581], batch loss: 0.03159, batch accuracy: 100.00, data load time: 0.00458, step time: 0.00997,
epoch: [20], step: [779/1581], batch loss: 0.08276, batch accuracy: 100.00, data load time: 0.00022, step time: 0.00993,
epoch: [20], step: [1079/1581], batch loss: 0.22658, batch accuracy: 93.75, data load time: 0.00022, step time: 0.01153,
epoch: [20], step: [1379/1581], batch loss: 0.16803, batch accuracy: 90.62, data load time: 0.00022, step time: 0.01644,
epoch: [21], step: [98/1581], batch loss: 0.04536, batch accuracy: 100.00, data load time: 0.00021, step time: 0.01267,
epoch: [21], step: [398/1581], batch loss: 0.10553, batch accuracy: 96.88, data load time: 0.00025, step time: 0.01287,
epoch: [21], step: [698/1581], batch loss: 0.07404, batch accuracy: 93.75, data load time: 0.00022, step time: 0.01559,
epoch: [21], step: [998/1581], batch loss: 0.04352, batch accuracy: 100.00, data load time: 0.00023, step time: 0.00976,
epoch: [21], step: [1298/1581], batch loss: 0.05839, batch accuracy: 100.00, data load time: 0.00300, step time: 0.00977,
epoch: [22], step: [17/1581], batch loss: 0.12815, batch accuracy: 93.75, data load time: 0.00478, step time: 0.01023,
epoch: [22], step: [317/1581], batch loss: 0.06673, batch accuracy: 93.75, data load time: 0.00444, step time: 0.01435,
epoch: [22], step: [617/1581], batch loss: 0.03351, batch accuracy: 100.00, data load time: 0.00025, step time: 0.01119,
epoch: [22], step: [917/1581], batch loss: 0.06016, batch accuracy: 96.88, data load time: 0.00023, step time: 0.01540,
epoch: [22], step: [1217/1581], batch loss: 0.10682, batch accuracy: 93.75, data load time: 0.00021, step time: 0.00960,
epoch: [22], step: [1517/1581], batch loss: 0.04975, batch accuracy: 96.88, data load time: 0.00021, step time: 0.01347,
epoch: [23], step: [236/1581], batch loss: 0.15351, batch accuracy: 93.75, data load time: 0.00023, step time: 0.01053,
epoch: [23], step: [536/1581], batch loss: 0.01144, batch accuracy: 100.00, data load time: 0.00021, step time: 0.00994,
epoch: [23], step: [836/1581], batch loss: 0.13268, batch accuracy: 93.75, data load time: 0.00020, step time: 0.00986,
epoch: [23], step: [1136/1581], batch loss: 0.17629, batch accuracy: 93.75, data load time: 0.00023, step time: 0.01564,
epoch: [23], step: [1436/1581], batch loss: 0.16783, batch accuracy: 96.88, data load time: 0.00401, step time: 0.01086,
epoch: [24], step: [155/1581], batch loss: 0.09280, batch accuracy: 96.88, data load time: 0.00045, step time: 0.01177,
epoch: [24], step: [455/1581], batch loss: 0.13498, batch accuracy: 93.75, data load time: 0.00022, step time: 0.01350,
epoch: [24], step: [755/1581], batch loss: 0.13926, batch accuracy: 93.75, data load time: 0.00042, step time: 0.00980,
epoch: [24], step: [1055/1581], batch loss: 0.01313, batch accuracy: 100.00, data load time: 0.00023, step time: 0.01016,
epoch: [24], step: [1355/1581], batch loss: 0.11036, batch accuracy: 96.88, data load time: 0.00041, step time: 0.01053,
validation loss: 1.29917, accuracy: 71.44, class_accuracy: [61.86440677966102, 71.05263157894737, 91.45299145299145, 74.33628318584071, 69.49152542372882, 53.211009174311926, 97.14285714285714, 73.45132743362832, 53.06122448979592, 83.05084745762711]
class_avg: 72.81151041193898
epoch: [25], step: [74/1581], batch loss: 0.11838, batch accuracy: 93.75, data load time: 0.00021, step time: 0.01076,
epoch: [25], step: [374/1581], batch loss: 0.02640, batch accuracy: 100.00, data load time: 0.00028, step time: 0.01584,
epoch: [25], step: [674/1581], batch loss: 0.10029, batch accuracy: 96.88, data load time: 0.00022, step time: 0.01122,
epoch: [25], step: [974/1581], batch loss: 0.04938, batch accuracy: 96.88, data load time: 0.00036, step time: 0.01014,
epoch: [25], step: [1274/1581], batch loss: 0.00969, batch accuracy: 100.00, data load time: 0.00021, step time: 0.00991,
epoch: [25], step: [1574/1581], batch loss: 0.22647, batch accuracy: 90.62, data load time: 0.00011, step time: 0.00864,
epoch: [26], step: [293/1581], batch loss: 0.04292, batch accuracy: 100.00, data load time: 0.00468, step time: 0.01160,
epoch: [26], step: [593/1581], batch loss: 0.05666, batch accuracy: 96.88, data load time: 0.00561, step time: 0.01079,
epoch: [26], step: [893/1581], batch loss: 0.10802, batch accuracy: 96.88, data load time: 0.00022, step time: 0.01016,
epoch: [26], step: [1193/1581], batch loss: 0.04586, batch accuracy: 93.75, data load time: 0.00025, step time: 0.01008,
epoch: [26], step: [1493/1581], batch loss: 0.00981, batch accuracy: 100.00, data load time: 0.00023, step time: 0.01546,
epoch: [27], step: [212/1581], batch loss: 0.07615, batch accuracy: 93.75, data load time: 0.00023, step time: 0.01541,
epoch: [27], step: [512/1581], batch loss: 0.02639, batch accuracy: 100.00, data load time: 0.00307, step time: 0.00956,
epoch: [27], step: [812/1581], batch loss: 0.09630, batch accuracy: 96.88, data load time: 0.00022, step time: 0.00999,
epoch: [27], step: [1112/1581], batch loss: 0.05217, batch accuracy: 96.88, data load time: 0.00372, step time: 0.01229,
epoch: [27], step: [1412/1581], batch loss: 0.03028, batch accuracy: 100.00, data load time: 0.00021, step time: 0.00969,
epoch: [28], step: [131/1581], batch loss: 0.12853, batch accuracy: 96.88, data load time: 0.00359, step time: 0.01517,
epoch: [28], step: [431/1581], batch loss: 0.01777, batch accuracy: 100.00, data load time: 0.00029, step time: 0.01057,
epoch: [28], step: [731/1581], batch loss: 0.02429, batch accuracy: 100.00, data load time: 0.00025, step time: 0.00956,
epoch: [28], step: [1031/1581], batch loss: 0.02335, batch accuracy: 100.00, data load time: 0.00370, step time: 0.01210,
epoch: [28], step: [1331/1581], batch loss: 0.13618, batch accuracy: 93.75, data load time: 0.00031, step time: 0.00973,
epoch: [29], step: [50/1581], batch loss: 0.04329, batch accuracy: 96.88, data load time: 0.00405, step time: 0.01237,
epoch: [29], step: [350/1581], batch loss: 0.02081, batch accuracy: 100.00, data load time: 0.00022, step time: 0.01538,
epoch: [29], step: [650/1581], batch loss: 0.07396, batch accuracy: 96.88, data load time: 0.00022, step time: 0.00963,
epoch: [29], step: [950/1581], batch loss: 0.12533, batch accuracy: 96.88, data load time: 0.00031, step time: 0.00976,
epoch: [29], step: [1250/1581], batch loss: 0.05571, batch accuracy: 96.88, data load time: 0.00022, step time: 0.00972,
epoch: [29], step: [1550/1581], batch loss: 0.03343, batch accuracy: 100.00, data load time: 0.00013, step time: 0.00864,
validation loss: 1.10449, accuracy: 74.92, class_accuracy: [47.45762711864407, 86.84210526315789, 84.61538461538461, 72.56637168141593, 77.11864406779661, 70.64220183486239, 100.0, 82.30088495575221, 59.183673469387756, 91.52542372881356]
class_avg: 77.22523167352149
epoch: [30], step: [269/1581], batch loss: 0.05895, batch accuracy: 96.88, data load time: 0.00023, step time: 0.01078,
epoch: [30], step: [569/1581], batch loss: 0.05394, batch accuracy: 96.88, data load time: 0.00021, step time: 0.01198,
epoch: [30], step: [869/1581], batch loss: 0.03830, batch accuracy: 96.88, data load time: 0.00137, step time: 0.01012,
epoch: [30], step: [1169/1581], batch loss: 0.14026, batch accuracy: 93.75, data load time: 0.00131, step time: 0.01241,
epoch: [30], step: [1469/1581], batch loss: 0.14051, batch accuracy: 90.62, data load time: 0.00422, step time: 0.01125,
epoch: [31], step: [188/1581], batch loss: 0.14700, batch accuracy: 87.50, data load time: 0.00475, step time: 0.01376,
epoch: [31], step: [488/1581], batch loss: 0.20798, batch accuracy: 93.75, data load time: 0.00023, step time: 0.00980,
epoch: [31], step: [788/1581], batch loss: 0.01895, batch accuracy: 100.00, data load time: 0.00342, step time: 0.01126,
epoch: [31], step: [1088/1581], batch loss: 0.04583, batch accuracy: 100.00, data load time: 0.00424, step time: 0.01196,
epoch: [31], step: [1388/1581], batch loss: 0.10470, batch accuracy: 96.88, data load time: 0.00020, step time: 0.01176,
epoch: [32], step: [107/1581], batch loss: 0.05850, batch accuracy: 96.88, data load time: 0.00024, step time: 0.01403,
epoch: [32], step: [407/1581], batch loss: 0.03943, batch accuracy: 96.88, data load time: 0.00367, step time: 0.01259,
epoch: [32], step: [707/1581], batch loss: 0.05662, batch accuracy: 100.00, data load time: 0.00022, step time: 0.01025,
epoch: [32], step: [1007/1581], batch loss: 0.11731, batch accuracy: 93.75, data load time: 0.00046, step time: 0.01163,
epoch: [32], step: [1307/1581], batch loss: 0.04341, batch accuracy: 96.88, data load time: 0.00022, step time: 0.00958,
epoch: [33], step: [26/1581], batch loss: 0.07361, batch accuracy: 100.00, data load time: 0.00514, step time: 0.01299,
epoch: [33], step: [326/1581], batch loss: 0.02518, batch accuracy: 100.00, data load time: 0.00022, step time: 0.00996,
epoch: [33], step: [626/1581], batch loss: 0.05640, batch accuracy: 96.88, data load time: 0.00023, step time: 0.01571,
epoch: [33], step: [926/1581], batch loss: 0.08221, batch accuracy: 93.75, data load time: 0.00022, step time: 0.01020,
epoch: [33], step: [1226/1581], batch loss: 0.09655, batch accuracy: 96.88, data load time: 0.00386, step time: 0.01009,
epoch: [33], step: [1526/1581], batch loss: 0.17505, batch accuracy: 93.75, data load time: 0.00018, step time: 0.00982,
epoch: [34], step: [245/1581], batch loss: 0.04335, batch accuracy: 100.00, data load time: 0.00026, step time: 0.01026,
epoch: [34], step: [545/1581], batch loss: 0.13258, batch accuracy: 96.88, data load time: 0.00349, step time: 0.01128,
epoch: [34], step: [845/1581], batch loss: 0.02146, batch accuracy: 100.00, data load time: 0.00030, step time: 0.00968,
epoch: [34], step: [1145/1581], batch loss: 0.04125, batch accuracy: 96.88, data load time: 0.00021, step time: 0.00937,
epoch: [34], step: [1445/1581], batch loss: 0.02764, batch accuracy: 96.88, data load time: 0.00021, step time: 0.01406,
validation loss: 1.21979, accuracy: 72.47, class_accuracy: [49.152542372881356, 84.21052631578948, 86.32478632478633, 79.64601769911505, 61.86440677966102, 54.12844036697248, 100.0, 88.49557522123894, 61.224489795918366, 84.7457627118644]
class_avg: 74.97925475882273
epoch: [35], step: [164/1581], batch loss: 0.16472, batch accuracy: 96.88, data load time: 0.00026, step time: 0.00973,
epoch: [35], step: [464/1581], batch loss: 0.04875, batch accuracy: 96.88, data load time: 0.00023, step time: 0.01815,
epoch: [35], step: [764/1581], batch loss: 0.06196, batch accuracy: 96.88, data load time: 0.00363, step time: 0.01050,
epoch: [35], step: [1064/1581], batch loss: 0.01108, batch accuracy: 100.00, data load time: 0.00029, step time: 0.01946,
epoch: [35], step: [1364/1581], batch loss: 0.04815, batch accuracy: 96.88, data load time: 0.00021, step time: 0.01517,
epoch: [36], step: [83/1581], batch loss: 0.06408, batch accuracy: 96.88, data load time: 0.00023, step time: 0.01827,
epoch: [36], step: [383/1581], batch loss: 0.11612, batch accuracy: 96.88, data load time: 0.00021, step time: 0.01177,
epoch: [36], step: [683/1581], batch loss: 0.10448, batch accuracy: 96.88, data load time: 0.00030, step time: 0.01029,
epoch: [36], step: [983/1581], batch loss: 0.02819, batch accuracy: 100.00, data load time: 0.00032, step time: 0.00962,
epoch: [36], step: [1283/1581], batch loss: 0.00155, batch accuracy: 100.00, data load time: 0.00020, step time: 0.01366,
epoch: [37], step: [2/1581], batch loss: 0.00712, batch accuracy: 100.00, data load time: 0.00292, step time: 0.01274,
epoch: [37], step: [302/1581], batch loss: 0.13005, batch accuracy: 96.88, data load time: 0.00024, step time: 0.01805,
epoch: [37], step: [602/1581], batch loss: 0.00238, batch accuracy: 100.00, data load time: 0.00031, step time: 0.01045,
epoch: [37], step: [902/1581], batch loss: 0.01504, batch accuracy: 100.00, data load time: 0.00025, step time: 0.01015,
epoch: [37], step: [1202/1581], batch loss: 0.09793, batch accuracy: 93.75, data load time: 0.00021, step time: 0.01829,
epoch: [37], step: [1502/1581], batch loss: 0.17288, batch accuracy: 93.75, data load time: 0.00021, step time: 0.01676,
epoch: [38], step: [221/1581], batch loss: 0.00904, batch accuracy: 100.00, data load time: 0.00020, step time: 0.01536,
epoch: [38], step: [521/1581], batch loss: 0.04211, batch accuracy: 96.88, data load time: 0.00023, step time: 0.00948,
epoch: [38], step: [821/1581], batch loss: 0.11558, batch accuracy: 93.75, data load time: 0.00389, step time: 0.01107,
epoch: [38], step: [1121/1581], batch loss: 0.19063, batch accuracy: 96.88, data load time: 0.00024, step time: 0.01542,
epoch: [38], step: [1421/1581], batch loss: 0.01645, batch accuracy: 100.00, data load time: 0.00058, step time: 0.01051,
epoch: [39], step: [140/1581], batch loss: 0.00586, batch accuracy: 100.00, data load time: 0.00021, step time: 0.00995,
epoch: [39], step: [440/1581], batch loss: 0.03233, batch accuracy: 100.00, data load time: 0.00570, step time: 0.01010,
epoch: [39], step: [740/1581], batch loss: 0.01308, batch accuracy: 100.00, data load time: 0.00021, step time: 0.01003,
epoch: [39], step: [1040/1581], batch loss: 0.04292, batch accuracy: 96.88, data load time: 0.00577, step time: 0.01220,
epoch: [39], step: [1340/1581], batch loss: 0.03803, batch accuracy: 100.00, data load time: 0.00022, step time: 0.01058,
validation loss: 1.47517, accuracy: 71.44, class_accuracy: [44.91525423728814, 92.10526315789474, 82.90598290598291, 70.79646017699115, 67.79661016949153, 56.88073394495413, 100.0, 85.84070796460178, 58.16326530612245, 86.44067796610169]
class_avg: 74.58449558294285
epoch: [40], step: [59/1581], batch loss: 0.01553, batch accuracy: 100.00, data load time: 0.00414, step time: 0.01236,
epoch: [40], step: [359/1581], batch loss: 0.10147, batch accuracy: 96.88, data load time: 0.00020, step time: 0.01084,
epoch: [40], step: [659/1581], batch loss: 0.03464, batch accuracy: 96.88, data load time: 0.00020, step time: 0.00944,
epoch: [40], step: [959/1581], batch loss: 0.02683, batch accuracy: 100.00, data load time: 0.00024, step time: 0.01554,
epoch: [40], step: [1259/1581], batch loss: 0.08257, batch accuracy: 93.75, data load time: 0.00032, step time: 0.00942,
epoch: [40], step: [1559/1581], batch loss: 0.01700, batch accuracy: 100.00, data load time: 0.00011, step time: 0.00863,
epoch: [41], step: [278/1581], batch loss: 0.02867, batch accuracy: 96.88, data load time: 0.00021, step time: 0.01714,
epoch: [41], step: [578/1581], batch loss: 0.00778, batch accuracy: 100.00, data load time: 0.00022, step time: 0.01553,
epoch: [41], step: [878/1581], batch loss: 0.00315, batch accuracy: 100.00, data load time: 0.00022, step time: 0.01006,
epoch: [41], step: [1178/1581], batch loss: 0.12703, batch accuracy: 93.75, data load time: 0.00022, step time: 0.01205,
epoch: [41], step: [1478/1581], batch loss: 0.03269, batch accuracy: 96.88, data load time: 0.00022, step time: 0.00988,
epoch: [42], step: [197/1581], batch loss: 0.00489, batch accuracy: 100.00, data load time: 0.00338, step time: 0.01063,
epoch: [42], step: [497/1581], batch loss: 0.00982, batch accuracy: 100.00, data load time: 0.00025, step time: 0.00958,
epoch: [42], step: [797/1581], batch loss: 0.03155, batch accuracy: 100.00, data load time: 0.00029, step time: 0.01021,
epoch: [42], step: [1097/1581], batch loss: 0.00631, batch accuracy: 100.00, data load time: 0.00348, step time: 0.00999,
epoch: [42], step: [1397/1581], batch loss: 0.00449, batch accuracy: 100.00, data load time: 0.00022, step time: 0.00938,
epoch: [43], step: [116/1581], batch loss: 0.02124, batch accuracy: 100.00, data load time: 0.00024, step time: 0.01102,
epoch: [43], step: [416/1581], batch loss: 0.19549, batch accuracy: 93.75, data load time: 0.00022, step time: 0.00963,
epoch: [43], step: [716/1581], batch loss: 0.02419, batch accuracy: 100.00, data load time: 0.00036, step time: 0.01103,
epoch: [43], step: [1016/1581], batch loss: 0.02005, batch accuracy: 100.00, data load time: 0.00021, step time: 0.01195,
epoch: [43], step: [1316/1581], batch loss: 0.02157, batch accuracy: 100.00, data load time: 0.00022, step time: 0.01128,
epoch: [44], step: [35/1581], batch loss: 0.08122, batch accuracy: 93.75, data load time: 0.00400, step time: 0.01390,
epoch: [44], step: [335/1581], batch loss: 0.01083, batch accuracy: 100.00, data load time: 0.00360, step time: 0.00997,
epoch: [44], step: [635/1581], batch loss: 0.01568, batch accuracy: 100.00, data load time: 0.00021, step time: 0.01085,
epoch: [44], step: [935/1581], batch loss: 0.00983, batch accuracy: 100.00, data load time: 0.00022, step time: 0.00993,
epoch: [44], step: [1235/1581], batch loss: 0.20483, batch accuracy: 93.75, data load time: 0.00637, step time: 0.00972,
epoch: [44], step: [1535/1581], batch loss: 0.07333, batch accuracy: 96.88, data load time: 0.00016, step time: 0.00934,
validation loss: 1.30925, accuracy: 73.29, class_accuracy: [55.932203389830505, 84.21052631578948, 81.19658119658119, 77.87610619469027, 72.88135593220339, 54.12844036697248, 100.0, 87.61061946902655, 58.16326530612245, 83.89830508474576]
class_avg: 75.58974032559621
epoch: [45], step: [254/1581], batch loss: 0.00129, batch accuracy: 100.00, data load time: 0.00022, step time: 0.01098,
epoch: [45], step: [554/1581], batch loss: 0.45444, batch accuracy: 90.62, data load time: 0.00029, step time: 0.00953,
epoch: [45], step: [854/1581], batch loss: 0.05365, batch accuracy: 93.75, data load time: 0.00023, step time: 0.01575,
epoch: [45], step: [1154/1581], batch loss: 0.00432, batch accuracy: 100.00, data load time: 0.00023, step time: 0.01034,
epoch: [45], step: [1454/1581], batch loss: 0.04682, batch accuracy: 96.88, data load time: 0.00023, step time: 0.00997,
epoch: [46], step: [173/1581], batch loss: 0.04396, batch accuracy: 96.88, data load time: 0.00474, step time: 0.01018,
epoch: [46], step: [473/1581], batch loss: 0.19738, batch accuracy: 93.75, data load time: 0.00021, step time: 0.01503,
epoch: [46], step: [773/1581], batch loss: 0.04392, batch accuracy: 96.88, data load time: 0.00022, step time: 0.01597,
epoch: [46], step: [1073/1581], batch loss: 0.02232, batch accuracy: 100.00, data load time: 0.00078, step time: 0.00925,
epoch: [46], step: [1373/1581], batch loss: 0.01393, batch accuracy: 100.00, data load time: 0.00023, step time: 0.01563,
epoch: [47], step: [92/1581], batch loss: 0.02719, batch accuracy: 100.00, data load time: 0.00526, step time: 0.00993,
epoch: [47], step: [392/1581], batch loss: 0.01416, batch accuracy: 100.00, data load time: 0.00025, step time: 0.01928,
epoch: [47], step: [692/1581], batch loss: 0.03233, batch accuracy: 96.88, data load time: 0.00023, step time: 0.01302,
epoch: [47], step: [992/1581], batch loss: 0.24929, batch accuracy: 93.75, data load time: 0.00024, step time: 0.01104,
epoch: [47], step: [1292/1581], batch loss: 0.03989, batch accuracy: 96.88, data load time: 0.00247, step time: 0.01222,
epoch: [48], step: [11/1581], batch loss: 0.00884, batch accuracy: 100.00, data load time: 0.00034, step time: 0.01052,
epoch: [48], step: [311/1581], batch loss: 0.01148, batch accuracy: 100.00, data load time: 0.00022, step time: 0.01213,
epoch: [48], step: [611/1581], batch loss: 0.00699, batch accuracy: 100.00, data load time: 0.00022, step time: 0.01368,
epoch: [48], step: [911/1581], batch loss: 0.00258, batch accuracy: 100.00, data load time: 0.00023, step time: 0.01639,
epoch: [48], step: [1211/1581], batch loss: 0.00123, batch accuracy: 100.00, data load time: 0.00021, step time: 0.01338,
epoch: [48], step: [1511/1581], batch loss: 0.06346, batch accuracy: 96.88, data load time: 0.00022, step time: 0.01663,
epoch: [49], step: [230/1581], batch loss: 0.00668, batch accuracy: 100.00, data load time: 0.00025, step time: 0.01055,
epoch: [49], step: [530/1581], batch loss: 0.03434, batch accuracy: 100.00, data load time: 0.00024, step time: 0.01005,
epoch: [49], step: [830/1581], batch loss: 0.01360, batch accuracy: 100.00, data load time: 0.00023, step time: 0.01600,
epoch: [49], step: [1130/1581], batch loss: 0.00489, batch accuracy: 100.00, data load time: 0.00021, step time: 0.01247,
epoch: [49], step: [1430/1581], batch loss: 0.09167, batch accuracy: 96.88, data load time: 0.00022, step time: 0.00957,
validation loss: 1.39642, accuracy: 72.06, class_accuracy: [53.389830508474574, 84.21052631578948, 82.05128205128206, 75.22123893805309, 61.86440677966102, 59.63302752293578, 100.0, 83.1858407079646, 59.183673469387756, 87.28813559322033]
class_avg: 74.60279618867686
Total time taken: 1141.1157655715942
