Using CUDA...
Writing logs to logs/CNN_bn_epochs=50_dropout=0.5_bs=32_optim=SGD_decay=1e-05_lr=0.001_momentum=0.9_mode=MLMC_run_0
epoch: [0], step: [299/1581], batch loss: 1.86787, batch accuracy: 25.00, data load time: 0.00025, step time: 0.01167,
epoch: [0], step: [599/1581], batch loss: 1.83599, batch accuracy: 31.25, data load time: 0.00042, step time: 0.01167,
epoch: [0], step: [899/1581], batch loss: 1.91594, batch accuracy: 37.50, data load time: 0.00025, step time: 0.01169,
epoch: [0], step: [1199/1581], batch loss: 1.65868, batch accuracy: 40.62, data load time: 0.00027, step time: 0.01929,
epoch: [0], step: [1499/1581], batch loss: 1.06401, batch accuracy: 62.50, data load time: 0.00051, step time: 0.01166,
epoch: [1], step: [218/1581], batch loss: 1.15803, batch accuracy: 62.50, data load time: 0.00025, step time: 0.01365,
epoch: [1], step: [518/1581], batch loss: 1.01524, batch accuracy: 68.75, data load time: 0.00059, step time: 0.01167,
epoch: [1], step: [818/1581], batch loss: 0.98784, batch accuracy: 59.38, data load time: 0.00039, step time: 0.01170,
epoch: [1], step: [1118/1581], batch loss: 0.83526, batch accuracy: 68.75, data load time: 0.00025, step time: 0.01175,
epoch: [1], step: [1418/1581], batch loss: 0.79551, batch accuracy: 81.25, data load time: 0.00026, step time: 0.01172,
epoch: [2], step: [137/1581], batch loss: 0.99720, batch accuracy: 59.38, data load time: 0.00646, step time: 0.01386,
epoch: [2], step: [437/1581], batch loss: 1.11496, batch accuracy: 59.38, data load time: 0.00024, step time: 0.01163,
epoch: [2], step: [737/1581], batch loss: 0.68757, batch accuracy: 81.25, data load time: 0.00026, step time: 0.01169,
epoch: [2], step: [1037/1581], batch loss: 1.34377, batch accuracy: 59.38, data load time: 0.00025, step time: 0.01242,
epoch: [2], step: [1337/1581], batch loss: 1.35640, batch accuracy: 50.00, data load time: 0.00023, step time: 0.01167,
epoch: [3], step: [56/1581], batch loss: 0.64936, batch accuracy: 68.75, data load time: 0.00022, step time: 0.01651,
epoch: [3], step: [356/1581], batch loss: 0.71451, batch accuracy: 71.88, data load time: 0.00025, step time: 0.01960,
epoch: [3], step: [656/1581], batch loss: 1.05950, batch accuracy: 65.62, data load time: 0.00023, step time: 0.01167,
epoch: [3], step: [956/1581], batch loss: 0.73265, batch accuracy: 68.75, data load time: 0.00026, step time: 0.01389,
epoch: [3], step: [1256/1581], batch loss: 1.16522, batch accuracy: 59.38, data load time: 0.00025, step time: 0.01166,
epoch: [3], step: [1556/1581], batch loss: 0.92569, batch accuracy: 65.62, data load time: 0.00014, step time: 0.01158,
epoch: [4], step: [275/1581], batch loss: 0.52208, batch accuracy: 84.38, data load time: 0.00023, step time: 0.01170,
epoch: [4], step: [575/1581], batch loss: 0.73658, batch accuracy: 62.50, data load time: 0.00025, step time: 0.01168,
epoch: [4], step: [875/1581], batch loss: 0.73739, batch accuracy: 78.12, data load time: 0.00024, step time: 0.01412,
epoch: [4], step: [1175/1581], batch loss: 0.67788, batch accuracy: 75.00, data load time: 0.00025, step time: 0.01186,
epoch: [4], step: [1475/1581], batch loss: 0.61083, batch accuracy: 75.00, data load time: 0.00025, step time: 0.01226,
validation loss: 1.01071, accuracy: 71.34, class_accuracy: [76.27118644067797, 89.47368421052632, 70.94017094017094, 61.06194690265487, 61.86440677966102, 74.31192660550458, 100.0, 97.34513274336283, 52.04081632653061, 60.16949152542373]
class_avg: 74.3478762474513
epoch: [5], step: [194/1581], batch loss: 0.60822, batch accuracy: 81.25, data load time: 0.00040, step time: 0.01254,
epoch: [5], step: [494/1581], batch loss: 0.73348, batch accuracy: 75.00, data load time: 0.00025, step time: 0.01312,
epoch: [5], step: [794/1581], batch loss: 0.54349, batch accuracy: 65.62, data load time: 0.00024, step time: 0.01372,
epoch: [5], step: [1094/1581], batch loss: 0.54372, batch accuracy: 81.25, data load time: 0.00036, step time: 0.01247,
epoch: [5], step: [1394/1581], batch loss: 0.40505, batch accuracy: 87.50, data load time: 0.00035, step time: 0.01265,
epoch: [6], step: [113/1581], batch loss: 0.55329, batch accuracy: 84.38, data load time: 0.00024, step time: 0.01170,
epoch: [6], step: [413/1581], batch loss: 0.52010, batch accuracy: 71.88, data load time: 0.00025, step time: 0.01869,
epoch: [6], step: [713/1581], batch loss: 0.58946, batch accuracy: 78.12, data load time: 0.00025, step time: 0.01860,
epoch: [6], step: [1013/1581], batch loss: 0.53574, batch accuracy: 75.00, data load time: 0.00024, step time: 0.01167,
epoch: [6], step: [1313/1581], batch loss: 0.33451, batch accuracy: 90.62, data load time: 0.00026, step time: 0.01211,
epoch: [7], step: [32/1581], batch loss: 0.71307, batch accuracy: 68.75, data load time: 0.00022, step time: 0.01169,
epoch: [7], step: [332/1581], batch loss: 0.69113, batch accuracy: 81.25, data load time: 0.00027, step time: 0.01168,
epoch: [7], step: [632/1581], batch loss: 0.67904, batch accuracy: 71.88, data load time: 0.00031, step time: 0.02107,
epoch: [7], step: [932/1581], batch loss: 0.35105, batch accuracy: 87.50, data load time: 0.00216, step time: 0.01376,
epoch: [7], step: [1232/1581], batch loss: 0.60631, batch accuracy: 78.12, data load time: 0.00025, step time: 0.01204,
epoch: [7], step: [1532/1581], batch loss: 0.57579, batch accuracy: 71.88, data load time: 0.00020, step time: 0.01170,
epoch: [8], step: [251/1581], batch loss: 0.47144, batch accuracy: 84.38, data load time: 0.00029, step time: 0.01174,
epoch: [8], step: [551/1581], batch loss: 0.37618, batch accuracy: 84.38, data load time: 0.00026, step time: 0.01177,
epoch: [8], step: [851/1581], batch loss: 0.37713, batch accuracy: 84.38, data load time: 0.00045, step time: 0.01756,
epoch: [8], step: [1151/1581], batch loss: 0.67523, batch accuracy: 78.12, data load time: 0.00025, step time: 0.02336,
epoch: [8], step: [1451/1581], batch loss: 0.24213, batch accuracy: 90.62, data load time: 0.00371, step time: 0.01200,
epoch: [9], step: [170/1581], batch loss: 0.41629, batch accuracy: 87.50, data load time: 0.00025, step time: 0.02107,
epoch: [9], step: [470/1581], batch loss: 0.41166, batch accuracy: 84.38, data load time: 0.00026, step time: 0.02096,
epoch: [9], step: [770/1581], batch loss: 0.43923, batch accuracy: 84.38, data load time: 0.00024, step time: 0.01168,
epoch: [9], step: [1070/1581], batch loss: 0.39684, batch accuracy: 87.50, data load time: 0.00025, step time: 0.01167,
epoch: [9], step: [1370/1581], batch loss: 0.28856, batch accuracy: 87.50, data load time: 0.00024, step time: 0.01168,
validation loss: 0.90029, accuracy: 73.08, class_accuracy: [74.57627118644068, 86.84210526315789, 67.52136752136752, 66.3716814159292, 84.7457627118644, 53.211009174311926, 100.0, 92.03539823008849, 56.12244897959184, 73.72881355932203]
class_avg: 75.51548580420739
epoch: [10], step: [89/1581], batch loss: 0.41574, batch accuracy: 87.50, data load time: 0.00024, step time: 0.01454,
epoch: [10], step: [389/1581], batch loss: 0.29012, batch accuracy: 90.62, data load time: 0.00025, step time: 0.01934,
epoch: [10], step: [689/1581], batch loss: 0.23488, batch accuracy: 93.75, data load time: 0.00027, step time: 0.01170,
epoch: [10], step: [989/1581], batch loss: 0.31830, batch accuracy: 87.50, data load time: 0.00033, step time: 0.01263,
epoch: [10], step: [1289/1581], batch loss: 0.35601, batch accuracy: 90.62, data load time: 0.00026, step time: 0.02030,
epoch: [11], step: [8/1581], batch loss: 0.59269, batch accuracy: 84.38, data load time: 0.00023, step time: 0.01907,
epoch: [11], step: [308/1581], batch loss: 0.33127, batch accuracy: 90.62, data load time: 0.00025, step time: 0.01443,
epoch: [11], step: [608/1581], batch loss: 0.37047, batch accuracy: 90.62, data load time: 0.00025, step time: 0.01167,
epoch: [11], step: [908/1581], batch loss: 0.33192, batch accuracy: 84.38, data load time: 0.00025, step time: 0.01944,
epoch: [11], step: [1208/1581], batch loss: 0.59008, batch accuracy: 87.50, data load time: 0.00027, step time: 0.01171,
epoch: [11], step: [1508/1581], batch loss: 0.34003, batch accuracy: 84.38, data load time: 0.00025, step time: 0.01185,
epoch: [12], step: [227/1581], batch loss: 0.10093, batch accuracy: 96.88, data load time: 0.00627, step time: 0.01215,
epoch: [12], step: [527/1581], batch loss: 0.41752, batch accuracy: 87.50, data load time: 0.00027, step time: 0.01168,
epoch: [12], step: [827/1581], batch loss: 0.35783, batch accuracy: 84.38, data load time: 0.00025, step time: 0.01329,
epoch: [12], step: [1127/1581], batch loss: 0.49224, batch accuracy: 81.25, data load time: 0.00024, step time: 0.01410,
epoch: [12], step: [1427/1581], batch loss: 0.27170, batch accuracy: 78.12, data load time: 0.00934, step time: 0.01244,
epoch: [13], step: [146/1581], batch loss: 0.36751, batch accuracy: 90.62, data load time: 0.00026, step time: 0.01169,
epoch: [13], step: [446/1581], batch loss: 0.28339, batch accuracy: 90.62, data load time: 0.00274, step time: 0.01387,
epoch: [13], step: [746/1581], batch loss: 0.27599, batch accuracy: 93.75, data load time: 0.00026, step time: 0.01254,
epoch: [13], step: [1046/1581], batch loss: 0.29120, batch accuracy: 90.62, data load time: 0.00401, step time: 0.01169,
epoch: [13], step: [1346/1581], batch loss: 0.23472, batch accuracy: 93.75, data load time: 0.00027, step time: 0.02060,
epoch: [14], step: [65/1581], batch loss: 0.16199, batch accuracy: 96.88, data load time: 0.00027, step time: 0.02039,
epoch: [14], step: [365/1581], batch loss: 0.27582, batch accuracy: 93.75, data load time: 0.00027, step time: 0.01167,
epoch: [14], step: [665/1581], batch loss: 0.13989, batch accuracy: 93.75, data load time: 0.00024, step time: 0.01167,
epoch: [14], step: [965/1581], batch loss: 0.38061, batch accuracy: 84.38, data load time: 0.00339, step time: 0.01203,
epoch: [14], step: [1265/1581], batch loss: 0.20272, batch accuracy: 87.50, data load time: 0.00027, step time: 0.01399,
epoch: [14], step: [1565/1581], batch loss: 0.13546, batch accuracy: 100.00, data load time: 0.00015, step time: 0.01162,
validation loss: 0.88260, accuracy: 72.47, class_accuracy: [58.47457627118644, 92.10526315789474, 71.7948717948718, 70.79646017699115, 81.35593220338983, 52.293577981651374, 100.0, 93.80530973451327, 55.10204081632653, 77.96610169491525]
class_avg: 75.36941338317402
epoch: [15], step: [284/1581], batch loss: 0.16540, batch accuracy: 93.75, data load time: 0.00025, step time: 0.01170,
epoch: [15], step: [584/1581], batch loss: 0.13678, batch accuracy: 96.88, data load time: 0.00025, step time: 0.01171,
epoch: [15], step: [884/1581], batch loss: 0.19342, batch accuracy: 93.75, data load time: 0.00036, step time: 0.01190,
epoch: [15], step: [1184/1581], batch loss: 0.31586, batch accuracy: 90.62, data load time: 0.00024, step time: 0.01170,
epoch: [15], step: [1484/1581], batch loss: 0.41339, batch accuracy: 84.38, data load time: 0.00070, step time: 0.01810,
epoch: [16], step: [203/1581], batch loss: 0.30891, batch accuracy: 87.50, data load time: 0.00025, step time: 0.01457,
epoch: [16], step: [503/1581], batch loss: 0.32868, batch accuracy: 90.62, data load time: 0.00028, step time: 0.01198,
epoch: [16], step: [803/1581], batch loss: 0.32352, batch accuracy: 84.38, data load time: 0.00025, step time: 0.01168,
epoch: [16], step: [1103/1581], batch loss: 0.16899, batch accuracy: 90.62, data load time: 0.00393, step time: 0.01204,
epoch: [16], step: [1403/1581], batch loss: 0.34614, batch accuracy: 84.38, data load time: 0.00654, step time: 0.01168,
epoch: [17], step: [122/1581], batch loss: 0.18300, batch accuracy: 90.62, data load time: 0.00028, step time: 0.01226,
epoch: [17], step: [422/1581], batch loss: 0.17096, batch accuracy: 90.62, data load time: 0.00025, step time: 0.01168,
epoch: [17], step: [722/1581], batch loss: 0.19637, batch accuracy: 93.75, data load time: 0.00039, step time: 0.01169,
epoch: [17], step: [1022/1581], batch loss: 0.25002, batch accuracy: 90.62, data load time: 0.00025, step time: 0.01197,
epoch: [17], step: [1322/1581], batch loss: 0.25566, batch accuracy: 90.62, data load time: 0.00064, step time: 0.01696,
epoch: [18], step: [41/1581], batch loss: 0.29567, batch accuracy: 87.50, data load time: 0.00979, step time: 0.01288,
epoch: [18], step: [341/1581], batch loss: 0.14215, batch accuracy: 93.75, data load time: 0.00023, step time: 0.01166,
epoch: [18], step: [641/1581], batch loss: 0.15940, batch accuracy: 90.62, data load time: 0.00023, step time: 0.01166,
epoch: [18], step: [941/1581], batch loss: 0.12503, batch accuracy: 96.88, data load time: 0.00024, step time: 0.01166,
epoch: [18], step: [1241/1581], batch loss: 0.14459, batch accuracy: 90.62, data load time: 0.00025, step time: 0.01587,
epoch: [18], step: [1541/1581], batch loss: 0.06740, batch accuracy: 100.00, data load time: 0.00016, step time: 0.01163,
epoch: [19], step: [260/1581], batch loss: 0.13268, batch accuracy: 96.88, data load time: 0.00025, step time: 0.01171,
epoch: [19], step: [560/1581], batch loss: 0.26434, batch accuracy: 90.62, data load time: 0.00025, step time: 0.01764,
epoch: [19], step: [860/1581], batch loss: 0.33384, batch accuracy: 87.50, data load time: 0.00030, step time: 0.01211,
epoch: [19], step: [1160/1581], batch loss: 0.34157, batch accuracy: 84.38, data load time: 0.00030, step time: 0.01455,
epoch: [19], step: [1460/1581], batch loss: 0.15561, batch accuracy: 96.88, data load time: 0.00026, step time: 0.01204,
validation loss: 0.94984, accuracy: 70.52, class_accuracy: [43.220338983050844, 92.10526315789474, 75.21367521367522, 71.68141592920354, 77.96610169491525, 52.293577981651374, 100.0, 94.69026548672566, 57.142857142857146, 73.72881355932203]
class_avg: 73.80423091492958
epoch: [20], step: [179/1581], batch loss: 0.15564, batch accuracy: 87.50, data load time: 0.00024, step time: 0.01324,
epoch: [20], step: [479/1581], batch loss: 0.17403, batch accuracy: 93.75, data load time: 0.00027, step time: 0.02036,
epoch: [20], step: [779/1581], batch loss: 0.11349, batch accuracy: 96.88, data load time: 0.00025, step time: 0.01170,
epoch: [20], step: [1079/1581], batch loss: 0.12835, batch accuracy: 96.88, data load time: 0.00026, step time: 0.01168,
epoch: [20], step: [1379/1581], batch loss: 0.27904, batch accuracy: 90.62, data load time: 0.00027, step time: 0.01237,
epoch: [21], step: [98/1581], batch loss: 0.26526, batch accuracy: 90.62, data load time: 0.00025, step time: 0.01169,
epoch: [21], step: [398/1581], batch loss: 0.24835, batch accuracy: 93.75, data load time: 0.00033, step time: 0.01191,
epoch: [21], step: [698/1581], batch loss: 0.21045, batch accuracy: 93.75, data load time: 0.00024, step time: 0.01167,
epoch: [21], step: [998/1581], batch loss: 0.15973, batch accuracy: 93.75, data load time: 0.00025, step time: 0.01921,
epoch: [21], step: [1298/1581], batch loss: 0.15950, batch accuracy: 90.62, data load time: 0.00390, step time: 0.01193,
epoch: [22], step: [17/1581], batch loss: 0.15141, batch accuracy: 93.75, data load time: 0.00024, step time: 0.01195,
epoch: [22], step: [317/1581], batch loss: 0.07352, batch accuracy: 96.88, data load time: 0.00025, step time: 0.01198,
epoch: [22], step: [617/1581], batch loss: 0.08542, batch accuracy: 96.88, data load time: 0.00028, step time: 0.02097,
epoch: [22], step: [917/1581], batch loss: 0.23892, batch accuracy: 93.75, data load time: 0.00025, step time: 0.01166,
epoch: [22], step: [1217/1581], batch loss: 0.21590, batch accuracy: 90.62, data load time: 0.00385, step time: 0.01198,
epoch: [22], step: [1517/1581], batch loss: 0.29496, batch accuracy: 93.75, data load time: 0.00027, step time: 0.01170,
epoch: [23], step: [236/1581], batch loss: 0.11223, batch accuracy: 100.00, data load time: 0.00025, step time: 0.01170,
epoch: [23], step: [536/1581], batch loss: 0.18228, batch accuracy: 96.88, data load time: 0.00250, step time: 0.01314,
epoch: [23], step: [836/1581], batch loss: 0.07490, batch accuracy: 96.88, data load time: 0.00026, step time: 0.01169,
epoch: [23], step: [1136/1581], batch loss: 0.17486, batch accuracy: 90.62, data load time: 0.00025, step time: 0.01166,
epoch: [23], step: [1436/1581], batch loss: 0.20406, batch accuracy: 96.88, data load time: 0.00022, step time: 0.01167,
epoch: [24], step: [155/1581], batch loss: 0.12672, batch accuracy: 93.75, data load time: 0.00024, step time: 0.01648,
epoch: [24], step: [455/1581], batch loss: 0.09680, batch accuracy: 96.88, data load time: 0.00026, step time: 0.01192,
epoch: [24], step: [755/1581], batch loss: 0.18451, batch accuracy: 93.75, data load time: 0.00372, step time: 0.01248,
epoch: [24], step: [1055/1581], batch loss: 0.15568, batch accuracy: 93.75, data load time: 0.00025, step time: 0.01189,
epoch: [24], step: [1355/1581], batch loss: 0.09735, batch accuracy: 100.00, data load time: 0.00025, step time: 0.01189,
validation loss: 0.95615, accuracy: 72.26, class_accuracy: [44.91525423728814, 92.10526315789474, 81.19658119658119, 76.10619469026548, 75.42372881355932, 52.293577981651374, 97.14285714285714, 92.03539823008849, 58.16326530612245, 81.35593220338983]
class_avg: 75.0738052959698
epoch: [25], step: [74/1581], batch loss: 0.06684, batch accuracy: 96.88, data load time: 0.00024, step time: 0.02439,
epoch: [25], step: [374/1581], batch loss: 0.07141, batch accuracy: 100.00, data load time: 0.00043, step time: 0.02448,
epoch: [25], step: [674/1581], batch loss: 0.17088, batch accuracy: 93.75, data load time: 0.00025, step time: 0.01169,
epoch: [25], step: [974/1581], batch loss: 0.07161, batch accuracy: 96.88, data load time: 0.00026, step time: 0.02109,
epoch: [25], step: [1274/1581], batch loss: 0.08514, batch accuracy: 96.88, data load time: 0.00026, step time: 0.01209,
epoch: [25], step: [1574/1581], batch loss: 0.07541, batch accuracy: 100.00, data load time: 0.00013, step time: 0.01159,
epoch: [26], step: [293/1581], batch loss: 0.10834, batch accuracy: 96.88, data load time: 0.00038, step time: 0.01208,
epoch: [26], step: [593/1581], batch loss: 0.30701, batch accuracy: 87.50, data load time: 0.00039, step time: 0.01168,
epoch: [26], step: [893/1581], batch loss: 0.06682, batch accuracy: 96.88, data load time: 0.00025, step time: 0.01836,
epoch: [26], step: [1193/1581], batch loss: 0.10010, batch accuracy: 96.88, data load time: 0.00026, step time: 0.01167,
epoch: [26], step: [1493/1581], batch loss: 0.16694, batch accuracy: 93.75, data load time: 0.00024, step time: 0.01167,
epoch: [27], step: [212/1581], batch loss: 0.20541, batch accuracy: 90.62, data load time: 0.00025, step time: 0.01167,
epoch: [27], step: [512/1581], batch loss: 0.12540, batch accuracy: 96.88, data load time: 0.00027, step time: 0.01195,
epoch: [27], step: [812/1581], batch loss: 0.11848, batch accuracy: 96.88, data load time: 0.00028, step time: 0.03356,
epoch: [27], step: [1112/1581], batch loss: 0.19625, batch accuracy: 93.75, data load time: 0.00026, step time: 0.01167,
epoch: [27], step: [1412/1581], batch loss: 0.08188, batch accuracy: 100.00, data load time: 0.00024, step time: 0.01167,
epoch: [28], step: [131/1581], batch loss: 0.23430, batch accuracy: 90.62, data load time: 0.00024, step time: 0.01459,
epoch: [28], step: [431/1581], batch loss: 0.14845, batch accuracy: 93.75, data load time: 0.00027, step time: 0.01374,
epoch: [28], step: [731/1581], batch loss: 0.13564, batch accuracy: 93.75, data load time: 0.00025, step time: 0.01276,
epoch: [28], step: [1031/1581], batch loss: 0.16524, batch accuracy: 96.88, data load time: 0.00026, step time: 0.01167,
epoch: [28], step: [1331/1581], batch loss: 0.10116, batch accuracy: 93.75, data load time: 0.00024, step time: 0.01166,
epoch: [29], step: [50/1581], batch loss: 0.17019, batch accuracy: 96.88, data load time: 0.00021, step time: 0.02029,
epoch: [29], step: [350/1581], batch loss: 0.13004, batch accuracy: 93.75, data load time: 0.00026, step time: 0.01168,
epoch: [29], step: [650/1581], batch loss: 0.05734, batch accuracy: 100.00, data load time: 0.00025, step time: 0.01167,
epoch: [29], step: [950/1581], batch loss: 0.07645, batch accuracy: 96.88, data load time: 0.00025, step time: 0.01167,
epoch: [29], step: [1250/1581], batch loss: 0.02050, batch accuracy: 100.00, data load time: 0.00056, step time: 0.01167,
epoch: [29], step: [1550/1581], batch loss: 0.04487, batch accuracy: 100.00, data load time: 0.00014, step time: 0.01160,
validation loss: 0.97732, accuracy: 71.85, class_accuracy: [40.67796610169491, 92.10526315789474, 79.48717948717949, 73.45132743362832, 71.1864406779661, 52.293577981651374, 100.0, 93.80530973451327, 64.28571428571429, 83.05084745762711]
class_avg: 75.03436263178696
epoch: [30], step: [269/1581], batch loss: 0.09735, batch accuracy: 100.00, data load time: 0.00024, step time: 0.01166,
epoch: [30], step: [569/1581], batch loss: 0.09298, batch accuracy: 96.88, data load time: 0.00024, step time: 0.01166,
epoch: [30], step: [869/1581], batch loss: 0.04578, batch accuracy: 100.00, data load time: 0.00024, step time: 0.01167,
epoch: [30], step: [1169/1581], batch loss: 0.04085, batch accuracy: 100.00, data load time: 0.00024, step time: 0.01201,
epoch: [30], step: [1469/1581], batch loss: 0.17178, batch accuracy: 93.75, data load time: 0.00034, step time: 0.01273,
epoch: [31], step: [188/1581], batch loss: 0.46494, batch accuracy: 87.50, data load time: 0.00028, step time: 0.01191,
epoch: [31], step: [488/1581], batch loss: 0.27076, batch accuracy: 90.62, data load time: 0.00024, step time: 0.01167,
epoch: [31], step: [788/1581], batch loss: 0.08449, batch accuracy: 93.75, data load time: 0.00025, step time: 0.01170,
epoch: [31], step: [1088/1581], batch loss: 0.07668, batch accuracy: 96.88, data load time: 0.00025, step time: 0.01166,
epoch: [31], step: [1388/1581], batch loss: 0.08543, batch accuracy: 96.88, data load time: 0.00025, step time: 0.01378,
epoch: [32], step: [107/1581], batch loss: 0.03677, batch accuracy: 100.00, data load time: 0.00026, step time: 0.01168,
epoch: [32], step: [407/1581], batch loss: 0.07029, batch accuracy: 93.75, data load time: 0.00024, step time: 0.01402,
epoch: [32], step: [707/1581], batch loss: 0.26105, batch accuracy: 90.62, data load time: 0.00025, step time: 0.01183,
epoch: [32], step: [1007/1581], batch loss: 0.08483, batch accuracy: 96.88, data load time: 0.00026, step time: 0.01168,
epoch: [32], step: [1307/1581], batch loss: 0.03419, batch accuracy: 100.00, data load time: 0.00026, step time: 0.01169,
epoch: [33], step: [26/1581], batch loss: 0.05192, batch accuracy: 100.00, data load time: 0.00027, step time: 0.01407,
epoch: [33], step: [326/1581], batch loss: 0.04109, batch accuracy: 100.00, data load time: 0.00024, step time: 0.01167,
epoch: [33], step: [626/1581], batch loss: 0.26370, batch accuracy: 90.62, data load time: 0.00035, step time: 0.01166,
epoch: [33], step: [926/1581], batch loss: 0.10287, batch accuracy: 96.88, data load time: 0.00027, step time: 0.01184,
epoch: [33], step: [1226/1581], batch loss: 0.03892, batch accuracy: 100.00, data load time: 0.00039, step time: 0.01220,
epoch: [33], step: [1526/1581], batch loss: 0.08059, batch accuracy: 100.00, data load time: 0.00021, step time: 0.01166,
epoch: [34], step: [245/1581], batch loss: 0.01140, batch accuracy: 100.00, data load time: 0.00023, step time: 0.02052,
epoch: [34], step: [545/1581], batch loss: 0.05639, batch accuracy: 100.00, data load time: 0.00024, step time: 0.01971,
epoch: [34], step: [845/1581], batch loss: 0.02680, batch accuracy: 100.00, data load time: 0.00037, step time: 0.01166,
epoch: [34], step: [1145/1581], batch loss: 0.12830, batch accuracy: 96.88, data load time: 0.00024, step time: 0.01220,
epoch: [34], step: [1445/1581], batch loss: 0.15839, batch accuracy: 90.62, data load time: 0.00023, step time: 0.01418,
validation loss: 1.05229, accuracy: 70.32, class_accuracy: [38.983050847457626, 92.10526315789474, 82.05128205128206, 76.10619469026548, 72.03389830508475, 51.37614678899082, 97.14285714285714, 92.92035398230088, 56.12244897959184, 75.42372881355932]
class_avg: 73.42652247592846
epoch: [35], step: [164/1581], batch loss: 0.03130, batch accuracy: 100.00, data load time: 0.00614, step time: 0.01291,
epoch: [35], step: [464/1581], batch loss: 0.15993, batch accuracy: 96.88, data load time: 0.00026, step time: 0.01170,
epoch: [35], step: [764/1581], batch loss: 0.05555, batch accuracy: 100.00, data load time: 0.00080, step time: 0.01174,
epoch: [35], step: [1064/1581], batch loss: 0.08044, batch accuracy: 96.88, data load time: 0.00058, step time: 0.01167,
epoch: [35], step: [1364/1581], batch loss: 0.26845, batch accuracy: 90.62, data load time: 0.00035, step time: 0.02020,
epoch: [36], step: [83/1581], batch loss: 0.14975, batch accuracy: 93.75, data load time: 0.01018, step time: 0.01272,
epoch: [36], step: [383/1581], batch loss: 0.04390, batch accuracy: 100.00, data load time: 0.00037, step time: 0.01187,
epoch: [36], step: [683/1581], batch loss: 0.11505, batch accuracy: 96.88, data load time: 0.00024, step time: 0.01169,
epoch: [36], step: [983/1581], batch loss: 0.11819, batch accuracy: 96.88, data load time: 0.00023, step time: 0.01176,
epoch: [36], step: [1283/1581], batch loss: 0.09764, batch accuracy: 90.62, data load time: 0.00025, step time: 0.01169,
epoch: [37], step: [2/1581], batch loss: 0.06984, batch accuracy: 96.88, data load time: 0.00035, step time: 0.01215,
epoch: [37], step: [302/1581], batch loss: 0.04594, batch accuracy: 100.00, data load time: 0.00026, step time: 0.01168,
epoch: [37], step: [602/1581], batch loss: 0.02004, batch accuracy: 100.00, data load time: 0.00025, step time: 0.01171,
epoch: [37], step: [902/1581], batch loss: 0.16903, batch accuracy: 96.88, data load time: 0.00026, step time: 0.01320,
epoch: [37], step: [1202/1581], batch loss: 0.05069, batch accuracy: 100.00, data load time: 0.00026, step time: 0.01169,
epoch: [37], step: [1502/1581], batch loss: 0.08717, batch accuracy: 96.88, data load time: 0.00363, step time: 0.01267,
epoch: [38], step: [221/1581], batch loss: 0.17183, batch accuracy: 93.75, data load time: 0.00027, step time: 0.02023,
epoch: [38], step: [521/1581], batch loss: 0.05334, batch accuracy: 96.88, data load time: 0.00025, step time: 0.01400,
epoch: [38], step: [821/1581], batch loss: 0.11690, batch accuracy: 90.62, data load time: 0.00377, step time: 0.01317,
epoch: [38], step: [1121/1581], batch loss: 0.17235, batch accuracy: 90.62, data load time: 0.00025, step time: 0.01165,
epoch: [38], step: [1421/1581], batch loss: 0.05266, batch accuracy: 96.88, data load time: 0.00026, step time: 0.01167,
epoch: [39], step: [140/1581], batch loss: 0.04555, batch accuracy: 96.88, data load time: 0.00032, step time: 0.01169,
epoch: [39], step: [440/1581], batch loss: 0.06157, batch accuracy: 96.88, data load time: 0.00025, step time: 0.01167,
epoch: [39], step: [740/1581], batch loss: 0.06270, batch accuracy: 100.00, data load time: 0.00026, step time: 0.01168,
epoch: [39], step: [1040/1581], batch loss: 0.02821, batch accuracy: 100.00, data load time: 0.00026, step time: 0.01227,
epoch: [39], step: [1340/1581], batch loss: 0.04091, batch accuracy: 100.00, data load time: 0.00027, step time: 0.01198,
validation loss: 1.04381, accuracy: 71.24, class_accuracy: [40.67796610169491, 89.47368421052632, 76.06837606837607, 76.99115044247787, 73.72881355932203, 49.54128440366973, 100.0, 93.80530973451327, 57.142857142857146, 84.7457627118644]
class_avg: 74.21752043753017
epoch: [40], step: [59/1581], batch loss: 0.07602, batch accuracy: 96.88, data load time: 0.00402, step time: 0.01169,
epoch: [40], step: [359/1581], batch loss: 0.06774, batch accuracy: 100.00, data load time: 0.00025, step time: 0.02115,
epoch: [40], step: [659/1581], batch loss: 0.05797, batch accuracy: 100.00, data load time: 0.00025, step time: 0.01170,
epoch: [40], step: [959/1581], batch loss: 0.02119, batch accuracy: 100.00, data load time: 0.00027, step time: 0.01169,
epoch: [40], step: [1259/1581], batch loss: 0.05165, batch accuracy: 96.88, data load time: 0.00025, step time: 0.01168,
epoch: [40], step: [1559/1581], batch loss: 0.08671, batch accuracy: 93.75, data load time: 0.00014, step time: 0.01162,
epoch: [41], step: [278/1581], batch loss: 0.03212, batch accuracy: 100.00, data load time: 0.00025, step time: 0.01984,
epoch: [41], step: [578/1581], batch loss: 0.16067, batch accuracy: 93.75, data load time: 0.00025, step time: 0.01169,
epoch: [41], step: [878/1581], batch loss: 0.06344, batch accuracy: 96.88, data load time: 0.00027, step time: 0.01168,
epoch: [41], step: [1178/1581], batch loss: 0.05644, batch accuracy: 100.00, data load time: 0.00024, step time: 0.01166,
epoch: [41], step: [1478/1581], batch loss: 0.08111, batch accuracy: 96.88, data load time: 0.00439, step time: 0.01242,
epoch: [42], step: [197/1581], batch loss: 0.07298, batch accuracy: 96.88, data load time: 0.00024, step time: 0.01167,
epoch: [42], step: [497/1581], batch loss: 0.27060, batch accuracy: 90.62, data load time: 0.00471, step time: 0.01214,
epoch: [42], step: [797/1581], batch loss: 0.05378, batch accuracy: 100.00, data load time: 0.00027, step time: 0.01168,
epoch: [42], step: [1097/1581], batch loss: 0.01926, batch accuracy: 100.00, data load time: 0.00028, step time: 0.01234,
epoch: [42], step: [1397/1581], batch loss: 0.04571, batch accuracy: 100.00, data load time: 0.00026, step time: 0.01171,
epoch: [43], step: [116/1581], batch loss: 0.08258, batch accuracy: 100.00, data load time: 0.00025, step time: 0.01166,
epoch: [43], step: [416/1581], batch loss: 0.07703, batch accuracy: 96.88, data load time: 0.00026, step time: 0.01196,
epoch: [43], step: [716/1581], batch loss: 0.08111, batch accuracy: 96.88, data load time: 0.00023, step time: 0.01166,
epoch: [43], step: [1016/1581], batch loss: 0.05802, batch accuracy: 100.00, data load time: 0.00024, step time: 0.01167,
epoch: [43], step: [1316/1581], batch loss: 0.10566, batch accuracy: 96.88, data load time: 0.01271, step time: 0.01165,
epoch: [44], step: [35/1581], batch loss: 0.08667, batch accuracy: 96.88, data load time: 0.00030, step time: 0.01167,
epoch: [44], step: [335/1581], batch loss: 0.06054, batch accuracy: 96.88, data load time: 0.00025, step time: 0.01169,
epoch: [44], step: [635/1581], batch loss: 0.08750, batch accuracy: 93.75, data load time: 0.00035, step time: 0.01168,
epoch: [44], step: [935/1581], batch loss: 0.09994, batch accuracy: 96.88, data load time: 0.00026, step time: 0.01167,
epoch: [44], step: [1235/1581], batch loss: 0.05404, batch accuracy: 93.75, data load time: 0.00025, step time: 0.01887,
epoch: [44], step: [1535/1581], batch loss: 0.04297, batch accuracy: 100.00, data load time: 0.00028, step time: 0.01280,
validation loss: 1.10540, accuracy: 70.32, class_accuracy: [36.440677966101696, 89.47368421052632, 82.05128205128206, 76.10619469026548, 72.03389830508475, 50.45871559633027, 100.0, 92.03539823008849, 54.08163265306123, 81.35593220338983]
class_avg: 73.40374159061301
epoch: [45], step: [254/1581], batch loss: 0.02717, batch accuracy: 100.00, data load time: 0.00024, step time: 0.01169,
epoch: [45], step: [554/1581], batch loss: 0.06606, batch accuracy: 96.88, data load time: 0.00452, step time: 0.01186,
epoch: [45], step: [854/1581], batch loss: 0.04259, batch accuracy: 96.88, data load time: 0.00349, step time: 0.01169,
epoch: [45], step: [1154/1581], batch loss: 0.06564, batch accuracy: 96.88, data load time: 0.00028, step time: 0.01192,
epoch: [45], step: [1454/1581], batch loss: 0.03071, batch accuracy: 100.00, data load time: 0.00026, step time: 0.01172,
epoch: [46], step: [173/1581], batch loss: 0.03311, batch accuracy: 100.00, data load time: 0.00024, step time: 0.01167,
epoch: [46], step: [473/1581], batch loss: 0.06859, batch accuracy: 96.88, data load time: 0.00025, step time: 0.01167,
epoch: [46], step: [773/1581], batch loss: 0.03780, batch accuracy: 96.88, data load time: 0.00026, step time: 0.01168,
epoch: [46], step: [1073/1581], batch loss: 0.13486, batch accuracy: 93.75, data load time: 0.00025, step time: 0.01169,
epoch: [46], step: [1373/1581], batch loss: 0.04186, batch accuracy: 96.88, data load time: 0.00027, step time: 0.01370,
epoch: [47], step: [92/1581], batch loss: 0.15273, batch accuracy: 90.62, data load time: 0.00023, step time: 0.01169,
epoch: [47], step: [392/1581], batch loss: 0.06731, batch accuracy: 96.88, data load time: 0.00024, step time: 0.01169,
epoch: [47], step: [692/1581], batch loss: 0.12344, batch accuracy: 93.75, data load time: 0.00026, step time: 0.01316,
epoch: [47], step: [992/1581], batch loss: 0.03860, batch accuracy: 100.00, data load time: 0.00026, step time: 0.01367,
epoch: [47], step: [1292/1581], batch loss: 0.01337, batch accuracy: 100.00, data load time: 0.00027, step time: 0.01168,
epoch: [48], step: [11/1581], batch loss: 0.03747, batch accuracy: 96.88, data load time: 0.00047, step time: 0.01178,
epoch: [48], step: [311/1581], batch loss: 0.03713, batch accuracy: 100.00, data load time: 0.00027, step time: 0.01343,
epoch: [48], step: [611/1581], batch loss: 0.01550, batch accuracy: 100.00, data load time: 0.00024, step time: 0.01168,
epoch: [48], step: [911/1581], batch loss: 0.05895, batch accuracy: 96.88, data load time: 0.00026, step time: 0.01759,
epoch: [48], step: [1211/1581], batch loss: 0.06121, batch accuracy: 100.00, data load time: 0.00025, step time: 0.01213,
epoch: [48], step: [1511/1581], batch loss: 0.02408, batch accuracy: 100.00, data load time: 0.00025, step time: 0.01165,
epoch: [49], step: [230/1581], batch loss: 0.10651, batch accuracy: 93.75, data load time: 0.00025, step time: 0.01168,
epoch: [49], step: [530/1581], batch loss: 0.06458, batch accuracy: 100.00, data load time: 0.00026, step time: 0.01170,
epoch: [49], step: [830/1581], batch loss: 0.01463, batch accuracy: 100.00, data load time: 0.00024, step time: 0.01167,
epoch: [49], step: [1130/1581], batch loss: 0.02568, batch accuracy: 100.00, data load time: 0.00025, step time: 0.01168,
epoch: [49], step: [1430/1581], batch loss: 0.04166, batch accuracy: 100.00, data load time: 0.00026, step time: 0.01783,
validation loss: 1.08175, accuracy: 70.93, class_accuracy: [38.983050847457626, 92.10526315789474, 79.48717948717949, 76.10619469026548, 72.88135593220339, 49.54128440366973, 97.14285714285714, 92.03539823008849, 59.183673469387756, 82.20338983050847]
class_avg: 73.96696471915124
Total time taken: 1235.3497607707977
