Using CUDA...
Writing logs to logs/CNN_bn_epochs=50_dropout=0.5_bs=32_optim=SGD_decay=0.01_lr=0.001_momentum=0.9_mode=LMC_run_4
epoch: [0], step: [299/1581], batch loss: 1.83771, batch accuracy: 31.25, data load time: 0.00021, step time: 0.01563,
epoch: [0], step: [599/1581], batch loss: 1.61908, batch accuracy: 40.62, data load time: 0.00289, step time: 0.00816,
epoch: [0], step: [899/1581], batch loss: 1.49371, batch accuracy: 40.62, data load time: 0.00025, step time: 0.00998,
epoch: [0], step: [1199/1581], batch loss: 1.68641, batch accuracy: 46.88, data load time: 0.00025, step time: 0.00859,
epoch: [0], step: [1499/1581], batch loss: 1.53944, batch accuracy: 50.00, data load time: 0.00021, step time: 0.00809,
epoch: [1], step: [218/1581], batch loss: 1.49799, batch accuracy: 50.00, data load time: 0.00022, step time: 0.01345,
epoch: [1], step: [518/1581], batch loss: 1.47954, batch accuracy: 46.88, data load time: 0.00026, step time: 0.00985,
epoch: [1], step: [818/1581], batch loss: 1.68043, batch accuracy: 34.38, data load time: 0.00024, step time: 0.00915,
epoch: [1], step: [1118/1581], batch loss: 1.34625, batch accuracy: 40.62, data load time: 0.00036, step time: 0.01121,
epoch: [1], step: [1418/1581], batch loss: 1.16143, batch accuracy: 53.12, data load time: 0.00021, step time: 0.00808,
epoch: [2], step: [137/1581], batch loss: 1.25381, batch accuracy: 53.12, data load time: 0.00021, step time: 0.01162,
epoch: [2], step: [437/1581], batch loss: 0.97963, batch accuracy: 71.88, data load time: 0.00028, step time: 0.01006,
epoch: [2], step: [737/1581], batch loss: 1.28444, batch accuracy: 56.25, data load time: 0.00021, step time: 0.00797,
epoch: [2], step: [1037/1581], batch loss: 1.12065, batch accuracy: 56.25, data load time: 0.00022, step time: 0.00796,
epoch: [2], step: [1337/1581], batch loss: 0.91573, batch accuracy: 68.75, data load time: 0.00295, step time: 0.00855,
epoch: [3], step: [56/1581], batch loss: 0.95834, batch accuracy: 59.38, data load time: 0.00022, step time: 0.00820,
epoch: [3], step: [356/1581], batch loss: 0.67100, batch accuracy: 84.38, data load time: 0.00021, step time: 0.01064,
epoch: [3], step: [656/1581], batch loss: 1.01083, batch accuracy: 68.75, data load time: 0.00322, step time: 0.00977,
epoch: [3], step: [956/1581], batch loss: 1.06675, batch accuracy: 56.25, data load time: 0.00021, step time: 0.01045,
epoch: [3], step: [1256/1581], batch loss: 0.63899, batch accuracy: 75.00, data load time: 0.00021, step time: 0.00854,
epoch: [3], step: [1556/1581], batch loss: 0.87198, batch accuracy: 75.00, data load time: 0.00012, step time: 0.00736,
epoch: [4], step: [275/1581], batch loss: 0.78388, batch accuracy: 68.75, data load time: 0.00070, step time: 0.01296,
epoch: [4], step: [575/1581], batch loss: 0.55641, batch accuracy: 87.50, data load time: 0.01081, step time: 0.00822,
epoch: [4], step: [875/1581], batch loss: 0.68770, batch accuracy: 68.75, data load time: 0.00025, step time: 0.01513,
epoch: [4], step: [1175/1581], batch loss: 1.05999, batch accuracy: 62.50, data load time: 0.00411, step time: 0.00817,
epoch: [4], step: [1475/1581], batch loss: 0.71120, batch accuracy: 71.88, data load time: 0.00025, step time: 0.00819,
validation loss: 1.13657, accuracy: 63.77, class_accuracy: [68.64406779661017, 81.57894736842105, 65.8119658119658, 62.83185840707964, 70.33898305084746, 54.12844036697248, 100.0, 87.61061946902655, 47.95918367346939, 33.898305084745765]
class_avg: 67.28023710291383
epoch: [5], step: [194/1581], batch loss: 0.91486, batch accuracy: 68.75, data load time: 0.00033, step time: 0.00851,
epoch: [5], step: [494/1581], batch loss: 1.14118, batch accuracy: 59.38, data load time: 0.00395, step time: 0.00932,
epoch: [5], step: [794/1581], batch loss: 1.03124, batch accuracy: 50.00, data load time: 0.00021, step time: 0.00803,
epoch: [5], step: [1094/1581], batch loss: 0.57161, batch accuracy: 78.12, data load time: 0.00023, step time: 0.00817,
epoch: [5], step: [1394/1581], batch loss: 0.75286, batch accuracy: 78.12, data load time: 0.00022, step time: 0.00812,
epoch: [6], step: [113/1581], batch loss: 0.72309, batch accuracy: 84.38, data load time: 0.00029, step time: 0.00966,
epoch: [6], step: [413/1581], batch loss: 0.65230, batch accuracy: 71.88, data load time: 0.00025, step time: 0.00952,
epoch: [6], step: [713/1581], batch loss: 0.65415, batch accuracy: 75.00, data load time: 0.00022, step time: 0.00835,
epoch: [6], step: [1013/1581], batch loss: 0.87107, batch accuracy: 71.88, data load time: 0.00023, step time: 0.00825,
epoch: [6], step: [1313/1581], batch loss: 0.78825, batch accuracy: 62.50, data load time: 0.00021, step time: 0.00833,
epoch: [7], step: [32/1581], batch loss: 0.57952, batch accuracy: 78.12, data load time: 0.00020, step time: 0.01121,
epoch: [7], step: [332/1581], batch loss: 0.92037, batch accuracy: 65.62, data load time: 0.00035, step time: 0.00947,
epoch: [7], step: [632/1581], batch loss: 0.58651, batch accuracy: 84.38, data load time: 0.00051, step time: 0.00796,
epoch: [7], step: [932/1581], batch loss: 0.73789, batch accuracy: 65.62, data load time: 0.00022, step time: 0.01239,
epoch: [7], step: [1232/1581], batch loss: 0.65637, batch accuracy: 68.75, data load time: 0.00024, step time: 0.00849,
epoch: [7], step: [1532/1581], batch loss: 0.84456, batch accuracy: 78.12, data load time: 0.00018, step time: 0.00830,
epoch: [8], step: [251/1581], batch loss: 0.75154, batch accuracy: 78.12, data load time: 0.00299, step time: 0.00930,
epoch: [8], step: [551/1581], batch loss: 0.63800, batch accuracy: 81.25, data load time: 0.00023, step time: 0.00974,
epoch: [8], step: [851/1581], batch loss: 0.63797, batch accuracy: 84.38, data load time: 0.00033, step time: 0.00924,
epoch: [8], step: [1151/1581], batch loss: 0.78745, batch accuracy: 71.88, data load time: 0.00034, step time: 0.00830,
epoch: [8], step: [1451/1581], batch loss: 0.60418, batch accuracy: 75.00, data load time: 0.00024, step time: 0.00810,
epoch: [9], step: [170/1581], batch loss: 0.79858, batch accuracy: 71.88, data load time: 0.00023, step time: 0.01236,
epoch: [9], step: [470/1581], batch loss: 0.65131, batch accuracy: 71.88, data load time: 0.00032, step time: 0.00810,
epoch: [9], step: [770/1581], batch loss: 0.47758, batch accuracy: 90.62, data load time: 0.00510, step time: 0.01094,
epoch: [9], step: [1070/1581], batch loss: 0.45956, batch accuracy: 84.38, data load time: 0.00030, step time: 0.00981,
epoch: [9], step: [1370/1581], batch loss: 0.43985, batch accuracy: 87.50, data load time: 0.00021, step time: 0.01539,
validation loss: 0.96574, accuracy: 68.07, class_accuracy: [51.69491525423729, 86.84210526315789, 70.94017094017094, 62.83185840707964, 75.42372881355932, 54.12844036697248, 100.0, 92.92035398230088, 55.10204081632653, 63.559322033898304]
class_avg: 71.34429358777032
epoch: [10], step: [89/1581], batch loss: 0.41840, batch accuracy: 87.50, data load time: 0.00022, step time: 0.00811,
epoch: [10], step: [389/1581], batch loss: 0.35965, batch accuracy: 93.75, data load time: 0.00025, step time: 0.00814,
epoch: [10], step: [689/1581], batch loss: 0.61130, batch accuracy: 75.00, data load time: 0.00229, step time: 0.01021,
epoch: [10], step: [989/1581], batch loss: 0.52248, batch accuracy: 84.38, data load time: 0.00035, step time: 0.00807,
epoch: [10], step: [1289/1581], batch loss: 0.58938, batch accuracy: 71.88, data load time: 0.00024, step time: 0.00820,
epoch: [11], step: [8/1581], batch loss: 0.92521, batch accuracy: 75.00, data load time: 0.00024, step time: 0.01243,
epoch: [11], step: [308/1581], batch loss: 0.52129, batch accuracy: 87.50, data load time: 0.00021, step time: 0.00841,
epoch: [11], step: [608/1581], batch loss: 0.52233, batch accuracy: 75.00, data load time: 0.00020, step time: 0.00830,
epoch: [11], step: [908/1581], batch loss: 0.81515, batch accuracy: 71.88, data load time: 0.00022, step time: 0.00852,
epoch: [11], step: [1208/1581], batch loss: 0.58143, batch accuracy: 84.38, data load time: 0.00022, step time: 0.00814,
epoch: [11], step: [1508/1581], batch loss: 0.47002, batch accuracy: 87.50, data load time: 0.00297, step time: 0.00896,
epoch: [12], step: [227/1581], batch loss: 0.71390, batch accuracy: 81.25, data load time: 0.00021, step time: 0.00869,
epoch: [12], step: [527/1581], batch loss: 0.57696, batch accuracy: 81.25, data load time: 0.00314, step time: 0.00952,
epoch: [12], step: [827/1581], batch loss: 0.58815, batch accuracy: 87.50, data load time: 0.00022, step time: 0.00804,
epoch: [12], step: [1127/1581], batch loss: 0.47420, batch accuracy: 84.38, data load time: 0.00292, step time: 0.00855,
epoch: [12], step: [1427/1581], batch loss: 0.71639, batch accuracy: 71.88, data load time: 0.00024, step time: 0.00894,
epoch: [13], step: [146/1581], batch loss: 0.41796, batch accuracy: 81.25, data load time: 0.00022, step time: 0.01086,
epoch: [13], step: [446/1581], batch loss: 0.45545, batch accuracy: 87.50, data load time: 0.00059, step time: 0.00807,
epoch: [13], step: [746/1581], batch loss: 0.34112, batch accuracy: 87.50, data load time: 0.00021, step time: 0.01277,
epoch: [13], step: [1046/1581], batch loss: 0.48984, batch accuracy: 81.25, data load time: 0.00023, step time: 0.00808,
epoch: [13], step: [1346/1581], batch loss: 0.66789, batch accuracy: 75.00, data load time: 0.00026, step time: 0.00848,
epoch: [14], step: [65/1581], batch loss: 0.80947, batch accuracy: 75.00, data load time: 0.00047, step time: 0.00793,
epoch: [14], step: [365/1581], batch loss: 0.88372, batch accuracy: 62.50, data load time: 0.00022, step time: 0.00802,
epoch: [14], step: [665/1581], batch loss: 0.36005, batch accuracy: 93.75, data load time: 0.00333, step time: 0.01268,
epoch: [14], step: [965/1581], batch loss: 0.53473, batch accuracy: 78.12, data load time: 0.00026, step time: 0.00813,
epoch: [14], step: [1265/1581], batch loss: 0.45151, batch accuracy: 87.50, data load time: 0.00022, step time: 0.00833,
epoch: [14], step: [1565/1581], batch loss: 0.26498, batch accuracy: 90.62, data load time: 0.00013, step time: 0.00734,
validation loss: 0.88600, accuracy: 71.44, class_accuracy: [50.0, 89.47368421052632, 81.19658119658119, 61.94690265486726, 77.96610169491525, 56.88073394495413, 100.0, 96.46017699115045, 52.04081632653061, 77.11864406779661]
class_avg: 74.30836410873218
epoch: [15], step: [284/1581], batch loss: 0.41062, batch accuracy: 84.38, data load time: 0.00022, step time: 0.00965,
epoch: [15], step: [584/1581], batch loss: 0.48181, batch accuracy: 84.38, data load time: 0.00022, step time: 0.00819,
epoch: [15], step: [884/1581], batch loss: 0.49694, batch accuracy: 81.25, data load time: 0.00308, step time: 0.00856,
epoch: [15], step: [1184/1581], batch loss: 0.49269, batch accuracy: 78.12, data load time: 0.00022, step time: 0.00797,
epoch: [15], step: [1484/1581], batch loss: 0.33487, batch accuracy: 90.62, data load time: 0.00027, step time: 0.00816,
epoch: [16], step: [203/1581], batch loss: 0.58450, batch accuracy: 75.00, data load time: 0.00396, step time: 0.00827,
epoch: [16], step: [503/1581], batch loss: 0.56906, batch accuracy: 81.25, data load time: 0.00021, step time: 0.00834,
epoch: [16], step: [803/1581], batch loss: 0.33510, batch accuracy: 90.62, data load time: 0.00024, step time: 0.00865,
epoch: [16], step: [1103/1581], batch loss: 0.39427, batch accuracy: 84.38, data load time: 0.00021, step time: 0.00809,
epoch: [16], step: [1403/1581], batch loss: 0.71457, batch accuracy: 71.88, data load time: 0.00298, step time: 0.00850,
epoch: [17], step: [122/1581], batch loss: 0.78666, batch accuracy: 71.88, data load time: 0.00024, step time: 0.00832,
epoch: [17], step: [422/1581], batch loss: 0.59754, batch accuracy: 84.38, data load time: 0.00359, step time: 0.00860,
epoch: [17], step: [722/1581], batch loss: 0.56199, batch accuracy: 78.12, data load time: 0.00337, step time: 0.00944,
epoch: [17], step: [1022/1581], batch loss: 0.52061, batch accuracy: 81.25, data load time: 0.00232, step time: 0.01066,
epoch: [17], step: [1322/1581], batch loss: 0.59154, batch accuracy: 78.12, data load time: 0.00021, step time: 0.01018,
epoch: [18], step: [41/1581], batch loss: 0.58600, batch accuracy: 75.00, data load time: 0.00022, step time: 0.00849,
epoch: [18], step: [341/1581], batch loss: 0.62107, batch accuracy: 84.38, data load time: 0.00022, step time: 0.00791,
epoch: [18], step: [641/1581], batch loss: 0.55061, batch accuracy: 81.25, data load time: 0.00030, step time: 0.00822,
epoch: [18], step: [941/1581], batch loss: 0.58375, batch accuracy: 78.12, data load time: 0.00327, step time: 0.00799,
epoch: [18], step: [1241/1581], batch loss: 0.57826, batch accuracy: 81.25, data load time: 0.00023, step time: 0.00798,
epoch: [18], step: [1541/1581], batch loss: 0.42561, batch accuracy: 78.12, data load time: 0.00022, step time: 0.00918,
epoch: [19], step: [260/1581], batch loss: 0.61176, batch accuracy: 78.12, data load time: 0.00023, step time: 0.00816,
epoch: [19], step: [560/1581], batch loss: 0.65830, batch accuracy: 75.00, data load time: 0.00032, step time: 0.00814,
epoch: [19], step: [860/1581], batch loss: 0.46378, batch accuracy: 81.25, data load time: 0.00022, step time: 0.00799,
epoch: [19], step: [1160/1581], batch loss: 0.50477, batch accuracy: 81.25, data load time: 0.00024, step time: 0.00837,
epoch: [19], step: [1460/1581], batch loss: 0.89930, batch accuracy: 78.12, data load time: 0.00030, step time: 0.00992,
validation loss: 0.93098, accuracy: 68.37, class_accuracy: [48.30508474576271, 89.47368421052632, 72.64957264957265, 62.83185840707964, 61.86440677966102, 55.96330275229358, 100.0, 96.46017699115045, 56.12244897959184, 74.57627118644068]
class_avg: 71.82468067020788
epoch: [20], step: [179/1581], batch loss: 0.65281, batch accuracy: 71.88, data load time: 0.00023, step time: 0.00809,
epoch: [20], step: [479/1581], batch loss: 0.38407, batch accuracy: 81.25, data load time: 0.00023, step time: 0.01284,
epoch: [20], step: [779/1581], batch loss: 0.36327, batch accuracy: 90.62, data load time: 0.00023, step time: 0.01269,
epoch: [20], step: [1079/1581], batch loss: 0.77077, batch accuracy: 75.00, data load time: 0.00029, step time: 0.01198,
epoch: [20], step: [1379/1581], batch loss: 0.69616, batch accuracy: 81.25, data load time: 0.00294, step time: 0.01046,
epoch: [21], step: [98/1581], batch loss: 0.36708, batch accuracy: 81.25, data load time: 0.00023, step time: 0.00865,
epoch: [21], step: [398/1581], batch loss: 0.59482, batch accuracy: 71.88, data load time: 0.00023, step time: 0.00824,
epoch: [21], step: [698/1581], batch loss: 0.75436, batch accuracy: 75.00, data load time: 0.00022, step time: 0.00797,
epoch: [21], step: [998/1581], batch loss: 0.50573, batch accuracy: 81.25, data load time: 0.00033, step time: 0.00814,
epoch: [21], step: [1298/1581], batch loss: 0.43885, batch accuracy: 84.38, data load time: 0.00024, step time: 0.00877,
epoch: [22], step: [17/1581], batch loss: 0.53515, batch accuracy: 81.25, data load time: 0.00164, step time: 0.01120,
epoch: [22], step: [317/1581], batch loss: 0.48527, batch accuracy: 78.12, data load time: 0.00023, step time: 0.01001,
epoch: [22], step: [617/1581], batch loss: 0.56678, batch accuracy: 78.12, data load time: 0.00296, step time: 0.01256,
epoch: [22], step: [917/1581], batch loss: 0.50182, batch accuracy: 84.38, data load time: 0.00026, step time: 0.00811,
epoch: [22], step: [1217/1581], batch loss: 0.58289, batch accuracy: 71.88, data load time: 0.00024, step time: 0.00865,
epoch: [22], step: [1517/1581], batch loss: 0.86608, batch accuracy: 68.75, data load time: 0.00022, step time: 0.00858,
epoch: [23], step: [236/1581], batch loss: 0.45393, batch accuracy: 81.25, data load time: 0.00023, step time: 0.00813,
epoch: [23], step: [536/1581], batch loss: 0.39006, batch accuracy: 90.62, data load time: 0.00022, step time: 0.00868,
epoch: [23], step: [836/1581], batch loss: 0.48903, batch accuracy: 87.50, data load time: 0.00022, step time: 0.00856,
epoch: [23], step: [1136/1581], batch loss: 0.41986, batch accuracy: 81.25, data load time: 0.00306, step time: 0.00956,
epoch: [23], step: [1436/1581], batch loss: 0.33548, batch accuracy: 87.50, data load time: 0.00022, step time: 0.00961,
epoch: [24], step: [155/1581], batch loss: 0.85443, batch accuracy: 68.75, data load time: 0.00033, step time: 0.00868,
epoch: [24], step: [455/1581], batch loss: 0.54557, batch accuracy: 78.12, data load time: 0.00294, step time: 0.00962,
epoch: [24], step: [755/1581], batch loss: 0.58861, batch accuracy: 84.38, data load time: 0.00022, step time: 0.00799,
epoch: [24], step: [1055/1581], batch loss: 0.37514, batch accuracy: 90.62, data load time: 0.00033, step time: 0.00899,
epoch: [24], step: [1355/1581], batch loss: 0.73222, batch accuracy: 84.38, data load time: 0.00024, step time: 0.00818,
validation loss: 0.91066, accuracy: 70.11, class_accuracy: [49.152542372881356, 89.47368421052632, 70.08547008547009, 72.56637168141593, 75.42372881355932, 55.96330275229358, 100.0, 97.34513274336283, 55.10204081632653, 67.79661016949153]
class_avg: 73.29088836453273
epoch: [25], step: [74/1581], batch loss: 0.44454, batch accuracy: 78.12, data load time: 0.00022, step time: 0.00966,
epoch: [25], step: [374/1581], batch loss: 0.33240, batch accuracy: 90.62, data load time: 0.00065, step time: 0.00812,
epoch: [25], step: [674/1581], batch loss: 0.76727, batch accuracy: 81.25, data load time: 0.00023, step time: 0.01091,
epoch: [25], step: [974/1581], batch loss: 0.45643, batch accuracy: 81.25, data load time: 0.00023, step time: 0.00999,
epoch: [25], step: [1274/1581], batch loss: 0.49653, batch accuracy: 87.50, data load time: 0.00022, step time: 0.01005,
epoch: [25], step: [1574/1581], batch loss: 0.62339, batch accuracy: 84.38, data load time: 0.00011, step time: 0.00735,
epoch: [26], step: [293/1581], batch loss: 0.43124, batch accuracy: 84.38, data load time: 0.00321, step time: 0.00814,
epoch: [26], step: [593/1581], batch loss: 0.63667, batch accuracy: 71.88, data load time: 0.00022, step time: 0.00836,
epoch: [26], step: [893/1581], batch loss: 0.51212, batch accuracy: 87.50, data load time: 0.00023, step time: 0.00830,
epoch: [26], step: [1193/1581], batch loss: 0.37524, batch accuracy: 84.38, data load time: 0.00031, step time: 0.01540,
epoch: [26], step: [1493/1581], batch loss: 0.56873, batch accuracy: 81.25, data load time: 0.00025, step time: 0.00833,
epoch: [27], step: [212/1581], batch loss: 0.52073, batch accuracy: 93.75, data load time: 0.00425, step time: 0.00922,
epoch: [27], step: [512/1581], batch loss: 0.39789, batch accuracy: 87.50, data load time: 0.00598, step time: 0.00996,
epoch: [27], step: [812/1581], batch loss: 0.37335, batch accuracy: 87.50, data load time: 0.00308, step time: 0.00959,
epoch: [27], step: [1112/1581], batch loss: 0.46196, batch accuracy: 81.25, data load time: 0.00028, step time: 0.00813,
epoch: [27], step: [1412/1581], batch loss: 0.59247, batch accuracy: 78.12, data load time: 0.00025, step time: 0.01282,
epoch: [28], step: [131/1581], batch loss: 0.44166, batch accuracy: 84.38, data load time: 0.00026, step time: 0.00937,
epoch: [28], step: [431/1581], batch loss: 0.31444, batch accuracy: 87.50, data load time: 0.00285, step time: 0.00959,
epoch: [28], step: [731/1581], batch loss: 0.49567, batch accuracy: 81.25, data load time: 0.00026, step time: 0.00868,
epoch: [28], step: [1031/1581], batch loss: 0.95100, batch accuracy: 90.62, data load time: 0.00026, step time: 0.00833,
epoch: [28], step: [1331/1581], batch loss: 0.28434, batch accuracy: 87.50, data load time: 0.00033, step time: 0.01001,
epoch: [29], step: [50/1581], batch loss: 0.48434, batch accuracy: 84.38, data load time: 0.00019, step time: 0.00852,
epoch: [29], step: [350/1581], batch loss: 0.42694, batch accuracy: 87.50, data load time: 0.00026, step time: 0.00799,
epoch: [29], step: [650/1581], batch loss: 0.43996, batch accuracy: 90.62, data load time: 0.00035, step time: 0.00881,
epoch: [29], step: [950/1581], batch loss: 0.39767, batch accuracy: 90.62, data load time: 0.00029, step time: 0.00954,
epoch: [29], step: [1250/1581], batch loss: 0.36306, batch accuracy: 87.50, data load time: 0.00030, step time: 0.00864,
epoch: [29], step: [1550/1581], batch loss: 0.45019, batch accuracy: 84.38, data load time: 0.00013, step time: 0.00736,
validation loss: 0.96726, accuracy: 70.93, class_accuracy: [54.23728813559322, 92.10526315789474, 72.64957264957265, 69.02654867256638, 80.50847457627118, 58.71559633027523, 100.0, 98.23008849557522, 41.83673469387755, 72.03389830508475]
class_avg: 73.93434650167111
epoch: [30], step: [269/1581], batch loss: 0.66467, batch accuracy: 68.75, data load time: 0.00023, step time: 0.00922,
epoch: [30], step: [569/1581], batch loss: 0.65994, batch accuracy: 78.12, data load time: 0.00494, step time: 0.00899,
epoch: [30], step: [869/1581], batch loss: 0.42083, batch accuracy: 84.38, data load time: 0.00021, step time: 0.00834,
epoch: [30], step: [1169/1581], batch loss: 0.89198, batch accuracy: 78.12, data load time: 0.00021, step time: 0.00802,
epoch: [30], step: [1469/1581], batch loss: 0.54251, batch accuracy: 90.62, data load time: 0.00022, step time: 0.00804,
epoch: [31], step: [188/1581], batch loss: 0.71357, batch accuracy: 75.00, data load time: 0.00023, step time: 0.01448,
epoch: [31], step: [488/1581], batch loss: 0.38226, batch accuracy: 90.62, data load time: 0.00029, step time: 0.00951,
epoch: [31], step: [788/1581], batch loss: 0.52471, batch accuracy: 81.25, data load time: 0.00022, step time: 0.00810,
epoch: [31], step: [1088/1581], batch loss: 0.83779, batch accuracy: 78.12, data load time: 0.00025, step time: 0.01096,
epoch: [31], step: [1388/1581], batch loss: 0.33593, batch accuracy: 87.50, data load time: 0.00382, step time: 0.00893,
epoch: [32], step: [107/1581], batch loss: 0.52966, batch accuracy: 75.00, data load time: 0.00309, step time: 0.00967,
epoch: [32], step: [407/1581], batch loss: 0.36277, batch accuracy: 90.62, data load time: 0.00428, step time: 0.00856,
epoch: [32], step: [707/1581], batch loss: 0.36417, batch accuracy: 81.25, data load time: 0.00024, step time: 0.00896,
epoch: [32], step: [1007/1581], batch loss: 0.29144, batch accuracy: 96.88, data load time: 0.00032, step time: 0.00801,
epoch: [32], step: [1307/1581], batch loss: 0.66153, batch accuracy: 78.12, data load time: 0.00025, step time: 0.01046,
epoch: [33], step: [26/1581], batch loss: 0.59503, batch accuracy: 78.12, data load time: 0.00438, step time: 0.00930,
epoch: [33], step: [326/1581], batch loss: 0.50141, batch accuracy: 84.38, data load time: 0.00025, step time: 0.00809,
epoch: [33], step: [626/1581], batch loss: 0.54010, batch accuracy: 84.38, data load time: 0.00346, step time: 0.00932,
epoch: [33], step: [926/1581], batch loss: 0.67770, batch accuracy: 84.38, data load time: 0.00310, step time: 0.00960,
epoch: [33], step: [1226/1581], batch loss: 0.56690, batch accuracy: 84.38, data load time: 0.00032, step time: 0.00797,
epoch: [33], step: [1526/1581], batch loss: 0.36694, batch accuracy: 87.50, data load time: 0.00017, step time: 0.00813,
epoch: [34], step: [245/1581], batch loss: 0.60864, batch accuracy: 84.38, data load time: 0.00023, step time: 0.01107,
epoch: [34], step: [545/1581], batch loss: 1.23484, batch accuracy: 87.50, data load time: 0.00025, step time: 0.01601,
epoch: [34], step: [845/1581], batch loss: 0.37328, batch accuracy: 84.38, data load time: 0.00022, step time: 0.00808,
epoch: [34], step: [1145/1581], batch loss: 0.53163, batch accuracy: 90.62, data load time: 0.00022, step time: 0.00795,
epoch: [34], step: [1445/1581], batch loss: 0.46800, batch accuracy: 87.50, data load time: 0.00022, step time: 0.00862,
validation loss: 0.90172, accuracy: 70.32, class_accuracy: [52.54237288135593, 97.36842105263158, 82.05128205128206, 61.06194690265487, 58.47457627118644, 53.211009174311926, 100.0, 98.23008849557522, 51.02040816326531, 84.7457627118644]
class_avg: 73.87058677041276
epoch: [35], step: [164/1581], batch loss: 0.53369, batch accuracy: 87.50, data load time: 0.00030, step time: 0.01003,
epoch: [35], step: [464/1581], batch loss: 0.39273, batch accuracy: 90.62, data load time: 0.00024, step time: 0.00795,
epoch: [35], step: [764/1581], batch loss: 0.56862, batch accuracy: 81.25, data load time: 0.00315, step time: 0.00850,
epoch: [35], step: [1064/1581], batch loss: 0.40229, batch accuracy: 93.75, data load time: 0.00430, step time: 0.00968,
epoch: [35], step: [1364/1581], batch loss: 0.59121, batch accuracy: 75.00, data load time: 0.00031, step time: 0.00797,
epoch: [36], step: [83/1581], batch loss: 0.42872, batch accuracy: 93.75, data load time: 0.00022, step time: 0.00792,
epoch: [36], step: [383/1581], batch loss: 0.34047, batch accuracy: 90.62, data load time: 0.00024, step time: 0.01124,
epoch: [36], step: [683/1581], batch loss: 0.42716, batch accuracy: 84.38, data load time: 0.00022, step time: 0.00841,
epoch: [36], step: [983/1581], batch loss: 0.28706, batch accuracy: 93.75, data load time: 0.00023, step time: 0.01194,
epoch: [36], step: [1283/1581], batch loss: 0.72563, batch accuracy: 75.00, data load time: 0.00025, step time: 0.00822,
epoch: [37], step: [2/1581], batch loss: 0.39838, batch accuracy: 81.25, data load time: 0.00727, step time: 0.01003,
epoch: [37], step: [302/1581], batch loss: 0.41977, batch accuracy: 84.38, data load time: 0.00294, step time: 0.00939,
epoch: [37], step: [602/1581], batch loss: 0.27013, batch accuracy: 96.88, data load time: 0.00032, step time: 0.00826,
epoch: [37], step: [902/1581], batch loss: 0.39406, batch accuracy: 81.25, data load time: 0.00025, step time: 0.00816,
epoch: [37], step: [1202/1581], batch loss: 0.36601, batch accuracy: 87.50, data load time: 0.00326, step time: 0.00865,
epoch: [37], step: [1502/1581], batch loss: 0.59431, batch accuracy: 81.25, data load time: 0.00336, step time: 0.00810,
epoch: [38], step: [221/1581], batch loss: 0.49895, batch accuracy: 84.38, data load time: 0.00242, step time: 0.01027,
epoch: [38], step: [521/1581], batch loss: 0.39811, batch accuracy: 87.50, data load time: 0.00021, step time: 0.00861,
epoch: [38], step: [821/1581], batch loss: 0.45101, batch accuracy: 81.25, data load time: 0.00062, step time: 0.01399,
epoch: [38], step: [1121/1581], batch loss: 0.42208, batch accuracy: 84.38, data load time: 0.00033, step time: 0.00854,
epoch: [38], step: [1421/1581], batch loss: 0.62265, batch accuracy: 81.25, data load time: 0.00023, step time: 0.00823,
epoch: [39], step: [140/1581], batch loss: 0.60485, batch accuracy: 78.12, data load time: 0.00022, step time: 0.01065,
epoch: [39], step: [440/1581], batch loss: 0.35223, batch accuracy: 87.50, data load time: 0.00026, step time: 0.00847,
epoch: [39], step: [740/1581], batch loss: 0.29413, batch accuracy: 90.62, data load time: 0.00023, step time: 0.00879,
epoch: [39], step: [1040/1581], batch loss: 0.21324, batch accuracy: 93.75, data load time: 0.00025, step time: 0.00810,
epoch: [39], step: [1340/1581], batch loss: 0.45202, batch accuracy: 81.25, data load time: 0.00032, step time: 0.00838,
validation loss: 0.88364, accuracy: 70.42, class_accuracy: [51.69491525423729, 100.0, 74.35897435897436, 70.79646017699115, 60.16949152542373, 54.12844036697248, 100.0, 99.11504424778761, 54.08163265306123, 77.96610169491525]
class_avg: 74.2311060278363
epoch: [40], step: [59/1581], batch loss: 0.32532, batch accuracy: 84.38, data load time: 0.00261, step time: 0.00991,
epoch: [40], step: [359/1581], batch loss: 0.33876, batch accuracy: 87.50, data load time: 0.00032, step time: 0.00820,
epoch: [40], step: [659/1581], batch loss: 0.56871, batch accuracy: 78.12, data load time: 0.00680, step time: 0.00938,
epoch: [40], step: [959/1581], batch loss: 0.33203, batch accuracy: 84.38, data load time: 0.00433, step time: 0.00920,
epoch: [40], step: [1259/1581], batch loss: 0.41463, batch accuracy: 93.75, data load time: 0.00033, step time: 0.01039,
epoch: [40], step: [1559/1581], batch loss: 0.57432, batch accuracy: 87.50, data load time: 0.00013, step time: 0.00735,
epoch: [41], step: [278/1581], batch loss: 0.32739, batch accuracy: 87.50, data load time: 0.00025, step time: 0.00814,
epoch: [41], step: [578/1581], batch loss: 0.50750, batch accuracy: 78.12, data load time: 0.00027, step time: 0.01010,
epoch: [41], step: [878/1581], batch loss: 0.24779, batch accuracy: 93.75, data load time: 0.00025, step time: 0.00808,
epoch: [41], step: [1178/1581], batch loss: 0.50239, batch accuracy: 75.00, data load time: 0.00023, step time: 0.01052,
epoch: [41], step: [1478/1581], batch loss: 0.30240, batch accuracy: 84.38, data load time: 0.00022, step time: 0.00811,
epoch: [42], step: [197/1581], batch loss: 0.52740, batch accuracy: 84.38, data load time: 0.00300, step time: 0.00986,
epoch: [42], step: [497/1581], batch loss: 0.25295, batch accuracy: 93.75, data load time: 0.00023, step time: 0.00804,
epoch: [42], step: [797/1581], batch loss: 0.47732, batch accuracy: 84.38, data load time: 0.00372, step time: 0.00841,
epoch: [42], step: [1097/1581], batch loss: 0.49405, batch accuracy: 81.25, data load time: 0.00025, step time: 0.00813,
epoch: [42], step: [1397/1581], batch loss: 0.57079, batch accuracy: 84.38, data load time: 0.00022, step time: 0.01161,
epoch: [43], step: [116/1581], batch loss: 0.70997, batch accuracy: 78.12, data load time: 0.00024, step time: 0.00798,
epoch: [43], step: [416/1581], batch loss: 0.52607, batch accuracy: 78.12, data load time: 0.00023, step time: 0.00842,
epoch: [43], step: [716/1581], batch loss: 0.48289, batch accuracy: 78.12, data load time: 0.00023, step time: 0.01392,
epoch: [43], step: [1016/1581], batch loss: 0.69456, batch accuracy: 75.00, data load time: 0.00404, step time: 0.00843,
epoch: [43], step: [1316/1581], batch loss: 0.48808, batch accuracy: 78.12, data load time: 0.00022, step time: 0.00802,
epoch: [44], step: [35/1581], batch loss: 0.46398, batch accuracy: 87.50, data load time: 0.00025, step time: 0.00868,
epoch: [44], step: [335/1581], batch loss: 0.66298, batch accuracy: 78.12, data load time: 0.00021, step time: 0.00827,
epoch: [44], step: [635/1581], batch loss: 0.36176, batch accuracy: 84.38, data load time: 0.00022, step time: 0.01398,
epoch: [44], step: [935/1581], batch loss: 0.23835, batch accuracy: 96.88, data load time: 0.00034, step time: 0.00816,
epoch: [44], step: [1235/1581], batch loss: 0.35928, batch accuracy: 93.75, data load time: 0.00023, step time: 0.01467,
epoch: [44], step: [1535/1581], batch loss: 0.45752, batch accuracy: 84.38, data load time: 0.00017, step time: 0.00806,
validation loss: 0.85069, accuracy: 72.57, class_accuracy: [50.0, 100.0, 78.63247863247864, 68.14159292035399, 74.57627118644068, 54.12844036697248, 100.0, 98.23008849557522, 60.204081632653065, 77.11864406779661]
class_avg: 76.10315973022708
epoch: [45], step: [254/1581], batch loss: 0.45208, batch accuracy: 81.25, data load time: 0.00390, step time: 0.00918,
epoch: [45], step: [554/1581], batch loss: 0.52285, batch accuracy: 87.50, data load time: 0.00026, step time: 0.00906,
epoch: [45], step: [854/1581], batch loss: 0.31944, batch accuracy: 84.38, data load time: 0.00022, step time: 0.00800,
epoch: [45], step: [1154/1581], batch loss: 0.39249, batch accuracy: 87.50, data load time: 0.00030, step time: 0.00962,
epoch: [45], step: [1454/1581], batch loss: 0.60213, batch accuracy: 87.50, data load time: 0.00021, step time: 0.01199,
epoch: [46], step: [173/1581], batch loss: 0.61220, batch accuracy: 78.12, data load time: 0.00022, step time: 0.00867,
epoch: [46], step: [473/1581], batch loss: 0.51829, batch accuracy: 90.62, data load time: 0.00023, step time: 0.00819,
epoch: [46], step: [773/1581], batch loss: 0.41771, batch accuracy: 87.50, data load time: 0.00022, step time: 0.00851,
epoch: [46], step: [1073/1581], batch loss: 0.41327, batch accuracy: 90.62, data load time: 0.00024, step time: 0.00839,
epoch: [46], step: [1373/1581], batch loss: 0.58258, batch accuracy: 81.25, data load time: 0.00023, step time: 0.00813,
epoch: [47], step: [92/1581], batch loss: 0.61119, batch accuracy: 81.25, data load time: 0.00031, step time: 0.01146,
epoch: [47], step: [392/1581], batch loss: 0.50992, batch accuracy: 84.38, data load time: 0.00319, step time: 0.00965,
epoch: [47], step: [692/1581], batch loss: 0.33746, batch accuracy: 90.62, data load time: 0.00037, step time: 0.00815,
epoch: [47], step: [992/1581], batch loss: 0.42072, batch accuracy: 87.50, data load time: 0.00022, step time: 0.00811,
epoch: [47], step: [1292/1581], batch loss: 0.44165, batch accuracy: 90.62, data load time: 0.00023, step time: 0.00808,
epoch: [48], step: [11/1581], batch loss: 0.37427, batch accuracy: 81.25, data load time: 0.00019, step time: 0.00886,
epoch: [48], step: [311/1581], batch loss: 0.50561, batch accuracy: 84.38, data load time: 0.00023, step time: 0.00809,
epoch: [48], step: [611/1581], batch loss: 0.31449, batch accuracy: 93.75, data load time: 0.00027, step time: 0.00809,
epoch: [48], step: [911/1581], batch loss: 0.39586, batch accuracy: 84.38, data load time: 0.00425, step time: 0.01086,
epoch: [48], step: [1211/1581], batch loss: 0.27431, batch accuracy: 90.62, data load time: 0.00303, step time: 0.00833,
epoch: [48], step: [1511/1581], batch loss: 0.25513, batch accuracy: 90.62, data load time: 0.00313, step time: 0.00858,
epoch: [49], step: [230/1581], batch loss: 0.55028, batch accuracy: 71.88, data load time: 0.00023, step time: 0.00830,
epoch: [49], step: [530/1581], batch loss: 0.57078, batch accuracy: 81.25, data load time: 0.00022, step time: 0.00803,
epoch: [49], step: [830/1581], batch loss: 0.26110, batch accuracy: 93.75, data load time: 0.00022, step time: 0.00811,
epoch: [49], step: [1130/1581], batch loss: 0.47065, batch accuracy: 87.50, data load time: 0.00023, step time: 0.00804,
epoch: [49], step: [1430/1581], batch loss: 0.79771, batch accuracy: 75.00, data load time: 0.00025, step time: 0.00808,
validation loss: 0.93404, accuracy: 68.78, class_accuracy: [44.91525423728814, 100.0, 70.94017094017094, 59.29203539823009, 63.559322033898304, 58.71559633027523, 100.0, 97.34513274336283, 57.142857142857146, 77.11864406779661]
class_avg: 72.90290128938793
Total time taken: 949.2843029499054
