Using CUDA...
Writing logs to logs/CNN_bn_epochs=50_dropout=0.5_bs=32_optim=SGD_decay=0.01_lr=0.001_momentum=0.9_mode=TSCNN_run_0
validation loss: 1.59534, accuracy: 70.73, class_accuracy: [70.33898305084746, 81.57894736842105, 67.52136752136752, 65.48672566371681, 74.57627118644068, 64.22018348623853, 100.0, 91.15044247787611, 56.12244897959184, 61.86440677966102]
class_avg: 73.2859776514161
validation loss: 1.46858, accuracy: 74.31, class_accuracy: [64.40677966101696, 94.73684210526316, 76.92307692307692, 64.60176991150442, 76.27118644067797, 68.80733944954129, 100.0, 98.23008849557522, 57.142857142857146, 71.1864406779661]
class_avg: 77.23063808074792
validation loss: 1.41301, accuracy: 75.33, class_accuracy: [65.2542372881356, 94.73684210526316, 83.76068376068376, 57.52212389380531, 77.96610169491525, 60.55045871559633, 100.0, 98.23008849557522, 58.16326530612245, 83.89830508474576]
class_avg: 78.0082106344843
validation loss: 1.39682, accuracy: 75.95, class_accuracy: [65.2542372881356, 94.73684210526316, 83.76068376068376, 71.68141592920354, 77.11864406779661, 59.63302752293578, 100.0, 99.11504424778761, 59.183673469387756, 75.42372881355932]
class_avg: 78.59072972047531
validation loss: 1.36952, accuracy: 76.66, class_accuracy: [61.86440677966102, 97.36842105263158, 85.47008547008546, 70.79646017699115, 77.96610169491525, 64.22018348623853, 97.14285714285714, 97.34513274336283, 59.183673469387756, 80.50847457627118]
class_avg: 79.18657965924018
validation loss: 1.39430, accuracy: 75.13, class_accuracy: [65.2542372881356, 92.10526315789474, 82.05128205128206, 75.22123893805309, 80.50847457627118, 51.37614678899082, 100.0, 97.34513274336283, 58.16326530612245, 74.57627118644068]
class_avg: 77.66013120365533
validation loss: 1.35497, accuracy: 75.95, class_accuracy: [55.932203389830505, 100.0, 86.32478632478633, 69.91150442477876, 76.27118644067797, 58.71559633027523, 100.0, 98.23008849557522, 61.224489795918366, 83.05084745762711]
class_avg: 78.96607026594694
validation loss: 1.35236, accuracy: 78.10, class_accuracy: [71.1864406779661, 97.36842105263158, 84.61538461538461, 71.68141592920354, 78.8135593220339, 68.80733944954129, 97.14285714285714, 94.69026548672566, 59.183673469387756, 80.50847457627118]
class_avg: 80.39978317220027
validation loss: 1.37266, accuracy: 76.87, class_accuracy: [72.03389830508475, 94.73684210526316, 80.34188034188034, 68.14159292035399, 77.11864406779661, 63.30275229357798, 100.0, 98.23008849557522, 60.204081632653065, 79.66101694915254]
class_avg: 79.37707971113375
validation loss: 1.35197, accuracy: 76.66, class_accuracy: [56.779661016949156, 94.73684210526316, 82.05128205128206, 74.33628318584071, 77.96610169491525, 73.39449541284404, 97.14285714285714, 97.34513274336283, 58.16326530612245, 78.8135593220339]
class_avg: 79.07294799814707
Total time taken: 54.14453458786011
