Using CUDA...
Writing logs to logs/CNN_bn_epochs=50_dropout=0.5_bs=32_optim=Adam_decay=0.001_lr=0.001_momentum=0.9_mode=MLMC_run_0
epoch: [0], step: [299/1581], batch loss: 1.60366, batch accuracy: 46.88, data load time: 0.00025, step time: 0.01377,
epoch: [0], step: [599/1581], batch loss: 1.36200, batch accuracy: 56.25, data load time: 0.00031, step time: 0.02327,
epoch: [0], step: [899/1581], batch loss: 1.35813, batch accuracy: 59.38, data load time: 0.00028, step time: 0.02315,
epoch: [0], step: [1199/1581], batch loss: 1.09539, batch accuracy: 56.25, data load time: 0.00379, step time: 0.01594,
epoch: [0], step: [1499/1581], batch loss: 0.83128, batch accuracy: 71.88, data load time: 0.00031, step time: 0.01396,
epoch: [1], step: [218/1581], batch loss: 0.82046, batch accuracy: 78.12, data load time: 0.00488, step time: 0.01457,
epoch: [1], step: [518/1581], batch loss: 0.68762, batch accuracy: 65.62, data load time: 0.00026, step time: 0.02039,
epoch: [1], step: [818/1581], batch loss: 0.71624, batch accuracy: 71.88, data load time: 0.00027, step time: 0.01381,
epoch: [1], step: [1118/1581], batch loss: 0.67874, batch accuracy: 78.12, data load time: 0.00041, step time: 0.01401,
epoch: [1], step: [1418/1581], batch loss: 0.51914, batch accuracy: 81.25, data load time: 0.00029, step time: 0.01722,
epoch: [2], step: [137/1581], batch loss: 0.52937, batch accuracy: 78.12, data load time: 0.00431, step time: 0.01650,
epoch: [2], step: [437/1581], batch loss: 0.57218, batch accuracy: 81.25, data load time: 0.00029, step time: 0.01450,
epoch: [2], step: [737/1581], batch loss: 0.38930, batch accuracy: 84.38, data load time: 0.00028, step time: 0.01391,
epoch: [2], step: [1037/1581], batch loss: 0.50295, batch accuracy: 78.12, data load time: 0.00026, step time: 0.01520,
epoch: [2], step: [1337/1581], batch loss: 0.51848, batch accuracy: 78.12, data load time: 0.00521, step time: 0.01486,
epoch: [3], step: [56/1581], batch loss: 0.46838, batch accuracy: 81.25, data load time: 0.00023, step time: 0.01383,
epoch: [3], step: [356/1581], batch loss: 0.36151, batch accuracy: 90.62, data load time: 0.00036, step time: 0.01383,
epoch: [3], step: [656/1581], batch loss: 0.38923, batch accuracy: 87.50, data load time: 0.00029, step time: 0.01706,
epoch: [3], step: [956/1581], batch loss: 0.59694, batch accuracy: 78.12, data load time: 0.00027, step time: 0.02353,
epoch: [3], step: [1256/1581], batch loss: 0.51229, batch accuracy: 81.25, data load time: 0.00484, step time: 0.02797,
epoch: [3], step: [1556/1581], batch loss: 0.61154, batch accuracy: 78.12, data load time: 0.00013, step time: 0.01370,
epoch: [4], step: [275/1581], batch loss: 0.55917, batch accuracy: 84.38, data load time: 0.00918, step time: 0.02217,
epoch: [4], step: [575/1581], batch loss: 0.41729, batch accuracy: 81.25, data load time: 0.00398, step time: 0.01608,
epoch: [4], step: [875/1581], batch loss: 0.40031, batch accuracy: 81.25, data load time: 0.00029, step time: 0.01385,
epoch: [4], step: [1175/1581], batch loss: 0.47064, batch accuracy: 81.25, data load time: 0.00028, step time: 0.01384,
epoch: [4], step: [1475/1581], batch loss: 0.41297, batch accuracy: 84.38, data load time: 0.00027, step time: 0.01428,
validation loss: 0.94751, accuracy: 69.70, class_accuracy: [49.152542372881356, 92.10526315789474, 83.76068376068376, 62.83185840707964, 66.10169491525424, 54.12844036697248, 97.14285714285714, 93.80530973451327, 59.183673469387756, 71.1864406779661]
class_avg: 72.93987640054904
epoch: [5], step: [194/1581], batch loss: 0.26903, batch accuracy: 90.62, data load time: 0.00881, step time: 0.01416,
epoch: [5], step: [494/1581], batch loss: 1.08114, batch accuracy: 71.88, data load time: 0.00028, step time: 0.01395,
epoch: [5], step: [794/1581], batch loss: 0.25528, batch accuracy: 87.50, data load time: 0.00027, step time: 0.01378,
epoch: [5], step: [1094/1581], batch loss: 0.56040, batch accuracy: 81.25, data load time: 0.00026, step time: 0.01380,
epoch: [5], step: [1394/1581], batch loss: 0.32570, batch accuracy: 87.50, data load time: 0.00026, step time: 0.01430,
epoch: [6], step: [113/1581], batch loss: 0.17545, batch accuracy: 93.75, data load time: 0.00026, step time: 0.01398,
epoch: [6], step: [413/1581], batch loss: 0.54132, batch accuracy: 78.12, data load time: 0.00069, step time: 0.01388,
epoch: [6], step: [713/1581], batch loss: 0.54261, batch accuracy: 75.00, data load time: 0.00027, step time: 0.01437,
epoch: [6], step: [1013/1581], batch loss: 0.29470, batch accuracy: 78.12, data load time: 0.00026, step time: 0.01403,
epoch: [6], step: [1313/1581], batch loss: 0.24329, batch accuracy: 90.62, data load time: 0.00028, step time: 0.01381,
epoch: [7], step: [32/1581], batch loss: 0.53210, batch accuracy: 84.38, data load time: 0.00548, step time: 0.01549,
epoch: [7], step: [332/1581], batch loss: 0.32253, batch accuracy: 87.50, data load time: 0.00029, step time: 0.01387,
epoch: [7], step: [632/1581], batch loss: 0.24121, batch accuracy: 93.75, data load time: 0.00906, step time: 0.01511,
epoch: [7], step: [932/1581], batch loss: 0.26638, batch accuracy: 90.62, data load time: 0.00027, step time: 0.01519,
epoch: [7], step: [1232/1581], batch loss: 0.48302, batch accuracy: 75.00, data load time: 0.00029, step time: 0.01691,
epoch: [7], step: [1532/1581], batch loss: 0.51629, batch accuracy: 78.12, data load time: 0.00023, step time: 0.01380,
epoch: [8], step: [251/1581], batch loss: 0.48392, batch accuracy: 78.12, data load time: 0.00029, step time: 0.01385,
epoch: [8], step: [551/1581], batch loss: 0.35691, batch accuracy: 84.38, data load time: 0.00681, step time: 0.02362,
epoch: [8], step: [851/1581], batch loss: 0.45912, batch accuracy: 87.50, data load time: 0.00028, step time: 0.02337,
epoch: [8], step: [1151/1581], batch loss: 0.15858, batch accuracy: 93.75, data load time: 0.00027, step time: 0.01380,
epoch: [8], step: [1451/1581], batch loss: 0.44698, batch accuracy: 81.25, data load time: 0.00027, step time: 0.01797,
epoch: [9], step: [170/1581], batch loss: 0.29772, batch accuracy: 84.38, data load time: 0.00029, step time: 0.01766,
epoch: [9], step: [470/1581], batch loss: 0.39120, batch accuracy: 84.38, data load time: 0.00026, step time: 0.01381,
epoch: [9], step: [770/1581], batch loss: 0.41932, batch accuracy: 81.25, data load time: 0.00026, step time: 0.01417,
epoch: [9], step: [1070/1581], batch loss: 0.30722, batch accuracy: 96.88, data load time: 0.00027, step time: 0.01437,
epoch: [9], step: [1370/1581], batch loss: 0.41547, batch accuracy: 75.00, data load time: 0.00029, step time: 0.01381,
validation loss: 0.79022, accuracy: 72.16, class_accuracy: [50.0, 92.10526315789474, 85.47008547008546, 72.56637168141593, 65.2542372881356, 56.88073394495413, 97.14285714285714, 98.23008849557522, 55.10204081632653, 77.11864406779661]
class_avg: 74.98703220650414
epoch: [10], step: [89/1581], batch loss: 0.36490, batch accuracy: 87.50, data load time: 0.00024, step time: 0.01575,
epoch: [10], step: [389/1581], batch loss: 0.33525, batch accuracy: 87.50, data load time: 0.00027, step time: 0.01426,
epoch: [10], step: [689/1581], batch loss: 0.47060, batch accuracy: 75.00, data load time: 0.00557, step time: 0.01612,
epoch: [10], step: [989/1581], batch loss: 0.22848, batch accuracy: 96.88, data load time: 0.00027, step time: 0.01436,
epoch: [10], step: [1289/1581], batch loss: 0.44001, batch accuracy: 87.50, data load time: 0.00027, step time: 0.01383,
epoch: [11], step: [8/1581], batch loss: 0.31871, batch accuracy: 87.50, data load time: 0.00472, step time: 0.01533,
epoch: [11], step: [308/1581], batch loss: 0.18439, batch accuracy: 90.62, data load time: 0.00029, step time: 0.01398,
epoch: [11], step: [608/1581], batch loss: 0.52109, batch accuracy: 75.00, data load time: 0.00027, step time: 0.01389,
epoch: [11], step: [908/1581], batch loss: 0.18344, batch accuracy: 93.75, data load time: 0.00027, step time: 0.02058,
epoch: [11], step: [1208/1581], batch loss: 0.22686, batch accuracy: 87.50, data load time: 0.00026, step time: 0.01382,
epoch: [11], step: [1508/1581], batch loss: 0.37893, batch accuracy: 87.50, data load time: 0.00026, step time: 0.01380,
epoch: [12], step: [227/1581], batch loss: 0.30002, batch accuracy: 87.50, data load time: 0.00024, step time: 0.01380,
epoch: [12], step: [527/1581], batch loss: 0.22971, batch accuracy: 90.62, data load time: 0.00029, step time: 0.01462,
epoch: [12], step: [827/1581], batch loss: 0.21263, batch accuracy: 90.62, data load time: 0.00025, step time: 0.01380,
epoch: [12], step: [1127/1581], batch loss: 0.32990, batch accuracy: 87.50, data load time: 0.00028, step time: 0.01384,
epoch: [12], step: [1427/1581], batch loss: 0.24028, batch accuracy: 90.62, data load time: 0.00029, step time: 0.01403,
epoch: [13], step: [146/1581], batch loss: 0.15953, batch accuracy: 96.88, data load time: 0.00027, step time: 0.01429,
epoch: [13], step: [446/1581], batch loss: 0.22131, batch accuracy: 96.88, data load time: 0.00403, step time: 0.01592,
epoch: [13], step: [746/1581], batch loss: 0.26997, batch accuracy: 93.75, data load time: 0.00402, step time: 0.01448,
epoch: [13], step: [1046/1581], batch loss: 0.39033, batch accuracy: 90.62, data load time: 0.00027, step time: 0.02267,
epoch: [13], step: [1346/1581], batch loss: 0.27537, batch accuracy: 90.62, data load time: 0.00028, step time: 0.01382,
epoch: [14], step: [65/1581], batch loss: 0.37227, batch accuracy: 87.50, data load time: 0.00027, step time: 0.01764,
epoch: [14], step: [365/1581], batch loss: 0.15833, batch accuracy: 93.75, data load time: 0.00027, step time: 0.01421,
epoch: [14], step: [665/1581], batch loss: 0.49229, batch accuracy: 93.75, data load time: 0.00026, step time: 0.01418,
epoch: [14], step: [965/1581], batch loss: 0.29867, batch accuracy: 84.38, data load time: 0.00027, step time: 0.01544,
epoch: [14], step: [1265/1581], batch loss: 0.30575, batch accuracy: 84.38, data load time: 0.00027, step time: 0.01381,
epoch: [14], step: [1565/1581], batch loss: 0.31179, batch accuracy: 81.25, data load time: 0.00015, step time: 0.01371,
validation loss: 0.84654, accuracy: 71.14, class_accuracy: [42.3728813559322, 92.10526315789474, 80.34188034188034, 74.33628318584071, 77.96610169491525, 53.211009174311926, 97.14285714285714, 96.46017699115045, 60.204081632653065, 67.79661016949153]
class_avg: 74.19371448469272
epoch: [15], step: [284/1581], batch loss: 0.45018, batch accuracy: 84.38, data load time: 0.00026, step time: 0.01378,
epoch: [15], step: [584/1581], batch loss: 0.35927, batch accuracy: 87.50, data load time: 0.00027, step time: 0.01383,
epoch: [15], step: [884/1581], batch loss: 0.24520, batch accuracy: 93.75, data load time: 0.00027, step time: 0.01548,
epoch: [15], step: [1184/1581], batch loss: 0.20462, batch accuracy: 87.50, data load time: 0.00034, step time: 0.01379,
epoch: [15], step: [1484/1581], batch loss: 0.41095, batch accuracy: 87.50, data load time: 0.00028, step time: 0.01415,
epoch: [16], step: [203/1581], batch loss: 0.37115, batch accuracy: 96.88, data load time: 0.00027, step time: 0.02192,
epoch: [16], step: [503/1581], batch loss: 0.34167, batch accuracy: 90.62, data load time: 0.00395, step time: 0.01414,
epoch: [16], step: [803/1581], batch loss: 0.29460, batch accuracy: 93.75, data load time: 0.00026, step time: 0.01968,
epoch: [16], step: [1103/1581], batch loss: 0.28563, batch accuracy: 84.38, data load time: 0.00029, step time: 0.01394,
epoch: [16], step: [1403/1581], batch loss: 0.29882, batch accuracy: 87.50, data load time: 0.00028, step time: 0.01666,
epoch: [17], step: [122/1581], batch loss: 0.26679, batch accuracy: 90.62, data load time: 0.00056, step time: 0.01382,
epoch: [17], step: [422/1581], batch loss: 0.24121, batch accuracy: 93.75, data load time: 0.00028, step time: 0.01808,
epoch: [17], step: [722/1581], batch loss: 0.26832, batch accuracy: 90.62, data load time: 0.00051, step time: 0.01580,
epoch: [17], step: [1022/1581], batch loss: 0.59636, batch accuracy: 81.25, data load time: 0.00025, step time: 0.01379,
epoch: [17], step: [1322/1581], batch loss: 0.53201, batch accuracy: 90.62, data load time: 0.00033, step time: 0.01423,
epoch: [18], step: [41/1581], batch loss: 0.17597, batch accuracy: 96.88, data load time: 0.00024, step time: 0.01378,
epoch: [18], step: [341/1581], batch loss: 0.29052, batch accuracy: 87.50, data load time: 0.00028, step time: 0.01381,
epoch: [18], step: [641/1581], batch loss: 0.37557, batch accuracy: 84.38, data load time: 0.00447, step time: 0.01662,
epoch: [18], step: [941/1581], batch loss: 0.28875, batch accuracy: 90.62, data load time: 0.00027, step time: 0.01490,
epoch: [18], step: [1241/1581], batch loss: 0.26632, batch accuracy: 84.38, data load time: 0.00030, step time: 0.01383,
epoch: [18], step: [1541/1581], batch loss: 0.26664, batch accuracy: 81.25, data load time: 0.00016, step time: 0.01374,
epoch: [19], step: [260/1581], batch loss: 0.20930, batch accuracy: 93.75, data load time: 0.00027, step time: 0.01383,
epoch: [19], step: [560/1581], batch loss: 0.18144, batch accuracy: 93.75, data load time: 0.00029, step time: 0.01394,
epoch: [19], step: [860/1581], batch loss: 0.30215, batch accuracy: 93.75, data load time: 0.00028, step time: 0.01382,
epoch: [19], step: [1160/1581], batch loss: 0.24059, batch accuracy: 93.75, data load time: 0.00031, step time: 0.02348,
epoch: [19], step: [1460/1581], batch loss: 0.16036, batch accuracy: 96.88, data load time: 0.00028, step time: 0.03053,
validation loss: 0.85042, accuracy: 73.49, class_accuracy: [61.016949152542374, 94.73684210526316, 82.90598290598291, 75.22123893805309, 84.7457627118644, 51.37614678899082, 100.0, 74.33628318584071, 56.12244897959184, 83.05084745762711]
class_avg: 76.35125022257564
epoch: [20], step: [179/1581], batch loss: 0.24491, batch accuracy: 96.88, data load time: 0.00026, step time: 0.02244,
epoch: [20], step: [479/1581], batch loss: 0.39543, batch accuracy: 87.50, data load time: 0.00027, step time: 0.01380,
epoch: [20], step: [779/1581], batch loss: 0.31824, batch accuracy: 93.75, data load time: 0.00873, step time: 0.01402,
epoch: [20], step: [1079/1581], batch loss: 0.54933, batch accuracy: 75.00, data load time: 0.00029, step time: 0.01419,
epoch: [20], step: [1379/1581], batch loss: 0.20267, batch accuracy: 87.50, data load time: 0.00035, step time: 0.01404,
epoch: [21], step: [98/1581], batch loss: 0.18922, batch accuracy: 96.88, data load time: 0.00026, step time: 0.01423,
epoch: [21], step: [398/1581], batch loss: 0.39040, batch accuracy: 90.62, data load time: 0.00025, step time: 0.02329,
epoch: [21], step: [698/1581], batch loss: 0.25062, batch accuracy: 90.62, data load time: 0.00060, step time: 0.02555,
epoch: [21], step: [998/1581], batch loss: 0.40688, batch accuracy: 90.62, data load time: 0.00027, step time: 0.01420,
epoch: [21], step: [1298/1581], batch loss: 0.40392, batch accuracy: 87.50, data load time: 0.00338, step time: 0.01468,
epoch: [22], step: [17/1581], batch loss: 0.21617, batch accuracy: 90.62, data load time: 0.00031, step time: 0.01665,
epoch: [22], step: [317/1581], batch loss: 0.38558, batch accuracy: 90.62, data load time: 0.00027, step time: 0.01416,
epoch: [22], step: [617/1581], batch loss: 0.40621, batch accuracy: 81.25, data load time: 0.00028, step time: 0.01607,
epoch: [22], step: [917/1581], batch loss: 0.65257, batch accuracy: 87.50, data load time: 0.00406, step time: 0.01410,
epoch: [22], step: [1217/1581], batch loss: 0.28370, batch accuracy: 84.38, data load time: 0.00028, step time: 0.02281,
epoch: [22], step: [1517/1581], batch loss: 0.26512, batch accuracy: 90.62, data load time: 0.00029, step time: 0.01399,
epoch: [23], step: [236/1581], batch loss: 0.39957, batch accuracy: 84.38, data load time: 0.00028, step time: 0.01385,
epoch: [23], step: [536/1581], batch loss: 0.49896, batch accuracy: 84.38, data load time: 0.00025, step time: 0.01449,
epoch: [23], step: [836/1581], batch loss: 0.61535, batch accuracy: 78.12, data load time: 0.00028, step time: 0.02366,
epoch: [23], step: [1136/1581], batch loss: 0.23745, batch accuracy: 93.75, data load time: 0.00030, step time: 0.01412,
epoch: [23], step: [1436/1581], batch loss: 0.24373, batch accuracy: 90.62, data load time: 0.00028, step time: 0.01381,
epoch: [24], step: [155/1581], batch loss: 0.29969, batch accuracy: 90.62, data load time: 0.00033, step time: 0.01596,
epoch: [24], step: [455/1581], batch loss: 0.19547, batch accuracy: 96.88, data load time: 0.00029, step time: 0.01664,
epoch: [24], step: [755/1581], batch loss: 0.37829, batch accuracy: 90.62, data load time: 0.00922, step time: 0.01384,
epoch: [24], step: [1055/1581], batch loss: 0.20233, batch accuracy: 96.88, data load time: 0.00026, step time: 0.02459,
epoch: [24], step: [1355/1581], batch loss: 0.19543, batch accuracy: 90.62, data load time: 0.00052, step time: 0.02177,
validation loss: 0.83742, accuracy: 71.03, class_accuracy: [44.91525423728814, 92.10526315789474, 80.34188034188034, 74.33628318584071, 74.57627118644068, 48.62385321100918, 100.0, 95.57522123893806, 63.265306122448976, 69.49152542372882]
class_avg: 74.32308581054698
epoch: [25], step: [74/1581], batch loss: 0.23109, batch accuracy: 90.62, data load time: 0.00028, step time: 0.02264,
epoch: [25], step: [374/1581], batch loss: 0.39664, batch accuracy: 81.25, data load time: 0.00038, step time: 0.01404,
epoch: [25], step: [674/1581], batch loss: 0.17163, batch accuracy: 93.75, data load time: 0.00040, step time: 0.01383,
epoch: [25], step: [974/1581], batch loss: 0.48219, batch accuracy: 81.25, data load time: 0.00033, step time: 0.01440,
epoch: [25], step: [1274/1581], batch loss: 0.35480, batch accuracy: 78.12, data load time: 0.00026, step time: 0.01382,
epoch: [25], step: [1574/1581], batch loss: 0.21145, batch accuracy: 84.38, data load time: 0.00014, step time: 0.01371,
epoch: [26], step: [293/1581], batch loss: 0.24033, batch accuracy: 90.62, data load time: 0.00029, step time: 0.01555,
epoch: [26], step: [593/1581], batch loss: 0.21529, batch accuracy: 93.75, data load time: 0.00028, step time: 0.01383,
epoch: [26], step: [893/1581], batch loss: 0.79480, batch accuracy: 81.25, data load time: 0.00028, step time: 0.01419,
epoch: [26], step: [1193/1581], batch loss: 0.37422, batch accuracy: 84.38, data load time: 0.00924, step time: 0.01381,
epoch: [26], step: [1493/1581], batch loss: 0.38734, batch accuracy: 87.50, data load time: 0.00041, step time: 0.01383,
epoch: [27], step: [212/1581], batch loss: 0.54954, batch accuracy: 78.12, data load time: 0.00026, step time: 0.02965,
epoch: [27], step: [512/1581], batch loss: 0.36697, batch accuracy: 90.62, data load time: 0.00036, step time: 0.01381,
epoch: [27], step: [812/1581], batch loss: 0.32687, batch accuracy: 96.88, data load time: 0.00507, step time: 0.01418,
epoch: [27], step: [1112/1581], batch loss: 0.38983, batch accuracy: 87.50, data load time: 0.00027, step time: 0.02968,
epoch: [27], step: [1412/1581], batch loss: 0.24828, batch accuracy: 87.50, data load time: 0.00028, step time: 0.01401,
epoch: [28], step: [131/1581], batch loss: 0.48050, batch accuracy: 78.12, data load time: 0.00028, step time: 0.02346,
epoch: [28], step: [431/1581], batch loss: 0.20297, batch accuracy: 90.62, data load time: 0.00069, step time: 0.02334,
epoch: [28], step: [731/1581], batch loss: 0.26795, batch accuracy: 93.75, data load time: 0.00027, step time: 0.02408,
epoch: [28], step: [1031/1581], batch loss: 0.23116, batch accuracy: 96.88, data load time: 0.00027, step time: 0.02969,
epoch: [28], step: [1331/1581], batch loss: 0.29663, batch accuracy: 87.50, data load time: 0.00032, step time: 0.02569,
epoch: [29], step: [50/1581], batch loss: 0.30032, batch accuracy: 87.50, data load time: 0.00030, step time: 0.01405,
epoch: [29], step: [350/1581], batch loss: 0.13708, batch accuracy: 100.00, data load time: 0.00028, step time: 0.01426,
epoch: [29], step: [650/1581], batch loss: 0.17152, batch accuracy: 96.88, data load time: 0.00028, step time: 0.01384,
epoch: [29], step: [950/1581], batch loss: 0.34404, batch accuracy: 90.62, data load time: 0.00029, step time: 0.01400,
epoch: [29], step: [1250/1581], batch loss: 0.33628, batch accuracy: 87.50, data load time: 0.00031, step time: 0.02402,
epoch: [29], step: [1550/1581], batch loss: 0.38016, batch accuracy: 90.62, data load time: 0.00014, step time: 0.01372,
validation loss: 0.76445, accuracy: 74.00, class_accuracy: [53.389830508474574, 97.36842105263158, 84.61538461538461, 67.2566371681416, 83.05084745762711, 60.55045871559633, 100.0, 93.80530973451327, 58.16326530612245, 72.88135593220339]
class_avg: 77.10815104906949
epoch: [30], step: [269/1581], batch loss: 0.26704, batch accuracy: 87.50, data load time: 0.00030, step time: 0.02298,
epoch: [30], step: [569/1581], batch loss: 0.27181, batch accuracy: 87.50, data load time: 0.00918, step time: 0.01385,
epoch: [30], step: [869/1581], batch loss: 0.24711, batch accuracy: 90.62, data load time: 0.00028, step time: 0.01382,
epoch: [30], step: [1169/1581], batch loss: 0.36218, batch accuracy: 90.62, data load time: 0.00431, step time: 0.01427,
epoch: [30], step: [1469/1581], batch loss: 0.35486, batch accuracy: 81.25, data load time: 0.00028, step time: 0.01381,
epoch: [31], step: [188/1581], batch loss: 0.48814, batch accuracy: 84.38, data load time: 0.00042, step time: 0.01578,
epoch: [31], step: [488/1581], batch loss: 0.45503, batch accuracy: 87.50, data load time: 0.00028, step time: 0.01750,
epoch: [31], step: [788/1581], batch loss: 0.27844, batch accuracy: 93.75, data load time: 0.00039, step time: 0.01621,
epoch: [31], step: [1088/1581], batch loss: 0.32534, batch accuracy: 84.38, data load time: 0.00026, step time: 0.02348,
epoch: [31], step: [1388/1581], batch loss: 0.35356, batch accuracy: 87.50, data load time: 0.00025, step time: 0.01678,
epoch: [32], step: [107/1581], batch loss: 0.16548, batch accuracy: 96.88, data load time: 0.00028, step time: 0.01382,
epoch: [32], step: [407/1581], batch loss: 0.28443, batch accuracy: 87.50, data load time: 0.00029, step time: 0.01383,
epoch: [32], step: [707/1581], batch loss: 0.25961, batch accuracy: 87.50, data load time: 0.00566, step time: 0.01597,
epoch: [32], step: [1007/1581], batch loss: 0.28282, batch accuracy: 84.38, data load time: 0.00442, step time: 0.01403,
epoch: [32], step: [1307/1581], batch loss: 0.31733, batch accuracy: 87.50, data load time: 0.00030, step time: 0.01523,
epoch: [33], step: [26/1581], batch loss: 0.22821, batch accuracy: 93.75, data load time: 0.00027, step time: 0.01534,
epoch: [33], step: [326/1581], batch loss: 0.30295, batch accuracy: 87.50, data load time: 0.00036, step time: 0.01380,
epoch: [33], step: [626/1581], batch loss: 0.38364, batch accuracy: 96.88, data load time: 0.00033, step time: 0.01742,
epoch: [33], step: [926/1581], batch loss: 0.41070, batch accuracy: 84.38, data load time: 0.00030, step time: 0.01419,
epoch: [33], step: [1226/1581], batch loss: 0.29138, batch accuracy: 84.38, data load time: 0.00029, step time: 0.01389,
epoch: [33], step: [1526/1581], batch loss: 0.16907, batch accuracy: 100.00, data load time: 0.00021, step time: 0.01379,
epoch: [34], step: [245/1581], batch loss: 0.18200, batch accuracy: 96.88, data load time: 0.00029, step time: 0.01430,
epoch: [34], step: [545/1581], batch loss: 0.42318, batch accuracy: 84.38, data load time: 0.00035, step time: 0.01680,
epoch: [34], step: [845/1581], batch loss: 0.25244, batch accuracy: 93.75, data load time: 0.00027, step time: 0.01396,
epoch: [34], step: [1145/1581], batch loss: 0.39938, batch accuracy: 84.38, data load time: 0.00029, step time: 0.01920,
epoch: [34], step: [1445/1581], batch loss: 0.30846, batch accuracy: 84.38, data load time: 0.00029, step time: 0.02405,
validation loss: 0.90706, accuracy: 69.70, class_accuracy: [41.52542372881356, 86.84210526315789, 71.7948717948718, 76.10619469026548, 81.35593220338983, 50.45871559633027, 100.0, 98.23008849557522, 52.04081632653061, 68.64406779661017]
class_avg: 72.69982158955449
epoch: [35], step: [164/1581], batch loss: 0.37795, batch accuracy: 87.50, data load time: 0.00026, step time: 0.02343,
epoch: [35], step: [464/1581], batch loss: 0.19121, batch accuracy: 93.75, data load time: 0.00030, step time: 0.02335,
epoch: [35], step: [764/1581], batch loss: 0.37629, batch accuracy: 93.75, data load time: 0.00028, step time: 0.02492,
epoch: [35], step: [1064/1581], batch loss: 0.26071, batch accuracy: 90.62, data load time: 0.00030, step time: 0.01385,
epoch: [35], step: [1364/1581], batch loss: 0.20811, batch accuracy: 93.75, data load time: 0.00036, step time: 0.01387,
epoch: [36], step: [83/1581], batch loss: 0.19966, batch accuracy: 90.62, data load time: 0.00026, step time: 0.01379,
epoch: [36], step: [383/1581], batch loss: 0.59406, batch accuracy: 84.38, data load time: 0.00027, step time: 0.01380,
epoch: [36], step: [683/1581], batch loss: 0.73008, batch accuracy: 87.50, data load time: 0.00026, step time: 0.01497,
epoch: [36], step: [983/1581], batch loss: 0.22660, batch accuracy: 84.38, data load time: 0.00027, step time: 0.01458,
epoch: [36], step: [1283/1581], batch loss: 0.18715, batch accuracy: 93.75, data load time: 0.00028, step time: 0.01379,
epoch: [37], step: [2/1581], batch loss: 0.26327, batch accuracy: 90.62, data load time: 0.00033, step time: 0.01999,
epoch: [37], step: [302/1581], batch loss: 0.37832, batch accuracy: 84.38, data load time: 0.00027, step time: 0.01391,
epoch: [37], step: [602/1581], batch loss: 0.49840, batch accuracy: 87.50, data load time: 0.00027, step time: 0.01674,
epoch: [37], step: [902/1581], batch loss: 0.47563, batch accuracy: 90.62, data load time: 0.00026, step time: 0.01381,
epoch: [37], step: [1202/1581], batch loss: 0.24007, batch accuracy: 87.50, data load time: 0.00027, step time: 0.01824,
epoch: [37], step: [1502/1581], batch loss: 0.40710, batch accuracy: 84.38, data load time: 0.00029, step time: 0.01384,
epoch: [38], step: [221/1581], batch loss: 0.29036, batch accuracy: 87.50, data load time: 0.00039, step time: 0.01397,
epoch: [38], step: [521/1581], batch loss: 0.19940, batch accuracy: 93.75, data load time: 0.00054, step time: 0.02745,
epoch: [38], step: [821/1581], batch loss: 0.33601, batch accuracy: 90.62, data load time: 0.00030, step time: 0.01386,
epoch: [38], step: [1121/1581], batch loss: 0.39737, batch accuracy: 84.38, data load time: 0.00030, step time: 0.01384,
epoch: [38], step: [1421/1581], batch loss: 0.14378, batch accuracy: 93.75, data load time: 0.00033, step time: 0.01386,
epoch: [39], step: [140/1581], batch loss: 0.18086, batch accuracy: 96.88, data load time: 0.00047, step time: 0.01550,
epoch: [39], step: [440/1581], batch loss: 0.25487, batch accuracy: 90.62, data load time: 0.00026, step time: 0.02357,
epoch: [39], step: [740/1581], batch loss: 0.57507, batch accuracy: 78.12, data load time: 0.00028, step time: 0.01873,
epoch: [39], step: [1040/1581], batch loss: 0.55013, batch accuracy: 81.25, data load time: 0.00028, step time: 0.02002,
epoch: [39], step: [1340/1581], batch loss: 0.38695, batch accuracy: 87.50, data load time: 0.00027, step time: 0.02021,
validation loss: 0.76305, accuracy: 73.59, class_accuracy: [45.76271186440678, 92.10526315789474, 83.76068376068376, 69.91150442477876, 81.35593220338983, 53.211009174311926, 100.0, 91.15044247787611, 62.244897959183675, 84.7457627118644]
class_avg: 76.424820773439
epoch: [40], step: [59/1581], batch loss: 0.40209, batch accuracy: 87.50, data load time: 0.00025, step time: 0.01379,
epoch: [40], step: [359/1581], batch loss: 0.29855, batch accuracy: 87.50, data load time: 0.00031, step time: 0.01543,
epoch: [40], step: [659/1581], batch loss: 0.21381, batch accuracy: 90.62, data load time: 0.00026, step time: 0.01412,
epoch: [40], step: [959/1581], batch loss: 0.20544, batch accuracy: 96.88, data load time: 0.00026, step time: 0.02489,
epoch: [40], step: [1259/1581], batch loss: 0.21477, batch accuracy: 90.62, data load time: 0.00029, step time: 0.01382,
epoch: [40], step: [1559/1581], batch loss: 0.29871, batch accuracy: 90.62, data load time: 0.00014, step time: 0.01373,
epoch: [41], step: [278/1581], batch loss: 0.26622, batch accuracy: 93.75, data load time: 0.00027, step time: 0.01385,
epoch: [41], step: [578/1581], batch loss: 0.31394, batch accuracy: 90.62, data load time: 0.00026, step time: 0.01384,
epoch: [41], step: [878/1581], batch loss: 0.37056, batch accuracy: 90.62, data load time: 0.00027, step time: 0.01379,
epoch: [41], step: [1178/1581], batch loss: 0.20634, batch accuracy: 96.88, data load time: 0.00036, step time: 0.01379,
epoch: [41], step: [1478/1581], batch loss: 0.37111, batch accuracy: 90.62, data load time: 0.00026, step time: 0.01414,
epoch: [42], step: [197/1581], batch loss: 0.15144, batch accuracy: 93.75, data load time: 0.00029, step time: 0.01397,
epoch: [42], step: [497/1581], batch loss: 0.28229, batch accuracy: 84.38, data load time: 0.00030, step time: 0.01524,
epoch: [42], step: [797/1581], batch loss: 0.21652, batch accuracy: 93.75, data load time: 0.00440, step time: 0.01482,
epoch: [42], step: [1097/1581], batch loss: 0.11070, batch accuracy: 100.00, data load time: 0.00025, step time: 0.01380,
epoch: [42], step: [1397/1581], batch loss: 0.29786, batch accuracy: 87.50, data load time: 0.00027, step time: 0.01472,
epoch: [43], step: [116/1581], batch loss: 0.40623, batch accuracy: 78.12, data load time: 0.00028, step time: 0.01398,
epoch: [43], step: [416/1581], batch loss: 0.24881, batch accuracy: 87.50, data load time: 0.00041, step time: 0.01419,
epoch: [43], step: [716/1581], batch loss: 0.25800, batch accuracy: 84.38, data load time: 0.00027, step time: 0.01383,
epoch: [43], step: [1016/1581], batch loss: 0.31306, batch accuracy: 84.38, data load time: 0.00027, step time: 0.01381,
epoch: [43], step: [1316/1581], batch loss: 0.17715, batch accuracy: 93.75, data load time: 0.00026, step time: 0.01401,
epoch: [44], step: [35/1581], batch loss: 0.25279, batch accuracy: 90.62, data load time: 0.00031, step time: 0.02162,
epoch: [44], step: [335/1581], batch loss: 0.28178, batch accuracy: 93.75, data load time: 0.00028, step time: 0.02523,
epoch: [44], step: [635/1581], batch loss: 0.30530, batch accuracy: 87.50, data load time: 0.00030, step time: 0.02333,
epoch: [44], step: [935/1581], batch loss: 0.37557, batch accuracy: 90.62, data load time: 0.00028, step time: 0.01380,
epoch: [44], step: [1235/1581], batch loss: 0.14328, batch accuracy: 93.75, data load time: 0.00027, step time: 0.01543,
epoch: [44], step: [1535/1581], batch loss: 0.39983, batch accuracy: 87.50, data load time: 0.00024, step time: 0.01400,
validation loss: 0.78134, accuracy: 74.51, class_accuracy: [51.69491525423729, 92.10526315789474, 87.17948717948718, 66.3716814159292, 81.35593220338983, 49.54128440366973, 100.0, 92.03539823008849, 60.204081632653065, 90.67796610169492]
class_avg: 77.11660095790444
epoch: [45], step: [254/1581], batch loss: 0.15886, batch accuracy: 96.88, data load time: 0.00024, step time: 0.01678,
epoch: [45], step: [554/1581], batch loss: 0.33274, batch accuracy: 90.62, data load time: 0.00041, step time: 0.01486,
epoch: [45], step: [854/1581], batch loss: 0.23956, batch accuracy: 96.88, data load time: 0.00029, step time: 0.01439,
epoch: [45], step: [1154/1581], batch loss: 0.13175, batch accuracy: 93.75, data load time: 0.00028, step time: 0.01383,
epoch: [45], step: [1454/1581], batch loss: 0.21820, batch accuracy: 93.75, data load time: 0.00027, step time: 0.01384,
epoch: [46], step: [173/1581], batch loss: 0.22588, batch accuracy: 90.62, data load time: 0.00922, step time: 0.01383,
epoch: [46], step: [473/1581], batch loss: 0.18062, batch accuracy: 93.75, data load time: 0.00035, step time: 0.04483,
epoch: [46], step: [773/1581], batch loss: 0.25049, batch accuracy: 87.50, data load time: 0.00029, step time: 0.01383,
epoch: [46], step: [1073/1581], batch loss: 0.30871, batch accuracy: 87.50, data load time: 0.00028, step time: 0.01414,
epoch: [46], step: [1373/1581], batch loss: 0.30012, batch accuracy: 84.38, data load time: 0.00028, step time: 0.01546,
epoch: [47], step: [92/1581], batch loss: 0.34992, batch accuracy: 90.62, data load time: 0.00038, step time: 0.01563,
epoch: [47], step: [392/1581], batch loss: 0.55487, batch accuracy: 90.62, data load time: 0.00029, step time: 0.01409,
epoch: [47], step: [692/1581], batch loss: 0.23911, batch accuracy: 90.62, data load time: 0.00029, step time: 0.01461,
epoch: [47], step: [992/1581], batch loss: 0.28039, batch accuracy: 87.50, data load time: 0.00030, step time: 0.01453,
epoch: [47], step: [1292/1581], batch loss: 0.27489, batch accuracy: 90.62, data load time: 0.00027, step time: 0.01382,
epoch: [48], step: [11/1581], batch loss: 0.20305, batch accuracy: 90.62, data load time: 0.00024, step time: 0.01652,
epoch: [48], step: [311/1581], batch loss: 0.36311, batch accuracy: 87.50, data load time: 0.00026, step time: 0.01449,
epoch: [48], step: [611/1581], batch loss: 0.19917, batch accuracy: 93.75, data load time: 0.00389, step time: 0.01587,
epoch: [48], step: [911/1581], batch loss: 0.16336, batch accuracy: 93.75, data load time: 0.00405, step time: 0.01454,
epoch: [48], step: [1211/1581], batch loss: 0.42320, batch accuracy: 84.38, data load time: 0.00028, step time: 0.01384,
epoch: [48], step: [1511/1581], batch loss: 0.63918, batch accuracy: 71.88, data load time: 0.00382, step time: 0.01436,
epoch: [49], step: [230/1581], batch loss: 0.25494, batch accuracy: 87.50, data load time: 0.00050, step time: 0.01683,
epoch: [49], step: [530/1581], batch loss: 0.23892, batch accuracy: 93.75, data load time: 0.00380, step time: 0.01630,
epoch: [49], step: [830/1581], batch loss: 0.31993, batch accuracy: 87.50, data load time: 0.00026, step time: 0.01400,
epoch: [49], step: [1130/1581], batch loss: 0.40064, batch accuracy: 87.50, data load time: 0.00036, step time: 0.01379,
epoch: [49], step: [1430/1581], batch loss: 0.57221, batch accuracy: 84.38, data load time: 0.00884, step time: 0.01384,
validation loss: 0.76236, accuracy: 75.64, class_accuracy: [50.847457627118644, 92.10526315789474, 80.34188034188034, 82.30088495575221, 83.89830508474576, 52.293577981651374, 100.0, 96.46017699115045, 65.3061224489796, 78.8135593220339]
class_avg: 78.23672279112071
Total time taken: 1501.8642480373383
