Using CUDA...
Writing logs to logs/CNN_bn_epochs=50_dropout=0.5_bs=32_optim=SGD_decay=0.01_lr=0.001_momentum=0.9_mode=LMC_run_5
epoch: [0], step: [299/1581], batch loss: 2.15483, batch accuracy: 18.75, data load time: 0.00015, step time: 0.00738,
epoch: [0], step: [599/1581], batch loss: 2.17728, batch accuracy: 21.88, data load time: 0.00015, step time: 0.00738,
epoch: [0], step: [899/1581], batch loss: 1.83952, batch accuracy: 37.50, data load time: 0.00198, step time: 0.00737,
epoch: [0], step: [1199/1581], batch loss: 1.62617, batch accuracy: 28.12, data load time: 0.00015, step time: 0.00736,
epoch: [0], step: [1499/1581], batch loss: 1.43834, batch accuracy: 53.12, data load time: 0.00014, step time: 0.00739,
epoch: [1], step: [218/1581], batch loss: 1.91236, batch accuracy: 31.25, data load time: 0.00015, step time: 0.00739,
epoch: [1], step: [518/1581], batch loss: 0.95156, batch accuracy: 59.38, data load time: 0.00017, step time: 0.00739,
epoch: [1], step: [818/1581], batch loss: 1.12830, batch accuracy: 53.12, data load time: 0.00015, step time: 0.01181,
epoch: [1], step: [1118/1581], batch loss: 1.10600, batch accuracy: 56.25, data load time: 0.00014, step time: 0.00736,
epoch: [1], step: [1418/1581], batch loss: 1.01190, batch accuracy: 53.12, data load time: 0.00179, step time: 0.00740,
epoch: [2], step: [137/1581], batch loss: 1.20292, batch accuracy: 50.00, data load time: 0.00015, step time: 0.01254,
epoch: [2], step: [437/1581], batch loss: 1.54372, batch accuracy: 53.12, data load time: 0.00032, step time: 0.00735,
epoch: [2], step: [737/1581], batch loss: 1.06634, batch accuracy: 71.88, data load time: 0.00014, step time: 0.00737,
epoch: [2], step: [1037/1581], batch loss: 1.03134, batch accuracy: 78.12, data load time: 0.00015, step time: 0.00736,
epoch: [2], step: [1337/1581], batch loss: 0.63281, batch accuracy: 71.88, data load time: 0.00014, step time: 0.00737,
epoch: [3], step: [56/1581], batch loss: 0.88721, batch accuracy: 68.75, data load time: 0.00312, step time: 0.00737,
epoch: [3], step: [356/1581], batch loss: 0.96614, batch accuracy: 62.50, data load time: 0.00015, step time: 0.00736,
epoch: [3], step: [656/1581], batch loss: 0.95117, batch accuracy: 68.75, data load time: 0.00016, step time: 0.00739,
epoch: [3], step: [956/1581], batch loss: 0.95513, batch accuracy: 62.50, data load time: 0.00015, step time: 0.00739,
epoch: [3], step: [1256/1581], batch loss: 0.72182, batch accuracy: 71.88, data load time: 0.00015, step time: 0.00734,
epoch: [3], step: [1556/1581], batch loss: 1.11105, batch accuracy: 62.50, data load time: 0.00011, step time: 0.00737,
epoch: [4], step: [275/1581], batch loss: 0.66547, batch accuracy: 87.50, data load time: 0.00020, step time: 0.00738,
epoch: [4], step: [575/1581], batch loss: 0.91444, batch accuracy: 59.38, data load time: 0.00014, step time: 0.00737,
epoch: [4], step: [875/1581], batch loss: 0.96322, batch accuracy: 65.62, data load time: 0.00014, step time: 0.00737,
epoch: [4], step: [1175/1581], batch loss: 0.73180, batch accuracy: 75.00, data load time: 0.00015, step time: 0.00739,
epoch: [4], step: [1475/1581], batch loss: 0.68321, batch accuracy: 81.25, data load time: 0.00014, step time: 0.00737,
validation loss: 0.98988, accuracy: 67.35, class_accuracy: [87.28813559322033, 86.84210526315789, 68.37606837606837, 56.63716814159292, 73.72881355932203, 53.211009174311926, 100.0, 83.1858407079646, 55.10204081632653, 42.3728813559322]
class_avg: 70.67440629878969
epoch: [5], step: [194/1581], batch loss: 0.85405, batch accuracy: 78.12, data load time: 0.00019, step time: 0.00740,
epoch: [5], step: [494/1581], batch loss: 1.06773, batch accuracy: 59.38, data load time: 0.00195, step time: 0.00767,
epoch: [5], step: [794/1581], batch loss: 0.59214, batch accuracy: 75.00, data load time: 0.00016, step time: 0.00740,
epoch: [5], step: [1094/1581], batch loss: 0.64142, batch accuracy: 75.00, data load time: 0.00014, step time: 0.00738,
epoch: [5], step: [1394/1581], batch loss: 0.70532, batch accuracy: 87.50, data load time: 0.00017, step time: 0.00897,
epoch: [6], step: [113/1581], batch loss: 0.63387, batch accuracy: 71.88, data load time: 0.00015, step time: 0.00737,
epoch: [6], step: [413/1581], batch loss: 0.65371, batch accuracy: 78.12, data load time: 0.00015, step time: 0.00737,
epoch: [6], step: [713/1581], batch loss: 0.42266, batch accuracy: 87.50, data load time: 0.00015, step time: 0.00738,
epoch: [6], step: [1013/1581], batch loss: 0.90438, batch accuracy: 65.62, data load time: 0.00018, step time: 0.00739,
epoch: [6], step: [1313/1581], batch loss: 0.63662, batch accuracy: 78.12, data load time: 0.00014, step time: 0.03189,
epoch: [7], step: [32/1581], batch loss: 0.56532, batch accuracy: 87.50, data load time: 0.00030, step time: 0.00736,
epoch: [7], step: [332/1581], batch loss: 0.83572, batch accuracy: 78.12, data load time: 0.00015, step time: 0.00738,
epoch: [7], step: [632/1581], batch loss: 0.96094, batch accuracy: 59.38, data load time: 0.00015, step time: 0.00736,
epoch: [7], step: [932/1581], batch loss: 0.69871, batch accuracy: 78.12, data load time: 0.00014, step time: 0.00736,
epoch: [7], step: [1232/1581], batch loss: 0.64910, batch accuracy: 75.00, data load time: 0.00181, step time: 0.00736,
epoch: [7], step: [1532/1581], batch loss: 0.46007, batch accuracy: 84.38, data load time: 0.00012, step time: 0.00737,
epoch: [8], step: [251/1581], batch loss: 0.40220, batch accuracy: 84.38, data load time: 0.00014, step time: 0.00735,
epoch: [8], step: [551/1581], batch loss: 0.54728, batch accuracy: 81.25, data load time: 0.00275, step time: 0.00949,
epoch: [8], step: [851/1581], batch loss: 0.57291, batch accuracy: 71.88, data load time: 0.00015, step time: 0.00734,
epoch: [8], step: [1151/1581], batch loss: 0.55446, batch accuracy: 78.12, data load time: 0.00014, step time: 0.00736,
epoch: [8], step: [1451/1581], batch loss: 0.67596, batch accuracy: 75.00, data load time: 0.00014, step time: 0.00736,
epoch: [9], step: [170/1581], batch loss: 0.48687, batch accuracy: 81.25, data load time: 0.00243, step time: 0.00736,
epoch: [9], step: [470/1581], batch loss: 0.78920, batch accuracy: 75.00, data load time: 0.00014, step time: 0.00735,
epoch: [9], step: [770/1581], batch loss: 0.73050, batch accuracy: 68.75, data load time: 0.00014, step time: 0.00736,
epoch: [9], step: [1070/1581], batch loss: 0.43212, batch accuracy: 84.38, data load time: 0.00014, step time: 0.00825,
epoch: [9], step: [1370/1581], batch loss: 0.47241, batch accuracy: 84.38, data load time: 0.00015, step time: 0.00738,
validation loss: 0.95734, accuracy: 67.45, class_accuracy: [49.152542372881356, 89.47368421052632, 56.41025641025641, 67.2566371681416, 61.86440677966102, 59.63302752293578, 100.0, 94.69026548672566, 54.08163265306123, 77.96610169491525]
class_avg: 71.05285542991047
epoch: [10], step: [89/1581], batch loss: 0.59033, batch accuracy: 78.12, data load time: 0.00014, step time: 0.00738,
epoch: [10], step: [389/1581], batch loss: 0.55617, batch accuracy: 81.25, data load time: 0.00015, step time: 0.00737,
epoch: [10], step: [689/1581], batch loss: 0.44555, batch accuracy: 81.25, data load time: 0.00014, step time: 0.00736,
epoch: [10], step: [989/1581], batch loss: 0.60116, batch accuracy: 81.25, data load time: 0.00226, step time: 0.00760,
epoch: [10], step: [1289/1581], batch loss: 0.66792, batch accuracy: 68.75, data load time: 0.00014, step time: 0.00735,
epoch: [11], step: [8/1581], batch loss: 0.69621, batch accuracy: 71.88, data load time: 0.00025, step time: 0.00738,
epoch: [11], step: [308/1581], batch loss: 0.60589, batch accuracy: 75.00, data load time: 0.00271, step time: 0.00737,
epoch: [11], step: [608/1581], batch loss: 0.58119, batch accuracy: 78.12, data load time: 0.00015, step time: 0.00737,
epoch: [11], step: [908/1581], batch loss: 0.74482, batch accuracy: 81.25, data load time: 0.00015, step time: 0.00734,
epoch: [11], step: [1208/1581], batch loss: 0.72081, batch accuracy: 68.75, data load time: 0.00194, step time: 0.00788,
epoch: [11], step: [1508/1581], batch loss: 0.58458, batch accuracy: 81.25, data load time: 0.00016, step time: 0.00736,
epoch: [12], step: [227/1581], batch loss: 0.71568, batch accuracy: 68.75, data load time: 0.00015, step time: 0.00737,
epoch: [12], step: [527/1581], batch loss: 0.58853, batch accuracy: 81.25, data load time: 0.00015, step time: 0.00735,
epoch: [12], step: [827/1581], batch loss: 0.54185, batch accuracy: 87.50, data load time: 0.00033, step time: 0.00736,
epoch: [12], step: [1127/1581], batch loss: 0.56956, batch accuracy: 71.88, data load time: 0.00015, step time: 0.00736,
epoch: [12], step: [1427/1581], batch loss: 0.36740, batch accuracy: 93.75, data load time: 0.00015, step time: 0.00736,
epoch: [13], step: [146/1581], batch loss: 0.46721, batch accuracy: 84.38, data load time: 0.00017, step time: 0.00734,
epoch: [13], step: [446/1581], batch loss: 0.56300, batch accuracy: 84.38, data load time: 0.00014, step time: 0.00737,
epoch: [13], step: [746/1581], batch loss: 0.46379, batch accuracy: 90.62, data load time: 0.00015, step time: 0.00736,
epoch: [13], step: [1046/1581], batch loss: 0.56793, batch accuracy: 81.25, data load time: 0.00015, step time: 0.00736,
epoch: [13], step: [1346/1581], batch loss: 0.41037, batch accuracy: 84.38, data load time: 0.00014, step time: 0.00737,
epoch: [14], step: [65/1581], batch loss: 0.73095, batch accuracy: 71.88, data load time: 0.00015, step time: 0.00735,
epoch: [14], step: [365/1581], batch loss: 0.50489, batch accuracy: 84.38, data load time: 0.00020, step time: 0.00814,
epoch: [14], step: [665/1581], batch loss: 0.58172, batch accuracy: 81.25, data load time: 0.00014, step time: 0.00736,
epoch: [14], step: [965/1581], batch loss: 0.45501, batch accuracy: 87.50, data load time: 0.00023, step time: 0.00736,
epoch: [14], step: [1265/1581], batch loss: 0.54529, batch accuracy: 84.38, data load time: 0.00015, step time: 0.00737,
epoch: [14], step: [1565/1581], batch loss: 0.54978, batch accuracy: 75.00, data load time: 0.00011, step time: 0.00734,
validation loss: 0.91160, accuracy: 70.62, class_accuracy: [54.23728813559322, 94.73684210526316, 78.63247863247864, 63.716814159292035, 71.1864406779661, 55.04587155963303, 100.0, 96.46017699115045, 53.06122448979592, 72.88135593220339]
class_avg: 73.9958492683376
epoch: [15], step: [284/1581], batch loss: 0.68124, batch accuracy: 78.12, data load time: 0.00202, step time: 0.00817,
epoch: [15], step: [584/1581], batch loss: 0.72278, batch accuracy: 75.00, data load time: 0.00016, step time: 0.00736,
epoch: [15], step: [884/1581], batch loss: 0.74359, batch accuracy: 75.00, data load time: 0.00014, step time: 0.00735,
epoch: [15], step: [1184/1581], batch loss: 0.54638, batch accuracy: 81.25, data load time: 0.00015, step time: 0.00737,
epoch: [15], step: [1484/1581], batch loss: 0.45517, batch accuracy: 93.75, data load time: 0.00014, step time: 0.00736,
epoch: [16], step: [203/1581], batch loss: 0.34430, batch accuracy: 93.75, data load time: 0.00015, step time: 0.00737,
epoch: [16], step: [503/1581], batch loss: 0.84411, batch accuracy: 62.50, data load time: 0.00015, step time: 0.00735,
epoch: [16], step: [803/1581], batch loss: 0.93248, batch accuracy: 84.38, data load time: 0.00015, step time: 0.00737,
epoch: [16], step: [1103/1581], batch loss: 0.44380, batch accuracy: 81.25, data load time: 0.00015, step time: 0.00736,
epoch: [16], step: [1403/1581], batch loss: 0.60495, batch accuracy: 78.12, data load time: 0.00023, step time: 0.00735,
epoch: [17], step: [122/1581], batch loss: 0.55463, batch accuracy: 78.12, data load time: 0.00017, step time: 0.00739,
epoch: [17], step: [422/1581], batch loss: 0.45140, batch accuracy: 87.50, data load time: 0.00014, step time: 0.00735,
epoch: [17], step: [722/1581], batch loss: 0.64325, batch accuracy: 78.12, data load time: 0.00015, step time: 0.01186,
epoch: [17], step: [1022/1581], batch loss: 0.54659, batch accuracy: 81.25, data load time: 0.00015, step time: 0.00739,
epoch: [17], step: [1322/1581], batch loss: 0.63089, batch accuracy: 78.12, data load time: 0.00643, step time: 0.00847,
epoch: [18], step: [41/1581], batch loss: 0.36590, batch accuracy: 87.50, data load time: 0.00013, step time: 0.00737,
epoch: [18], step: [341/1581], batch loss: 0.49719, batch accuracy: 84.38, data load time: 0.00349, step time: 0.00749,
epoch: [18], step: [641/1581], batch loss: 0.41082, batch accuracy: 84.38, data load time: 0.00274, step time: 0.00772,
epoch: [18], step: [941/1581], batch loss: 0.44926, batch accuracy: 87.50, data load time: 0.00015, step time: 0.00737,
epoch: [18], step: [1241/1581], batch loss: 0.38659, batch accuracy: 87.50, data load time: 0.00016, step time: 0.00735,
epoch: [18], step: [1541/1581], batch loss: 0.72464, batch accuracy: 75.00, data load time: 0.00012, step time: 0.00735,
epoch: [19], step: [260/1581], batch loss: 0.53368, batch accuracy: 81.25, data load time: 0.00015, step time: 0.00751,
epoch: [19], step: [560/1581], batch loss: 0.64038, batch accuracy: 81.25, data load time: 0.00015, step time: 0.00734,
epoch: [19], step: [860/1581], batch loss: 0.60403, batch accuracy: 84.38, data load time: 0.00319, step time: 0.00736,
epoch: [19], step: [1160/1581], batch loss: 0.42220, batch accuracy: 90.62, data load time: 0.00015, step time: 0.00736,
epoch: [19], step: [1460/1581], batch loss: 0.59073, batch accuracy: 78.12, data load time: 0.00015, step time: 0.00736,
validation loss: 0.95237, accuracy: 68.07, class_accuracy: [53.389830508474574, 94.73684210526316, 76.92307692307692, 64.60176991150442, 50.847457627118644, 61.46788990825688, 100.0, 93.80530973451327, 56.12244897959184, 67.79661016949153]
class_avg: 71.96912358672911
epoch: [20], step: [179/1581], batch loss: 0.45726, batch accuracy: 84.38, data load time: 0.00014, step time: 0.01590,
epoch: [20], step: [479/1581], batch loss: 0.37046, batch accuracy: 84.38, data load time: 0.00014, step time: 0.00923,
epoch: [20], step: [779/1581], batch loss: 0.39501, batch accuracy: 84.38, data load time: 0.00015, step time: 0.00735,
epoch: [20], step: [1079/1581], batch loss: 0.77305, batch accuracy: 81.25, data load time: 0.00020, step time: 0.00737,
epoch: [20], step: [1379/1581], batch loss: 0.35701, batch accuracy: 90.62, data load time: 0.00015, step time: 0.00737,
epoch: [21], step: [98/1581], batch loss: 0.34850, batch accuracy: 96.88, data load time: 0.00032, step time: 0.01005,
epoch: [21], step: [398/1581], batch loss: 0.40885, batch accuracy: 87.50, data load time: 0.00019, step time: 0.00736,
epoch: [21], step: [698/1581], batch loss: 0.62266, batch accuracy: 81.25, data load time: 0.00016, step time: 0.00737,
epoch: [21], step: [998/1581], batch loss: 0.67368, batch accuracy: 84.38, data load time: 0.00642, step time: 0.00824,
epoch: [21], step: [1298/1581], batch loss: 0.79332, batch accuracy: 62.50, data load time: 0.00015, step time: 0.00738,
epoch: [22], step: [17/1581], batch loss: 0.53949, batch accuracy: 81.25, data load time: 0.00015, step time: 0.00789,
epoch: [22], step: [317/1581], batch loss: 0.70380, batch accuracy: 75.00, data load time: 0.00014, step time: 0.00736,
epoch: [22], step: [617/1581], batch loss: 0.60440, batch accuracy: 84.38, data load time: 0.00222, step time: 0.00815,
epoch: [22], step: [917/1581], batch loss: 0.51330, batch accuracy: 87.50, data load time: 0.00014, step time: 0.00748,
epoch: [22], step: [1217/1581], batch loss: 0.45015, batch accuracy: 84.38, data load time: 0.00015, step time: 0.00735,
epoch: [22], step: [1517/1581], batch loss: 0.45028, batch accuracy: 78.12, data load time: 0.00015, step time: 0.00738,
epoch: [23], step: [236/1581], batch loss: 0.38247, batch accuracy: 84.38, data load time: 0.00732, step time: 0.00846,
epoch: [23], step: [536/1581], batch loss: 0.75830, batch accuracy: 75.00, data load time: 0.00021, step time: 0.00736,
epoch: [23], step: [836/1581], batch loss: 0.54954, batch accuracy: 75.00, data load time: 0.00015, step time: 0.00897,
epoch: [23], step: [1136/1581], batch loss: 0.65499, batch accuracy: 78.12, data load time: 0.00015, step time: 0.00742,
epoch: [23], step: [1436/1581], batch loss: 0.54586, batch accuracy: 84.38, data load time: 0.00015, step time: 0.00735,
epoch: [24], step: [155/1581], batch loss: 0.53428, batch accuracy: 78.12, data load time: 0.00015, step time: 0.01245,
epoch: [24], step: [455/1581], batch loss: 0.40668, batch accuracy: 90.62, data load time: 0.00014, step time: 0.00736,
epoch: [24], step: [755/1581], batch loss: 0.53406, batch accuracy: 75.00, data load time: 0.00022, step time: 0.00736,
epoch: [24], step: [1055/1581], batch loss: 0.45118, batch accuracy: 84.38, data load time: 0.00014, step time: 0.00736,
epoch: [24], step: [1355/1581], batch loss: 0.74794, batch accuracy: 78.12, data load time: 0.00201, step time: 0.00791,
validation loss: 0.90975, accuracy: 70.32, class_accuracy: [48.30508474576271, 94.73684210526316, 70.08547008547009, 72.56637168141593, 73.72881355932203, 58.71559633027523, 97.14285714285714, 93.80530973451327, 48.97959183673469, 77.11864406779661]
class_avg: 73.51845812894109
epoch: [25], step: [74/1581], batch loss: 0.30180, batch accuracy: 96.88, data load time: 0.00202, step time: 0.00842,
epoch: [25], step: [374/1581], batch loss: 0.73644, batch accuracy: 75.00, data load time: 0.00033, step time: 0.00736,
epoch: [25], step: [674/1581], batch loss: 0.43492, batch accuracy: 84.38, data load time: 0.00016, step time: 0.00750,
epoch: [25], step: [974/1581], batch loss: 0.87725, batch accuracy: 75.00, data load time: 0.00015, step time: 0.00737,
epoch: [25], step: [1274/1581], batch loss: 0.80340, batch accuracy: 75.00, data load time: 0.00014, step time: 0.00735,
epoch: [25], step: [1574/1581], batch loss: 0.42107, batch accuracy: 81.25, data load time: 0.00011, step time: 0.00735,
epoch: [26], step: [293/1581], batch loss: 0.55898, batch accuracy: 81.25, data load time: 0.00267, step time: 0.00821,
epoch: [26], step: [593/1581], batch loss: 0.35087, batch accuracy: 90.62, data load time: 0.00020, step time: 0.00736,
epoch: [26], step: [893/1581], batch loss: 0.37309, batch accuracy: 90.62, data load time: 0.00015, step time: 0.00736,
epoch: [26], step: [1193/1581], batch loss: 0.48149, batch accuracy: 84.38, data load time: 0.00019, step time: 0.00872,
epoch: [26], step: [1493/1581], batch loss: 0.26934, batch accuracy: 90.62, data load time: 0.00015, step time: 0.01016,
epoch: [27], step: [212/1581], batch loss: 0.44016, batch accuracy: 87.50, data load time: 0.00014, step time: 0.00736,
epoch: [27], step: [512/1581], batch loss: 0.43027, batch accuracy: 81.25, data load time: 0.00182, step time: 0.00736,
epoch: [27], step: [812/1581], batch loss: 0.50276, batch accuracy: 84.38, data load time: 0.00014, step time: 0.00736,
epoch: [27], step: [1112/1581], batch loss: 0.47913, batch accuracy: 81.25, data load time: 0.00015, step time: 0.00738,
epoch: [27], step: [1412/1581], batch loss: 0.56398, batch accuracy: 87.50, data load time: 0.00014, step time: 0.00737,
epoch: [28], step: [131/1581], batch loss: 0.63980, batch accuracy: 75.00, data load time: 0.00014, step time: 0.00736,
epoch: [28], step: [431/1581], batch loss: 0.74235, batch accuracy: 71.88, data load time: 0.00014, step time: 0.00736,
epoch: [28], step: [731/1581], batch loss: 0.68562, batch accuracy: 78.12, data load time: 0.00015, step time: 0.00737,
epoch: [28], step: [1031/1581], batch loss: 0.63690, batch accuracy: 75.00, data load time: 0.00014, step time: 0.00738,
epoch: [28], step: [1331/1581], batch loss: 0.36383, batch accuracy: 87.50, data load time: 0.00015, step time: 0.01908,
epoch: [29], step: [50/1581], batch loss: 0.61688, batch accuracy: 71.88, data load time: 0.00014, step time: 0.01002,
epoch: [29], step: [350/1581], batch loss: 0.53638, batch accuracy: 84.38, data load time: 0.00014, step time: 0.00736,
epoch: [29], step: [650/1581], batch loss: 0.43663, batch accuracy: 84.38, data load time: 0.00041, step time: 0.00979,
epoch: [29], step: [950/1581], batch loss: 0.37497, batch accuracy: 90.62, data load time: 0.00018, step time: 0.00741,
epoch: [29], step: [1250/1581], batch loss: 0.60812, batch accuracy: 81.25, data load time: 0.00188, step time: 0.00792,
epoch: [29], step: [1550/1581], batch loss: 0.36348, batch accuracy: 87.50, data load time: 0.00012, step time: 0.00734,
validation loss: 0.90800, accuracy: 71.44, class_accuracy: [51.69491525423729, 100.0, 79.48717948717949, 61.06194690265487, 79.66101694915254, 54.12844036697248, 97.14285714285714, 99.11504424778761, 52.04081632653061, 73.72881355932203]
class_avg: 74.80610302366941
epoch: [30], step: [269/1581], batch loss: 0.31705, batch accuracy: 90.62, data load time: 0.00014, step time: 0.00735,
epoch: [30], step: [569/1581], batch loss: 0.38367, batch accuracy: 87.50, data load time: 0.00015, step time: 0.00736,
epoch: [30], step: [869/1581], batch loss: 0.59605, batch accuracy: 75.00, data load time: 0.00016, step time: 0.00741,
epoch: [30], step: [1169/1581], batch loss: 0.40552, batch accuracy: 75.00, data load time: 0.00015, step time: 0.00735,
epoch: [30], step: [1469/1581], batch loss: 0.29566, batch accuracy: 93.75, data load time: 0.00015, step time: 0.00737,
epoch: [31], step: [188/1581], batch loss: 0.67163, batch accuracy: 81.25, data load time: 0.00015, step time: 0.00737,
epoch: [31], step: [488/1581], batch loss: 0.35554, batch accuracy: 87.50, data load time: 0.00020, step time: 0.00746,
epoch: [31], step: [788/1581], batch loss: 0.61789, batch accuracy: 84.38, data load time: 0.00551, step time: 0.00832,
epoch: [31], step: [1088/1581], batch loss: 0.22915, batch accuracy: 96.88, data load time: 0.00014, step time: 0.00738,
epoch: [31], step: [1388/1581], batch loss: 0.31838, batch accuracy: 90.62, data load time: 0.00014, step time: 0.00736,
epoch: [32], step: [107/1581], batch loss: 0.33563, batch accuracy: 90.62, data load time: 0.00257, step time: 0.00790,
epoch: [32], step: [407/1581], batch loss: 0.51644, batch accuracy: 87.50, data load time: 0.00217, step time: 0.00735,
epoch: [32], step: [707/1581], batch loss: 0.70719, batch accuracy: 65.62, data load time: 0.00015, step time: 0.00735,
epoch: [32], step: [1007/1581], batch loss: 0.56728, batch accuracy: 90.62, data load time: 0.00014, step time: 0.00734,
epoch: [32], step: [1307/1581], batch loss: 0.64116, batch accuracy: 81.25, data load time: 0.00014, step time: 0.00735,
epoch: [33], step: [26/1581], batch loss: 0.77710, batch accuracy: 71.88, data load time: 0.00235, step time: 0.00818,
epoch: [33], step: [326/1581], batch loss: 0.53078, batch accuracy: 78.12, data load time: 0.00014, step time: 0.00736,
epoch: [33], step: [626/1581], batch loss: 0.38299, batch accuracy: 84.38, data load time: 0.00015, step time: 0.00736,
epoch: [33], step: [926/1581], batch loss: 0.63588, batch accuracy: 75.00, data load time: 0.00015, step time: 0.00736,
epoch: [33], step: [1226/1581], batch loss: 0.38263, batch accuracy: 90.62, data load time: 0.00014, step time: 0.00736,
epoch: [33], step: [1526/1581], batch loss: 0.28173, batch accuracy: 93.75, data load time: 0.00012, step time: 0.00734,
epoch: [34], step: [245/1581], batch loss: 0.42417, batch accuracy: 81.25, data load time: 0.00014, step time: 0.00737,
epoch: [34], step: [545/1581], batch loss: 0.39798, batch accuracy: 81.25, data load time: 0.00238, step time: 0.01968,
epoch: [34], step: [845/1581], batch loss: 0.29255, batch accuracy: 90.62, data load time: 0.00185, step time: 0.00778,
epoch: [34], step: [1145/1581], batch loss: 0.37884, batch accuracy: 87.50, data load time: 0.00015, step time: 0.00734,
epoch: [34], step: [1445/1581], batch loss: 0.36447, batch accuracy: 87.50, data load time: 0.00186, step time: 0.00775,
validation loss: 0.88464, accuracy: 73.59, class_accuracy: [59.32203389830509, 100.0, 77.77777777777777, 59.29203539823009, 93.22033898305085, 55.96330275229358, 100.0, 96.46017699115045, 53.06122448979592, 72.88135593220339]
class_avg: 76.79782462228071
epoch: [35], step: [164/1581], batch loss: 0.46971, batch accuracy: 81.25, data load time: 0.00014, step time: 0.00736,
epoch: [35], step: [464/1581], batch loss: 0.35574, batch accuracy: 84.38, data load time: 0.00199, step time: 0.00844,
epoch: [35], step: [764/1581], batch loss: 0.77053, batch accuracy: 81.25, data load time: 0.00016, step time: 0.00747,
epoch: [35], step: [1064/1581], batch loss: 0.34099, batch accuracy: 93.75, data load time: 0.00204, step time: 0.00738,
epoch: [35], step: [1364/1581], batch loss: 0.37696, batch accuracy: 87.50, data load time: 0.00232, step time: 0.00760,
epoch: [36], step: [83/1581], batch loss: 0.38447, batch accuracy: 84.38, data load time: 0.00021, step time: 0.00735,
epoch: [36], step: [383/1581], batch loss: 0.45675, batch accuracy: 81.25, data load time: 0.00015, step time: 0.00740,
epoch: [36], step: [683/1581], batch loss: 0.54705, batch accuracy: 75.00, data load time: 0.00014, step time: 0.00736,
epoch: [36], step: [983/1581], batch loss: 0.30567, batch accuracy: 90.62, data load time: 0.00015, step time: 0.00734,
epoch: [36], step: [1283/1581], batch loss: 0.53434, batch accuracy: 84.38, data load time: 0.00014, step time: 0.00738,
epoch: [37], step: [2/1581], batch loss: 0.50637, batch accuracy: 84.38, data load time: 0.00018, step time: 0.01701,
epoch: [37], step: [302/1581], batch loss: 0.54153, batch accuracy: 87.50, data load time: 0.00014, step time: 0.00736,
epoch: [37], step: [602/1581], batch loss: 0.28721, batch accuracy: 93.75, data load time: 0.00335, step time: 0.00737,
epoch: [37], step: [902/1581], batch loss: 0.69395, batch accuracy: 84.38, data load time: 0.00024, step time: 0.00734,
epoch: [37], step: [1202/1581], batch loss: 0.44912, batch accuracy: 84.38, data load time: 0.00014, step time: 0.00736,
epoch: [37], step: [1502/1581], batch loss: 0.64671, batch accuracy: 78.12, data load time: 0.00015, step time: 0.00735,
epoch: [38], step: [221/1581], batch loss: 0.22062, batch accuracy: 100.00, data load time: 0.00017, step time: 0.00736,
epoch: [38], step: [521/1581], batch loss: 0.32824, batch accuracy: 90.62, data load time: 0.00014, step time: 0.00737,
epoch: [38], step: [821/1581], batch loss: 0.62986, batch accuracy: 90.62, data load time: 0.00016, step time: 0.00736,
epoch: [38], step: [1121/1581], batch loss: 0.69906, batch accuracy: 71.88, data load time: 0.00185, step time: 0.00779,
epoch: [38], step: [1421/1581], batch loss: 0.35560, batch accuracy: 87.50, data load time: 0.00014, step time: 0.01039,
epoch: [39], step: [140/1581], batch loss: 0.40990, batch accuracy: 75.00, data load time: 0.00208, step time: 0.00736,
epoch: [39], step: [440/1581], batch loss: 0.67739, batch accuracy: 75.00, data load time: 0.00017, step time: 0.00736,
epoch: [39], step: [740/1581], batch loss: 0.39027, batch accuracy: 84.38, data load time: 0.00197, step time: 0.00780,
epoch: [39], step: [1040/1581], batch loss: 0.47106, batch accuracy: 84.38, data load time: 0.00015, step time: 0.00736,
epoch: [39], step: [1340/1581], batch loss: 0.61179, batch accuracy: 75.00, data load time: 0.00015, step time: 0.00736,
validation loss: 0.84092, accuracy: 71.65, class_accuracy: [51.69491525423729, 100.0, 76.92307692307692, 67.2566371681416, 69.49152542372882, 58.71559633027523, 100.0, 96.46017699115045, 54.08163265306123, 77.96610169491525]
class_avg: 75.25896624385867
epoch: [40], step: [59/1581], batch loss: 0.57884, batch accuracy: 78.12, data load time: 0.00014, step time: 0.00735,
epoch: [40], step: [359/1581], batch loss: 0.30724, batch accuracy: 93.75, data load time: 0.00015, step time: 0.00735,
epoch: [40], step: [659/1581], batch loss: 0.39382, batch accuracy: 87.50, data load time: 0.00187, step time: 0.00737,
epoch: [40], step: [959/1581], batch loss: 0.67045, batch accuracy: 75.00, data load time: 0.00015, step time: 0.00736,
epoch: [40], step: [1259/1581], batch loss: 0.51849, batch accuracy: 78.12, data load time: 0.00015, step time: 0.00735,
epoch: [40], step: [1559/1581], batch loss: 0.29908, batch accuracy: 90.62, data load time: 0.00012, step time: 0.00737,
epoch: [41], step: [278/1581], batch loss: 0.62417, batch accuracy: 81.25, data load time: 0.00015, step time: 0.00737,
epoch: [41], step: [578/1581], batch loss: 0.31934, batch accuracy: 93.75, data load time: 0.00014, step time: 0.00735,
epoch: [41], step: [878/1581], batch loss: 0.53097, batch accuracy: 84.38, data load time: 0.00016, step time: 0.00737,
epoch: [41], step: [1178/1581], batch loss: 0.74446, batch accuracy: 68.75, data load time: 0.00014, step time: 0.00735,
epoch: [41], step: [1478/1581], batch loss: 0.32062, batch accuracy: 87.50, data load time: 0.00015, step time: 0.00738,
epoch: [42], step: [197/1581], batch loss: 0.46395, batch accuracy: 87.50, data load time: 0.00244, step time: 0.00817,
epoch: [42], step: [497/1581], batch loss: 0.51797, batch accuracy: 87.50, data load time: 0.00016, step time: 0.00736,
epoch: [42], step: [797/1581], batch loss: 0.64319, batch accuracy: 84.38, data load time: 0.00204, step time: 0.00736,
epoch: [42], step: [1097/1581], batch loss: 0.75654, batch accuracy: 81.25, data load time: 0.00015, step time: 0.00737,
epoch: [42], step: [1397/1581], batch loss: 0.53830, batch accuracy: 78.12, data load time: 0.00212, step time: 0.00787,
epoch: [43], step: [116/1581], batch loss: 0.37243, batch accuracy: 93.75, data load time: 0.00015, step time: 0.00745,
epoch: [43], step: [416/1581], batch loss: 0.71291, batch accuracy: 75.00, data load time: 0.00018, step time: 0.00738,
epoch: [43], step: [716/1581], batch loss: 0.62669, batch accuracy: 81.25, data load time: 0.00014, step time: 0.00735,
epoch: [43], step: [1016/1581], batch loss: 0.29714, batch accuracy: 93.75, data load time: 0.00015, step time: 0.00736,
epoch: [43], step: [1316/1581], batch loss: 0.37923, batch accuracy: 90.62, data load time: 0.00015, step time: 0.00735,
epoch: [44], step: [35/1581], batch loss: 0.70911, batch accuracy: 81.25, data load time: 0.00013, step time: 0.01560,
epoch: [44], step: [335/1581], batch loss: 0.45458, batch accuracy: 81.25, data load time: 0.00015, step time: 0.00736,
epoch: [44], step: [635/1581], batch loss: 0.25835, batch accuracy: 90.62, data load time: 0.00014, step time: 0.00736,
epoch: [44], step: [935/1581], batch loss: 0.77922, batch accuracy: 75.00, data load time: 0.00196, step time: 0.00735,
epoch: [44], step: [1235/1581], batch loss: 0.72562, batch accuracy: 71.88, data load time: 0.00015, step time: 0.00735,
epoch: [44], step: [1535/1581], batch loss: 0.40088, batch accuracy: 90.62, data load time: 0.00012, step time: 0.00736,
validation loss: 0.89471, accuracy: 71.65, class_accuracy: [46.610169491525426, 92.10526315789474, 82.05128205128206, 69.02654867256638, 66.94915254237289, 55.04587155963303, 100.0, 99.11504424778761, 59.183673469387756, 77.96610169491525]
class_avg: 74.80531068873651
epoch: [45], step: [254/1581], batch loss: 0.40685, batch accuracy: 78.12, data load time: 0.00016, step time: 0.01175,
epoch: [45], step: [554/1581], batch loss: 0.36758, batch accuracy: 90.62, data load time: 0.00207, step time: 0.00736,
epoch: [45], step: [854/1581], batch loss: 0.46555, batch accuracy: 84.38, data load time: 0.00015, step time: 0.01177,
epoch: [45], step: [1154/1581], batch loss: 0.18905, batch accuracy: 96.88, data load time: 0.00015, step time: 0.00736,
epoch: [45], step: [1454/1581], batch loss: 0.62651, batch accuracy: 90.62, data load time: 0.00016, step time: 0.01183,
epoch: [46], step: [173/1581], batch loss: 0.49786, batch accuracy: 87.50, data load time: 0.00015, step time: 0.00737,
epoch: [46], step: [473/1581], batch loss: 0.34585, batch accuracy: 87.50, data load time: 0.00217, step time: 0.00847,
epoch: [46], step: [773/1581], batch loss: 0.55900, batch accuracy: 87.50, data load time: 0.00020, step time: 0.00736,
epoch: [46], step: [1073/1581], batch loss: 0.82267, batch accuracy: 65.62, data load time: 0.00014, step time: 0.00736,
epoch: [46], step: [1373/1581], batch loss: 0.35949, batch accuracy: 87.50, data load time: 0.00014, step time: 0.00734,
epoch: [47], step: [92/1581], batch loss: 0.34953, batch accuracy: 87.50, data load time: 0.00015, step time: 0.00960,
epoch: [47], step: [392/1581], batch loss: 0.44764, batch accuracy: 84.38, data load time: 0.00016, step time: 0.00737,
epoch: [47], step: [692/1581], batch loss: 0.62849, batch accuracy: 78.12, data load time: 0.00018, step time: 0.00755,
epoch: [47], step: [992/1581], batch loss: 0.49402, batch accuracy: 87.50, data load time: 0.00018, step time: 0.00740,
epoch: [47], step: [1292/1581], batch loss: 0.41459, batch accuracy: 93.75, data load time: 0.00015, step time: 0.00736,
epoch: [48], step: [11/1581], batch loss: 0.35904, batch accuracy: 90.62, data load time: 0.00013, step time: 0.00736,
epoch: [48], step: [311/1581], batch loss: 0.28034, batch accuracy: 93.75, data load time: 0.00015, step time: 0.01007,
epoch: [48], step: [611/1581], batch loss: 0.50760, batch accuracy: 75.00, data load time: 0.00015, step time: 0.00735,
epoch: [48], step: [911/1581], batch loss: 0.26341, batch accuracy: 93.75, data load time: 0.00239, step time: 0.00737,
epoch: [48], step: [1211/1581], batch loss: 0.48901, batch accuracy: 81.25, data load time: 0.00183, step time: 0.00735,
epoch: [48], step: [1511/1581], batch loss: 0.30605, batch accuracy: 87.50, data load time: 0.00015, step time: 0.00735,
epoch: [49], step: [230/1581], batch loss: 0.38847, batch accuracy: 87.50, data load time: 0.00014, step time: 0.00932,
epoch: [49], step: [530/1581], batch loss: 0.64617, batch accuracy: 75.00, data load time: 0.00246, step time: 0.00759,
epoch: [49], step: [830/1581], batch loss: 0.33805, batch accuracy: 84.38, data load time: 0.00015, step time: 0.00736,
epoch: [49], step: [1130/1581], batch loss: 0.43858, batch accuracy: 87.50, data load time: 0.00015, step time: 0.00737,
epoch: [49], step: [1430/1581], batch loss: 0.37861, batch accuracy: 93.75, data load time: 0.00015, step time: 0.00737,
validation loss: 0.85800, accuracy: 71.34, class_accuracy: [48.30508474576271, 94.73684210526316, 58.97435897435897, 69.02654867256638, 73.72881355932203, 55.96330275229358, 100.0, 98.23008849557522, 61.224489795918366, 87.28813559322033]
class_avg: 74.74776646942807
Total time taken: 775.0183157920837
