Using CUDA...
Writing logs to logs/CNN_bn_epochs=50_dropout=0.5_bs=32_optim=SGD_decay=0.01_lr=0.001_momentum=0.9_mode=LMC_run_3
epoch: [0], step: [299/1581], batch loss: 1.97034, batch accuracy: 28.12, data load time: 0.00024, step time: 0.00885,
epoch: [0], step: [599/1581], batch loss: 1.81670, batch accuracy: 28.12, data load time: 0.00024, step time: 0.00837,
epoch: [0], step: [899/1581], batch loss: 1.74113, batch accuracy: 34.38, data load time: 0.00021, step time: 0.00832,
epoch: [0], step: [1199/1581], batch loss: 1.37404, batch accuracy: 40.62, data load time: 0.00301, step time: 0.00867,
epoch: [0], step: [1499/1581], batch loss: 1.35097, batch accuracy: 50.00, data load time: 0.00023, step time: 0.00832,
epoch: [1], step: [218/1581], batch loss: 1.83577, batch accuracy: 37.50, data load time: 0.00025, step time: 0.00834,
epoch: [1], step: [518/1581], batch loss: 0.97488, batch accuracy: 59.38, data load time: 0.00023, step time: 0.00819,
epoch: [1], step: [818/1581], batch loss: 1.17382, batch accuracy: 43.75, data load time: 0.00179, step time: 0.00839,
epoch: [1], step: [1118/1581], batch loss: 0.66195, batch accuracy: 81.25, data load time: 0.00025, step time: 0.00824,
epoch: [1], step: [1418/1581], batch loss: 1.03857, batch accuracy: 62.50, data load time: 0.00023, step time: 0.00827,
epoch: [2], step: [137/1581], batch loss: 0.87773, batch accuracy: 62.50, data load time: 0.00025, step time: 0.00862,
epoch: [2], step: [437/1581], batch loss: 1.28855, batch accuracy: 62.50, data load time: 0.00029, step time: 0.00878,
epoch: [2], step: [737/1581], batch loss: 0.77096, batch accuracy: 78.12, data load time: 0.00027, step time: 0.00840,
epoch: [2], step: [1037/1581], batch loss: 1.07620, batch accuracy: 59.38, data load time: 0.00368, step time: 0.00989,
epoch: [2], step: [1337/1581], batch loss: 0.69212, batch accuracy: 71.88, data load time: 0.00024, step time: 0.01093,
epoch: [3], step: [56/1581], batch loss: 1.06268, batch accuracy: 53.12, data load time: 0.00023, step time: 0.01062,
epoch: [3], step: [356/1581], batch loss: 1.46300, batch accuracy: 46.88, data load time: 0.00382, step time: 0.01738,
epoch: [3], step: [656/1581], batch loss: 0.76721, batch accuracy: 78.12, data load time: 0.01098, step time: 0.01443,
epoch: [3], step: [956/1581], batch loss: 0.99191, batch accuracy: 56.25, data load time: 0.00227, step time: 0.01391,
epoch: [3], step: [1256/1581], batch loss: 0.95783, batch accuracy: 68.75, data load time: 0.00260, step time: 0.01067,
epoch: [3], step: [1556/1581], batch loss: 0.78405, batch accuracy: 68.75, data load time: 0.00019, step time: 0.01179,
epoch: [4], step: [275/1581], batch loss: 0.69017, batch accuracy: 65.62, data load time: 0.00826, step time: 0.01282,
epoch: [4], step: [575/1581], batch loss: 1.24163, batch accuracy: 68.75, data load time: 0.00350, step time: 0.00849,
epoch: [4], step: [875/1581], batch loss: 0.79853, batch accuracy: 59.38, data load time: 0.00178, step time: 0.01094,
epoch: [4], step: [1175/1581], batch loss: 1.14855, batch accuracy: 62.50, data load time: 0.00021, step time: 0.01448,
epoch: [4], step: [1475/1581], batch loss: 0.85262, batch accuracy: 65.62, data load time: 0.00020, step time: 0.01425,
validation loss: 1.04639, accuracy: 64.48, class_accuracy: [82.20338983050847, 92.10526315789474, 61.53846153846154, 63.716814159292035, 72.03389830508475, 56.88073394495413, 100.0, 74.33628318584071, 51.02040816326531, 32.20338983050848]
class_avg: 68.60386421158101
epoch: [5], step: [194/1581], batch loss: 1.00581, batch accuracy: 68.75, data load time: 0.00763, step time: 0.01039,
epoch: [5], step: [494/1581], batch loss: 0.85124, batch accuracy: 71.88, data load time: 0.00271, step time: 0.01040,
epoch: [5], step: [794/1581], batch loss: 0.82583, batch accuracy: 65.62, data load time: 0.00442, step time: 0.01033,
epoch: [5], step: [1094/1581], batch loss: 0.81980, batch accuracy: 62.50, data load time: 0.00022, step time: 0.01457,
epoch: [5], step: [1394/1581], batch loss: 0.58552, batch accuracy: 78.12, data load time: 0.00210, step time: 0.01070,
epoch: [6], step: [113/1581], batch loss: 0.76523, batch accuracy: 81.25, data load time: 0.00020, step time: 0.01095,
epoch: [6], step: [413/1581], batch loss: 0.85387, batch accuracy: 65.62, data load time: 0.00763, step time: 0.01055,
epoch: [6], step: [713/1581], batch loss: 0.67085, batch accuracy: 78.12, data load time: 0.00023, step time: 0.01309,
epoch: [6], step: [1013/1581], batch loss: 0.68174, batch accuracy: 68.75, data load time: 0.00052, step time: 0.01190,
epoch: [6], step: [1313/1581], batch loss: 0.39921, batch accuracy: 87.50, data load time: 0.00422, step time: 0.00895,
epoch: [7], step: [32/1581], batch loss: 0.61509, batch accuracy: 87.50, data load time: 0.00294, step time: 0.00980,
epoch: [7], step: [332/1581], batch loss: 0.52279, batch accuracy: 81.25, data load time: 0.00261, step time: 0.01101,
epoch: [7], step: [632/1581], batch loss: 0.70811, batch accuracy: 81.25, data load time: 0.00178, step time: 0.01060,
epoch: [7], step: [932/1581], batch loss: 0.75964, batch accuracy: 59.38, data load time: 0.00022, step time: 0.01280,
epoch: [7], step: [1232/1581], batch loss: 0.71135, batch accuracy: 71.88, data load time: 0.00711, step time: 0.01101,
epoch: [7], step: [1532/1581], batch loss: 0.83842, batch accuracy: 75.00, data load time: 0.00017, step time: 0.01468,
epoch: [8], step: [251/1581], batch loss: 0.37500, batch accuracy: 93.75, data load time: 0.00268, step time: 0.01064,
epoch: [8], step: [551/1581], batch loss: 0.46155, batch accuracy: 87.50, data load time: 0.00768, step time: 0.01086,
epoch: [8], step: [851/1581], batch loss: 0.87088, batch accuracy: 71.88, data load time: 0.00021, step time: 0.01391,
epoch: [8], step: [1151/1581], batch loss: 0.61605, batch accuracy: 78.12, data load time: 0.00022, step time: 0.01299,
epoch: [8], step: [1451/1581], batch loss: 0.81991, batch accuracy: 81.25, data load time: 0.00020, step time: 0.01415,
epoch: [9], step: [170/1581], batch loss: 0.53827, batch accuracy: 84.38, data load time: 0.00421, step time: 0.01911,
epoch: [9], step: [470/1581], batch loss: 1.00949, batch accuracy: 68.75, data load time: 0.00024, step time: 0.01484,
epoch: [9], step: [770/1581], batch loss: 0.43677, batch accuracy: 90.62, data load time: 0.00022, step time: 0.01171,
epoch: [9], step: [1070/1581], batch loss: 0.55718, batch accuracy: 87.50, data load time: 0.00025, step time: 0.00852,
epoch: [9], step: [1370/1581], batch loss: 0.73543, batch accuracy: 75.00, data load time: 0.00278, step time: 0.01045,
validation loss: 0.94048, accuracy: 70.21, class_accuracy: [66.10169491525424, 89.47368421052632, 71.7948717948718, 63.716814159292035, 76.27118644067797, 58.71559633027523, 100.0, 93.80530973451327, 53.06122448979592, 60.16949152542373]
class_avg: 73.31098736006305
epoch: [10], step: [89/1581], batch loss: 0.58697, batch accuracy: 81.25, data load time: 0.00295, step time: 0.01119,
epoch: [10], step: [389/1581], batch loss: 0.76263, batch accuracy: 78.12, data load time: 0.00306, step time: 0.00992,
epoch: [10], step: [689/1581], batch loss: 0.48593, batch accuracy: 75.00, data load time: 0.00021, step time: 0.01214,
epoch: [10], step: [989/1581], batch loss: 0.88442, batch accuracy: 71.88, data load time: 0.00983, step time: 0.00828,
epoch: [10], step: [1289/1581], batch loss: 0.67872, batch accuracy: 71.88, data load time: 0.00390, step time: 0.00971,
epoch: [11], step: [8/1581], batch loss: 0.66907, batch accuracy: 81.25, data load time: 0.00159, step time: 0.01290,
epoch: [11], step: [308/1581], batch loss: 0.70775, batch accuracy: 75.00, data load time: 0.00037, step time: 0.00839,
epoch: [11], step: [608/1581], batch loss: 0.44265, batch accuracy: 90.62, data load time: 0.00305, step time: 0.00972,
epoch: [11], step: [908/1581], batch loss: 0.70610, batch accuracy: 71.88, data load time: 0.00244, step time: 0.00792,
epoch: [11], step: [1208/1581], batch loss: 0.82414, batch accuracy: 59.38, data load time: 0.00019, step time: 0.00933,
epoch: [11], step: [1508/1581], batch loss: 0.66723, batch accuracy: 81.25, data load time: 0.01150, step time: 0.00788,
epoch: [12], step: [227/1581], batch loss: 0.56350, batch accuracy: 90.62, data load time: 0.00022, step time: 0.01465,
epoch: [12], step: [527/1581], batch loss: 0.61321, batch accuracy: 71.88, data load time: 0.00026, step time: 0.01095,
epoch: [12], step: [827/1581], batch loss: 0.74441, batch accuracy: 78.12, data load time: 0.00023, step time: 0.01519,
epoch: [12], step: [1127/1581], batch loss: 0.91119, batch accuracy: 75.00, data load time: 0.00021, step time: 0.01001,
epoch: [12], step: [1427/1581], batch loss: 0.47872, batch accuracy: 78.12, data load time: 0.00020, step time: 0.00955,
epoch: [13], step: [146/1581], batch loss: 0.75693, batch accuracy: 81.25, data load time: 0.00021, step time: 0.01056,
epoch: [13], step: [446/1581], batch loss: 0.65399, batch accuracy: 75.00, data load time: 0.00441, step time: 0.01625,
epoch: [13], step: [746/1581], batch loss: 0.42215, batch accuracy: 93.75, data load time: 0.00304, step time: 0.01001,
epoch: [13], step: [1046/1581], batch loss: 0.42284, batch accuracy: 87.50, data load time: 0.00481, step time: 0.01096,
epoch: [13], step: [1346/1581], batch loss: 0.93762, batch accuracy: 65.62, data load time: 0.00022, step time: 0.01042,
epoch: [14], step: [65/1581], batch loss: 0.87645, batch accuracy: 68.75, data load time: 0.00363, step time: 0.00990,
epoch: [14], step: [365/1581], batch loss: 0.60466, batch accuracy: 81.25, data load time: 0.00431, step time: 0.01078,
epoch: [14], step: [665/1581], batch loss: 0.63789, batch accuracy: 78.12, data load time: 0.00022, step time: 0.01383,
epoch: [14], step: [965/1581], batch loss: 0.77390, batch accuracy: 71.88, data load time: 0.00776, step time: 0.01094,
epoch: [14], step: [1265/1581], batch loss: 0.69552, batch accuracy: 75.00, data load time: 0.00437, step time: 0.01628,
epoch: [14], step: [1565/1581], batch loss: 0.53045, batch accuracy: 84.38, data load time: 0.00019, step time: 0.00827,
validation loss: 0.92970, accuracy: 68.88, class_accuracy: [49.152542372881356, 94.73684210526316, 80.34188034188034, 56.63716814159292, 73.72881355932203, 56.88073394495413, 100.0, 91.15044247787611, 55.10204081632653, 67.79661016949153]
class_avg: 72.55270739295881
epoch: [15], step: [284/1581], batch loss: 0.82265, batch accuracy: 65.62, data load time: 0.00653, step time: 0.01148,
epoch: [15], step: [584/1581], batch loss: 0.56567, batch accuracy: 81.25, data load time: 0.00248, step time: 0.01047,
epoch: [15], step: [884/1581], batch loss: 0.53155, batch accuracy: 87.50, data load time: 0.00021, step time: 0.01449,
epoch: [15], step: [1184/1581], batch loss: 0.80282, batch accuracy: 62.50, data load time: 0.00021, step time: 0.01800,
epoch: [15], step: [1484/1581], batch loss: 0.45984, batch accuracy: 75.00, data load time: 0.00022, step time: 0.01454,
epoch: [16], step: [203/1581], batch loss: 0.41037, batch accuracy: 90.62, data load time: 0.00683, step time: 0.01028,
epoch: [16], step: [503/1581], batch loss: 0.66561, batch accuracy: 78.12, data load time: 0.00022, step time: 0.01817,
epoch: [16], step: [803/1581], batch loss: 0.71810, batch accuracy: 78.12, data load time: 0.00419, step time: 0.00900,
epoch: [16], step: [1103/1581], batch loss: 0.56730, batch accuracy: 78.12, data load time: 0.00023, step time: 0.01472,
epoch: [16], step: [1403/1581], batch loss: 0.48663, batch accuracy: 81.25, data load time: 0.00021, step time: 0.01268,
epoch: [17], step: [122/1581], batch loss: 0.37082, batch accuracy: 78.12, data load time: 0.00050, step time: 0.01129,
epoch: [17], step: [422/1581], batch loss: 0.50119, batch accuracy: 87.50, data load time: 0.00427, step time: 0.01054,
epoch: [17], step: [722/1581], batch loss: 0.43509, batch accuracy: 78.12, data load time: 0.00701, step time: 0.01250,
epoch: [17], step: [1022/1581], batch loss: 0.35129, batch accuracy: 96.88, data load time: 0.00023, step time: 0.01275,
epoch: [17], step: [1322/1581], batch loss: 0.49075, batch accuracy: 81.25, data load time: 0.00022, step time: 0.01671,
epoch: [18], step: [41/1581], batch loss: 0.32229, batch accuracy: 90.62, data load time: 0.00018, step time: 0.01410,
epoch: [18], step: [341/1581], batch loss: 0.52061, batch accuracy: 84.38, data load time: 0.00021, step time: 0.01443,
epoch: [18], step: [641/1581], batch loss: 0.64747, batch accuracy: 75.00, data load time: 0.00022, step time: 0.01436,
epoch: [18], step: [941/1581], batch loss: 0.68061, batch accuracy: 71.88, data load time: 0.00704, step time: 0.01935,
epoch: [18], step: [1241/1581], batch loss: 0.44249, batch accuracy: 93.75, data load time: 0.00034, step time: 0.01500,
epoch: [18], step: [1541/1581], batch loss: 0.39750, batch accuracy: 90.62, data load time: 0.00018, step time: 0.01280,
epoch: [19], step: [260/1581], batch loss: 0.76992, batch accuracy: 87.50, data load time: 0.00445, step time: 0.01029,
epoch: [19], step: [560/1581], batch loss: 0.62806, batch accuracy: 84.38, data load time: 0.00020, step time: 0.01427,
epoch: [19], step: [860/1581], batch loss: 0.56903, batch accuracy: 78.12, data load time: 0.00020, step time: 0.01216,
epoch: [19], step: [1160/1581], batch loss: 0.34267, batch accuracy: 90.62, data load time: 0.00022, step time: 0.01438,
epoch: [19], step: [1460/1581], batch loss: 0.40141, batch accuracy: 87.50, data load time: 0.00022, step time: 0.01854,
validation loss: 0.82605, accuracy: 71.24, class_accuracy: [53.389830508474574, 94.73684210526316, 75.21367521367522, 60.176991150442475, 69.49152542372882, 56.88073394495413, 100.0, 92.03539823008849, 64.28571428571429, 80.50847457627118]
class_avg: 74.67191854386124
epoch: [20], step: [179/1581], batch loss: 0.88619, batch accuracy: 71.88, data load time: 0.00455, step time: 0.01009,
epoch: [20], step: [479/1581], batch loss: 0.78449, batch accuracy: 75.00, data load time: 0.00776, step time: 0.01350,
epoch: [20], step: [779/1581], batch loss: 0.50618, batch accuracy: 87.50, data load time: 0.00576, step time: 0.01146,
epoch: [20], step: [1079/1581], batch loss: 0.51605, batch accuracy: 75.00, data load time: 0.00349, step time: 0.00919,
epoch: [20], step: [1379/1581], batch loss: 0.60120, batch accuracy: 71.88, data load time: 0.00028, step time: 0.01245,
epoch: [21], step: [98/1581], batch loss: 0.51656, batch accuracy: 84.38, data load time: 0.00297, step time: 0.01023,
epoch: [21], step: [398/1581], batch loss: 0.52727, batch accuracy: 84.38, data load time: 0.00020, step time: 0.01501,
epoch: [21], step: [698/1581], batch loss: 0.43320, batch accuracy: 90.62, data load time: 0.02001, step time: 0.01303,
epoch: [21], step: [998/1581], batch loss: 0.46852, batch accuracy: 87.50, data load time: 0.00020, step time: 0.01253,
epoch: [21], step: [1298/1581], batch loss: 0.66570, batch accuracy: 81.25, data load time: 0.00020, step time: 0.01259,
epoch: [22], step: [17/1581], batch loss: 0.41973, batch accuracy: 87.50, data load time: 0.00020, step time: 0.01732,
epoch: [22], step: [317/1581], batch loss: 0.44874, batch accuracy: 84.38, data load time: 0.00023, step time: 0.01644,
epoch: [22], step: [617/1581], batch loss: 0.62163, batch accuracy: 71.88, data load time: 0.00241, step time: 0.01074,
epoch: [22], step: [917/1581], batch loss: 0.39242, batch accuracy: 84.38, data load time: 0.00022, step time: 0.01094,
epoch: [22], step: [1217/1581], batch loss: 0.34567, batch accuracy: 87.50, data load time: 0.00676, step time: 0.00970,
epoch: [22], step: [1517/1581], batch loss: 0.59282, batch accuracy: 78.12, data load time: 0.00751, step time: 0.01018,
epoch: [23], step: [236/1581], batch loss: 0.51771, batch accuracy: 84.38, data load time: 0.00024, step time: 0.01281,
epoch: [23], step: [536/1581], batch loss: 0.87700, batch accuracy: 78.12, data load time: 0.00021, step time: 0.01182,
epoch: [23], step: [836/1581], batch loss: 0.42520, batch accuracy: 84.38, data load time: 0.00713, step time: 0.01088,
epoch: [23], step: [1136/1581], batch loss: 0.32907, batch accuracy: 96.88, data load time: 0.00458, step time: 0.01032,
epoch: [23], step: [1436/1581], batch loss: 0.47486, batch accuracy: 81.25, data load time: 0.00021, step time: 0.01436,
epoch: [24], step: [155/1581], batch loss: 0.75804, batch accuracy: 75.00, data load time: 0.00021, step time: 0.01497,
epoch: [24], step: [455/1581], batch loss: 0.45201, batch accuracy: 84.38, data load time: 0.00449, step time: 0.01029,
epoch: [24], step: [755/1581], batch loss: 0.42649, batch accuracy: 87.50, data load time: 0.00023, step time: 0.01227,
epoch: [24], step: [1055/1581], batch loss: 0.45845, batch accuracy: 84.38, data load time: 0.00021, step time: 0.01931,
epoch: [24], step: [1355/1581], batch loss: 0.58507, batch accuracy: 87.50, data load time: 0.00020, step time: 0.01675,
validation loss: 0.90396, accuracy: 70.62, class_accuracy: [59.32203389830509, 89.47368421052632, 66.66666666666667, 63.716814159292035, 67.79661016949153, 56.88073394495413, 100.0, 96.46017699115045, 54.08163265306123, 82.20338983050847]
class_avg: 73.66017425239559
epoch: [25], step: [74/1581], batch loss: 0.53429, batch accuracy: 81.25, data load time: 0.00590, step time: 0.01029,
epoch: [25], step: [374/1581], batch loss: 0.40016, batch accuracy: 84.38, data load time: 0.00516, step time: 0.01042,
epoch: [25], step: [674/1581], batch loss: 0.76634, batch accuracy: 75.00, data load time: 0.00870, step time: 0.01883,
epoch: [25], step: [974/1581], batch loss: 0.29986, batch accuracy: 100.00, data load time: 0.00765, step time: 0.01073,
epoch: [25], step: [1274/1581], batch loss: 0.60509, batch accuracy: 75.00, data load time: 0.00723, step time: 0.01204,
epoch: [25], step: [1574/1581], batch loss: 0.36334, batch accuracy: 93.75, data load time: 0.00018, step time: 0.00976,
epoch: [26], step: [293/1581], batch loss: 0.47109, batch accuracy: 84.38, data load time: 0.00230, step time: 0.01042,
epoch: [26], step: [593/1581], batch loss: 0.78798, batch accuracy: 68.75, data load time: 0.00275, step time: 0.01086,
epoch: [26], step: [893/1581], batch loss: 0.37236, batch accuracy: 93.75, data load time: 0.00715, step time: 0.01042,
epoch: [26], step: [1193/1581], batch loss: 0.62525, batch accuracy: 71.88, data load time: 0.00361, step time: 0.01366,
epoch: [26], step: [1493/1581], batch loss: 0.35961, batch accuracy: 87.50, data load time: 0.01076, step time: 0.00802,
epoch: [27], step: [212/1581], batch loss: 0.38849, batch accuracy: 84.38, data load time: 0.00020, step time: 0.00854,
epoch: [27], step: [512/1581], batch loss: 0.62669, batch accuracy: 87.50, data load time: 0.00022, step time: 0.01385,
epoch: [27], step: [812/1581], batch loss: 0.36818, batch accuracy: 84.38, data load time: 0.00020, step time: 0.01432,
epoch: [27], step: [1112/1581], batch loss: 0.52504, batch accuracy: 84.38, data load time: 0.00022, step time: 0.01464,
epoch: [27], step: [1412/1581], batch loss: 0.44702, batch accuracy: 87.50, data load time: 0.00020, step time: 0.01195,
epoch: [28], step: [131/1581], batch loss: 0.59514, batch accuracy: 75.00, data load time: 0.00256, step time: 0.01008,
epoch: [28], step: [431/1581], batch loss: 0.50830, batch accuracy: 84.38, data load time: 0.00023, step time: 0.01283,
epoch: [28], step: [731/1581], batch loss: 0.50557, batch accuracy: 78.12, data load time: 0.00478, step time: 0.01087,
epoch: [28], step: [1031/1581], batch loss: 0.50719, batch accuracy: 75.00, data load time: 0.00399, step time: 0.01051,
epoch: [28], step: [1331/1581], batch loss: 0.69793, batch accuracy: 84.38, data load time: 0.00491, step time: 0.01086,
epoch: [29], step: [50/1581], batch loss: 0.46266, batch accuracy: 78.12, data load time: 0.00211, step time: 0.01019,
epoch: [29], step: [350/1581], batch loss: 0.28602, batch accuracy: 96.88, data load time: 0.00215, step time: 0.01056,
epoch: [29], step: [650/1581], batch loss: 0.49260, batch accuracy: 84.38, data load time: 0.00026, step time: 0.00867,
epoch: [29], step: [950/1581], batch loss: 0.46331, batch accuracy: 87.50, data load time: 0.00973, step time: 0.01279,
epoch: [29], step: [1250/1581], batch loss: 0.53132, batch accuracy: 81.25, data load time: 0.00196, step time: 0.01056,
epoch: [29], step: [1550/1581], batch loss: 0.33344, batch accuracy: 84.38, data load time: 0.00019, step time: 0.00851,
validation loss: 0.87907, accuracy: 69.29, class_accuracy: [52.54237288135593, 89.47368421052632, 70.08547008547009, 69.91150442477876, 62.71186440677966, 55.96330275229358, 100.0, 92.92035398230088, 57.142857142857146, 75.42372881355932]
class_avg: 72.61751386999217
epoch: [30], step: [269/1581], batch loss: 0.30997, batch accuracy: 84.38, data load time: 0.00266, step time: 0.01052,
epoch: [30], step: [569/1581], batch loss: 0.45062, batch accuracy: 87.50, data load time: 0.00439, step time: 0.01063,
epoch: [30], step: [869/1581], batch loss: 0.35843, batch accuracy: 90.62, data load time: 0.00532, step time: 0.00973,
epoch: [30], step: [1169/1581], batch loss: 0.45684, batch accuracy: 90.62, data load time: 0.00763, step time: 0.01040,
epoch: [30], step: [1469/1581], batch loss: 0.45114, batch accuracy: 87.50, data load time: 0.00257, step time: 0.01072,
epoch: [31], step: [188/1581], batch loss: 0.39006, batch accuracy: 93.75, data load time: 0.00342, step time: 0.00867,
epoch: [31], step: [488/1581], batch loss: 0.39874, batch accuracy: 87.50, data load time: 0.00879, step time: 0.01029,
epoch: [31], step: [788/1581], batch loss: 0.41853, batch accuracy: 81.25, data load time: 0.00250, step time: 0.01209,
epoch: [31], step: [1088/1581], batch loss: 0.57920, batch accuracy: 78.12, data load time: 0.00020, step time: 0.01232,
epoch: [31], step: [1388/1581], batch loss: 0.44926, batch accuracy: 84.38, data load time: 0.00025, step time: 0.01322,
epoch: [32], step: [107/1581], batch loss: 0.33439, batch accuracy: 87.50, data load time: 0.00020, step time: 0.01284,
epoch: [32], step: [407/1581], batch loss: 0.42293, batch accuracy: 90.62, data load time: 0.00020, step time: 0.01277,
epoch: [32], step: [707/1581], batch loss: 0.33404, batch accuracy: 87.50, data load time: 0.00021, step time: 0.01296,
epoch: [32], step: [1007/1581], batch loss: 0.48747, batch accuracy: 84.38, data load time: 0.00270, step time: 0.01043,
epoch: [32], step: [1307/1581], batch loss: 0.42989, batch accuracy: 87.50, data load time: 0.00251, step time: 0.01115,
epoch: [33], step: [26/1581], batch loss: 0.51740, batch accuracy: 84.38, data load time: 0.00025, step time: 0.01190,
epoch: [33], step: [326/1581], batch loss: 0.47064, batch accuracy: 78.12, data load time: 0.00433, step time: 0.01051,
epoch: [33], step: [626/1581], batch loss: 0.36692, batch accuracy: 93.75, data load time: 0.00900, step time: 0.01151,
epoch: [33], step: [926/1581], batch loss: 0.57915, batch accuracy: 78.12, data load time: 0.00780, step time: 0.01413,
epoch: [33], step: [1226/1581], batch loss: 0.45541, batch accuracy: 84.38, data load time: 0.00021, step time: 0.01713,
epoch: [33], step: [1526/1581], batch loss: 0.38956, batch accuracy: 90.62, data load time: 0.00015, step time: 0.01252,
epoch: [34], step: [245/1581], batch loss: 0.37173, batch accuracy: 87.50, data load time: 0.00235, step time: 0.01054,
epoch: [34], step: [545/1581], batch loss: 0.37351, batch accuracy: 87.50, data load time: 0.00022, step time: 0.01474,
epoch: [34], step: [845/1581], batch loss: 0.46162, batch accuracy: 87.50, data load time: 0.00039, step time: 0.01151,
epoch: [34], step: [1145/1581], batch loss: 0.42118, batch accuracy: 87.50, data load time: 0.00035, step time: 0.00881,
epoch: [34], step: [1445/1581], batch loss: 0.44149, batch accuracy: 84.38, data load time: 0.00021, step time: 0.01610,
validation loss: 0.83838, accuracy: 71.03, class_accuracy: [48.30508474576271, 94.73684210526316, 76.92307692307692, 62.83185840707964, 67.79661016949153, 58.71559633027523, 100.0, 98.23008849557522, 57.142857142857146, 79.66101694915254]
class_avg: 74.43430312685341
epoch: [35], step: [164/1581], batch loss: 0.46310, batch accuracy: 87.50, data load time: 0.00021, step time: 0.01218,
epoch: [35], step: [464/1581], batch loss: 0.67774, batch accuracy: 81.25, data load time: 0.00734, step time: 0.01075,
epoch: [35], step: [764/1581], batch loss: 0.56785, batch accuracy: 81.25, data load time: 0.00480, step time: 0.01084,
epoch: [35], step: [1064/1581], batch loss: 0.52310, batch accuracy: 84.38, data load time: 0.00524, step time: 0.01118,
epoch: [35], step: [1364/1581], batch loss: 0.73624, batch accuracy: 75.00, data load time: 0.00024, step time: 0.01491,
epoch: [36], step: [83/1581], batch loss: 0.51828, batch accuracy: 84.38, data load time: 0.00658, step time: 0.01120,
epoch: [36], step: [383/1581], batch loss: 0.63255, batch accuracy: 90.62, data load time: 0.00022, step time: 0.01861,
epoch: [36], step: [683/1581], batch loss: 0.68888, batch accuracy: 81.25, data load time: 0.00022, step time: 0.01282,
epoch: [36], step: [983/1581], batch loss: 0.49595, batch accuracy: 81.25, data load time: 0.00710, step time: 0.01316,
epoch: [36], step: [1283/1581], batch loss: 0.45856, batch accuracy: 81.25, data load time: 0.00899, step time: 0.01048,
epoch: [37], step: [2/1581], batch loss: 0.39047, batch accuracy: 84.38, data load time: 0.00074, step time: 0.01007,
epoch: [37], step: [302/1581], batch loss: 0.53536, batch accuracy: 75.00, data load time: 0.00291, step time: 0.01017,
epoch: [37], step: [602/1581], batch loss: 0.74713, batch accuracy: 78.12, data load time: 0.00406, step time: 0.01142,
epoch: [37], step: [902/1581], batch loss: 0.36892, batch accuracy: 84.38, data load time: 0.00696, step time: 0.01039,
epoch: [37], step: [1202/1581], batch loss: 0.63909, batch accuracy: 81.25, data load time: 0.00418, step time: 0.01095,
epoch: [37], step: [1502/1581], batch loss: 0.38402, batch accuracy: 87.50, data load time: 0.00691, step time: 0.01065,
epoch: [38], step: [221/1581], batch loss: 0.52361, batch accuracy: 84.38, data load time: 0.00250, step time: 0.01455,
epoch: [38], step: [521/1581], batch loss: 0.38132, batch accuracy: 84.38, data load time: 0.00341, step time: 0.00877,
epoch: [38], step: [821/1581], batch loss: 0.44768, batch accuracy: 81.25, data load time: 0.00791, step time: 0.01051,
epoch: [38], step: [1121/1581], batch loss: 0.46953, batch accuracy: 87.50, data load time: 0.00269, step time: 0.00995,
epoch: [38], step: [1421/1581], batch loss: 0.67223, batch accuracy: 75.00, data load time: 0.00023, step time: 0.01245,
epoch: [39], step: [140/1581], batch loss: 0.49993, batch accuracy: 78.12, data load time: 0.00022, step time: 0.01662,
epoch: [39], step: [440/1581], batch loss: 0.45962, batch accuracy: 78.12, data load time: 0.00023, step time: 0.01294,
epoch: [39], step: [740/1581], batch loss: 0.46333, batch accuracy: 90.62, data load time: 0.00022, step time: 0.01222,
epoch: [39], step: [1040/1581], batch loss: 0.71358, batch accuracy: 78.12, data load time: 0.00113, step time: 0.00934,
epoch: [39], step: [1340/1581], batch loss: 0.35238, batch accuracy: 87.50, data load time: 0.00022, step time: 0.01225,
validation loss: 0.86809, accuracy: 70.01, class_accuracy: [50.0, 89.47368421052632, 86.32478632478633, 64.60176991150442, 64.40677966101696, 57.79816513761468, 100.0, 95.57522123893806, 56.12244897959184, 67.79661016949153]
class_avg: 73.209946563347
epoch: [40], step: [59/1581], batch loss: 0.31250, batch accuracy: 93.75, data load time: 0.00606, step time: 0.01052,
epoch: [40], step: [359/1581], batch loss: 0.41182, batch accuracy: 81.25, data load time: 0.00022, step time: 0.01476,
epoch: [40], step: [659/1581], batch loss: 0.47199, batch accuracy: 81.25, data load time: 0.00022, step time: 0.01448,
epoch: [40], step: [959/1581], batch loss: 0.44049, batch accuracy: 87.50, data load time: 0.00767, step time: 0.00856,
epoch: [40], step: [1259/1581], batch loss: 0.45784, batch accuracy: 84.38, data load time: 0.00287, step time: 0.00927,
epoch: [40], step: [1559/1581], batch loss: 0.62381, batch accuracy: 75.00, data load time: 0.00020, step time: 0.00877,
epoch: [41], step: [278/1581], batch loss: 0.36665, batch accuracy: 87.50, data load time: 0.00723, step time: 0.01002,
epoch: [41], step: [578/1581], batch loss: 0.39664, batch accuracy: 93.75, data load time: 0.00353, step time: 0.01003,
epoch: [41], step: [878/1581], batch loss: 0.46941, batch accuracy: 78.12, data load time: 0.00435, step time: 0.01054,
epoch: [41], step: [1178/1581], batch loss: 0.21965, batch accuracy: 96.88, data load time: 0.00022, step time: 0.01030,
epoch: [41], step: [1478/1581], batch loss: 0.50820, batch accuracy: 78.12, data load time: 0.00021, step time: 0.01450,
epoch: [42], step: [197/1581], batch loss: 0.53747, batch accuracy: 78.12, data load time: 0.00363, step time: 0.00995,
epoch: [42], step: [497/1581], batch loss: 0.53459, batch accuracy: 78.12, data load time: 0.00023, step time: 0.01348,
epoch: [42], step: [797/1581], batch loss: 0.70053, batch accuracy: 78.12, data load time: 0.00021, step time: 0.01466,
epoch: [42], step: [1097/1581], batch loss: 0.88411, batch accuracy: 68.75, data load time: 0.00734, step time: 0.01090,
epoch: [42], step: [1397/1581], batch loss: 0.41889, batch accuracy: 84.38, data load time: 0.00737, step time: 0.00933,
epoch: [43], step: [116/1581], batch loss: 0.43110, batch accuracy: 84.38, data load time: 0.00438, step time: 0.01074,
epoch: [43], step: [416/1581], batch loss: 0.28994, batch accuracy: 96.88, data load time: 0.00026, step time: 0.01342,
epoch: [43], step: [716/1581], batch loss: 0.27809, batch accuracy: 87.50, data load time: 0.00253, step time: 0.01073,
epoch: [43], step: [1016/1581], batch loss: 0.65170, batch accuracy: 78.12, data load time: 0.00029, step time: 0.00855,
epoch: [43], step: [1316/1581], batch loss: 0.62469, batch accuracy: 78.12, data load time: 0.00704, step time: 0.01027,
epoch: [44], step: [35/1581], batch loss: 0.33819, batch accuracy: 87.50, data load time: 0.00376, step time: 0.00846,
epoch: [44], step: [335/1581], batch loss: 0.27051, batch accuracy: 87.50, data load time: 0.00330, step time: 0.01028,
epoch: [44], step: [635/1581], batch loss: 0.62649, batch accuracy: 84.38, data load time: 0.00700, step time: 0.01237,
epoch: [44], step: [935/1581], batch loss: 0.21830, batch accuracy: 93.75, data load time: 0.00020, step time: 0.01590,
epoch: [44], step: [1235/1581], batch loss: 0.39890, batch accuracy: 90.62, data load time: 0.00021, step time: 0.01278,
epoch: [44], step: [1535/1581], batch loss: 0.74071, batch accuracy: 68.75, data load time: 0.00018, step time: 0.01477,
validation loss: 0.89636, accuracy: 71.65, class_accuracy: [45.76271186440678, 97.36842105263158, 70.94017094017094, 69.91150442477876, 72.03389830508475, 58.71559633027523, 100.0, 98.23008849557522, 61.224489795918366, 77.96610169491525]
class_avg: 75.21529829037569
epoch: [45], step: [254/1581], batch loss: 0.30068, batch accuracy: 90.62, data load time: 0.00170, step time: 0.01100,
epoch: [45], step: [554/1581], batch loss: 0.29168, batch accuracy: 90.62, data load time: 0.00022, step time: 0.01274,
epoch: [45], step: [854/1581], batch loss: 0.39721, batch accuracy: 93.75, data load time: 0.00429, step time: 0.01095,
epoch: [45], step: [1154/1581], batch loss: 0.31895, batch accuracy: 90.62, data load time: 0.00021, step time: 0.01147,
epoch: [45], step: [1454/1581], batch loss: 0.50126, batch accuracy: 78.12, data load time: 0.00551, step time: 0.01569,
epoch: [46], step: [173/1581], batch loss: 0.50085, batch accuracy: 78.12, data load time: 0.00024, step time: 0.00901,
epoch: [46], step: [473/1581], batch loss: 0.43344, batch accuracy: 87.50, data load time: 0.00750, step time: 0.01065,
epoch: [46], step: [773/1581], batch loss: 0.42473, batch accuracy: 75.00, data load time: 0.00022, step time: 0.01471,
epoch: [46], step: [1073/1581], batch loss: 0.45646, batch accuracy: 84.38, data load time: 0.00021, step time: 0.01293,
epoch: [46], step: [1373/1581], batch loss: 0.64333, batch accuracy: 87.50, data load time: 0.00022, step time: 0.01074,
epoch: [47], step: [92/1581], batch loss: 0.55066, batch accuracy: 78.12, data load time: 0.00021, step time: 0.01257,
epoch: [47], step: [392/1581], batch loss: 0.43971, batch accuracy: 81.25, data load time: 0.00328, step time: 0.01045,
epoch: [47], step: [692/1581], batch loss: 0.47020, batch accuracy: 75.00, data load time: 0.00021, step time: 0.01748,
epoch: [47], step: [992/1581], batch loss: 0.35996, batch accuracy: 84.38, data load time: 0.00658, step time: 0.01056,
epoch: [47], step: [1292/1581], batch loss: 0.46689, batch accuracy: 81.25, data load time: 0.00431, step time: 0.01187,
epoch: [48], step: [11/1581], batch loss: 0.54349, batch accuracy: 78.12, data load time: 0.00023, step time: 0.01307,
epoch: [48], step: [311/1581], batch loss: 0.33864, batch accuracy: 90.62, data load time: 0.00021, step time: 0.01261,
epoch: [48], step: [611/1581], batch loss: 0.46013, batch accuracy: 84.38, data load time: 0.00541, step time: 0.01258,
epoch: [48], step: [911/1581], batch loss: 0.38270, batch accuracy: 81.25, data load time: 0.00022, step time: 0.01256,
epoch: [48], step: [1211/1581], batch loss: 0.52003, batch accuracy: 81.25, data load time: 0.00026, step time: 0.00899,
epoch: [48], step: [1511/1581], batch loss: 0.29380, batch accuracy: 90.62, data load time: 0.00417, step time: 0.01109,
epoch: [49], step: [230/1581], batch loss: 0.46054, batch accuracy: 78.12, data load time: 0.00022, step time: 0.01450,
epoch: [49], step: [530/1581], batch loss: 0.46324, batch accuracy: 71.88, data load time: 0.00249, step time: 0.01268,
epoch: [49], step: [830/1581], batch loss: 0.26556, batch accuracy: 96.88, data load time: 0.00022, step time: 0.01032,
epoch: [49], step: [1130/1581], batch loss: 0.60325, batch accuracy: 84.38, data load time: 0.00694, step time: 0.00971,
epoch: [49], step: [1430/1581], batch loss: 0.29822, batch accuracy: 93.75, data load time: 0.00021, step time: 0.01000,
validation loss: 0.86227, accuracy: 70.83, class_accuracy: [55.08474576271186, 92.10526315789474, 77.77777777777777, 68.14159292035399, 82.20338983050847, 56.88073394495413, 100.0, 96.46017699115045, 46.93877551020408, 63.559322033898304]
class_avg: 73.91517779294537
Total time taken: 1313.2402517795563
