Using CUDA...
Writing logs to logs/CNN_bn_epochs=50_dropout=0.5_bs=32_optim=Adam_decay=0.0001_lr=0.001_momentum=0.9_mode=MC_run_0
epoch: [0], step: [299/1581], batch loss: 1.57767, batch accuracy: 50.00, data load time: 0.00025, step time: 0.01119,
epoch: [0], step: [599/1581], batch loss: 1.51579, batch accuracy: 50.00, data load time: 0.00352, step time: 0.01020,
epoch: [0], step: [899/1581], batch loss: 1.12636, batch accuracy: 46.88, data load time: 0.00022, step time: 0.01179,
epoch: [0], step: [1199/1581], batch loss: 0.94953, batch accuracy: 65.62, data load time: 0.00031, step time: 0.00977,
epoch: [0], step: [1499/1581], batch loss: 0.82794, batch accuracy: 75.00, data load time: 0.00023, step time: 0.01004,
epoch: [1], step: [218/1581], batch loss: 0.52902, batch accuracy: 81.25, data load time: 0.00024, step time: 0.01248,
epoch: [1], step: [518/1581], batch loss: 0.76716, batch accuracy: 84.38, data load time: 0.00024, step time: 0.01203,
epoch: [1], step: [818/1581], batch loss: 0.46141, batch accuracy: 78.12, data load time: 0.00024, step time: 0.01233,
epoch: [1], step: [1118/1581], batch loss: 0.49320, batch accuracy: 84.38, data load time: 0.00292, step time: 0.01113,
epoch: [1], step: [1418/1581], batch loss: 0.49822, batch accuracy: 87.50, data load time: 0.00022, step time: 0.00988,
epoch: [2], step: [137/1581], batch loss: 0.58747, batch accuracy: 87.50, data load time: 0.00021, step time: 0.01325,
epoch: [2], step: [437/1581], batch loss: 0.95866, batch accuracy: 62.50, data load time: 0.00022, step time: 0.00986,
epoch: [2], step: [737/1581], batch loss: 0.73227, batch accuracy: 81.25, data load time: 0.00022, step time: 0.00972,
epoch: [2], step: [1037/1581], batch loss: 0.50967, batch accuracy: 78.12, data load time: 0.00315, step time: 0.01024,
epoch: [2], step: [1337/1581], batch loss: 0.38804, batch accuracy: 78.12, data load time: 0.00028, step time: 0.01200,
epoch: [3], step: [56/1581], batch loss: 0.44378, batch accuracy: 78.12, data load time: 0.00360, step time: 0.00981,
epoch: [3], step: [356/1581], batch loss: 0.38295, batch accuracy: 84.38, data load time: 0.00021, step time: 0.01082,
epoch: [3], step: [656/1581], batch loss: 0.81862, batch accuracy: 62.50, data load time: 0.00022, step time: 0.01074,
epoch: [3], step: [956/1581], batch loss: 0.59210, batch accuracy: 78.12, data load time: 0.00022, step time: 0.00970,
epoch: [3], step: [1256/1581], batch loss: 0.29536, batch accuracy: 84.38, data load time: 0.00024, step time: 0.01008,
epoch: [3], step: [1556/1581], batch loss: 0.31326, batch accuracy: 87.50, data load time: 0.00012, step time: 0.00869,
epoch: [4], step: [275/1581], batch loss: 0.48514, batch accuracy: 87.50, data load time: 0.00026, step time: 0.01033,
epoch: [4], step: [575/1581], batch loss: 0.38435, batch accuracy: 81.25, data load time: 0.00313, step time: 0.01181,
epoch: [4], step: [875/1581], batch loss: 0.52193, batch accuracy: 84.38, data load time: 0.00031, step time: 0.01001,
epoch: [4], step: [1175/1581], batch loss: 1.48194, batch accuracy: 75.00, data load time: 0.00024, step time: 0.01018,
epoch: [4], step: [1475/1581], batch loss: 0.74184, batch accuracy: 68.75, data load time: 0.00020, step time: 0.00915,
validation loss: 0.95806, accuracy: 70.01, class_accuracy: [61.86440677966102, 84.21052631578948, 87.17948717948718, 62.83185840707964, 52.54237288135593, 51.37614678899082, 100.0, 96.46017699115045, 60.204081632653065, 72.03389830508475]
class_avg: 72.87029552812524
epoch: [5], step: [194/1581], batch loss: 0.15520, batch accuracy: 96.88, data load time: 0.00022, step time: 0.01059,
epoch: [5], step: [494/1581], batch loss: 0.74911, batch accuracy: 65.62, data load time: 0.00033, step time: 0.01169,
epoch: [5], step: [794/1581], batch loss: 0.52786, batch accuracy: 84.38, data load time: 0.00023, step time: 0.01009,
epoch: [5], step: [1094/1581], batch loss: 0.34806, batch accuracy: 87.50, data load time: 0.00023, step time: 0.01246,
epoch: [5], step: [1394/1581], batch loss: 0.68530, batch accuracy: 87.50, data load time: 0.00031, step time: 0.00956,
epoch: [6], step: [113/1581], batch loss: 0.34938, batch accuracy: 84.38, data load time: 0.00403, step time: 0.01009,
epoch: [6], step: [413/1581], batch loss: 0.33734, batch accuracy: 87.50, data load time: 0.00031, step time: 0.01033,
epoch: [6], step: [713/1581], batch loss: 0.28242, batch accuracy: 84.38, data load time: 0.00023, step time: 0.01286,
epoch: [6], step: [1013/1581], batch loss: 0.18589, batch accuracy: 93.75, data load time: 0.00022, step time: 0.01216,
epoch: [6], step: [1313/1581], batch loss: 0.40835, batch accuracy: 81.25, data load time: 0.00022, step time: 0.01175,
epoch: [7], step: [32/1581], batch loss: 0.48442, batch accuracy: 84.38, data load time: 0.00052, step time: 0.01085,
epoch: [7], step: [332/1581], batch loss: 0.42875, batch accuracy: 84.38, data load time: 0.00587, step time: 0.01047,
epoch: [7], step: [632/1581], batch loss: 0.19781, batch accuracy: 93.75, data load time: 0.00033, step time: 0.00979,
epoch: [7], step: [932/1581], batch loss: 0.20201, batch accuracy: 90.62, data load time: 0.00588, step time: 0.01039,
epoch: [7], step: [1232/1581], batch loss: 0.20698, batch accuracy: 90.62, data load time: 0.00025, step time: 0.01040,
epoch: [7], step: [1532/1581], batch loss: 0.37361, batch accuracy: 81.25, data load time: 0.00018, step time: 0.00998,
epoch: [8], step: [251/1581], batch loss: 0.31837, batch accuracy: 84.38, data load time: 0.00025, step time: 0.01126,
epoch: [8], step: [551/1581], batch loss: 0.28140, batch accuracy: 93.75, data load time: 0.00023, step time: 0.01024,
epoch: [8], step: [851/1581], batch loss: 0.39003, batch accuracy: 84.38, data load time: 0.00321, step time: 0.01080,
epoch: [8], step: [1151/1581], batch loss: 0.27118, batch accuracy: 93.75, data load time: 0.00023, step time: 0.00989,
epoch: [8], step: [1451/1581], batch loss: 0.32705, batch accuracy: 81.25, data load time: 0.00025, step time: 0.00986,
epoch: [9], step: [170/1581], batch loss: 0.34548, batch accuracy: 84.38, data load time: 0.00025, step time: 0.01211,
epoch: [9], step: [470/1581], batch loss: 0.36244, batch accuracy: 90.62, data load time: 0.00022, step time: 0.01173,
epoch: [9], step: [770/1581], batch loss: 0.22464, batch accuracy: 93.75, data load time: 0.00023, step time: 0.01002,
epoch: [9], step: [1070/1581], batch loss: 0.26759, batch accuracy: 84.38, data load time: 0.00022, step time: 0.01009,
epoch: [9], step: [1370/1581], batch loss: 0.19808, batch accuracy: 93.75, data load time: 0.00022, step time: 0.00993,
validation loss: 0.87098, accuracy: 74.62, class_accuracy: [61.016949152542374, 78.94736842105263, 76.06837606837607, 65.48672566371681, 75.42372881355932, 80.73394495412845, 100.0, 89.38053097345133, 57.142857142857146, 80.50847457627118]
class_avg: 76.47089557659551
epoch: [10], step: [89/1581], batch loss: 0.26501, batch accuracy: 84.38, data load time: 0.00021, step time: 0.00939,
epoch: [10], step: [389/1581], batch loss: 0.26807, batch accuracy: 90.62, data load time: 0.00022, step time: 0.01132,
epoch: [10], step: [689/1581], batch loss: 0.48921, batch accuracy: 90.62, data load time: 0.00308, step time: 0.01138,
epoch: [10], step: [989/1581], batch loss: 0.10244, batch accuracy: 100.00, data load time: 0.00023, step time: 0.01001,
epoch: [10], step: [1289/1581], batch loss: 0.36590, batch accuracy: 87.50, data load time: 0.00022, step time: 0.00971,
epoch: [11], step: [8/1581], batch loss: 0.50807, batch accuracy: 84.38, data load time: 0.00370, step time: 0.01388,
epoch: [11], step: [308/1581], batch loss: 0.11721, batch accuracy: 93.75, data load time: 0.00022, step time: 0.01016,
epoch: [11], step: [608/1581], batch loss: 0.46822, batch accuracy: 81.25, data load time: 0.00025, step time: 0.01000,
epoch: [11], step: [908/1581], batch loss: 0.20969, batch accuracy: 90.62, data load time: 0.00330, step time: 0.01146,
epoch: [11], step: [1208/1581], batch loss: 0.69058, batch accuracy: 81.25, data load time: 0.00023, step time: 0.01115,
epoch: [11], step: [1508/1581], batch loss: 0.18883, batch accuracy: 93.75, data load time: 0.00023, step time: 0.01005,
epoch: [12], step: [227/1581], batch loss: 0.24524, batch accuracy: 90.62, data load time: 0.00024, step time: 0.01144,
epoch: [12], step: [527/1581], batch loss: 0.62522, batch accuracy: 87.50, data load time: 0.00023, step time: 0.01173,
epoch: [12], step: [827/1581], batch loss: 0.18073, batch accuracy: 93.75, data load time: 0.00023, step time: 0.00985,
epoch: [12], step: [1127/1581], batch loss: 0.16031, batch accuracy: 93.75, data load time: 0.00024, step time: 0.01010,
epoch: [12], step: [1427/1581], batch loss: 0.30247, batch accuracy: 90.62, data load time: 0.00024, step time: 0.00961,
epoch: [13], step: [146/1581], batch loss: 0.11725, batch accuracy: 93.75, data load time: 0.00020, step time: 0.00970,
epoch: [13], step: [446/1581], batch loss: 0.27843, batch accuracy: 90.62, data load time: 0.00022, step time: 0.01039,
epoch: [13], step: [746/1581], batch loss: 0.39117, batch accuracy: 90.62, data load time: 0.00034, step time: 0.01008,
epoch: [13], step: [1046/1581], batch loss: 0.13596, batch accuracy: 96.88, data load time: 0.00022, step time: 0.01033,
epoch: [13], step: [1346/1581], batch loss: 0.28237, batch accuracy: 93.75, data load time: 0.00023, step time: 0.01025,
epoch: [14], step: [65/1581], batch loss: 0.27225, batch accuracy: 90.62, data load time: 0.00023, step time: 0.01731,
epoch: [14], step: [365/1581], batch loss: 0.11462, batch accuracy: 96.88, data load time: 0.00034, step time: 0.01183,
epoch: [14], step: [665/1581], batch loss: 0.13826, batch accuracy: 93.75, data load time: 0.00034, step time: 0.01202,
epoch: [14], step: [965/1581], batch loss: 0.23500, batch accuracy: 90.62, data load time: 0.00023, step time: 0.00946,
epoch: [14], step: [1265/1581], batch loss: 0.25486, batch accuracy: 87.50, data load time: 0.00022, step time: 0.00997,
epoch: [14], step: [1565/1581], batch loss: 0.51895, batch accuracy: 81.25, data load time: 0.00011, step time: 0.00872,
validation loss: 0.88584, accuracy: 73.69, class_accuracy: [55.08474576271186, 86.84210526315789, 77.77777777777777, 79.64601769911505, 81.35593220338983, 80.73394495412845, 94.28571428571429, 68.14159292035399, 53.06122448979592, 80.50847457627118]
class_avg: 75.74375299324163
epoch: [15], step: [284/1581], batch loss: 0.11887, batch accuracy: 93.75, data load time: 0.00189, step time: 0.01246,
epoch: [15], step: [584/1581], batch loss: 0.49468, batch accuracy: 84.38, data load time: 0.00022, step time: 0.01000,
epoch: [15], step: [884/1581], batch loss: 0.19846, batch accuracy: 96.88, data load time: 0.00022, step time: 0.00996,
epoch: [15], step: [1184/1581], batch loss: 0.39353, batch accuracy: 84.38, data load time: 0.00022, step time: 0.01005,
epoch: [15], step: [1484/1581], batch loss: 0.30258, batch accuracy: 84.38, data load time: 0.00022, step time: 0.00993,
epoch: [16], step: [203/1581], batch loss: 0.35840, batch accuracy: 87.50, data load time: 0.00021, step time: 0.01323,
epoch: [16], step: [503/1581], batch loss: 0.38928, batch accuracy: 78.12, data load time: 0.00023, step time: 0.00988,
epoch: [16], step: [803/1581], batch loss: 0.24438, batch accuracy: 87.50, data load time: 0.00022, step time: 0.01045,
epoch: [16], step: [1103/1581], batch loss: 0.22836, batch accuracy: 84.38, data load time: 0.00023, step time: 0.01034,
epoch: [16], step: [1403/1581], batch loss: 0.17366, batch accuracy: 96.88, data load time: 0.00345, step time: 0.02121,
epoch: [17], step: [122/1581], batch loss: 0.11845, batch accuracy: 93.75, data load time: 0.00024, step time: 0.01173,
epoch: [17], step: [422/1581], batch loss: 0.18292, batch accuracy: 93.75, data load time: 0.00025, step time: 0.01075,
epoch: [17], step: [722/1581], batch loss: 0.21121, batch accuracy: 93.75, data load time: 0.00433, step time: 0.01101,
epoch: [17], step: [1022/1581], batch loss: 0.20298, batch accuracy: 87.50, data load time: 0.00023, step time: 0.01026,
epoch: [17], step: [1322/1581], batch loss: 0.08624, batch accuracy: 96.88, data load time: 0.00023, step time: 0.01188,
epoch: [18], step: [41/1581], batch loss: 0.14231, batch accuracy: 93.75, data load time: 0.00021, step time: 0.01039,
epoch: [18], step: [341/1581], batch loss: 0.15103, batch accuracy: 96.88, data load time: 0.00023, step time: 0.01018,
epoch: [18], step: [641/1581], batch loss: 0.25476, batch accuracy: 93.75, data load time: 0.00024, step time: 0.00998,
epoch: [18], step: [941/1581], batch loss: 0.16383, batch accuracy: 90.62, data load time: 0.00334, step time: 0.01173,
epoch: [18], step: [1241/1581], batch loss: 0.30479, batch accuracy: 90.62, data load time: 0.00032, step time: 0.01011,
epoch: [18], step: [1541/1581], batch loss: 0.16166, batch accuracy: 87.50, data load time: 0.00015, step time: 0.00895,
epoch: [19], step: [260/1581], batch loss: 0.19986, batch accuracy: 93.75, data load time: 0.00022, step time: 0.01070,
epoch: [19], step: [560/1581], batch loss: 0.11282, batch accuracy: 96.88, data load time: 0.00037, step time: 0.01340,
epoch: [19], step: [860/1581], batch loss: 0.20469, batch accuracy: 90.62, data load time: 0.00105, step time: 0.01468,
epoch: [19], step: [1160/1581], batch loss: 0.55498, batch accuracy: 87.50, data load time: 0.00029, step time: 0.01050,
epoch: [19], step: [1460/1581], batch loss: 0.04330, batch accuracy: 100.00, data load time: 0.00358, step time: 0.01071,
validation loss: 0.80452, accuracy: 77.48, class_accuracy: [66.94915254237289, 86.84210526315789, 87.17948717948718, 74.33628318584071, 70.33898305084746, 72.4770642201835, 100.0, 92.92035398230088, 64.28571428571429, 79.66101694915254]
class_avg: 79.49901606590574
epoch: [20], step: [179/1581], batch loss: 0.14750, batch accuracy: 93.75, data load time: 0.00024, step time: 0.01085,
epoch: [20], step: [479/1581], batch loss: 0.46881, batch accuracy: 87.50, data load time: 0.00383, step time: 0.01020,
epoch: [20], step: [779/1581], batch loss: 0.15285, batch accuracy: 90.62, data load time: 0.00024, step time: 0.01202,
epoch: [20], step: [1079/1581], batch loss: 0.20916, batch accuracy: 90.62, data load time: 0.00033, step time: 0.00984,
epoch: [20], step: [1379/1581], batch loss: 0.37866, batch accuracy: 84.38, data load time: 0.00022, step time: 0.01145,
epoch: [21], step: [98/1581], batch loss: 0.24289, batch accuracy: 84.38, data load time: 0.00337, step time: 0.01098,
epoch: [21], step: [398/1581], batch loss: 0.15827, batch accuracy: 90.62, data load time: 0.00023, step time: 0.01211,
epoch: [21], step: [698/1581], batch loss: 0.21394, batch accuracy: 87.50, data load time: 0.00025, step time: 0.01183,
epoch: [21], step: [998/1581], batch loss: 0.08033, batch accuracy: 96.88, data load time: 0.00023, step time: 0.01041,
epoch: [21], step: [1298/1581], batch loss: 0.35756, batch accuracy: 90.62, data load time: 0.00323, step time: 0.01088,
epoch: [22], step: [17/1581], batch loss: 0.15014, batch accuracy: 93.75, data load time: 0.00022, step time: 0.01914,
epoch: [22], step: [317/1581], batch loss: 0.27977, batch accuracy: 90.62, data load time: 0.00025, step time: 0.00996,
epoch: [22], step: [617/1581], batch loss: 0.36060, batch accuracy: 87.50, data load time: 0.00353, step time: 0.01047,
epoch: [22], step: [917/1581], batch loss: 0.38896, batch accuracy: 84.38, data load time: 0.00024, step time: 0.01064,
epoch: [22], step: [1217/1581], batch loss: 0.10982, batch accuracy: 96.88, data load time: 0.00191, step time: 0.01049,
epoch: [22], step: [1517/1581], batch loss: 0.34840, batch accuracy: 84.38, data load time: 0.00023, step time: 0.01323,
epoch: [23], step: [236/1581], batch loss: 0.07495, batch accuracy: 96.88, data load time: 0.00024, step time: 0.01017,
epoch: [23], step: [536/1581], batch loss: 0.19755, batch accuracy: 93.75, data load time: 0.00023, step time: 0.01034,
epoch: [23], step: [836/1581], batch loss: 0.35105, batch accuracy: 93.75, data load time: 0.00054, step time: 0.01017,
epoch: [23], step: [1136/1581], batch loss: 0.12905, batch accuracy: 93.75, data load time: 0.00023, step time: 0.01178,
epoch: [23], step: [1436/1581], batch loss: 0.23842, batch accuracy: 90.62, data load time: 0.00024, step time: 0.01176,
epoch: [24], step: [155/1581], batch loss: 0.50354, batch accuracy: 90.62, data load time: 0.00022, step time: 0.01179,
epoch: [24], step: [455/1581], batch loss: 0.12734, batch accuracy: 90.62, data load time: 0.00022, step time: 0.01043,
epoch: [24], step: [755/1581], batch loss: 0.04817, batch accuracy: 100.00, data load time: 0.00022, step time: 0.01051,
epoch: [24], step: [1055/1581], batch loss: 0.19952, batch accuracy: 90.62, data load time: 0.00021, step time: 0.00982,
epoch: [24], step: [1355/1581], batch loss: 0.25124, batch accuracy: 90.62, data load time: 0.00310, step time: 0.01053,
validation loss: 0.78648, accuracy: 77.58, class_accuracy: [70.33898305084746, 86.84210526315789, 81.19658119658119, 71.68141592920354, 80.50847457627118, 72.4770642201835, 100.0, 91.15044247787611, 59.183673469387756, 81.35593220338983]
class_avg: 79.47346723868984
epoch: [25], step: [74/1581], batch loss: 0.15623, batch accuracy: 93.75, data load time: 0.00022, step time: 0.01163,
epoch: [25], step: [374/1581], batch loss: 0.71481, batch accuracy: 90.62, data load time: 0.00025, step time: 0.01103,
epoch: [25], step: [674/1581], batch loss: 0.18322, batch accuracy: 93.75, data load time: 0.00023, step time: 0.00997,
epoch: [25], step: [974/1581], batch loss: 0.04564, batch accuracy: 100.00, data load time: 0.00023, step time: 0.01154,
epoch: [25], step: [1274/1581], batch loss: 0.30043, batch accuracy: 87.50, data load time: 0.00324, step time: 0.01056,
epoch: [25], step: [1574/1581], batch loss: 0.45927, batch accuracy: 84.38, data load time: 0.00011, step time: 0.00870,
epoch: [26], step: [293/1581], batch loss: 0.23476, batch accuracy: 90.62, data load time: 0.00314, step time: 0.01027,
epoch: [26], step: [593/1581], batch loss: 0.19384, batch accuracy: 93.75, data load time: 0.00024, step time: 0.01121,
epoch: [26], step: [893/1581], batch loss: 0.32067, batch accuracy: 87.50, data load time: 0.00022, step time: 0.01021,
epoch: [26], step: [1193/1581], batch loss: 0.15572, batch accuracy: 93.75, data load time: 0.00027, step time: 0.01506,
epoch: [26], step: [1493/1581], batch loss: 0.29718, batch accuracy: 90.62, data load time: 0.00025, step time: 0.01037,
epoch: [27], step: [212/1581], batch loss: 0.08768, batch accuracy: 96.88, data load time: 0.00026, step time: 0.01073,
epoch: [27], step: [512/1581], batch loss: 0.11935, batch accuracy: 96.88, data load time: 0.00024, step time: 0.01020,
epoch: [27], step: [812/1581], batch loss: 0.25503, batch accuracy: 93.75, data load time: 0.00021, step time: 0.01084,
epoch: [27], step: [1112/1581], batch loss: 0.06159, batch accuracy: 100.00, data load time: 0.00310, step time: 0.01104,
epoch: [27], step: [1412/1581], batch loss: 0.28691, batch accuracy: 87.50, data load time: 0.00565, step time: 0.00986,
epoch: [28], step: [131/1581], batch loss: 0.28588, batch accuracy: 87.50, data load time: 0.00022, step time: 0.01025,
epoch: [28], step: [431/1581], batch loss: 0.10621, batch accuracy: 96.88, data load time: 0.00025, step time: 0.01056,
epoch: [28], step: [731/1581], batch loss: 0.38283, batch accuracy: 84.38, data load time: 0.00329, step time: 0.01165,
epoch: [28], step: [1031/1581], batch loss: 0.17534, batch accuracy: 90.62, data load time: 0.00023, step time: 0.01061,
epoch: [28], step: [1331/1581], batch loss: 0.29406, batch accuracy: 84.38, data load time: 0.00022, step time: 0.01024,
epoch: [29], step: [50/1581], batch loss: 0.33309, batch accuracy: 87.50, data load time: 0.00030, step time: 0.01170,
epoch: [29], step: [350/1581], batch loss: 0.15494, batch accuracy: 93.75, data load time: 0.00023, step time: 0.01152,
epoch: [29], step: [650/1581], batch loss: 0.29418, batch accuracy: 87.50, data load time: 0.00023, step time: 0.01014,
epoch: [29], step: [950/1581], batch loss: 0.16864, batch accuracy: 93.75, data load time: 0.00029, step time: 0.00960,
epoch: [29], step: [1250/1581], batch loss: 0.22363, batch accuracy: 87.50, data load time: 0.00021, step time: 0.00958,
epoch: [29], step: [1550/1581], batch loss: 0.02717, batch accuracy: 100.00, data load time: 0.00012, step time: 0.00872,
validation loss: 0.86332, accuracy: 76.66, class_accuracy: [61.86440677966102, 78.94736842105263, 88.03418803418803, 67.2566371681416, 81.35593220338983, 71.55963302752293, 91.42857142857143, 96.46017699115045, 54.08163265306123, 83.89830508474576]
class_avg: 77.48868517914848
epoch: [30], step: [269/1581], batch loss: 0.07996, batch accuracy: 96.88, data load time: 0.00403, step time: 0.01087,
epoch: [30], step: [569/1581], batch loss: 0.17567, batch accuracy: 90.62, data load time: 0.00022, step time: 0.01142,
epoch: [30], step: [869/1581], batch loss: 0.03088, batch accuracy: 100.00, data load time: 0.00042, step time: 0.01036,
epoch: [30], step: [1169/1581], batch loss: 0.35894, batch accuracy: 87.50, data load time: 0.00024, step time: 0.01845,
epoch: [30], step: [1469/1581], batch loss: 0.22749, batch accuracy: 90.62, data load time: 0.00023, step time: 0.01031,
epoch: [31], step: [188/1581], batch loss: 0.14606, batch accuracy: 93.75, data load time: 0.00026, step time: 0.01114,
epoch: [31], step: [488/1581], batch loss: 0.15210, batch accuracy: 93.75, data load time: 0.00026, step time: 0.01214,
epoch: [31], step: [788/1581], batch loss: 0.23516, batch accuracy: 93.75, data load time: 0.00025, step time: 0.01095,
epoch: [31], step: [1088/1581], batch loss: 0.12182, batch accuracy: 93.75, data load time: 0.00190, step time: 0.01341,
epoch: [31], step: [1388/1581], batch loss: 0.33949, batch accuracy: 90.62, data load time: 0.00025, step time: 0.00973,
epoch: [32], step: [107/1581], batch loss: 0.01038, batch accuracy: 100.00, data load time: 0.00034, step time: 0.01093,
epoch: [32], step: [407/1581], batch loss: 0.15598, batch accuracy: 96.88, data load time: 0.00026, step time: 0.01155,
epoch: [32], step: [707/1581], batch loss: 0.10767, batch accuracy: 93.75, data load time: 0.00024, step time: 0.01016,
epoch: [32], step: [1007/1581], batch loss: 0.11292, batch accuracy: 93.75, data load time: 0.00022, step time: 0.02096,
epoch: [32], step: [1307/1581], batch loss: 0.24539, batch accuracy: 87.50, data load time: 0.00024, step time: 0.01022,
epoch: [33], step: [26/1581], batch loss: 0.44783, batch accuracy: 87.50, data load time: 0.00380, step time: 0.00970,
epoch: [33], step: [326/1581], batch loss: 0.22157, batch accuracy: 96.88, data load time: 0.00023, step time: 0.01050,
epoch: [33], step: [626/1581], batch loss: 0.18566, batch accuracy: 93.75, data load time: 0.00340, step time: 0.01049,
epoch: [33], step: [926/1581], batch loss: 0.21676, batch accuracy: 93.75, data load time: 0.00022, step time: 0.00916,
epoch: [33], step: [1226/1581], batch loss: 0.24973, batch accuracy: 87.50, data load time: 0.00022, step time: 0.01052,
epoch: [33], step: [1526/1581], batch loss: 0.07371, batch accuracy: 96.88, data load time: 0.00018, step time: 0.00994,
epoch: [34], step: [245/1581], batch loss: 0.17793, batch accuracy: 90.62, data load time: 0.00025, step time: 0.01137,
epoch: [34], step: [545/1581], batch loss: 0.15311, batch accuracy: 96.88, data load time: 0.00371, step time: 0.01034,
epoch: [34], step: [845/1581], batch loss: 0.09796, batch accuracy: 96.88, data load time: 0.00023, step time: 0.01027,
epoch: [34], step: [1145/1581], batch loss: 0.10516, batch accuracy: 96.88, data load time: 0.00024, step time: 0.01026,
epoch: [34], step: [1445/1581], batch loss: 0.13157, batch accuracy: 93.75, data load time: 0.00025, step time: 0.00969,
validation loss: 0.78462, accuracy: 76.97, class_accuracy: [60.16949152542373, 84.21052631578948, 85.47008547008546, 69.02654867256638, 83.89830508474576, 72.4770642201835, 91.42857142857143, 90.26548672566372, 65.3061224489796, 80.50847457627118]
class_avg: 78.27606764682803
epoch: [35], step: [164/1581], batch loss: 0.15219, batch accuracy: 93.75, data load time: 0.00021, step time: 0.01134,
epoch: [35], step: [464/1581], batch loss: 0.14746, batch accuracy: 93.75, data load time: 0.00408, step time: 0.01064,
epoch: [35], step: [764/1581], batch loss: 0.11013, batch accuracy: 96.88, data load time: 0.00022, step time: 0.01004,
epoch: [35], step: [1064/1581], batch loss: 0.22522, batch accuracy: 96.88, data load time: 0.00340, step time: 0.01156,
epoch: [35], step: [1364/1581], batch loss: 0.28871, batch accuracy: 81.25, data load time: 0.00346, step time: 0.01149,
epoch: [36], step: [83/1581], batch loss: 0.28049, batch accuracy: 87.50, data load time: 0.00635, step time: 0.01009,
epoch: [36], step: [383/1581], batch loss: 0.06296, batch accuracy: 96.88, data load time: 0.00023, step time: 0.01187,
epoch: [36], step: [683/1581], batch loss: 0.09008, batch accuracy: 100.00, data load time: 0.00033, step time: 0.01049,
epoch: [36], step: [983/1581], batch loss: 0.40360, batch accuracy: 84.38, data load time: 0.00021, step time: 0.01065,
epoch: [36], step: [1283/1581], batch loss: 0.11952, batch accuracy: 93.75, data load time: 0.00028, step time: 0.01056,
epoch: [37], step: [2/1581], batch loss: 0.06137, batch accuracy: 100.00, data load time: 0.00408, step time: 0.01264,
epoch: [37], step: [302/1581], batch loss: 0.11020, batch accuracy: 96.88, data load time: 0.00461, step time: 0.01124,
epoch: [37], step: [602/1581], batch loss: 0.19924, batch accuracy: 87.50, data load time: 0.00032, step time: 0.00989,
epoch: [37], step: [902/1581], batch loss: 0.15957, batch accuracy: 96.88, data load time: 0.00027, step time: 0.01041,
epoch: [37], step: [1202/1581], batch loss: 0.13199, batch accuracy: 93.75, data load time: 0.00024, step time: 0.01197,
epoch: [37], step: [1502/1581], batch loss: 0.30496, batch accuracy: 84.38, data load time: 0.00021, step time: 0.00952,
epoch: [38], step: [221/1581], batch loss: 0.08940, batch accuracy: 100.00, data load time: 0.00025, step time: 0.01334,
epoch: [38], step: [521/1581], batch loss: 0.13005, batch accuracy: 96.88, data load time: 0.00024, step time: 0.01157,
epoch: [38], step: [821/1581], batch loss: 0.14655, batch accuracy: 90.62, data load time: 0.00026, step time: 0.01455,
epoch: [38], step: [1121/1581], batch loss: 0.07958, batch accuracy: 96.88, data load time: 0.00042, step time: 0.01134,
epoch: [38], step: [1421/1581], batch loss: 0.16998, batch accuracy: 93.75, data load time: 0.00025, step time: 0.01644,
epoch: [39], step: [140/1581], batch loss: 0.23336, batch accuracy: 93.75, data load time: 0.00024, step time: 0.01032,
epoch: [39], step: [440/1581], batch loss: 0.33688, batch accuracy: 87.50, data load time: 0.00022, step time: 0.01024,
epoch: [39], step: [740/1581], batch loss: 0.11358, batch accuracy: 96.88, data load time: 0.00024, step time: 0.01028,
epoch: [39], step: [1040/1581], batch loss: 0.14570, batch accuracy: 93.75, data load time: 0.00033, step time: 0.01002,
epoch: [39], step: [1340/1581], batch loss: 0.09287, batch accuracy: 96.88, data load time: 0.00021, step time: 0.01029,
validation loss: 0.84163, accuracy: 73.49, class_accuracy: [56.779661016949156, 84.21052631578948, 77.77777777777777, 80.53097345132744, 78.8135593220339, 52.293577981651374, 94.28571428571429, 86.72566371681415, 59.183673469387756, 83.05084745762711]
class_avg: 75.36519747950723
epoch: [40], step: [59/1581], batch loss: 0.33764, batch accuracy: 87.50, data load time: 0.00033, step time: 0.01233,
epoch: [40], step: [359/1581], batch loss: 0.24695, batch accuracy: 87.50, data load time: 0.00021, step time: 0.01124,
epoch: [40], step: [659/1581], batch loss: 0.06989, batch accuracy: 93.75, data load time: 0.00024, step time: 0.01011,
epoch: [40], step: [959/1581], batch loss: 0.11230, batch accuracy: 93.75, data load time: 0.00595, step time: 0.01157,
epoch: [40], step: [1259/1581], batch loss: 0.25940, batch accuracy: 93.75, data load time: 0.00031, step time: 0.01018,
epoch: [40], step: [1559/1581], batch loss: 0.30261, batch accuracy: 93.75, data load time: 0.00012, step time: 0.00872,
epoch: [41], step: [278/1581], batch loss: 0.41463, batch accuracy: 93.75, data load time: 0.00025, step time: 0.00955,
epoch: [41], step: [578/1581], batch loss: 0.09243, batch accuracy: 93.75, data load time: 0.00024, step time: 0.00995,
epoch: [41], step: [878/1581], batch loss: 0.09765, batch accuracy: 96.88, data load time: 0.00024, step time: 0.01171,
epoch: [41], step: [1178/1581], batch loss: 0.15855, batch accuracy: 93.75, data load time: 0.00023, step time: 0.01170,
epoch: [41], step: [1478/1581], batch loss: 0.30176, batch accuracy: 87.50, data load time: 0.00026, step time: 0.01022,
epoch: [42], step: [197/1581], batch loss: 0.15835, batch accuracy: 93.75, data load time: 0.00023, step time: 0.01059,
epoch: [42], step: [497/1581], batch loss: 0.58211, batch accuracy: 93.75, data load time: 0.00021, step time: 0.00992,
epoch: [42], step: [797/1581], batch loss: 0.23570, batch accuracy: 87.50, data load time: 0.00022, step time: 0.01042,
epoch: [42], step: [1097/1581], batch loss: 0.08775, batch accuracy: 100.00, data load time: 0.00023, step time: 0.00984,
epoch: [42], step: [1397/1581], batch loss: 0.10983, batch accuracy: 96.88, data load time: 0.00026, step time: 0.01051,
epoch: [43], step: [116/1581], batch loss: 0.29345, batch accuracy: 87.50, data load time: 0.00034, step time: 0.01613,
epoch: [43], step: [416/1581], batch loss: 0.12891, batch accuracy: 96.88, data load time: 0.00022, step time: 0.01168,
epoch: [43], step: [716/1581], batch loss: 0.30723, batch accuracy: 90.62, data load time: 0.00022, step time: 0.00989,
epoch: [43], step: [1016/1581], batch loss: 0.11685, batch accuracy: 96.88, data load time: 0.00024, step time: 0.01217,
epoch: [43], step: [1316/1581], batch loss: 0.32450, batch accuracy: 87.50, data load time: 0.00024, step time: 0.00990,
epoch: [44], step: [35/1581], batch loss: 0.18360, batch accuracy: 93.75, data load time: 0.00022, step time: 0.01297,
epoch: [44], step: [335/1581], batch loss: 0.13781, batch accuracy: 93.75, data load time: 0.00022, step time: 0.01022,
epoch: [44], step: [635/1581], batch loss: 0.18740, batch accuracy: 93.75, data load time: 0.00025, step time: 0.01048,
epoch: [44], step: [935/1581], batch loss: 0.12794, batch accuracy: 93.75, data load time: 0.00023, step time: 0.01082,
epoch: [44], step: [1235/1581], batch loss: 0.22329, batch accuracy: 90.62, data load time: 0.00021, step time: 0.01006,
epoch: [44], step: [1535/1581], batch loss: 0.27162, batch accuracy: 87.50, data load time: 0.00017, step time: 0.00970,
validation loss: 0.86974, accuracy: 74.10, class_accuracy: [46.610169491525426, 84.21052631578948, 88.03418803418803, 69.02654867256638, 82.20338983050847, 53.211009174311926, 91.42857142857143, 93.80530973451327, 64.28571428571429, 84.7457627118644]
class_avg: 75.7561189679553
epoch: [45], step: [254/1581], batch loss: 0.05459, batch accuracy: 100.00, data load time: 0.00029, step time: 0.01130,
epoch: [45], step: [554/1581], batch loss: 0.21009, batch accuracy: 90.62, data load time: 0.00026, step time: 0.01053,
epoch: [45], step: [854/1581], batch loss: 0.19853, batch accuracy: 93.75, data load time: 0.00024, step time: 0.00951,
epoch: [45], step: [1154/1581], batch loss: 0.18078, batch accuracy: 93.75, data load time: 0.00023, step time: 0.01203,
epoch: [45], step: [1454/1581], batch loss: 0.14908, batch accuracy: 96.88, data load time: 0.00363, step time: 0.01159,
epoch: [46], step: [173/1581], batch loss: 0.35983, batch accuracy: 87.50, data load time: 0.00022, step time: 0.01035,
epoch: [46], step: [473/1581], batch loss: 0.12793, batch accuracy: 96.88, data load time: 0.00022, step time: 0.01102,
epoch: [46], step: [773/1581], batch loss: 0.26738, batch accuracy: 90.62, data load time: 0.00024, step time: 0.01140,
epoch: [46], step: [1073/1581], batch loss: 0.21468, batch accuracy: 90.62, data load time: 0.00022, step time: 0.01241,
epoch: [46], step: [1373/1581], batch loss: 0.17760, batch accuracy: 93.75, data load time: 0.00023, step time: 0.01161,
epoch: [47], step: [92/1581], batch loss: 0.20023, batch accuracy: 93.75, data load time: 0.00023, step time: 0.01228,
epoch: [47], step: [392/1581], batch loss: 0.10540, batch accuracy: 96.88, data load time: 0.00028, step time: 0.01360,
epoch: [47], step: [692/1581], batch loss: 0.27421, batch accuracy: 81.25, data load time: 0.00022, step time: 0.01130,
epoch: [47], step: [992/1581], batch loss: 0.06162, batch accuracy: 96.88, data load time: 0.00033, step time: 0.01008,
epoch: [47], step: [1292/1581], batch loss: 0.43349, batch accuracy: 87.50, data load time: 0.00023, step time: 0.01134,
epoch: [48], step: [11/1581], batch loss: 0.08449, batch accuracy: 96.88, data load time: 0.00021, step time: 0.01078,
epoch: [48], step: [311/1581], batch loss: 0.03825, batch accuracy: 96.88, data load time: 0.00025, step time: 0.01058,
epoch: [48], step: [611/1581], batch loss: 0.21063, batch accuracy: 90.62, data load time: 0.00025, step time: 0.01051,
epoch: [48], step: [911/1581], batch loss: 0.12754, batch accuracy: 93.75, data load time: 0.00023, step time: 0.01169,
epoch: [48], step: [1211/1581], batch loss: 0.12337, batch accuracy: 96.88, data load time: 0.00056, step time: 0.01033,
epoch: [48], step: [1511/1581], batch loss: 0.22269, batch accuracy: 90.62, data load time: 0.00023, step time: 0.01012,
epoch: [49], step: [230/1581], batch loss: 0.07665, batch accuracy: 96.88, data load time: 0.00023, step time: 0.01078,
epoch: [49], step: [530/1581], batch loss: 0.21406, batch accuracy: 90.62, data load time: 0.00022, step time: 0.00999,
epoch: [49], step: [830/1581], batch loss: 0.08731, batch accuracy: 96.88, data load time: 0.00023, step time: 0.01033,
epoch: [49], step: [1130/1581], batch loss: 0.15857, batch accuracy: 96.88, data load time: 0.00054, step time: 0.01042,
epoch: [49], step: [1430/1581], batch loss: 0.34639, batch accuracy: 87.50, data load time: 0.00024, step time: 0.00992,
validation loss: 0.88854, accuracy: 73.18, class_accuracy: [55.932203389830505, 86.84210526315789, 82.05128205128206, 68.14159292035399, 83.89830508474576, 50.45871559633027, 85.71428571428571, 86.72566371681415, 56.12244897959184, 89.83050847457628]
class_avg: 74.57171111909685
Total time taken: 1046.7366025447845
