Using CUDA...
Writing logs to logs/CNN_bn_epochs=50_dropout=0.5_bs=32_optim=SGD_decay=0.01_lr=0.001_momentum=0.9_mode=MC_run_4
epoch: [0], step: [299/1581], batch loss: 1.91054, batch accuracy: 37.50, data load time: 0.00025, step time: 0.01417,
epoch: [0], step: [599/1581], batch loss: 1.69660, batch accuracy: 31.25, data load time: 0.00323, step time: 0.00945,
epoch: [0], step: [899/1581], batch loss: 1.52561, batch accuracy: 46.88, data load time: 0.00024, step time: 0.01138,
epoch: [0], step: [1199/1581], batch loss: 1.91676, batch accuracy: 34.38, data load time: 0.01115, step time: 0.00815,
epoch: [0], step: [1499/1581], batch loss: 1.21095, batch accuracy: 43.75, data load time: 0.00022, step time: 0.00913,
epoch: [1], step: [218/1581], batch loss: 1.24003, batch accuracy: 62.50, data load time: 0.00023, step time: 0.01300,
epoch: [1], step: [518/1581], batch loss: 1.21649, batch accuracy: 62.50, data load time: 0.00023, step time: 0.00921,
epoch: [1], step: [818/1581], batch loss: 1.19783, batch accuracy: 59.38, data load time: 0.00352, step time: 0.00816,
epoch: [1], step: [1118/1581], batch loss: 1.44297, batch accuracy: 43.75, data load time: 0.00023, step time: 0.00856,
epoch: [1], step: [1418/1581], batch loss: 1.04024, batch accuracy: 53.12, data load time: 0.00023, step time: 0.00842,
epoch: [2], step: [137/1581], batch loss: 1.30110, batch accuracy: 43.75, data load time: 0.00030, step time: 0.01458,
epoch: [2], step: [437/1581], batch loss: 1.02346, batch accuracy: 62.50, data load time: 0.00024, step time: 0.00806,
epoch: [2], step: [737/1581], batch loss: 0.98099, batch accuracy: 65.62, data load time: 0.00054, step time: 0.00797,
epoch: [2], step: [1037/1581], batch loss: 0.89628, batch accuracy: 65.62, data load time: 0.00030, step time: 0.01248,
epoch: [2], step: [1337/1581], batch loss: 0.94734, batch accuracy: 68.75, data load time: 0.00023, step time: 0.01189,
epoch: [3], step: [56/1581], batch loss: 1.15419, batch accuracy: 56.25, data load time: 0.00291, step time: 0.00977,
epoch: [3], step: [356/1581], batch loss: 1.01686, batch accuracy: 56.25, data load time: 0.00216, step time: 0.01036,
epoch: [3], step: [656/1581], batch loss: 1.12047, batch accuracy: 62.50, data load time: 0.00029, step time: 0.00806,
epoch: [3], step: [956/1581], batch loss: 0.91922, batch accuracy: 59.38, data load time: 0.00022, step time: 0.00829,
epoch: [3], step: [1256/1581], batch loss: 1.16136, batch accuracy: 65.62, data load time: 0.00022, step time: 0.01010,
epoch: [3], step: [1556/1581], batch loss: 0.77761, batch accuracy: 68.75, data load time: 0.00012, step time: 0.00730,
epoch: [4], step: [275/1581], batch loss: 0.71195, batch accuracy: 71.88, data load time: 0.00030, step time: 0.01259,
epoch: [4], step: [575/1581], batch loss: 0.86690, batch accuracy: 53.12, data load time: 0.00023, step time: 0.00801,
epoch: [4], step: [875/1581], batch loss: 0.81078, batch accuracy: 71.88, data load time: 0.00390, step time: 0.00844,
epoch: [4], step: [1175/1581], batch loss: 0.88441, batch accuracy: 68.75, data load time: 0.00307, step time: 0.00915,
epoch: [4], step: [1475/1581], batch loss: 0.56596, batch accuracy: 75.00, data load time: 0.00030, step time: 0.01048,
validation loss: 1.03769, accuracy: 69.91, class_accuracy: [83.05084745762711, 65.78947368421052, 74.35897435897436, 53.982300884955755, 49.152542372881356, 78.89908256880734, 100.0, 93.80530973451327, 56.12244897959184, 61.016949152542374]
class_avg: 71.61779291941039
epoch: [5], step: [194/1581], batch loss: 0.88785, batch accuracy: 65.62, data load time: 0.00025, step time: 0.00943,
epoch: [5], step: [494/1581], batch loss: 0.70985, batch accuracy: 81.25, data load time: 0.00030, step time: 0.00812,
epoch: [5], step: [794/1581], batch loss: 0.56965, batch accuracy: 81.25, data load time: 0.00032, step time: 0.01526,
epoch: [5], step: [1094/1581], batch loss: 0.70229, batch accuracy: 68.75, data load time: 0.00023, step time: 0.00843,
epoch: [5], step: [1394/1581], batch loss: 1.03442, batch accuracy: 68.75, data load time: 0.00028, step time: 0.00940,
epoch: [6], step: [113/1581], batch loss: 0.75927, batch accuracy: 81.25, data load time: 0.00024, step time: 0.00858,
epoch: [6], step: [413/1581], batch loss: 1.13371, batch accuracy: 65.62, data load time: 0.00022, step time: 0.00804,
epoch: [6], step: [713/1581], batch loss: 0.87360, batch accuracy: 71.88, data load time: 0.00028, step time: 0.01139,
epoch: [6], step: [1013/1581], batch loss: 0.87126, batch accuracy: 65.62, data load time: 0.00034, step time: 0.00818,
epoch: [6], step: [1313/1581], batch loss: 0.77933, batch accuracy: 71.88, data load time: 0.00023, step time: 0.01273,
epoch: [7], step: [32/1581], batch loss: 0.68862, batch accuracy: 78.12, data load time: 0.00037, step time: 0.00858,
epoch: [7], step: [332/1581], batch loss: 0.71574, batch accuracy: 65.62, data load time: 0.00029, step time: 0.01384,
epoch: [7], step: [632/1581], batch loss: 1.15764, batch accuracy: 56.25, data load time: 0.00055, step time: 0.00807,
epoch: [7], step: [932/1581], batch loss: 0.66069, batch accuracy: 68.75, data load time: 0.00032, step time: 0.00837,
epoch: [7], step: [1232/1581], batch loss: 0.66820, batch accuracy: 75.00, data load time: 0.00214, step time: 0.01061,
epoch: [7], step: [1532/1581], batch loss: 0.89467, batch accuracy: 65.62, data load time: 0.00019, step time: 0.01078,
epoch: [8], step: [251/1581], batch loss: 0.98716, batch accuracy: 62.50, data load time: 0.00028, step time: 0.00830,
epoch: [8], step: [551/1581], batch loss: 0.75104, batch accuracy: 71.88, data load time: 0.00039, step time: 0.00859,
epoch: [8], step: [851/1581], batch loss: 0.79527, batch accuracy: 65.62, data load time: 0.00400, step time: 0.00853,
epoch: [8], step: [1151/1581], batch loss: 0.96789, batch accuracy: 68.75, data load time: 0.00242, step time: 0.00983,
epoch: [8], step: [1451/1581], batch loss: 0.70698, batch accuracy: 78.12, data load time: 0.00025, step time: 0.01260,
epoch: [9], step: [170/1581], batch loss: 0.42433, batch accuracy: 87.50, data load time: 0.00022, step time: 0.00797,
epoch: [9], step: [470/1581], batch loss: 0.76140, batch accuracy: 71.88, data load time: 0.00402, step time: 0.00887,
epoch: [9], step: [770/1581], batch loss: 0.84727, batch accuracy: 75.00, data load time: 0.00023, step time: 0.00908,
epoch: [9], step: [1070/1581], batch loss: 0.73216, batch accuracy: 65.62, data load time: 0.00022, step time: 0.00809,
epoch: [9], step: [1370/1581], batch loss: 1.05629, batch accuracy: 62.50, data load time: 0.00021, step time: 0.00787,
validation loss: 0.81083, accuracy: 74.92, class_accuracy: [73.72881355932203, 68.42105263157895, 81.19658119658119, 63.716814159292035, 74.57627118644068, 84.40366972477064, 97.14285714285714, 96.46017699115045, 57.142857142857146, 61.86440677966102]
class_avg: 75.86535005145113
epoch: [10], step: [89/1581], batch loss: 0.53240, batch accuracy: 71.88, data load time: 0.00023, step time: 0.00995,
epoch: [10], step: [389/1581], batch loss: 0.91981, batch accuracy: 68.75, data load time: 0.00022, step time: 0.00787,
epoch: [10], step: [689/1581], batch loss: 0.78961, batch accuracy: 78.12, data load time: 0.00021, step time: 0.00849,
epoch: [10], step: [989/1581], batch loss: 0.46594, batch accuracy: 71.88, data load time: 0.00382, step time: 0.00873,
epoch: [10], step: [1289/1581], batch loss: 0.72733, batch accuracy: 84.38, data load time: 0.00021, step time: 0.00793,
epoch: [11], step: [8/1581], batch loss: 1.26576, batch accuracy: 68.75, data load time: 0.00034, step time: 0.00822,
epoch: [11], step: [308/1581], batch loss: 0.69853, batch accuracy: 71.88, data load time: 0.00344, step time: 0.00841,
epoch: [11], step: [608/1581], batch loss: 0.46696, batch accuracy: 84.38, data load time: 0.00031, step time: 0.01526,
epoch: [11], step: [908/1581], batch loss: 0.71304, batch accuracy: 71.88, data load time: 0.00025, step time: 0.00858,
epoch: [11], step: [1208/1581], batch loss: 0.65033, batch accuracy: 78.12, data load time: 0.00024, step time: 0.01609,
epoch: [11], step: [1508/1581], batch loss: 0.67248, batch accuracy: 81.25, data load time: 0.00343, step time: 0.01247,
epoch: [12], step: [227/1581], batch loss: 0.57185, batch accuracy: 75.00, data load time: 0.00022, step time: 0.00889,
epoch: [12], step: [527/1581], batch loss: 0.62706, batch accuracy: 75.00, data load time: 0.00031, step time: 0.01004,
epoch: [12], step: [827/1581], batch loss: 0.63967, batch accuracy: 78.12, data load time: 0.00022, step time: 0.01310,
epoch: [12], step: [1127/1581], batch loss: 0.81338, batch accuracy: 53.12, data load time: 0.00286, step time: 0.00967,
epoch: [12], step: [1427/1581], batch loss: 0.53123, batch accuracy: 90.62, data load time: 0.00023, step time: 0.00826,
epoch: [13], step: [146/1581], batch loss: 0.63004, batch accuracy: 75.00, data load time: 0.00023, step time: 0.00800,
epoch: [13], step: [446/1581], batch loss: 0.74008, batch accuracy: 71.88, data load time: 0.00026, step time: 0.00813,
epoch: [13], step: [746/1581], batch loss: 0.39017, batch accuracy: 93.75, data load time: 0.00383, step time: 0.00896,
epoch: [13], step: [1046/1581], batch loss: 0.51169, batch accuracy: 87.50, data load time: 0.00291, step time: 0.00957,
epoch: [13], step: [1346/1581], batch loss: 0.68200, batch accuracy: 75.00, data load time: 0.00425, step time: 0.01037,
epoch: [14], step: [65/1581], batch loss: 0.70486, batch accuracy: 75.00, data load time: 0.00022, step time: 0.00785,
epoch: [14], step: [365/1581], batch loss: 0.51974, batch accuracy: 81.25, data load time: 0.00021, step time: 0.01252,
epoch: [14], step: [665/1581], batch loss: 0.47505, batch accuracy: 78.12, data load time: 0.00021, step time: 0.00886,
epoch: [14], step: [965/1581], batch loss: 0.80599, batch accuracy: 68.75, data load time: 0.00023, step time: 0.00808,
epoch: [14], step: [1265/1581], batch loss: 0.85354, batch accuracy: 71.88, data load time: 0.00027, step time: 0.00867,
epoch: [14], step: [1565/1581], batch loss: 0.52970, batch accuracy: 84.38, data load time: 0.00012, step time: 0.00727,
validation loss: 0.73883, accuracy: 77.28, class_accuracy: [60.16949152542373, 86.84210526315789, 70.94017094017094, 74.33628318584071, 81.35593220338983, 83.4862385321101, 97.14285714285714, 94.69026548672566, 59.183673469387756, 83.05084745762711]
class_avg: 79.11978652066908
epoch: [15], step: [284/1581], batch loss: 0.30688, batch accuracy: 90.62, data load time: 0.00030, step time: 0.00975,
epoch: [15], step: [584/1581], batch loss: 0.49091, batch accuracy: 87.50, data load time: 0.00022, step time: 0.00801,
epoch: [15], step: [884/1581], batch loss: 0.87412, batch accuracy: 75.00, data load time: 0.00022, step time: 0.00811,
epoch: [15], step: [1184/1581], batch loss: 0.56028, batch accuracy: 84.38, data load time: 0.00337, step time: 0.00951,
epoch: [15], step: [1484/1581], batch loss: 0.55927, batch accuracy: 84.38, data load time: 0.00032, step time: 0.01363,
epoch: [16], step: [203/1581], batch loss: 0.39794, batch accuracy: 84.38, data load time: 0.00033, step time: 0.00790,
epoch: [16], step: [503/1581], batch loss: 0.27543, batch accuracy: 93.75, data load time: 0.00024, step time: 0.00808,
epoch: [16], step: [803/1581], batch loss: 0.71116, batch accuracy: 68.75, data load time: 0.00021, step time: 0.01356,
epoch: [16], step: [1103/1581], batch loss: 0.86170, batch accuracy: 68.75, data load time: 0.00024, step time: 0.00800,
epoch: [16], step: [1403/1581], batch loss: 0.56149, batch accuracy: 81.25, data load time: 0.00033, step time: 0.01011,
epoch: [17], step: [122/1581], batch loss: 0.40165, batch accuracy: 90.62, data load time: 0.00024, step time: 0.01256,
epoch: [17], step: [422/1581], batch loss: 0.79207, batch accuracy: 84.38, data load time: 0.00050, step time: 0.00804,
epoch: [17], step: [722/1581], batch loss: 0.63732, batch accuracy: 78.12, data load time: 0.00024, step time: 0.00799,
epoch: [17], step: [1022/1581], batch loss: 0.77110, batch accuracy: 75.00, data load time: 0.00023, step time: 0.00802,
epoch: [17], step: [1322/1581], batch loss: 0.72735, batch accuracy: 87.50, data load time: 0.00031, step time: 0.00856,
epoch: [18], step: [41/1581], batch loss: 0.72381, batch accuracy: 65.62, data load time: 0.00023, step time: 0.01405,
epoch: [18], step: [341/1581], batch loss: 0.58948, batch accuracy: 84.38, data load time: 0.00025, step time: 0.00808,
epoch: [18], step: [641/1581], batch loss: 0.68883, batch accuracy: 68.75, data load time: 0.00022, step time: 0.00986,
epoch: [18], step: [941/1581], batch loss: 0.45323, batch accuracy: 84.38, data load time: 0.00023, step time: 0.01108,
epoch: [18], step: [1241/1581], batch loss: 0.36914, batch accuracy: 87.50, data load time: 0.00220, step time: 0.01035,
epoch: [18], step: [1541/1581], batch loss: 1.01328, batch accuracy: 56.25, data load time: 0.00016, step time: 0.00782,
epoch: [19], step: [260/1581], batch loss: 0.50077, batch accuracy: 71.88, data load time: 0.00059, step time: 0.01822,
epoch: [19], step: [560/1581], batch loss: 0.83986, batch accuracy: 81.25, data load time: 0.00025, step time: 0.00869,
epoch: [19], step: [860/1581], batch loss: 0.58520, batch accuracy: 78.12, data load time: 0.00349, step time: 0.00883,
epoch: [19], step: [1160/1581], batch loss: 0.43246, batch accuracy: 93.75, data load time: 0.00217, step time: 0.01073,
epoch: [19], step: [1460/1581], batch loss: 0.43283, batch accuracy: 84.38, data load time: 0.00046, step time: 0.00810,
validation loss: 0.76016, accuracy: 75.23, class_accuracy: [64.40677966101696, 84.21052631578948, 82.90598290598291, 68.14159292035399, 66.94915254237289, 78.89908256880734, 100.0, 92.92035398230088, 58.16326530612245, 77.11864406779661]
class_avg: 77.37153802705434
epoch: [20], step: [179/1581], batch loss: 0.57976, batch accuracy: 87.50, data load time: 0.00607, step time: 0.00786,
epoch: [20], step: [479/1581], batch loss: 0.60352, batch accuracy: 78.12, data load time: 0.00030, step time: 0.01089,
epoch: [20], step: [779/1581], batch loss: 0.74954, batch accuracy: 75.00, data load time: 0.00022, step time: 0.00825,
epoch: [20], step: [1079/1581], batch loss: 0.53087, batch accuracy: 81.25, data load time: 0.00332, step time: 0.00999,
epoch: [20], step: [1379/1581], batch loss: 0.57372, batch accuracy: 81.25, data load time: 0.00023, step time: 0.00809,
epoch: [21], step: [98/1581], batch loss: 0.69588, batch accuracy: 78.12, data load time: 0.00021, step time: 0.01134,
epoch: [21], step: [398/1581], batch loss: 0.48098, batch accuracy: 87.50, data load time: 0.00021, step time: 0.00787,
epoch: [21], step: [698/1581], batch loss: 0.83835, batch accuracy: 75.00, data load time: 0.00035, step time: 0.00953,
epoch: [21], step: [998/1581], batch loss: 0.56752, batch accuracy: 75.00, data load time: 0.00307, step time: 0.00862,
epoch: [21], step: [1298/1581], batch loss: 0.54394, batch accuracy: 84.38, data load time: 0.00022, step time: 0.00829,
epoch: [22], step: [17/1581], batch loss: 0.62860, batch accuracy: 84.38, data load time: 0.00454, step time: 0.00876,
epoch: [22], step: [317/1581], batch loss: 0.47230, batch accuracy: 81.25, data load time: 0.00021, step time: 0.00789,
epoch: [22], step: [617/1581], batch loss: 0.67170, batch accuracy: 81.25, data load time: 0.00340, step time: 0.00961,
epoch: [22], step: [917/1581], batch loss: 0.62225, batch accuracy: 78.12, data load time: 0.00025, step time: 0.00796,
epoch: [22], step: [1217/1581], batch loss: 0.70566, batch accuracy: 71.88, data load time: 0.00317, step time: 0.00848,
epoch: [22], step: [1517/1581], batch loss: 0.69224, batch accuracy: 81.25, data load time: 0.00021, step time: 0.00827,
epoch: [23], step: [236/1581], batch loss: 0.60859, batch accuracy: 78.12, data load time: 0.00023, step time: 0.00835,
epoch: [23], step: [536/1581], batch loss: 0.60992, batch accuracy: 78.12, data load time: 0.00022, step time: 0.00796,
epoch: [23], step: [836/1581], batch loss: 0.61476, batch accuracy: 75.00, data load time: 0.00022, step time: 0.00811,
epoch: [23], step: [1136/1581], batch loss: 0.38762, batch accuracy: 90.62, data load time: 0.00684, step time: 0.00874,
epoch: [23], step: [1436/1581], batch loss: 0.61491, batch accuracy: 78.12, data load time: 0.00032, step time: 0.00848,
epoch: [24], step: [155/1581], batch loss: 0.44135, batch accuracy: 75.00, data load time: 0.00022, step time: 0.00783,
epoch: [24], step: [455/1581], batch loss: 0.53115, batch accuracy: 84.38, data load time: 0.00024, step time: 0.00794,
epoch: [24], step: [755/1581], batch loss: 0.80411, batch accuracy: 65.62, data load time: 0.00356, step time: 0.01042,
epoch: [24], step: [1055/1581], batch loss: 0.57182, batch accuracy: 81.25, data load time: 0.00023, step time: 0.00792,
epoch: [24], step: [1355/1581], batch loss: 0.65318, batch accuracy: 81.25, data load time: 0.00023, step time: 0.00794,
validation loss: 0.78379, accuracy: 75.74, class_accuracy: [68.64406779661017, 89.47368421052632, 88.88888888888889, 61.94690265486726, 77.96610169491525, 88.9908256880734, 100.0, 76.99115044247787, 58.16326530612245, 70.33898305084746]
class_avg: 78.1403869733329
epoch: [25], step: [74/1581], batch loss: 1.02226, batch accuracy: 65.62, data load time: 0.00026, step time: 0.00851,
epoch: [25], step: [374/1581], batch loss: 0.90349, batch accuracy: 81.25, data load time: 0.00033, step time: 0.00796,
epoch: [25], step: [674/1581], batch loss: 0.73923, batch accuracy: 78.12, data load time: 0.00583, step time: 0.00987,
epoch: [25], step: [974/1581], batch loss: 0.48497, batch accuracy: 81.25, data load time: 0.00022, step time: 0.00822,
epoch: [25], step: [1274/1581], batch loss: 0.59393, batch accuracy: 81.25, data load time: 0.00060, step time: 0.01103,
epoch: [25], step: [1574/1581], batch loss: 0.47609, batch accuracy: 81.25, data load time: 0.00011, step time: 0.00729,
epoch: [26], step: [293/1581], batch loss: 0.89638, batch accuracy: 75.00, data load time: 0.00653, step time: 0.01343,
epoch: [26], step: [593/1581], batch loss: 0.46900, batch accuracy: 90.62, data load time: 0.00030, step time: 0.01415,
epoch: [26], step: [893/1581], batch loss: 0.49712, batch accuracy: 81.25, data load time: 0.00024, step time: 0.01187,
epoch: [26], step: [1193/1581], batch loss: 0.43961, batch accuracy: 84.38, data load time: 0.00181, step time: 0.01020,
epoch: [26], step: [1493/1581], batch loss: 0.49331, batch accuracy: 81.25, data load time: 0.00023, step time: 0.01069,
epoch: [27], step: [212/1581], batch loss: 0.39537, batch accuracy: 78.12, data load time: 0.00024, step time: 0.01075,
epoch: [27], step: [512/1581], batch loss: 0.81794, batch accuracy: 71.88, data load time: 0.00310, step time: 0.00930,
epoch: [27], step: [812/1581], batch loss: 0.57439, batch accuracy: 87.50, data load time: 0.00349, step time: 0.00865,
epoch: [27], step: [1112/1581], batch loss: 0.56228, batch accuracy: 78.12, data load time: 0.00024, step time: 0.00870,
epoch: [27], step: [1412/1581], batch loss: 0.57359, batch accuracy: 81.25, data load time: 0.00023, step time: 0.00864,
epoch: [28], step: [131/1581], batch loss: 0.32184, batch accuracy: 90.62, data load time: 0.00021, step time: 0.01206,
epoch: [28], step: [431/1581], batch loss: 0.42266, batch accuracy: 87.50, data load time: 0.00026, step time: 0.00858,
epoch: [28], step: [731/1581], batch loss: 0.37418, batch accuracy: 87.50, data load time: 0.00021, step time: 0.00786,
epoch: [28], step: [1031/1581], batch loss: 0.58619, batch accuracy: 75.00, data load time: 0.01260, step time: 0.00842,
epoch: [28], step: [1331/1581], batch loss: 0.34027, batch accuracy: 96.88, data load time: 0.00319, step time: 0.00871,
epoch: [29], step: [50/1581], batch loss: 0.75753, batch accuracy: 65.62, data load time: 0.00309, step time: 0.01010,
epoch: [29], step: [350/1581], batch loss: 0.49150, batch accuracy: 78.12, data load time: 0.00023, step time: 0.00838,
epoch: [29], step: [650/1581], batch loss: 0.39664, batch accuracy: 90.62, data load time: 0.00024, step time: 0.00805,
epoch: [29], step: [950/1581], batch loss: 0.87895, batch accuracy: 71.88, data load time: 0.00023, step time: 0.00819,
epoch: [29], step: [1250/1581], batch loss: 0.64347, batch accuracy: 78.12, data load time: 0.00031, step time: 0.01099,
epoch: [29], step: [1550/1581], batch loss: 0.45894, batch accuracy: 84.38, data load time: 0.00011, step time: 0.00730,
validation loss: 0.75682, accuracy: 76.05, class_accuracy: [67.79661016949153, 86.84210526315789, 83.76068376068376, 69.02654867256638, 81.35593220338983, 77.98165137614679, 97.14285714285714, 90.26548672566372, 53.06122448979592, 72.03389830508475]
class_avg: 77.92669981088378
epoch: [30], step: [269/1581], batch loss: 0.47149, batch accuracy: 78.12, data load time: 0.00332, step time: 0.00885,
epoch: [30], step: [569/1581], batch loss: 0.50521, batch accuracy: 84.38, data load time: 0.00406, step time: 0.00983,
epoch: [30], step: [869/1581], batch loss: 0.58330, batch accuracy: 84.38, data load time: 0.00024, step time: 0.00816,
epoch: [30], step: [1169/1581], batch loss: 0.80290, batch accuracy: 78.12, data load time: 0.00023, step time: 0.01217,
epoch: [30], step: [1469/1581], batch loss: 0.47595, batch accuracy: 78.12, data load time: 0.00033, step time: 0.01059,
epoch: [31], step: [188/1581], batch loss: 1.05038, batch accuracy: 62.50, data load time: 0.00023, step time: 0.00886,
epoch: [31], step: [488/1581], batch loss: 0.59159, batch accuracy: 75.00, data load time: 0.00024, step time: 0.00856,
epoch: [31], step: [788/1581], batch loss: 0.34109, batch accuracy: 93.75, data load time: 0.00026, step time: 0.00818,
epoch: [31], step: [1088/1581], batch loss: 0.59234, batch accuracy: 78.12, data load time: 0.00024, step time: 0.00832,
epoch: [31], step: [1388/1581], batch loss: 0.67345, batch accuracy: 75.00, data load time: 0.00226, step time: 0.01087,
epoch: [32], step: [107/1581], batch loss: 0.39246, batch accuracy: 90.62, data load time: 0.00034, step time: 0.01026,
epoch: [32], step: [407/1581], batch loss: 0.48587, batch accuracy: 81.25, data load time: 0.00306, step time: 0.00943,
epoch: [32], step: [707/1581], batch loss: 0.43867, batch accuracy: 84.38, data load time: 0.00022, step time: 0.01058,
epoch: [32], step: [1007/1581], batch loss: 0.42274, batch accuracy: 87.50, data load time: 0.00022, step time: 0.01075,
epoch: [32], step: [1307/1581], batch loss: 0.44154, batch accuracy: 87.50, data load time: 0.00532, step time: 0.01265,
epoch: [33], step: [26/1581], batch loss: 0.40618, batch accuracy: 87.50, data load time: 0.00023, step time: 0.01889,
epoch: [33], step: [326/1581], batch loss: 0.59105, batch accuracy: 81.25, data load time: 0.00025, step time: 0.00802,
epoch: [33], step: [626/1581], batch loss: 0.54213, batch accuracy: 81.25, data load time: 0.00024, step time: 0.00992,
epoch: [33], step: [926/1581], batch loss: 0.53070, batch accuracy: 84.38, data load time: 0.00025, step time: 0.00830,
epoch: [33], step: [1226/1581], batch loss: 0.49377, batch accuracy: 81.25, data load time: 0.00022, step time: 0.00996,
epoch: [33], step: [1526/1581], batch loss: 0.58216, batch accuracy: 81.25, data load time: 0.00018, step time: 0.00816,
epoch: [34], step: [245/1581], batch loss: 0.29226, batch accuracy: 90.62, data load time: 0.00022, step time: 0.00888,
epoch: [34], step: [545/1581], batch loss: 0.69680, batch accuracy: 78.12, data load time: 0.00316, step time: 0.01240,
epoch: [34], step: [845/1581], batch loss: 0.81974, batch accuracy: 71.88, data load time: 0.00025, step time: 0.00825,
epoch: [34], step: [1145/1581], batch loss: 0.50218, batch accuracy: 78.12, data load time: 0.00023, step time: 0.00809,
epoch: [34], step: [1445/1581], batch loss: 0.48804, batch accuracy: 90.62, data load time: 0.00361, step time: 0.00864,
validation loss: 0.71576, accuracy: 76.36, class_accuracy: [73.72881355932203, 73.6842105263158, 80.34188034188034, 79.64601769911505, 77.11864406779661, 80.73394495412845, 97.14285714285714, 78.76106194690266, 59.183673469387756, 73.72881355932203]
class_avg: 77.40699172670278
epoch: [35], step: [164/1581], batch loss: 0.46685, batch accuracy: 84.38, data load time: 0.00043, step time: 0.00829,
epoch: [35], step: [464/1581], batch loss: 0.72657, batch accuracy: 71.88, data load time: 0.00401, step time: 0.00925,
epoch: [35], step: [764/1581], batch loss: 0.72631, batch accuracy: 81.25, data load time: 0.00022, step time: 0.01077,
epoch: [35], step: [1064/1581], batch loss: 0.39304, batch accuracy: 87.50, data load time: 0.00077, step time: 0.01124,
epoch: [35], step: [1364/1581], batch loss: 0.39756, batch accuracy: 93.75, data load time: 0.00024, step time: 0.00856,
epoch: [36], step: [83/1581], batch loss: 0.51306, batch accuracy: 75.00, data load time: 0.00021, step time: 0.01085,
epoch: [36], step: [383/1581], batch loss: 0.71057, batch accuracy: 75.00, data load time: 0.00026, step time: 0.00815,
epoch: [36], step: [683/1581], batch loss: 0.63789, batch accuracy: 78.12, data load time: 0.00024, step time: 0.01018,
epoch: [36], step: [983/1581], batch loss: 0.72689, batch accuracy: 68.75, data load time: 0.00333, step time: 0.00919,
epoch: [36], step: [1283/1581], batch loss: 0.44762, batch accuracy: 87.50, data load time: 0.00024, step time: 0.01063,
epoch: [37], step: [2/1581], batch loss: 0.38106, batch accuracy: 96.88, data load time: 0.00020, step time: 0.01182,
epoch: [37], step: [302/1581], batch loss: 0.34638, batch accuracy: 90.62, data load time: 0.00027, step time: 0.00793,
epoch: [37], step: [602/1581], batch loss: 0.38357, batch accuracy: 84.38, data load time: 0.00054, step time: 0.00810,
epoch: [37], step: [902/1581], batch loss: 0.20655, batch accuracy: 93.75, data load time: 0.00414, step time: 0.00909,
epoch: [37], step: [1202/1581], batch loss: 0.34608, batch accuracy: 87.50, data load time: 0.00365, step time: 0.02818,
epoch: [37], step: [1502/1581], batch loss: 0.48800, batch accuracy: 81.25, data load time: 0.00025, step time: 0.00881,
epoch: [38], step: [221/1581], batch loss: 0.40591, batch accuracy: 87.50, data load time: 0.00024, step time: 0.00925,
epoch: [38], step: [521/1581], batch loss: 0.37897, batch accuracy: 87.50, data load time: 0.00024, step time: 0.00827,
epoch: [38], step: [821/1581], batch loss: 0.52620, batch accuracy: 84.38, data load time: 0.00022, step time: 0.00826,
epoch: [38], step: [1121/1581], batch loss: 0.52473, batch accuracy: 84.38, data load time: 0.00024, step time: 0.01077,
epoch: [38], step: [1421/1581], batch loss: 0.56208, batch accuracy: 84.38, data load time: 0.00313, step time: 0.00921,
epoch: [39], step: [140/1581], batch loss: 0.52475, batch accuracy: 78.12, data load time: 0.00026, step time: 0.00810,
epoch: [39], step: [440/1581], batch loss: 0.46068, batch accuracy: 81.25, data load time: 0.00362, step time: 0.00798,
epoch: [39], step: [740/1581], batch loss: 0.40703, batch accuracy: 78.12, data load time: 0.00030, step time: 0.00838,
epoch: [39], step: [1040/1581], batch loss: 0.41681, batch accuracy: 81.25, data load time: 0.00022, step time: 0.01192,
epoch: [39], step: [1340/1581], batch loss: 0.58912, batch accuracy: 78.12, data load time: 0.00021, step time: 0.01142,
validation loss: 0.69432, accuracy: 77.99, class_accuracy: [81.35593220338983, 73.6842105263158, 76.06837606837607, 77.87610619469027, 81.35593220338983, 78.89908256880734, 97.14285714285714, 81.41592920353982, 61.224489795918366, 78.8135593220339]
class_avg: 78.78364752293183
epoch: [40], step: [59/1581], batch loss: 0.48986, batch accuracy: 78.12, data load time: 0.00027, step time: 0.00859,
epoch: [40], step: [359/1581], batch loss: 0.36164, batch accuracy: 84.38, data load time: 0.00027, step time: 0.00918,
epoch: [40], step: [659/1581], batch loss: 0.85644, batch accuracy: 81.25, data load time: 0.00028, step time: 0.00813,
epoch: [40], step: [959/1581], batch loss: 0.45284, batch accuracy: 78.12, data load time: 0.00025, step time: 0.01037,
epoch: [40], step: [1259/1581], batch loss: 0.43017, batch accuracy: 84.38, data load time: 0.00035, step time: 0.00806,
epoch: [40], step: [1559/1581], batch loss: 0.96801, batch accuracy: 78.12, data load time: 0.00011, step time: 0.00729,
epoch: [41], step: [278/1581], batch loss: 0.33016, batch accuracy: 93.75, data load time: 0.00372, step time: 0.00928,
epoch: [41], step: [578/1581], batch loss: 0.28931, batch accuracy: 90.62, data load time: 0.00024, step time: 0.00895,
epoch: [41], step: [878/1581], batch loss: 0.43357, batch accuracy: 84.38, data load time: 0.00031, step time: 0.00817,
epoch: [41], step: [1178/1581], batch loss: 0.61175, batch accuracy: 81.25, data load time: 0.00023, step time: 0.00902,
epoch: [41], step: [1478/1581], batch loss: 0.43368, batch accuracy: 90.62, data load time: 0.00024, step time: 0.00900,
epoch: [42], step: [197/1581], batch loss: 0.63678, batch accuracy: 78.12, data load time: 0.00390, step time: 0.00859,
epoch: [42], step: [497/1581], batch loss: 0.43762, batch accuracy: 90.62, data load time: 0.00021, step time: 0.00844,
epoch: [42], step: [797/1581], batch loss: 0.31881, batch accuracy: 87.50, data load time: 0.00025, step time: 0.00815,
epoch: [42], step: [1097/1581], batch loss: 0.91242, batch accuracy: 75.00, data load time: 0.00025, step time: 0.00793,
epoch: [42], step: [1397/1581], batch loss: 0.54231, batch accuracy: 90.62, data load time: 0.00031, step time: 0.00856,
epoch: [43], step: [116/1581], batch loss: 0.32048, batch accuracy: 84.38, data load time: 0.00023, step time: 0.00795,
epoch: [43], step: [416/1581], batch loss: 1.23596, batch accuracy: 71.88, data load time: 0.00278, step time: 0.01025,
epoch: [43], step: [716/1581], batch loss: 0.75962, batch accuracy: 75.00, data load time: 0.00395, step time: 0.00990,
epoch: [43], step: [1016/1581], batch loss: 0.55106, batch accuracy: 87.50, data load time: 0.00417, step time: 0.00833,
epoch: [43], step: [1316/1581], batch loss: 0.67473, batch accuracy: 78.12, data load time: 0.00021, step time: 0.01197,
epoch: [44], step: [35/1581], batch loss: 0.64463, batch accuracy: 78.12, data load time: 0.00031, step time: 0.00889,
epoch: [44], step: [335/1581], batch loss: 0.58874, batch accuracy: 84.38, data load time: 0.00025, step time: 0.00794,
epoch: [44], step: [635/1581], batch loss: 0.68209, batch accuracy: 75.00, data load time: 0.00023, step time: 0.00872,
epoch: [44], step: [935/1581], batch loss: 0.27894, batch accuracy: 93.75, data load time: 0.00291, step time: 0.00882,
epoch: [44], step: [1235/1581], batch loss: 0.64811, batch accuracy: 78.12, data load time: 0.00023, step time: 0.00809,
epoch: [44], step: [1535/1581], batch loss: 0.44319, batch accuracy: 84.38, data load time: 0.00017, step time: 0.00800,
validation loss: 0.70352, accuracy: 77.99, class_accuracy: [82.20338983050847, 76.3157894736842, 80.34188034188034, 67.2566371681416, 83.89830508474576, 80.73394495412845, 97.14285714285714, 82.30088495575221, 59.183673469387756, 79.66101694915254]
class_avg: 78.90383793702384
epoch: [45], step: [254/1581], batch loss: 0.65113, batch accuracy: 78.12, data load time: 0.00032, step time: 0.00830,
epoch: [45], step: [554/1581], batch loss: 0.37049, batch accuracy: 84.38, data load time: 0.00022, step time: 0.00800,
epoch: [45], step: [854/1581], batch loss: 0.62899, batch accuracy: 71.88, data load time: 0.00026, step time: 0.00843,
epoch: [45], step: [1154/1581], batch loss: 0.50803, batch accuracy: 81.25, data load time: 0.00024, step time: 0.00809,
epoch: [45], step: [1454/1581], batch loss: 0.48318, batch accuracy: 81.25, data load time: 0.00309, step time: 0.01096,
epoch: [46], step: [173/1581], batch loss: 0.50517, batch accuracy: 87.50, data load time: 0.00023, step time: 0.00843,
epoch: [46], step: [473/1581], batch loss: 0.56543, batch accuracy: 87.50, data load time: 0.00299, step time: 0.00995,
epoch: [46], step: [773/1581], batch loss: 0.62041, batch accuracy: 75.00, data load time: 0.00235, step time: 0.01028,
epoch: [46], step: [1073/1581], batch loss: 0.41179, batch accuracy: 81.25, data load time: 0.00021, step time: 0.00856,
epoch: [46], step: [1373/1581], batch loss: 0.58290, batch accuracy: 78.12, data load time: 0.00219, step time: 0.01070,
epoch: [47], step: [92/1581], batch loss: 0.58470, batch accuracy: 78.12, data load time: 0.00022, step time: 0.00833,
epoch: [47], step: [392/1581], batch loss: 0.42911, batch accuracy: 84.38, data load time: 0.00068, step time: 0.01018,
epoch: [47], step: [692/1581], batch loss: 0.77883, batch accuracy: 71.88, data load time: 0.00299, step time: 0.00797,
epoch: [47], step: [992/1581], batch loss: 0.34012, batch accuracy: 84.38, data load time: 0.00026, step time: 0.01370,
epoch: [47], step: [1292/1581], batch loss: 0.63667, batch accuracy: 81.25, data load time: 0.00027, step time: 0.00813,
epoch: [48], step: [11/1581], batch loss: 0.67500, batch accuracy: 71.88, data load time: 0.00023, step time: 0.00916,
epoch: [48], step: [311/1581], batch loss: 0.39651, batch accuracy: 87.50, data load time: 0.00030, step time: 0.01451,
epoch: [48], step: [611/1581], batch loss: 0.50154, batch accuracy: 81.25, data load time: 0.00022, step time: 0.00801,
epoch: [48], step: [911/1581], batch loss: 0.53712, batch accuracy: 81.25, data load time: 0.00337, step time: 0.00855,
epoch: [48], step: [1211/1581], batch loss: 0.74469, batch accuracy: 78.12, data load time: 0.00333, step time: 0.00980,
epoch: [48], step: [1511/1581], batch loss: 0.67117, batch accuracy: 78.12, data load time: 0.00308, step time: 0.00926,
epoch: [49], step: [230/1581], batch loss: 0.72031, batch accuracy: 68.75, data load time: 0.00023, step time: 0.01065,
epoch: [49], step: [530/1581], batch loss: 0.42310, batch accuracy: 87.50, data load time: 0.00023, step time: 0.00799,
epoch: [49], step: [830/1581], batch loss: 0.38414, batch accuracy: 84.38, data load time: 0.00039, step time: 0.00945,
epoch: [49], step: [1130/1581], batch loss: 0.28432, batch accuracy: 87.50, data load time: 0.00025, step time: 0.01256,
epoch: [49], step: [1430/1581], batch loss: 0.35755, batch accuracy: 87.50, data load time: 0.00032, step time: 0.00934,
validation loss: 0.74890, accuracy: 76.97, class_accuracy: [77.96610169491525, 71.05263157894737, 84.61538461538461, 53.982300884955755, 80.50847457627118, 75.22935779816514, 100.0, 95.57522123893806, 54.08163265306123, 84.7457627118644]
class_avg: 77.7756867752503
Total time taken: 951.4754049777985
