Using CUDA...
Writing logs to logs/CNN_bn_epochs=50_dropout=0.5_bs=32_optim=SGD_decay=1e-05_lr=0.001_momentum=0.9_mode=MC_run_0
epoch: [0], step: [299/1581], batch loss: 2.06502, batch accuracy: 25.00, data load time: 0.00015, step time: 0.00729,
epoch: [0], step: [599/1581], batch loss: 1.72650, batch accuracy: 34.38, data load time: 0.00019, step time: 0.00730,
epoch: [0], step: [899/1581], batch loss: 1.81239, batch accuracy: 37.50, data load time: 0.00014, step time: 0.01029,
epoch: [0], step: [1199/1581], batch loss: 1.40362, batch accuracy: 40.62, data load time: 0.00216, step time: 0.00759,
epoch: [0], step: [1499/1581], batch loss: 1.36573, batch accuracy: 56.25, data load time: 0.00014, step time: 0.00732,
epoch: [1], step: [218/1581], batch loss: 1.16890, batch accuracy: 53.12, data load time: 0.00014, step time: 0.00731,
epoch: [1], step: [518/1581], batch loss: 1.16534, batch accuracy: 53.12, data load time: 0.00018, step time: 0.01282,
epoch: [1], step: [818/1581], batch loss: 1.24283, batch accuracy: 62.50, data load time: 0.00015, step time: 0.00729,
epoch: [1], step: [1118/1581], batch loss: 1.24109, batch accuracy: 53.12, data load time: 0.00217, step time: 0.00730,
epoch: [1], step: [1418/1581], batch loss: 1.11567, batch accuracy: 53.12, data load time: 0.00014, step time: 0.00729,
epoch: [2], step: [137/1581], batch loss: 1.15477, batch accuracy: 65.62, data load time: 0.00015, step time: 0.00747,
epoch: [2], step: [437/1581], batch loss: 1.06748, batch accuracy: 56.25, data load time: 0.00016, step time: 0.00729,
epoch: [2], step: [737/1581], batch loss: 1.60563, batch accuracy: 37.50, data load time: 0.00014, step time: 0.00760,
epoch: [2], step: [1037/1581], batch loss: 1.09672, batch accuracy: 53.12, data load time: 0.00016, step time: 0.01294,
epoch: [2], step: [1337/1581], batch loss: 0.88864, batch accuracy: 65.62, data load time: 0.00015, step time: 0.00730,
epoch: [3], step: [56/1581], batch loss: 0.97694, batch accuracy: 71.88, data load time: 0.00013, step time: 0.00730,
epoch: [3], step: [356/1581], batch loss: 0.61106, batch accuracy: 71.88, data load time: 0.00016, step time: 0.00729,
epoch: [3], step: [656/1581], batch loss: 0.80661, batch accuracy: 68.75, data load time: 0.00018, step time: 0.00731,
epoch: [3], step: [956/1581], batch loss: 1.24878, batch accuracy: 59.38, data load time: 0.00014, step time: 0.00731,
epoch: [3], step: [1256/1581], batch loss: 1.20501, batch accuracy: 59.38, data load time: 0.00014, step time: 0.00730,
epoch: [3], step: [1556/1581], batch loss: 0.51486, batch accuracy: 78.12, data load time: 0.00012, step time: 0.00729,
epoch: [4], step: [275/1581], batch loss: 1.08740, batch accuracy: 53.12, data load time: 0.00014, step time: 0.00729,
epoch: [4], step: [575/1581], batch loss: 1.09853, batch accuracy: 68.75, data load time: 0.00021, step time: 0.00729,
epoch: [4], step: [875/1581], batch loss: 1.02367, batch accuracy: 59.38, data load time: 0.00014, step time: 0.00731,
epoch: [4], step: [1175/1581], batch loss: 0.86379, batch accuracy: 62.50, data load time: 0.00014, step time: 0.00731,
epoch: [4], step: [1475/1581], batch loss: 0.94571, batch accuracy: 68.75, data load time: 0.00014, step time: 0.00730,
validation loss: 1.02580, accuracy: 67.66, class_accuracy: [64.40677966101696, 76.3157894736842, 64.95726495726495, 62.83185840707964, 63.559322033898304, 89.90825688073394, 100.0, 80.53097345132744, 46.93877551020408, 54.23728813559322]
class_avg: 70.36863085108027
epoch: [5], step: [194/1581], batch loss: 0.71018, batch accuracy: 75.00, data load time: 0.00016, step time: 0.00868,
epoch: [5], step: [494/1581], batch loss: 0.84150, batch accuracy: 68.75, data load time: 0.00016, step time: 0.00729,
epoch: [5], step: [794/1581], batch loss: 0.54339, batch accuracy: 75.00, data load time: 0.00015, step time: 0.00733,
epoch: [5], step: [1094/1581], batch loss: 0.72575, batch accuracy: 75.00, data load time: 0.00197, step time: 0.00784,
epoch: [5], step: [1394/1581], batch loss: 0.92235, batch accuracy: 68.75, data load time: 0.00015, step time: 0.00730,
epoch: [6], step: [113/1581], batch loss: 0.88589, batch accuracy: 65.62, data load time: 0.00016, step time: 0.00733,
epoch: [6], step: [413/1581], batch loss: 0.69713, batch accuracy: 78.12, data load time: 0.00014, step time: 0.00729,
epoch: [6], step: [713/1581], batch loss: 0.66734, batch accuracy: 75.00, data load time: 0.00014, step time: 0.00730,
epoch: [6], step: [1013/1581], batch loss: 1.12642, batch accuracy: 53.12, data load time: 0.00015, step time: 0.00738,
epoch: [6], step: [1313/1581], batch loss: 0.76923, batch accuracy: 75.00, data load time: 0.00014, step time: 0.00731,
epoch: [7], step: [32/1581], batch loss: 0.66488, batch accuracy: 78.12, data load time: 0.00014, step time: 0.00729,
epoch: [7], step: [332/1581], batch loss: 1.31101, batch accuracy: 71.88, data load time: 0.00016, step time: 0.00729,
epoch: [7], step: [632/1581], batch loss: 0.76731, batch accuracy: 75.00, data load time: 0.00188, step time: 0.00780,
epoch: [7], step: [932/1581], batch loss: 0.95917, batch accuracy: 65.62, data load time: 0.00015, step time: 0.00729,
epoch: [7], step: [1232/1581], batch loss: 0.41081, batch accuracy: 81.25, data load time: 0.00245, step time: 0.00733,
epoch: [7], step: [1532/1581], batch loss: 0.73767, batch accuracy: 71.88, data load time: 0.00011, step time: 0.00727,
epoch: [8], step: [251/1581], batch loss: 0.52070, batch accuracy: 78.12, data load time: 0.00014, step time: 0.00731,
epoch: [8], step: [551/1581], batch loss: 0.83147, batch accuracy: 75.00, data load time: 0.00016, step time: 0.00730,
epoch: [8], step: [851/1581], batch loss: 0.78067, batch accuracy: 68.75, data load time: 0.00015, step time: 0.00730,
epoch: [8], step: [1151/1581], batch loss: 0.64841, batch accuracy: 75.00, data load time: 0.00016, step time: 0.00730,
epoch: [8], step: [1451/1581], batch loss: 0.74069, batch accuracy: 75.00, data load time: 0.00014, step time: 0.00854,
epoch: [9], step: [170/1581], batch loss: 0.72031, batch accuracy: 75.00, data load time: 0.00015, step time: 0.00875,
epoch: [9], step: [470/1581], batch loss: 0.82547, batch accuracy: 59.38, data load time: 0.00014, step time: 0.00729,
epoch: [9], step: [770/1581], batch loss: 0.54184, batch accuracy: 78.12, data load time: 0.00014, step time: 0.00728,
epoch: [9], step: [1070/1581], batch loss: 0.40911, batch accuracy: 81.25, data load time: 0.00016, step time: 0.00729,
epoch: [9], step: [1370/1581], batch loss: 0.70594, batch accuracy: 84.38, data load time: 0.00014, step time: 0.00730,
validation loss: 0.82073, accuracy: 74.82, class_accuracy: [83.89830508474576, 81.57894736842105, 58.97435897435897, 71.68141592920354, 66.10169491525424, 81.65137614678899, 97.14285714285714, 84.95575221238938, 58.16326530612245, 82.20338983050847]
class_avg: 76.635136291065
epoch: [10], step: [89/1581], batch loss: 0.50734, batch accuracy: 78.12, data load time: 0.00014, step time: 0.00728,
epoch: [10], step: [389/1581], batch loss: 0.31193, batch accuracy: 90.62, data load time: 0.00015, step time: 0.00730,
epoch: [10], step: [689/1581], batch loss: 0.93512, batch accuracy: 62.50, data load time: 0.00015, step time: 0.00730,
epoch: [10], step: [989/1581], batch loss: 0.66805, batch accuracy: 81.25, data load time: 0.00015, step time: 0.00731,
epoch: [10], step: [1289/1581], batch loss: 0.55390, batch accuracy: 78.12, data load time: 0.00015, step time: 0.00730,
epoch: [11], step: [8/1581], batch loss: 0.65719, batch accuracy: 84.38, data load time: 0.00016, step time: 0.00896,
epoch: [11], step: [308/1581], batch loss: 0.22508, batch accuracy: 96.88, data load time: 0.00015, step time: 0.00747,
epoch: [11], step: [608/1581], batch loss: 0.69186, batch accuracy: 68.75, data load time: 0.00216, step time: 0.00731,
epoch: [11], step: [908/1581], batch loss: 0.37884, batch accuracy: 81.25, data load time: 0.00014, step time: 0.00731,
epoch: [11], step: [1208/1581], batch loss: 0.61451, batch accuracy: 75.00, data load time: 0.00014, step time: 0.00731,
epoch: [11], step: [1508/1581], batch loss: 0.84248, batch accuracy: 75.00, data load time: 0.00013, step time: 0.00730,
epoch: [12], step: [227/1581], batch loss: 0.68171, batch accuracy: 81.25, data load time: 0.00014, step time: 0.00728,
epoch: [12], step: [527/1581], batch loss: 0.43109, batch accuracy: 87.50, data load time: 0.00018, step time: 0.00731,
epoch: [12], step: [827/1581], batch loss: 0.52227, batch accuracy: 71.88, data load time: 0.00021, step time: 0.00730,
epoch: [12], step: [1127/1581], batch loss: 0.25412, batch accuracy: 90.62, data load time: 0.00014, step time: 0.00728,
epoch: [12], step: [1427/1581], batch loss: 0.68611, batch accuracy: 68.75, data load time: 0.00015, step time: 0.00737,
epoch: [13], step: [146/1581], batch loss: 0.48799, batch accuracy: 84.38, data load time: 0.00015, step time: 0.00729,
epoch: [13], step: [446/1581], batch loss: 0.73730, batch accuracy: 78.12, data load time: 0.00194, step time: 0.01932,
epoch: [13], step: [746/1581], batch loss: 0.39949, batch accuracy: 87.50, data load time: 0.00014, step time: 0.00730,
epoch: [13], step: [1046/1581], batch loss: 0.48136, batch accuracy: 84.38, data load time: 0.00229, step time: 0.00742,
epoch: [13], step: [1346/1581], batch loss: 0.48593, batch accuracy: 90.62, data load time: 0.00015, step time: 0.00729,
epoch: [14], step: [65/1581], batch loss: 0.45885, batch accuracy: 78.12, data load time: 0.00014, step time: 0.00730,
epoch: [14], step: [365/1581], batch loss: 0.59027, batch accuracy: 78.12, data load time: 0.00014, step time: 0.00851,
epoch: [14], step: [665/1581], batch loss: 0.38090, batch accuracy: 81.25, data load time: 0.00014, step time: 0.00730,
epoch: [14], step: [965/1581], batch loss: 0.20792, batch accuracy: 96.88, data load time: 0.00014, step time: 0.00730,
epoch: [14], step: [1265/1581], batch loss: 0.60389, batch accuracy: 84.38, data load time: 0.00014, step time: 0.00730,
epoch: [14], step: [1565/1581], batch loss: 0.62559, batch accuracy: 84.38, data load time: 0.00011, step time: 0.00731,
validation loss: 0.74009, accuracy: 77.58, class_accuracy: [81.35593220338983, 81.57894736842105, 80.34188034188034, 70.79646017699115, 82.20338983050847, 78.89908256880734, 97.14285714285714, 84.070796460177, 55.10204081632653, 77.11864406779661]
class_avg: 78.86100309771554
epoch: [15], step: [284/1581], batch loss: 0.54416, batch accuracy: 71.88, data load time: 0.00201, step time: 0.00751,
epoch: [15], step: [584/1581], batch loss: 0.33495, batch accuracy: 93.75, data load time: 0.00190, step time: 0.00729,
epoch: [15], step: [884/1581], batch loss: 0.44743, batch accuracy: 78.12, data load time: 0.00015, step time: 0.00730,
epoch: [15], step: [1184/1581], batch loss: 0.54060, batch accuracy: 81.25, data load time: 0.00015, step time: 0.00730,
epoch: [15], step: [1484/1581], batch loss: 0.30878, batch accuracy: 90.62, data load time: 0.00017, step time: 0.00754,
epoch: [16], step: [203/1581], batch loss: 0.20692, batch accuracy: 90.62, data load time: 0.00014, step time: 0.00730,
epoch: [16], step: [503/1581], batch loss: 0.45804, batch accuracy: 87.50, data load time: 0.00014, step time: 0.00730,
epoch: [16], step: [803/1581], batch loss: 0.26225, batch accuracy: 84.38, data load time: 0.00014, step time: 0.00905,
epoch: [16], step: [1103/1581], batch loss: 0.39388, batch accuracy: 93.75, data load time: 0.00015, step time: 0.00729,
epoch: [16], step: [1403/1581], batch loss: 0.42584, batch accuracy: 81.25, data load time: 0.00014, step time: 0.00732,
epoch: [17], step: [122/1581], batch loss: 0.41147, batch accuracy: 87.50, data load time: 0.00014, step time: 0.00728,
epoch: [17], step: [422/1581], batch loss: 0.26883, batch accuracy: 90.62, data load time: 0.00027, step time: 0.00985,
epoch: [17], step: [722/1581], batch loss: 0.50260, batch accuracy: 81.25, data load time: 0.00020, step time: 0.00732,
epoch: [17], step: [1022/1581], batch loss: 0.63394, batch accuracy: 68.75, data load time: 0.00014, step time: 0.00731,
epoch: [17], step: [1322/1581], batch loss: 0.31215, batch accuracy: 87.50, data load time: 0.00021, step time: 0.00729,
epoch: [18], step: [41/1581], batch loss: 0.33603, batch accuracy: 84.38, data load time: 0.00013, step time: 0.00730,
epoch: [18], step: [341/1581], batch loss: 0.29366, batch accuracy: 87.50, data load time: 0.00014, step time: 0.00730,
epoch: [18], step: [641/1581], batch loss: 0.46481, batch accuracy: 84.38, data load time: 0.00184, step time: 0.00768,
epoch: [18], step: [941/1581], batch loss: 0.51121, batch accuracy: 81.25, data load time: 0.00019, step time: 0.00729,
epoch: [18], step: [1241/1581], batch loss: 0.34612, batch accuracy: 81.25, data load time: 0.00029, step time: 0.00753,
epoch: [18], step: [1541/1581], batch loss: 0.46506, batch accuracy: 81.25, data load time: 0.00012, step time: 0.00729,
epoch: [19], step: [260/1581], batch loss: 0.48862, batch accuracy: 87.50, data load time: 0.00275, step time: 0.00760,
epoch: [19], step: [560/1581], batch loss: 0.39346, batch accuracy: 81.25, data load time: 0.00014, step time: 0.00731,
epoch: [19], step: [860/1581], batch loss: 0.30519, batch accuracy: 87.50, data load time: 0.00014, step time: 0.00728,
epoch: [19], step: [1160/1581], batch loss: 0.44436, batch accuracy: 87.50, data load time: 0.00014, step time: 0.00747,
epoch: [19], step: [1460/1581], batch loss: 0.26313, batch accuracy: 90.62, data load time: 0.00014, step time: 0.00730,
validation loss: 0.76256, accuracy: 77.18, class_accuracy: [83.05084745762711, 89.47368421052632, 73.5042735042735, 76.10619469026548, 61.86440677966102, 75.22935779816514, 97.14285714285714, 96.46017699115045, 58.16326530612245, 80.50847457627118]
class_avg: 79.15035384569197
epoch: [20], step: [179/1581], batch loss: 0.27386, batch accuracy: 90.62, data load time: 0.00014, step time: 0.01197,
epoch: [20], step: [479/1581], batch loss: 0.44657, batch accuracy: 81.25, data load time: 0.00226, step time: 0.00812,
epoch: [20], step: [779/1581], batch loss: 0.33249, batch accuracy: 87.50, data load time: 0.00214, step time: 0.00732,
epoch: [20], step: [1079/1581], batch loss: 0.31627, batch accuracy: 90.62, data load time: 0.00023, step time: 0.00730,
epoch: [20], step: [1379/1581], batch loss: 0.37211, batch accuracy: 90.62, data load time: 0.00019, step time: 0.00730,
epoch: [21], step: [98/1581], batch loss: 0.18400, batch accuracy: 93.75, data load time: 0.00014, step time: 0.00730,
epoch: [21], step: [398/1581], batch loss: 0.44388, batch accuracy: 90.62, data load time: 0.00016, step time: 0.00734,
epoch: [21], step: [698/1581], batch loss: 0.32838, batch accuracy: 87.50, data load time: 0.00014, step time: 0.00728,
epoch: [21], step: [998/1581], batch loss: 0.18862, batch accuracy: 90.62, data load time: 0.00212, step time: 0.00857,
epoch: [21], step: [1298/1581], batch loss: 0.28313, batch accuracy: 87.50, data load time: 0.00017, step time: 0.00750,
epoch: [22], step: [17/1581], batch loss: 0.23690, batch accuracy: 90.62, data load time: 0.00016, step time: 0.00729,
epoch: [22], step: [317/1581], batch loss: 0.19022, batch accuracy: 93.75, data load time: 0.00015, step time: 0.00730,
epoch: [22], step: [617/1581], batch loss: 0.12252, batch accuracy: 96.88, data load time: 0.00196, step time: 0.00730,
epoch: [22], step: [917/1581], batch loss: 0.35385, batch accuracy: 84.38, data load time: 0.00015, step time: 0.00732,
epoch: [22], step: [1217/1581], batch loss: 0.25287, batch accuracy: 90.62, data load time: 0.00014, step time: 0.00730,
epoch: [22], step: [1517/1581], batch loss: 0.26753, batch accuracy: 87.50, data load time: 0.00014, step time: 0.00728,
epoch: [23], step: [236/1581], batch loss: 0.25698, batch accuracy: 90.62, data load time: 0.00014, step time: 0.01074,
epoch: [23], step: [536/1581], batch loss: 0.19760, batch accuracy: 90.62, data load time: 0.00273, step time: 0.00771,
epoch: [23], step: [836/1581], batch loss: 0.12388, batch accuracy: 96.88, data load time: 0.00247, step time: 0.00751,
epoch: [23], step: [1136/1581], batch loss: 0.53463, batch accuracy: 81.25, data load time: 0.00015, step time: 0.00730,
epoch: [23], step: [1436/1581], batch loss: 0.36900, batch accuracy: 87.50, data load time: 0.00020, step time: 0.00730,
epoch: [24], step: [155/1581], batch loss: 0.23127, batch accuracy: 93.75, data load time: 0.00214, step time: 0.01117,
epoch: [24], step: [455/1581], batch loss: 0.17246, batch accuracy: 93.75, data load time: 0.00201, step time: 0.00853,
epoch: [24], step: [755/1581], batch loss: 0.19937, batch accuracy: 90.62, data load time: 0.00015, step time: 0.01017,
epoch: [24], step: [1055/1581], batch loss: 0.49837, batch accuracy: 87.50, data load time: 0.00215, step time: 0.00899,
epoch: [24], step: [1355/1581], batch loss: 0.51186, batch accuracy: 87.50, data load time: 0.00013, step time: 0.00729,
validation loss: 0.74472, accuracy: 76.05, class_accuracy: [80.50847457627118, 86.84210526315789, 77.77777777777777, 75.22123893805309, 66.10169491525424, 59.63302752293578, 97.14285714285714, 94.69026548672566, 57.142857142857146, 83.89830508474576]
class_avg: 77.89586038506357
epoch: [25], step: [74/1581], batch loss: 0.31149, batch accuracy: 90.62, data load time: 0.00014, step time: 0.00728,
epoch: [25], step: [374/1581], batch loss: 0.33507, batch accuracy: 84.38, data load time: 0.00218, step time: 0.00738,
epoch: [25], step: [674/1581], batch loss: 0.19301, batch accuracy: 96.88, data load time: 0.00015, step time: 0.00730,
epoch: [25], step: [974/1581], batch loss: 0.43825, batch accuracy: 84.38, data load time: 0.00015, step time: 0.00730,
epoch: [25], step: [1274/1581], batch loss: 0.16415, batch accuracy: 93.75, data load time: 0.00014, step time: 0.00916,
epoch: [25], step: [1574/1581], batch loss: 0.60482, batch accuracy: 78.12, data load time: 0.00011, step time: 0.00729,
epoch: [26], step: [293/1581], batch loss: 0.16750, batch accuracy: 93.75, data load time: 0.00019, step time: 0.00730,
epoch: [26], step: [593/1581], batch loss: 0.22196, batch accuracy: 93.75, data load time: 0.00014, step time: 0.00729,
epoch: [26], step: [893/1581], batch loss: 0.22029, batch accuracy: 90.62, data load time: 0.00028, step time: 0.00731,
epoch: [26], step: [1193/1581], batch loss: 0.43915, batch accuracy: 78.12, data load time: 0.00014, step time: 0.00729,
epoch: [26], step: [1493/1581], batch loss: 0.31775, batch accuracy: 87.50, data load time: 0.00231, step time: 0.00750,
epoch: [27], step: [212/1581], batch loss: 0.09753, batch accuracy: 96.88, data load time: 0.00019, step time: 0.00794,
epoch: [27], step: [512/1581], batch loss: 0.31163, batch accuracy: 90.62, data load time: 0.00404, step time: 0.00754,
epoch: [27], step: [812/1581], batch loss: 0.17643, batch accuracy: 96.88, data load time: 0.00015, step time: 0.00731,
epoch: [27], step: [1112/1581], batch loss: 0.18098, batch accuracy: 93.75, data load time: 0.00014, step time: 0.00729,
epoch: [27], step: [1412/1581], batch loss: 0.20240, batch accuracy: 90.62, data load time: 0.00015, step time: 0.01579,
epoch: [28], step: [131/1581], batch loss: 0.35675, batch accuracy: 87.50, data load time: 0.00019, step time: 0.00729,
epoch: [28], step: [431/1581], batch loss: 0.18497, batch accuracy: 96.88, data load time: 0.00014, step time: 0.00760,
epoch: [28], step: [731/1581], batch loss: 0.33237, batch accuracy: 90.62, data load time: 0.00222, step time: 0.00730,
epoch: [28], step: [1031/1581], batch loss: 0.29428, batch accuracy: 87.50, data load time: 0.00014, step time: 0.00729,
epoch: [28], step: [1331/1581], batch loss: 0.20586, batch accuracy: 90.62, data load time: 0.00014, step time: 0.00730,
epoch: [29], step: [50/1581], batch loss: 0.17619, batch accuracy: 93.75, data load time: 0.00014, step time: 0.00840,
epoch: [29], step: [350/1581], batch loss: 0.14710, batch accuracy: 90.62, data load time: 0.00014, step time: 0.00728,
epoch: [29], step: [650/1581], batch loss: 0.23836, batch accuracy: 93.75, data load time: 0.00191, step time: 0.00729,
epoch: [29], step: [950/1581], batch loss: 0.16525, batch accuracy: 100.00, data load time: 0.00014, step time: 0.01015,
epoch: [29], step: [1250/1581], batch loss: 0.38496, batch accuracy: 81.25, data load time: 0.00014, step time: 0.00745,
epoch: [29], step: [1550/1581], batch loss: 0.49633, batch accuracy: 87.50, data load time: 0.00012, step time: 0.00732,
validation loss: 0.79819, accuracy: 73.90, class_accuracy: [68.64406779661017, 84.21052631578948, 79.48717948717949, 76.99115044247787, 69.49152542372882, 61.46788990825688, 97.14285714285714, 94.69026548672566, 59.183673469387756, 68.64406779661017]
class_avg: 75.99532032696234
epoch: [30], step: [269/1581], batch loss: 0.36622, batch accuracy: 90.62, data load time: 0.00015, step time: 0.00729,
epoch: [30], step: [569/1581], batch loss: 0.09156, batch accuracy: 96.88, data load time: 0.00244, step time: 0.01287,
epoch: [30], step: [869/1581], batch loss: 0.29303, batch accuracy: 87.50, data load time: 0.01475, step time: 0.01237,
epoch: [30], step: [1169/1581], batch loss: 0.22003, batch accuracy: 90.62, data load time: 0.00014, step time: 0.00730,
epoch: [30], step: [1469/1581], batch loss: 0.19062, batch accuracy: 96.88, data load time: 0.00015, step time: 0.00730,
epoch: [31], step: [188/1581], batch loss: 0.22113, batch accuracy: 87.50, data load time: 0.00014, step time: 0.00729,
epoch: [31], step: [488/1581], batch loss: 0.37538, batch accuracy: 84.38, data load time: 0.00014, step time: 0.00741,
epoch: [31], step: [788/1581], batch loss: 0.28519, batch accuracy: 90.62, data load time: 0.00014, step time: 0.00731,
epoch: [31], step: [1088/1581], batch loss: 0.29967, batch accuracy: 93.75, data load time: 0.00176, step time: 0.00810,
epoch: [31], step: [1388/1581], batch loss: 0.18350, batch accuracy: 90.62, data load time: 0.00205, step time: 0.00787,
epoch: [32], step: [107/1581], batch loss: 0.09709, batch accuracy: 96.88, data load time: 0.00014, step time: 0.00730,
epoch: [32], step: [407/1581], batch loss: 0.19306, batch accuracy: 93.75, data load time: 0.00014, step time: 0.00730,
epoch: [32], step: [707/1581], batch loss: 0.20476, batch accuracy: 96.88, data load time: 0.00016, step time: 0.00728,
epoch: [32], step: [1007/1581], batch loss: 0.17036, batch accuracy: 90.62, data load time: 0.00015, step time: 0.00729,
epoch: [32], step: [1307/1581], batch loss: 0.20615, batch accuracy: 93.75, data load time: 0.00018, step time: 0.00733,
epoch: [33], step: [26/1581], batch loss: 0.11749, batch accuracy: 96.88, data load time: 0.00016, step time: 0.00729,
epoch: [33], step: [326/1581], batch loss: 0.27703, batch accuracy: 87.50, data load time: 0.00014, step time: 0.00729,
epoch: [33], step: [626/1581], batch loss: 0.22372, batch accuracy: 87.50, data load time: 0.00196, step time: 0.00728,
epoch: [33], step: [926/1581], batch loss: 0.09123, batch accuracy: 93.75, data load time: 0.00015, step time: 0.00729,
epoch: [33], step: [1226/1581], batch loss: 0.22238, batch accuracy: 90.62, data load time: 0.00014, step time: 0.00732,
epoch: [33], step: [1526/1581], batch loss: 0.11066, batch accuracy: 96.88, data load time: 0.00012, step time: 0.00730,
epoch: [34], step: [245/1581], batch loss: 0.16584, batch accuracy: 90.62, data load time: 0.00016, step time: 0.01582,
epoch: [34], step: [545/1581], batch loss: 0.12284, batch accuracy: 96.88, data load time: 0.00021, step time: 0.00731,
epoch: [34], step: [845/1581], batch loss: 0.26526, batch accuracy: 90.62, data load time: 0.00015, step time: 0.00730,
epoch: [34], step: [1145/1581], batch loss: 0.29993, batch accuracy: 90.62, data load time: 0.00014, step time: 0.00729,
epoch: [34], step: [1445/1581], batch loss: 0.17061, batch accuracy: 96.88, data load time: 0.00015, step time: 0.00729,
validation loss: 0.75532, accuracy: 75.74, class_accuracy: [70.33898305084746, 84.21052631578948, 81.19658119658119, 75.22123893805309, 73.72881355932203, 66.05504587155963, 100.0, 93.80530973451327, 60.204081632653065, 72.88135593220339]
class_avg: 77.76419362315225
epoch: [35], step: [164/1581], batch loss: 0.30393, batch accuracy: 87.50, data load time: 0.00014, step time: 0.00953,
epoch: [35], step: [464/1581], batch loss: 0.13965, batch accuracy: 96.88, data load time: 0.00015, step time: 0.00729,
epoch: [35], step: [764/1581], batch loss: 0.08172, batch accuracy: 100.00, data load time: 0.00014, step time: 0.00731,
epoch: [35], step: [1064/1581], batch loss: 0.06706, batch accuracy: 100.00, data load time: 0.00016, step time: 0.01306,
epoch: [35], step: [1364/1581], batch loss: 0.14590, batch accuracy: 96.88, data load time: 0.00014, step time: 0.00730,
epoch: [36], step: [83/1581], batch loss: 0.08136, batch accuracy: 96.88, data load time: 0.00018, step time: 0.00729,
epoch: [36], step: [383/1581], batch loss: 0.11072, batch accuracy: 96.88, data load time: 0.00014, step time: 0.00729,
epoch: [36], step: [683/1581], batch loss: 0.23550, batch accuracy: 90.62, data load time: 0.00014, step time: 0.00730,
epoch: [36], step: [983/1581], batch loss: 0.10078, batch accuracy: 96.88, data load time: 0.00233, step time: 0.00750,
epoch: [36], step: [1283/1581], batch loss: 0.15295, batch accuracy: 93.75, data load time: 0.00015, step time: 0.00729,
epoch: [37], step: [2/1581], batch loss: 0.17896, batch accuracy: 93.75, data load time: 0.00017, step time: 0.00902,
epoch: [37], step: [302/1581], batch loss: 0.21175, batch accuracy: 90.62, data load time: 0.00014, step time: 0.00729,
epoch: [37], step: [602/1581], batch loss: 0.04577, batch accuracy: 100.00, data load time: 0.00015, step time: 0.00736,
epoch: [37], step: [902/1581], batch loss: 0.22192, batch accuracy: 93.75, data load time: 0.00015, step time: 0.00731,
epoch: [37], step: [1202/1581], batch loss: 0.12230, batch accuracy: 96.88, data load time: 0.00014, step time: 0.00731,
epoch: [37], step: [1502/1581], batch loss: 0.06742, batch accuracy: 100.00, data load time: 0.00017, step time: 0.00732,
epoch: [38], step: [221/1581], batch loss: 0.14346, batch accuracy: 93.75, data load time: 0.00014, step time: 0.00730,
epoch: [38], step: [521/1581], batch loss: 0.07086, batch accuracy: 100.00, data load time: 0.00014, step time: 0.00730,
epoch: [38], step: [821/1581], batch loss: 0.11564, batch accuracy: 93.75, data load time: 0.00014, step time: 0.00771,
epoch: [38], step: [1121/1581], batch loss: 0.07426, batch accuracy: 96.88, data load time: 0.00177, step time: 0.00729,
epoch: [38], step: [1421/1581], batch loss: 0.15183, batch accuracy: 90.62, data load time: 0.00019, step time: 0.00730,
epoch: [39], step: [140/1581], batch loss: 0.13464, batch accuracy: 93.75, data load time: 0.00262, step time: 0.00728,
epoch: [39], step: [440/1581], batch loss: 0.14820, batch accuracy: 96.88, data load time: 0.00287, step time: 0.00774,
epoch: [39], step: [740/1581], batch loss: 0.23202, batch accuracy: 90.62, data load time: 0.00015, step time: 0.00730,
epoch: [39], step: [1040/1581], batch loss: 0.10522, batch accuracy: 96.88, data load time: 0.00020, step time: 0.00730,
epoch: [39], step: [1340/1581], batch loss: 0.18095, batch accuracy: 96.88, data load time: 0.00016, step time: 0.00727,
validation loss: 0.81424, accuracy: 73.18, class_accuracy: [58.47457627118644, 81.57894736842105, 82.90598290598291, 73.45132743362832, 70.33898305084746, 57.79816513761468, 97.14285714285714, 93.80530973451327, 57.142857142857146, 78.8135593220339]
class_avg: 75.14525655099422
epoch: [40], step: [59/1581], batch loss: 0.13976, batch accuracy: 93.75, data load time: 0.00014, step time: 0.01175,
epoch: [40], step: [359/1581], batch loss: 0.10686, batch accuracy: 93.75, data load time: 0.00014, step time: 0.00729,
epoch: [40], step: [659/1581], batch loss: 0.08401, batch accuracy: 100.00, data load time: 0.00015, step time: 0.01168,
epoch: [40], step: [959/1581], batch loss: 0.16974, batch accuracy: 93.75, data load time: 0.00015, step time: 0.00730,
epoch: [40], step: [1259/1581], batch loss: 0.15089, batch accuracy: 93.75, data load time: 0.00015, step time: 0.00729,
epoch: [40], step: [1559/1581], batch loss: 0.10439, batch accuracy: 93.75, data load time: 0.00011, step time: 0.00728,
epoch: [41], step: [278/1581], batch loss: 0.15325, batch accuracy: 96.88, data load time: 0.00231, step time: 0.00769,
epoch: [41], step: [578/1581], batch loss: 0.06348, batch accuracy: 96.88, data load time: 0.00252, step time: 0.00751,
epoch: [41], step: [878/1581], batch loss: 0.17368, batch accuracy: 96.88, data load time: 0.00014, step time: 0.00730,
epoch: [41], step: [1178/1581], batch loss: 0.13410, batch accuracy: 93.75, data load time: 0.00015, step time: 0.00728,
epoch: [41], step: [1478/1581], batch loss: 0.08373, batch accuracy: 100.00, data load time: 0.00032, step time: 0.00730,
epoch: [42], step: [197/1581], batch loss: 0.03801, batch accuracy: 100.00, data load time: 0.00015, step time: 0.00729,
epoch: [42], step: [497/1581], batch loss: 0.15090, batch accuracy: 90.62, data load time: 0.00015, step time: 0.00729,
epoch: [42], step: [797/1581], batch loss: 0.09199, batch accuracy: 96.88, data load time: 0.00209, step time: 0.01260,
epoch: [42], step: [1097/1581], batch loss: 0.22307, batch accuracy: 87.50, data load time: 0.00016, step time: 0.00731,
epoch: [42], step: [1397/1581], batch loss: 0.03189, batch accuracy: 100.00, data load time: 0.00185, step time: 0.00729,
epoch: [43], step: [116/1581], batch loss: 0.25146, batch accuracy: 84.38, data load time: 0.00014, step time: 0.00726,
epoch: [43], step: [416/1581], batch loss: 0.06187, batch accuracy: 100.00, data load time: 0.00020, step time: 0.00730,
epoch: [43], step: [716/1581], batch loss: 0.22423, batch accuracy: 96.88, data load time: 0.00215, step time: 0.00828,
epoch: [43], step: [1016/1581], batch loss: 0.08943, batch accuracy: 96.88, data load time: 0.00015, step time: 0.00730,
epoch: [43], step: [1316/1581], batch loss: 0.04674, batch accuracy: 100.00, data load time: 0.00015, step time: 0.00729,
epoch: [44], step: [35/1581], batch loss: 0.13870, batch accuracy: 93.75, data load time: 0.00013, step time: 0.00731,
epoch: [44], step: [335/1581], batch loss: 0.24001, batch accuracy: 93.75, data load time: 0.00015, step time: 0.00729,
epoch: [44], step: [635/1581], batch loss: 0.15812, batch accuracy: 96.88, data load time: 0.00015, step time: 0.00729,
epoch: [44], step: [935/1581], batch loss: 0.07344, batch accuracy: 100.00, data load time: 0.00016, step time: 0.00729,
epoch: [44], step: [1235/1581], batch loss: 0.17083, batch accuracy: 90.62, data load time: 0.00014, step time: 0.00738,
epoch: [44], step: [1535/1581], batch loss: 0.14117, batch accuracy: 96.88, data load time: 0.00012, step time: 0.00731,
validation loss: 0.82952, accuracy: 73.18, class_accuracy: [55.08474576271186, 84.21052631578948, 81.19658119658119, 76.10619469026548, 72.03389830508475, 56.88073394495413, 97.14285714285714, 92.92035398230088, 60.204081632653065, 77.96610169491525]
class_avg: 75.3746074668113
epoch: [45], step: [254/1581], batch loss: 0.11409, batch accuracy: 93.75, data load time: 0.00014, step time: 0.00730,
epoch: [45], step: [554/1581], batch loss: 0.14894, batch accuracy: 90.62, data load time: 0.00016, step time: 0.00736,
epoch: [45], step: [854/1581], batch loss: 0.10944, batch accuracy: 96.88, data load time: 0.00015, step time: 0.00742,
epoch: [45], step: [1154/1581], batch loss: 0.07827, batch accuracy: 100.00, data load time: 0.00015, step time: 0.00729,
epoch: [45], step: [1454/1581], batch loss: 0.04369, batch accuracy: 100.00, data load time: 0.00014, step time: 0.00729,
epoch: [46], step: [173/1581], batch loss: 0.15549, batch accuracy: 96.88, data load time: 0.00014, step time: 0.01034,
epoch: [46], step: [473/1581], batch loss: 0.05558, batch accuracy: 96.88, data load time: 0.00015, step time: 0.00730,
epoch: [46], step: [773/1581], batch loss: 0.17721, batch accuracy: 93.75, data load time: 0.00019, step time: 0.00746,
epoch: [46], step: [1073/1581], batch loss: 0.24321, batch accuracy: 90.62, data load time: 0.00020, step time: 0.00730,
epoch: [46], step: [1373/1581], batch loss: 0.22534, batch accuracy: 96.88, data load time: 0.00015, step time: 0.00730,
epoch: [47], step: [92/1581], batch loss: 0.11859, batch accuracy: 96.88, data load time: 0.00015, step time: 0.00729,
epoch: [47], step: [392/1581], batch loss: 0.23077, batch accuracy: 93.75, data load time: 0.00015, step time: 0.00774,
epoch: [47], step: [692/1581], batch loss: 0.02396, batch accuracy: 100.00, data load time: 0.00015, step time: 0.00728,
epoch: [47], step: [992/1581], batch loss: 0.05738, batch accuracy: 100.00, data load time: 0.00014, step time: 0.00731,
epoch: [47], step: [1292/1581], batch loss: 0.17126, batch accuracy: 93.75, data load time: 0.00014, step time: 0.00728,
epoch: [48], step: [11/1581], batch loss: 0.15185, batch accuracy: 90.62, data load time: 0.00199, step time: 0.00728,
epoch: [48], step: [311/1581], batch loss: 0.06443, batch accuracy: 100.00, data load time: 0.00014, step time: 0.00730,
epoch: [48], step: [611/1581], batch loss: 0.12148, batch accuracy: 93.75, data load time: 0.00014, step time: 0.00727,
epoch: [48], step: [911/1581], batch loss: 0.19421, batch accuracy: 93.75, data load time: 0.00177, step time: 0.00773,
epoch: [48], step: [1211/1581], batch loss: 0.19260, batch accuracy: 93.75, data load time: 0.00013, step time: 0.00730,
epoch: [48], step: [1511/1581], batch loss: 0.11915, batch accuracy: 96.88, data load time: 0.00015, step time: 0.00729,
epoch: [49], step: [230/1581], batch loss: 0.15189, batch accuracy: 93.75, data load time: 0.00019, step time: 0.00730,
epoch: [49], step: [530/1581], batch loss: 0.07162, batch accuracy: 100.00, data load time: 0.00015, step time: 0.00729,
epoch: [49], step: [830/1581], batch loss: 0.06747, batch accuracy: 96.88, data load time: 0.00015, step time: 0.00729,
epoch: [49], step: [1130/1581], batch loss: 0.11074, batch accuracy: 93.75, data load time: 0.00032, step time: 0.00743,
epoch: [49], step: [1430/1581], batch loss: 0.04373, batch accuracy: 100.00, data load time: 0.00015, step time: 0.00730,
validation loss: 0.77824, accuracy: 74.62, class_accuracy: [57.6271186440678, 84.21052631578948, 82.90598290598291, 72.56637168141593, 85.59322033898304, 59.63302752293578, 97.14285714285714, 92.03539823008849, 59.183673469387756, 74.57627118644068]
class_avg: 76.5474447437949
Total time taken: 767.6924157142639
