Using CUDA...
Writing logs to logs/CNN_bn_epochs=50_dropout=0.5_bs=32_optim=SGD_decay=0.001_lr=0.001_momentum=0.9_mode=MLMC_run_2
epoch: [0], step: [299/1581], batch loss: 1.91574, batch accuracy: 25.00, data load time: 0.00024, step time: 0.01146,
epoch: [0], step: [599/1581], batch loss: 1.70358, batch accuracy: 46.88, data load time: 0.00018, step time: 0.01143,
epoch: [0], step: [899/1581], batch loss: 1.32351, batch accuracy: 50.00, data load time: 0.00021, step time: 0.01143,
epoch: [0], step: [1199/1581], batch loss: 1.72098, batch accuracy: 34.38, data load time: 0.00019, step time: 0.01145,
epoch: [0], step: [1499/1581], batch loss: 1.41316, batch accuracy: 53.12, data load time: 0.00276, step time: 0.01186,
epoch: [1], step: [218/1581], batch loss: 1.24214, batch accuracy: 59.38, data load time: 0.00021, step time: 0.01150,
epoch: [1], step: [518/1581], batch loss: 0.65934, batch accuracy: 75.00, data load time: 0.00018, step time: 0.01142,
epoch: [1], step: [818/1581], batch loss: 1.47946, batch accuracy: 43.75, data load time: 0.00017, step time: 0.01291,
epoch: [1], step: [1118/1581], batch loss: 1.15660, batch accuracy: 50.00, data load time: 0.00016, step time: 0.01142,
epoch: [1], step: [1418/1581], batch loss: 0.82216, batch accuracy: 68.75, data load time: 0.00243, step time: 0.01144,
epoch: [2], step: [137/1581], batch loss: 0.83186, batch accuracy: 65.62, data load time: 0.00021, step time: 0.01149,
epoch: [2], step: [437/1581], batch loss: 0.89068, batch accuracy: 71.88, data load time: 0.00019, step time: 0.01146,
epoch: [2], step: [737/1581], batch loss: 1.09144, batch accuracy: 59.38, data load time: 0.00017, step time: 0.01142,
epoch: [2], step: [1037/1581], batch loss: 1.27567, batch accuracy: 59.38, data load time: 0.00017, step time: 0.01144,
epoch: [2], step: [1337/1581], batch loss: 1.16405, batch accuracy: 56.25, data load time: 0.00017, step time: 0.01145,
epoch: [3], step: [56/1581], batch loss: 0.81680, batch accuracy: 75.00, data load time: 0.00017, step time: 0.01512,
epoch: [3], step: [356/1581], batch loss: 0.65770, batch accuracy: 62.50, data load time: 0.00017, step time: 0.01139,
epoch: [3], step: [656/1581], batch loss: 0.86493, batch accuracy: 68.75, data load time: 0.00018, step time: 0.01142,
epoch: [3], step: [956/1581], batch loss: 0.93703, batch accuracy: 68.75, data load time: 0.00017, step time: 0.01144,
epoch: [3], step: [1256/1581], batch loss: 0.82154, batch accuracy: 65.62, data load time: 0.00201, step time: 0.01213,
epoch: [3], step: [1556/1581], batch loss: 0.58818, batch accuracy: 78.12, data load time: 0.00014, step time: 0.01141,
epoch: [4], step: [275/1581], batch loss: 0.55661, batch accuracy: 78.12, data load time: 0.00019, step time: 0.01143,
epoch: [4], step: [575/1581], batch loss: 0.68363, batch accuracy: 68.75, data load time: 0.00285, step time: 0.01222,
epoch: [4], step: [875/1581], batch loss: 0.37704, batch accuracy: 87.50, data load time: 0.00022, step time: 0.01151,
epoch: [4], step: [1175/1581], batch loss: 0.68997, batch accuracy: 71.88, data load time: 0.00018, step time: 0.01141,
epoch: [4], step: [1475/1581], batch loss: 0.64107, batch accuracy: 65.62, data load time: 0.00017, step time: 0.01142,
validation loss: 1.00987, accuracy: 68.47, class_accuracy: [79.66101694915254, 78.94736842105263, 64.95726495726495, 55.75221238938053, 81.35593220338983, 74.31192660550458, 94.28571428571429, 78.76106194690266, 52.04081632653061, 47.45762711864407]
class_avg: 70.75309412035367
epoch: [5], step: [194/1581], batch loss: 0.60094, batch accuracy: 84.38, data load time: 0.00017, step time: 0.01140,
epoch: [5], step: [494/1581], batch loss: 0.74708, batch accuracy: 68.75, data load time: 0.00017, step time: 0.01142,
epoch: [5], step: [794/1581], batch loss: 0.52597, batch accuracy: 84.38, data load time: 0.00016, step time: 0.01143,
epoch: [5], step: [1094/1581], batch loss: 0.48218, batch accuracy: 87.50, data load time: 0.00017, step time: 0.01141,
epoch: [5], step: [1394/1581], batch loss: 0.74401, batch accuracy: 78.12, data load time: 0.00210, step time: 0.01211,
epoch: [6], step: [113/1581], batch loss: 1.14913, batch accuracy: 68.75, data load time: 0.00019, step time: 0.01922,
epoch: [6], step: [413/1581], batch loss: 0.66330, batch accuracy: 71.88, data load time: 0.00023, step time: 0.01141,
epoch: [6], step: [713/1581], batch loss: 0.65131, batch accuracy: 78.12, data load time: 0.00018, step time: 0.01141,
epoch: [6], step: [1013/1581], batch loss: 0.65219, batch accuracy: 75.00, data load time: 0.00018, step time: 0.01142,
epoch: [6], step: [1313/1581], batch loss: 0.66535, batch accuracy: 84.38, data load time: 0.00017, step time: 0.01143,
epoch: [7], step: [32/1581], batch loss: 0.60283, batch accuracy: 81.25, data load time: 0.00016, step time: 0.01143,
epoch: [7], step: [332/1581], batch loss: 0.57820, batch accuracy: 71.88, data load time: 0.00017, step time: 0.01144,
epoch: [7], step: [632/1581], batch loss: 0.32006, batch accuracy: 93.75, data load time: 0.00017, step time: 0.01141,
epoch: [7], step: [932/1581], batch loss: 0.63869, batch accuracy: 81.25, data load time: 0.00017, step time: 0.02201,
epoch: [7], step: [1232/1581], batch loss: 0.24956, batch accuracy: 84.38, data load time: 0.00017, step time: 0.01143,
epoch: [7], step: [1532/1581], batch loss: 0.56498, batch accuracy: 84.38, data load time: 0.00014, step time: 0.01141,
epoch: [8], step: [251/1581], batch loss: 0.22754, batch accuracy: 87.50, data load time: 0.00017, step time: 0.01141,
epoch: [8], step: [551/1581], batch loss: 0.51535, batch accuracy: 78.12, data load time: 0.00019, step time: 0.01146,
epoch: [8], step: [851/1581], batch loss: 0.41872, batch accuracy: 90.62, data load time: 0.00019, step time: 0.01144,
epoch: [8], step: [1151/1581], batch loss: 0.71492, batch accuracy: 78.12, data load time: 0.00017, step time: 0.01141,
epoch: [8], step: [1451/1581], batch loss: 0.40853, batch accuracy: 84.38, data load time: 0.00017, step time: 0.01140,
epoch: [9], step: [170/1581], batch loss: 0.60141, batch accuracy: 81.25, data load time: 0.00017, step time: 0.01141,
epoch: [9], step: [470/1581], batch loss: 0.55180, batch accuracy: 84.38, data load time: 0.00017, step time: 0.01143,
epoch: [9], step: [770/1581], batch loss: 0.31749, batch accuracy: 90.62, data load time: 0.00017, step time: 0.01141,
epoch: [9], step: [1070/1581], batch loss: 0.30361, batch accuracy: 90.62, data load time: 0.00017, step time: 0.01365,
epoch: [9], step: [1370/1581], batch loss: 0.49903, batch accuracy: 75.00, data load time: 0.00017, step time: 0.01141,
validation loss: 0.82024, accuracy: 74.41, class_accuracy: [77.96610169491525, 92.10526315789474, 60.68376068376068, 72.56637168141593, 83.05084745762711, 56.88073394495413, 100.0, 88.49557522123894, 55.10204081632653, 83.05084745762711]
class_avg: 76.99015421157604
epoch: [10], step: [89/1581], batch loss: 0.24991, batch accuracy: 90.62, data load time: 0.00018, step time: 0.01818,
epoch: [10], step: [389/1581], batch loss: 0.41735, batch accuracy: 81.25, data load time: 0.00020, step time: 0.01147,
epoch: [10], step: [689/1581], batch loss: 0.13054, batch accuracy: 93.75, data load time: 0.00017, step time: 0.02261,
epoch: [10], step: [989/1581], batch loss: 0.14716, batch accuracy: 100.00, data load time: 0.00017, step time: 0.01143,
epoch: [10], step: [1289/1581], batch loss: 0.51764, batch accuracy: 78.12, data load time: 0.00018, step time: 0.01142,
epoch: [11], step: [8/1581], batch loss: 0.58582, batch accuracy: 78.12, data load time: 0.00017, step time: 0.01141,
epoch: [11], step: [308/1581], batch loss: 0.56124, batch accuracy: 81.25, data load time: 0.00022, step time: 0.01148,
epoch: [11], step: [608/1581], batch loss: 0.19590, batch accuracy: 96.88, data load time: 0.00017, step time: 0.01142,
epoch: [11], step: [908/1581], batch loss: 0.23381, batch accuracy: 90.62, data load time: 0.00237, step time: 0.01152,
epoch: [11], step: [1208/1581], batch loss: 0.29080, batch accuracy: 90.62, data load time: 0.00017, step time: 0.01140,
epoch: [11], step: [1508/1581], batch loss: 0.33410, batch accuracy: 90.62, data load time: 0.00018, step time: 0.01141,
epoch: [12], step: [227/1581], batch loss: 0.48676, batch accuracy: 84.38, data load time: 0.00022, step time: 0.01143,
epoch: [12], step: [527/1581], batch loss: 0.21346, batch accuracy: 96.88, data load time: 0.00017, step time: 0.01303,
epoch: [12], step: [827/1581], batch loss: 0.28784, batch accuracy: 84.38, data load time: 0.01020, step time: 0.01148,
epoch: [12], step: [1127/1581], batch loss: 0.19497, batch accuracy: 96.88, data load time: 0.00221, step time: 0.01170,
epoch: [12], step: [1427/1581], batch loss: 0.21468, batch accuracy: 93.75, data load time: 0.00018, step time: 0.01141,
epoch: [13], step: [146/1581], batch loss: 0.28535, batch accuracy: 81.25, data load time: 0.00017, step time: 0.01148,
epoch: [13], step: [446/1581], batch loss: 0.19996, batch accuracy: 96.88, data load time: 0.00019, step time: 0.01146,
epoch: [13], step: [746/1581], batch loss: 0.23798, batch accuracy: 87.50, data load time: 0.00017, step time: 0.01142,
epoch: [13], step: [1046/1581], batch loss: 0.28184, batch accuracy: 93.75, data load time: 0.00017, step time: 0.01141,
epoch: [13], step: [1346/1581], batch loss: 0.27865, batch accuracy: 93.75, data load time: 0.00020, step time: 0.01148,
epoch: [14], step: [65/1581], batch loss: 0.32006, batch accuracy: 87.50, data load time: 0.00017, step time: 0.01141,
epoch: [14], step: [365/1581], batch loss: 0.22441, batch accuracy: 93.75, data load time: 0.00017, step time: 0.01143,
epoch: [14], step: [665/1581], batch loss: 0.38598, batch accuracy: 84.38, data load time: 0.00017, step time: 0.01143,
epoch: [14], step: [965/1581], batch loss: 0.25586, batch accuracy: 93.75, data load time: 0.00017, step time: 0.01287,
epoch: [14], step: [1265/1581], batch loss: 0.30799, batch accuracy: 87.50, data load time: 0.00017, step time: 0.01140,
epoch: [14], step: [1565/1581], batch loss: 0.19776, batch accuracy: 100.00, data load time: 0.00014, step time: 0.01140,
validation loss: 0.78198, accuracy: 74.31, class_accuracy: [62.71186440677966, 92.10526315789474, 79.48717948717949, 73.45132743362832, 84.7457627118644, 57.79816513761468, 97.14285714285714, 88.49557522123894, 57.142857142857146, 74.57627118644068]
class_avg: 76.76571230283551
epoch: [15], step: [284/1581], batch loss: 0.14564, batch accuracy: 96.88, data load time: 0.00024, step time: 0.01142,
epoch: [15], step: [584/1581], batch loss: 0.20494, batch accuracy: 93.75, data load time: 0.00022, step time: 0.01154,
epoch: [15], step: [884/1581], batch loss: 0.27488, batch accuracy: 87.50, data load time: 0.00017, step time: 0.01141,
epoch: [15], step: [1184/1581], batch loss: 0.27666, batch accuracy: 93.75, data load time: 0.00018, step time: 0.01143,
epoch: [15], step: [1484/1581], batch loss: 0.14619, batch accuracy: 90.62, data load time: 0.00217, step time: 0.01148,
epoch: [16], step: [203/1581], batch loss: 0.28168, batch accuracy: 90.62, data load time: 0.00018, step time: 0.01141,
epoch: [16], step: [503/1581], batch loss: 0.34009, batch accuracy: 87.50, data load time: 0.00017, step time: 0.01139,
epoch: [16], step: [803/1581], batch loss: 0.16642, batch accuracy: 96.88, data load time: 0.00017, step time: 0.01142,
epoch: [16], step: [1103/1581], batch loss: 0.20491, batch accuracy: 93.75, data load time: 0.00018, step time: 0.01142,
epoch: [16], step: [1403/1581], batch loss: 0.11901, batch accuracy: 93.75, data load time: 0.00018, step time: 0.01142,
epoch: [17], step: [122/1581], batch loss: 0.26276, batch accuracy: 90.62, data load time: 0.00019, step time: 0.01150,
epoch: [17], step: [422/1581], batch loss: 0.30358, batch accuracy: 87.50, data load time: 0.00017, step time: 0.01143,
epoch: [17], step: [722/1581], batch loss: 0.09439, batch accuracy: 100.00, data load time: 0.00018, step time: 0.01142,
epoch: [17], step: [1022/1581], batch loss: 0.31237, batch accuracy: 87.50, data load time: 0.00018, step time: 0.01142,
epoch: [17], step: [1322/1581], batch loss: 0.23991, batch accuracy: 90.62, data load time: 0.00017, step time: 0.01142,
epoch: [18], step: [41/1581], batch loss: 0.11962, batch accuracy: 96.88, data load time: 0.00016, step time: 0.01289,
epoch: [18], step: [341/1581], batch loss: 0.40156, batch accuracy: 87.50, data load time: 0.00018, step time: 0.01141,
epoch: [18], step: [641/1581], batch loss: 0.07972, batch accuracy: 96.88, data load time: 0.00018, step time: 0.01140,
epoch: [18], step: [941/1581], batch loss: 0.50552, batch accuracy: 84.38, data load time: 0.00018, step time: 0.01141,
epoch: [18], step: [1241/1581], batch loss: 0.13209, batch accuracy: 96.88, data load time: 0.00017, step time: 0.01139,
epoch: [18], step: [1541/1581], batch loss: 0.19123, batch accuracy: 93.75, data load time: 0.00014, step time: 0.01141,
epoch: [19], step: [260/1581], batch loss: 0.34805, batch accuracy: 90.62, data load time: 0.00017, step time: 0.01352,
epoch: [19], step: [560/1581], batch loss: 0.42842, batch accuracy: 84.38, data load time: 0.00018, step time: 0.01143,
epoch: [19], step: [860/1581], batch loss: 0.19089, batch accuracy: 93.75, data load time: 0.00017, step time: 0.01142,
epoch: [19], step: [1160/1581], batch loss: 0.41801, batch accuracy: 81.25, data load time: 0.00017, step time: 0.01144,
epoch: [19], step: [1460/1581], batch loss: 0.10897, batch accuracy: 96.88, data load time: 0.00254, step time: 0.01684,
validation loss: 0.78745, accuracy: 74.82, class_accuracy: [55.08474576271186, 92.10526315789474, 83.76068376068376, 71.68141592920354, 82.20338983050847, 56.88073394495413, 100.0, 98.23008849557522, 56.12244897959184, 77.96610169491525]
class_avg: 77.40348715560387
epoch: [20], step: [179/1581], batch loss: 0.27774, batch accuracy: 93.75, data load time: 0.00016, step time: 0.01140,
epoch: [20], step: [479/1581], batch loss: 0.36100, batch accuracy: 81.25, data load time: 0.00253, step time: 0.01141,
epoch: [20], step: [779/1581], batch loss: 0.39616, batch accuracy: 93.75, data load time: 0.00019, step time: 0.01383,
epoch: [20], step: [1079/1581], batch loss: 0.17923, batch accuracy: 96.88, data load time: 0.00022, step time: 0.01143,
epoch: [20], step: [1379/1581], batch loss: 0.17134, batch accuracy: 96.88, data load time: 0.00018, step time: 0.01174,
epoch: [21], step: [98/1581], batch loss: 0.12053, batch accuracy: 96.88, data load time: 0.00260, step time: 0.01178,
epoch: [21], step: [398/1581], batch loss: 0.08513, batch accuracy: 100.00, data load time: 0.00018, step time: 0.01146,
epoch: [21], step: [698/1581], batch loss: 0.16363, batch accuracy: 96.88, data load time: 0.00017, step time: 0.01142,
epoch: [21], step: [998/1581], batch loss: 0.12567, batch accuracy: 93.75, data load time: 0.00018, step time: 0.01142,
epoch: [21], step: [1298/1581], batch loss: 0.17787, batch accuracy: 93.75, data load time: 0.00017, step time: 0.01142,
epoch: [22], step: [17/1581], batch loss: 0.15240, batch accuracy: 100.00, data load time: 0.00017, step time: 0.01142,
epoch: [22], step: [317/1581], batch loss: 0.18650, batch accuracy: 96.88, data load time: 0.00018, step time: 0.01143,
epoch: [22], step: [617/1581], batch loss: 0.17438, batch accuracy: 93.75, data load time: 0.00018, step time: 0.01141,
epoch: [22], step: [917/1581], batch loss: 0.33407, batch accuracy: 87.50, data load time: 0.00017, step time: 0.01141,
epoch: [22], step: [1217/1581], batch loss: 0.15095, batch accuracy: 93.75, data load time: 0.00017, step time: 0.01141,
epoch: [22], step: [1517/1581], batch loss: 0.11283, batch accuracy: 96.88, data load time: 0.00017, step time: 0.01143,
epoch: [23], step: [236/1581], batch loss: 0.05012, batch accuracy: 100.00, data load time: 0.00018, step time: 0.01140,
epoch: [23], step: [536/1581], batch loss: 0.17459, batch accuracy: 93.75, data load time: 0.00017, step time: 0.01143,
epoch: [23], step: [836/1581], batch loss: 0.08918, batch accuracy: 96.88, data load time: 0.01037, step time: 0.01168,
epoch: [23], step: [1136/1581], batch loss: 0.18198, batch accuracy: 87.50, data load time: 0.00017, step time: 0.01143,
epoch: [23], step: [1436/1581], batch loss: 0.14773, batch accuracy: 96.88, data load time: 0.00020, step time: 0.01147,
epoch: [24], step: [155/1581], batch loss: 0.19637, batch accuracy: 93.75, data load time: 0.00017, step time: 0.01374,
epoch: [24], step: [455/1581], batch loss: 0.35906, batch accuracy: 93.75, data load time: 0.00017, step time: 0.01146,
epoch: [24], step: [755/1581], batch loss: 0.16614, batch accuracy: 90.62, data load time: 0.00017, step time: 0.01463,
epoch: [24], step: [1055/1581], batch loss: 0.22005, batch accuracy: 93.75, data load time: 0.00017, step time: 0.01143,
epoch: [24], step: [1355/1581], batch loss: 0.07934, batch accuracy: 96.88, data load time: 0.00017, step time: 0.01141,
validation loss: 0.79724, accuracy: 73.08, class_accuracy: [48.30508474576271, 92.10526315789474, 82.90598290598291, 64.60176991150442, 83.89830508474576, 55.96330275229358, 100.0, 94.69026548672566, 59.183673469387756, 77.96610169491525]
class_avg: 75.96197492092128
epoch: [25], step: [74/1581], batch loss: 0.25856, batch accuracy: 93.75, data load time: 0.00027, step time: 0.01144,
epoch: [25], step: [374/1581], batch loss: 0.12843, batch accuracy: 93.75, data load time: 0.00020, step time: 0.01141,
epoch: [25], step: [674/1581], batch loss: 0.14115, batch accuracy: 93.75, data load time: 0.00018, step time: 0.01143,
epoch: [25], step: [974/1581], batch loss: 0.14321, batch accuracy: 93.75, data load time: 0.00017, step time: 0.01519,
epoch: [25], step: [1274/1581], batch loss: 0.17811, batch accuracy: 96.88, data load time: 0.00236, step time: 0.01141,
epoch: [25], step: [1574/1581], batch loss: 0.12371, batch accuracy: 93.75, data load time: 0.00014, step time: 0.01138,
epoch: [26], step: [293/1581], batch loss: 0.22523, batch accuracy: 93.75, data load time: 0.00241, step time: 0.01143,
epoch: [26], step: [593/1581], batch loss: 0.15317, batch accuracy: 96.88, data load time: 0.00018, step time: 0.01142,
epoch: [26], step: [893/1581], batch loss: 0.12010, batch accuracy: 96.88, data load time: 0.00017, step time: 0.01141,
epoch: [26], step: [1193/1581], batch loss: 0.13622, batch accuracy: 93.75, data load time: 0.00017, step time: 0.01143,
epoch: [26], step: [1493/1581], batch loss: 0.12926, batch accuracy: 96.88, data load time: 0.00744, step time: 0.01167,
epoch: [27], step: [212/1581], batch loss: 0.07959, batch accuracy: 100.00, data load time: 0.00018, step time: 0.01141,
epoch: [27], step: [512/1581], batch loss: 0.03061, batch accuracy: 100.00, data load time: 0.00017, step time: 0.01140,
epoch: [27], step: [812/1581], batch loss: 0.11110, batch accuracy: 96.88, data load time: 0.00018, step time: 0.01142,
epoch: [27], step: [1112/1581], batch loss: 0.07883, batch accuracy: 93.75, data load time: 0.00021, step time: 0.01628,
epoch: [27], step: [1412/1581], batch loss: 0.08536, batch accuracy: 96.88, data load time: 0.00022, step time: 0.01144,
epoch: [28], step: [131/1581], batch loss: 0.09972, batch accuracy: 96.88, data load time: 0.00305, step time: 0.01239,
epoch: [28], step: [431/1581], batch loss: 0.23917, batch accuracy: 93.75, data load time: 0.00017, step time: 0.01142,
epoch: [28], step: [731/1581], batch loss: 0.10603, batch accuracy: 100.00, data load time: 0.00017, step time: 0.01141,
epoch: [28], step: [1031/1581], batch loss: 0.20840, batch accuracy: 90.62, data load time: 0.00017, step time: 0.01141,
epoch: [28], step: [1331/1581], batch loss: 0.10428, batch accuracy: 96.88, data load time: 0.00039, step time: 0.01144,
epoch: [29], step: [50/1581], batch loss: 0.06901, batch accuracy: 100.00, data load time: 0.00015, step time: 0.01141,
epoch: [29], step: [350/1581], batch loss: 0.07299, batch accuracy: 96.88, data load time: 0.00251, step time: 0.01223,
epoch: [29], step: [650/1581], batch loss: 0.12197, batch accuracy: 96.88, data load time: 0.00018, step time: 0.01142,
epoch: [29], step: [950/1581], batch loss: 0.15380, batch accuracy: 93.75, data load time: 0.00017, step time: 0.01141,
epoch: [29], step: [1250/1581], batch loss: 0.11482, batch accuracy: 93.75, data load time: 0.00019, step time: 0.01144,
epoch: [29], step: [1550/1581], batch loss: 0.06440, batch accuracy: 100.00, data load time: 0.00014, step time: 0.01139,
validation loss: 0.79351, accuracy: 74.72, class_accuracy: [50.847457627118644, 92.10526315789474, 85.47008547008546, 74.33628318584071, 83.05084745762711, 55.04587155963303, 97.14285714285714, 95.57522123893806, 58.16326530612245, 79.66101694915254]
class_avg: 77.139816909527
epoch: [30], step: [269/1581], batch loss: 0.08734, batch accuracy: 93.75, data load time: 0.00020, step time: 0.01141,
epoch: [30], step: [569/1581], batch loss: 0.08723, batch accuracy: 96.88, data load time: 0.00287, step time: 0.01203,
epoch: [30], step: [869/1581], batch loss: 0.09940, batch accuracy: 96.88, data load time: 0.00245, step time: 0.01177,
epoch: [30], step: [1169/1581], batch loss: 0.32603, batch accuracy: 90.62, data load time: 0.00017, step time: 0.01148,
epoch: [30], step: [1469/1581], batch loss: 0.08903, batch accuracy: 100.00, data load time: 0.00019, step time: 0.01142,
epoch: [31], step: [188/1581], batch loss: 0.07087, batch accuracy: 96.88, data load time: 0.00270, step time: 0.01228,
epoch: [31], step: [488/1581], batch loss: 0.17648, batch accuracy: 96.88, data load time: 0.00018, step time: 0.01862,
epoch: [31], step: [788/1581], batch loss: 0.07885, batch accuracy: 100.00, data load time: 0.00025, step time: 0.01142,
epoch: [31], step: [1088/1581], batch loss: 0.12010, batch accuracy: 96.88, data load time: 0.00018, step time: 0.01143,
epoch: [31], step: [1388/1581], batch loss: 0.11603, batch accuracy: 96.88, data load time: 0.00017, step time: 0.01936,
epoch: [32], step: [107/1581], batch loss: 0.03640, batch accuracy: 100.00, data load time: 0.00021, step time: 0.01143,
epoch: [32], step: [407/1581], batch loss: 0.14466, batch accuracy: 96.88, data load time: 0.00021, step time: 0.01141,
epoch: [32], step: [707/1581], batch loss: 0.12133, batch accuracy: 96.88, data load time: 0.00023, step time: 0.01143,
epoch: [32], step: [1007/1581], batch loss: 0.13565, batch accuracy: 93.75, data load time: 0.00018, step time: 0.01780,
epoch: [32], step: [1307/1581], batch loss: 0.30908, batch accuracy: 93.75, data load time: 0.00027, step time: 0.01143,
epoch: [33], step: [26/1581], batch loss: 0.09255, batch accuracy: 96.88, data load time: 0.00018, step time: 0.01141,
epoch: [33], step: [326/1581], batch loss: 0.06385, batch accuracy: 96.88, data load time: 0.00017, step time: 0.01186,
epoch: [33], step: [626/1581], batch loss: 0.05749, batch accuracy: 96.88, data load time: 0.00309, step time: 0.01144,
epoch: [33], step: [926/1581], batch loss: 0.09268, batch accuracy: 96.88, data load time: 0.00018, step time: 0.01141,
epoch: [33], step: [1226/1581], batch loss: 0.10424, batch accuracy: 96.88, data load time: 0.00018, step time: 0.01143,
epoch: [33], step: [1526/1581], batch loss: 0.08282, batch accuracy: 96.88, data load time: 0.00016, step time: 0.01142,
epoch: [34], step: [245/1581], batch loss: 0.05889, batch accuracy: 100.00, data load time: 0.00018, step time: 0.01141,
epoch: [34], step: [545/1581], batch loss: 0.06084, batch accuracy: 100.00, data load time: 0.00018, step time: 0.01143,
epoch: [34], step: [845/1581], batch loss: 0.19653, batch accuracy: 93.75, data load time: 0.00263, step time: 0.01141,
epoch: [34], step: [1145/1581], batch loss: 0.06432, batch accuracy: 96.88, data load time: 0.00023, step time: 0.01141,
epoch: [34], step: [1445/1581], batch loss: 0.09255, batch accuracy: 96.88, data load time: 0.00018, step time: 0.01143,
validation loss: 0.78732, accuracy: 75.23, class_accuracy: [50.0, 92.10526315789474, 84.61538461538461, 74.33628318584071, 82.20338983050847, 54.12844036697248, 100.0, 99.11504424778761, 53.06122448979592, 87.28813559322033]
class_avg: 77.68531654874049
epoch: [35], step: [164/1581], batch loss: 0.04283, batch accuracy: 100.00, data load time: 0.00017, step time: 0.01142,
epoch: [35], step: [464/1581], batch loss: 0.08878, batch accuracy: 96.88, data load time: 0.00020, step time: 0.01145,
epoch: [35], step: [764/1581], batch loss: 0.11014, batch accuracy: 96.88, data load time: 0.00017, step time: 0.01142,
epoch: [35], step: [1064/1581], batch loss: 0.16701, batch accuracy: 96.88, data load time: 0.00238, step time: 0.01150,
epoch: [35], step: [1364/1581], batch loss: 0.15506, batch accuracy: 93.75, data load time: 0.00020, step time: 0.01145,
epoch: [36], step: [83/1581], batch loss: 0.20427, batch accuracy: 90.62, data load time: 0.00017, step time: 0.01870,
epoch: [36], step: [383/1581], batch loss: 0.10842, batch accuracy: 93.75, data load time: 0.00027, step time: 0.01148,
epoch: [36], step: [683/1581], batch loss: 0.05792, batch accuracy: 100.00, data load time: 0.00238, step time: 0.01244,
epoch: [36], step: [983/1581], batch loss: 0.50277, batch accuracy: 93.75, data load time: 0.00017, step time: 0.01141,
epoch: [36], step: [1283/1581], batch loss: 0.04557, batch accuracy: 96.88, data load time: 0.00227, step time: 0.01174,
epoch: [37], step: [2/1581], batch loss: 0.07500, batch accuracy: 100.00, data load time: 0.00018, step time: 0.01140,
epoch: [37], step: [302/1581], batch loss: 0.08715, batch accuracy: 96.88, data load time: 0.00295, step time: 0.01222,
epoch: [37], step: [602/1581], batch loss: 0.12812, batch accuracy: 93.75, data load time: 0.00017, step time: 0.01140,
epoch: [37], step: [902/1581], batch loss: 0.07932, batch accuracy: 100.00, data load time: 0.00270, step time: 0.01143,
epoch: [37], step: [1202/1581], batch loss: 0.06815, batch accuracy: 96.88, data load time: 0.00019, step time: 0.01919,
epoch: [37], step: [1502/1581], batch loss: 0.04580, batch accuracy: 100.00, data load time: 0.00238, step time: 0.01261,
epoch: [38], step: [221/1581], batch loss: 0.07078, batch accuracy: 96.88, data load time: 0.00017, step time: 0.01148,
epoch: [38], step: [521/1581], batch loss: 0.07098, batch accuracy: 100.00, data load time: 0.00016, step time: 0.01142,
epoch: [38], step: [821/1581], batch loss: 0.03124, batch accuracy: 100.00, data load time: 0.00025, step time: 0.01141,
epoch: [38], step: [1121/1581], batch loss: 0.09567, batch accuracy: 96.88, data load time: 0.00020, step time: 0.01145,
epoch: [38], step: [1421/1581], batch loss: 0.02816, batch accuracy: 100.00, data load time: 0.00236, step time: 0.01141,
epoch: [39], step: [140/1581], batch loss: 0.02657, batch accuracy: 100.00, data load time: 0.00018, step time: 0.01142,
epoch: [39], step: [440/1581], batch loss: 0.15100, batch accuracy: 96.88, data load time: 0.00041, step time: 0.01292,
epoch: [39], step: [740/1581], batch loss: 0.05861, batch accuracy: 100.00, data load time: 0.00018, step time: 0.01486,
epoch: [39], step: [1040/1581], batch loss: 0.13938, batch accuracy: 90.62, data load time: 0.00246, step time: 0.01147,
epoch: [39], step: [1340/1581], batch loss: 0.19633, batch accuracy: 96.88, data load time: 0.01029, step time: 0.01157,
validation loss: 0.76133, accuracy: 75.74, class_accuracy: [48.30508474576271, 97.36842105263158, 82.05128205128206, 72.56637168141593, 86.44067796610169, 55.96330275229358, 100.0, 95.57522123893806, 56.12244897959184, 90.67796610169492]
class_avg: 78.50707765697123
epoch: [40], step: [59/1581], batch loss: 0.03166, batch accuracy: 100.00, data load time: 0.00020, step time: 0.01145,
epoch: [40], step: [359/1581], batch loss: 0.12648, batch accuracy: 93.75, data load time: 0.00017, step time: 0.01140,
epoch: [40], step: [659/1581], batch loss: 0.07222, batch accuracy: 96.88, data load time: 0.00020, step time: 0.01150,
epoch: [40], step: [959/1581], batch loss: 0.09918, batch accuracy: 96.88, data load time: 0.00022, step time: 0.01252,
epoch: [40], step: [1259/1581], batch loss: 0.08430, batch accuracy: 100.00, data load time: 0.00220, step time: 0.01261,
epoch: [40], step: [1559/1581], batch loss: 0.04472, batch accuracy: 100.00, data load time: 0.00014, step time: 0.01141,
epoch: [41], step: [278/1581], batch loss: 0.12020, batch accuracy: 100.00, data load time: 0.00017, step time: 0.01142,
epoch: [41], step: [578/1581], batch loss: 0.05923, batch accuracy: 100.00, data load time: 0.00018, step time: 0.01930,
epoch: [41], step: [878/1581], batch loss: 0.01449, batch accuracy: 100.00, data load time: 0.00017, step time: 0.01143,
epoch: [41], step: [1178/1581], batch loss: 0.08074, batch accuracy: 96.88, data load time: 0.00018, step time: 0.01141,
epoch: [41], step: [1478/1581], batch loss: 0.09205, batch accuracy: 96.88, data load time: 0.00017, step time: 0.01140,
epoch: [42], step: [197/1581], batch loss: 0.09756, batch accuracy: 93.75, data load time: 0.00019, step time: 0.01142,
epoch: [42], step: [497/1581], batch loss: 0.05582, batch accuracy: 96.88, data load time: 0.00025, step time: 0.01143,
epoch: [42], step: [797/1581], batch loss: 0.19147, batch accuracy: 96.88, data load time: 0.00018, step time: 0.01143,
epoch: [42], step: [1097/1581], batch loss: 0.03252, batch accuracy: 100.00, data load time: 0.00017, step time: 0.01143,
epoch: [42], step: [1397/1581], batch loss: 0.08947, batch accuracy: 96.88, data load time: 0.00018, step time: 0.01143,
epoch: [43], step: [116/1581], batch loss: 0.08551, batch accuracy: 96.88, data load time: 0.00038, step time: 0.01347,
epoch: [43], step: [416/1581], batch loss: 0.05605, batch accuracy: 100.00, data load time: 0.00042, step time: 0.01141,
epoch: [43], step: [716/1581], batch loss: 0.02600, batch accuracy: 100.00, data load time: 0.00229, step time: 0.01265,
epoch: [43], step: [1016/1581], batch loss: 0.05493, batch accuracy: 100.00, data load time: 0.00018, step time: 0.01141,
epoch: [43], step: [1316/1581], batch loss: 0.11905, batch accuracy: 96.88, data load time: 0.00017, step time: 0.01142,
epoch: [44], step: [35/1581], batch loss: 0.04603, batch accuracy: 96.88, data load time: 0.00016, step time: 0.01813,
epoch: [44], step: [335/1581], batch loss: 0.05411, batch accuracy: 100.00, data load time: 0.00018, step time: 0.01164,
epoch: [44], step: [635/1581], batch loss: 0.08479, batch accuracy: 93.75, data load time: 0.00237, step time: 0.01225,
epoch: [44], step: [935/1581], batch loss: 0.03609, batch accuracy: 100.00, data load time: 0.00018, step time: 0.01143,
epoch: [44], step: [1235/1581], batch loss: 0.21641, batch accuracy: 93.75, data load time: 0.00017, step time: 0.01143,
epoch: [44], step: [1535/1581], batch loss: 0.08483, batch accuracy: 96.88, data load time: 0.00015, step time: 0.01141,
validation loss: 0.79075, accuracy: 75.03, class_accuracy: [45.76271186440678, 92.10526315789474, 84.61538461538461, 75.22123893805309, 80.50847457627118, 57.79816513761468, 97.14285714285714, 96.46017699115045, 58.16326530612245, 86.44067796610169]
class_avg: 77.42182156958567
epoch: [45], step: [254/1581], batch loss: 0.20496, batch accuracy: 93.75, data load time: 0.00017, step time: 0.01142,
epoch: [45], step: [554/1581], batch loss: 0.02342, batch accuracy: 100.00, data load time: 0.00018, step time: 0.01142,
epoch: [45], step: [854/1581], batch loss: 0.06829, batch accuracy: 100.00, data load time: 0.00017, step time: 0.01142,
epoch: [45], step: [1154/1581], batch loss: 0.07163, batch accuracy: 96.88, data load time: 0.00017, step time: 0.01142,
epoch: [45], step: [1454/1581], batch loss: 0.02195, batch accuracy: 100.00, data load time: 0.00227, step time: 0.01148,
epoch: [46], step: [173/1581], batch loss: 0.05190, batch accuracy: 96.88, data load time: 0.00018, step time: 0.01142,
epoch: [46], step: [473/1581], batch loss: 0.05298, batch accuracy: 100.00, data load time: 0.00018, step time: 0.01143,
epoch: [46], step: [773/1581], batch loss: 0.01918, batch accuracy: 100.00, data load time: 0.00017, step time: 0.01141,
epoch: [46], step: [1073/1581], batch loss: 0.23645, batch accuracy: 93.75, data load time: 0.00018, step time: 0.01143,
epoch: [46], step: [1373/1581], batch loss: 0.04357, batch accuracy: 100.00, data load time: 0.00017, step time: 0.01144,
epoch: [47], step: [92/1581], batch loss: 0.15471, batch accuracy: 90.62, data load time: 0.00017, step time: 0.01140,
epoch: [47], step: [392/1581], batch loss: 0.08410, batch accuracy: 96.88, data load time: 0.00016, step time: 0.01141,
epoch: [47], step: [692/1581], batch loss: 0.04784, batch accuracy: 100.00, data load time: 0.00017, step time: 0.01142,
epoch: [47], step: [992/1581], batch loss: 0.05315, batch accuracy: 100.00, data load time: 0.00017, step time: 0.01143,
epoch: [47], step: [1292/1581], batch loss: 0.03164, batch accuracy: 100.00, data load time: 0.00018, step time: 0.01141,
epoch: [48], step: [11/1581], batch loss: 0.04347, batch accuracy: 100.00, data load time: 0.00016, step time: 0.01141,
epoch: [48], step: [311/1581], batch loss: 0.05305, batch accuracy: 100.00, data load time: 0.00019, step time: 0.01142,
epoch: [48], step: [611/1581], batch loss: 0.08058, batch accuracy: 96.88, data load time: 0.00019, step time: 0.01145,
epoch: [48], step: [911/1581], batch loss: 0.04896, batch accuracy: 100.00, data load time: 0.00022, step time: 0.01143,
epoch: [48], step: [1211/1581], batch loss: 0.05475, batch accuracy: 100.00, data load time: 0.00017, step time: 0.01141,
epoch: [48], step: [1511/1581], batch loss: 0.06495, batch accuracy: 100.00, data load time: 0.00247, step time: 0.01144,
epoch: [49], step: [230/1581], batch loss: 0.07106, batch accuracy: 96.88, data load time: 0.00017, step time: 0.01328,
epoch: [49], step: [530/1581], batch loss: 0.07540, batch accuracy: 100.00, data load time: 0.00017, step time: 0.01142,
epoch: [49], step: [830/1581], batch loss: 0.09841, batch accuracy: 96.88, data load time: 0.00017, step time: 0.01141,
epoch: [49], step: [1130/1581], batch loss: 0.04981, batch accuracy: 100.00, data load time: 0.00017, step time: 0.01140,
epoch: [49], step: [1430/1581], batch loss: 0.04225, batch accuracy: 100.00, data load time: 0.00018, step time: 0.01141,
validation loss: 0.77650, accuracy: 75.23, class_accuracy: [44.91525423728814, 92.10526315789474, 79.48717948717949, 76.99115044247787, 84.7457627118644, 55.96330275229358, 97.14285714285714, 97.34513274336283, 56.12244897959184, 90.67796610169492]
class_avg: 77.5496317756505
Total time taken: 1125.9892687797546
