Using CUDA...
Writing logs to logs/CNN_bn_epochs=50_dropout=0.5_bs=32_optim=SGD_decay=0.01_lr=0.001_momentum=0.9_mode=LMCdropout1d_run_0
epoch: [0], step: [299/1581], batch loss: 2.06699, batch accuracy: 34.38, data load time: 0.00022, step time: 0.00783,
epoch: [0], step: [599/1581], batch loss: 1.46493, batch accuracy: 53.12, data load time: 0.00032, step time: 0.01048,
epoch: [0], step: [899/1581], batch loss: 1.46977, batch accuracy: 53.12, data load time: 0.00025, step time: 0.00786,
epoch: [0], step: [1199/1581], batch loss: 1.08095, batch accuracy: 56.25, data load time: 0.00023, step time: 0.01223,
epoch: [0], step: [1499/1581], batch loss: 1.37631, batch accuracy: 56.25, data load time: 0.00021, step time: 0.00777,
epoch: [1], step: [218/1581], batch loss: 1.37951, batch accuracy: 43.75, data load time: 0.00022, step time: 0.00931,
epoch: [1], step: [518/1581], batch loss: 0.98455, batch accuracy: 68.75, data load time: 0.00039, step time: 0.00788,
epoch: [1], step: [818/1581], batch loss: 1.55454, batch accuracy: 56.25, data load time: 0.00022, step time: 0.00773,
epoch: [1], step: [1118/1581], batch loss: 1.00757, batch accuracy: 56.25, data load time: 0.00031, step time: 0.00783,
epoch: [1], step: [1418/1581], batch loss: 1.05939, batch accuracy: 59.38, data load time: 0.00023, step time: 0.00824,
epoch: [2], step: [137/1581], batch loss: 1.03389, batch accuracy: 68.75, data load time: 0.00026, step time: 0.00817,
epoch: [2], step: [437/1581], batch loss: 0.97951, batch accuracy: 68.75, data load time: 0.00021, step time: 0.00790,
epoch: [2], step: [737/1581], batch loss: 0.77094, batch accuracy: 75.00, data load time: 0.00021, step time: 0.00812,
epoch: [2], step: [1037/1581], batch loss: 1.00464, batch accuracy: 62.50, data load time: 0.00023, step time: 0.00943,
epoch: [2], step: [1337/1581], batch loss: 0.65291, batch accuracy: 65.62, data load time: 0.00020, step time: 0.00784,
epoch: [3], step: [56/1581], batch loss: 1.28544, batch accuracy: 50.00, data load time: 0.00018, step time: 0.00803,
epoch: [3], step: [356/1581], batch loss: 0.85457, batch accuracy: 68.75, data load time: 0.00370, step time: 0.01055,
epoch: [3], step: [656/1581], batch loss: 1.05417, batch accuracy: 68.75, data load time: 0.00020, step time: 0.00789,
epoch: [3], step: [956/1581], batch loss: 1.13165, batch accuracy: 65.62, data load time: 0.00309, step time: 0.00790,
epoch: [3], step: [1256/1581], batch loss: 0.61247, batch accuracy: 81.25, data load time: 0.00022, step time: 0.00800,
epoch: [3], step: [1556/1581], batch loss: 1.09833, batch accuracy: 78.12, data load time: 0.00013, step time: 0.00739,
epoch: [4], step: [275/1581], batch loss: 0.52282, batch accuracy: 81.25, data load time: 0.00237, step time: 0.01035,
epoch: [4], step: [575/1581], batch loss: 0.92057, batch accuracy: 71.88, data load time: 0.00021, step time: 0.00922,
epoch: [4], step: [875/1581], batch loss: 0.48801, batch accuracy: 81.25, data load time: 0.00021, step time: 0.00778,
epoch: [4], step: [1175/1581], batch loss: 0.68498, batch accuracy: 75.00, data load time: 0.00022, step time: 0.00784,
epoch: [4], step: [1475/1581], batch loss: 0.57729, batch accuracy: 71.88, data load time: 0.00021, step time: 0.00784,
validation loss: 1.51893, accuracy: 48.00, class_accuracy: [34.74576271186441, 60.526315789473685, 29.914529914529915, 56.63716814159292, 98.30508474576271, 14.678899082568808, 100.0, 72.56637168141593, 25.510204081632654, 27.11864406779661]
class_avg: 52.00029802166377
epoch: [5], step: [194/1581], batch loss: 0.78148, batch accuracy: 75.00, data load time: 0.00257, step time: 0.00865,
epoch: [5], step: [494/1581], batch loss: 0.43868, batch accuracy: 84.38, data load time: 0.00368, step time: 0.00907,
epoch: [5], step: [794/1581], batch loss: 0.67413, batch accuracy: 75.00, data load time: 0.00294, step time: 0.00994,
epoch: [5], step: [1094/1581], batch loss: 0.44547, batch accuracy: 84.38, data load time: 0.00024, step time: 0.00868,
epoch: [5], step: [1394/1581], batch loss: 0.45213, batch accuracy: 81.25, data load time: 0.00023, step time: 0.00803,
epoch: [6], step: [113/1581], batch loss: 0.34892, batch accuracy: 93.75, data load time: 0.00025, step time: 0.01010,
epoch: [6], step: [413/1581], batch loss: 0.30491, batch accuracy: 90.62, data load time: 0.00022, step time: 0.00807,
epoch: [6], step: [713/1581], batch loss: 0.45617, batch accuracy: 84.38, data load time: 0.00024, step time: 0.00807,
epoch: [6], step: [1013/1581], batch loss: 0.63817, batch accuracy: 71.88, data load time: 0.00321, step time: 0.00924,
epoch: [6], step: [1313/1581], batch loss: 0.47789, batch accuracy: 84.38, data load time: 0.00020, step time: 0.00784,
epoch: [7], step: [32/1581], batch loss: 0.33332, batch accuracy: 87.50, data load time: 0.00219, step time: 0.00991,
epoch: [7], step: [332/1581], batch loss: 0.59949, batch accuracy: 78.12, data load time: 0.00021, step time: 0.00767,
epoch: [7], step: [632/1581], batch loss: 0.40670, batch accuracy: 90.62, data load time: 0.00114, step time: 0.00918,
epoch: [7], step: [932/1581], batch loss: 0.60646, batch accuracy: 87.50, data load time: 0.00030, step time: 0.01001,
epoch: [7], step: [1232/1581], batch loss: 0.53812, batch accuracy: 81.25, data load time: 0.00343, step time: 0.00909,
epoch: [7], step: [1532/1581], batch loss: 0.59440, batch accuracy: 81.25, data load time: 0.00018, step time: 0.00828,
epoch: [8], step: [251/1581], batch loss: 0.32663, batch accuracy: 93.75, data load time: 0.00336, step time: 0.00906,
epoch: [8], step: [551/1581], batch loss: 0.52566, batch accuracy: 84.38, data load time: 0.00022, step time: 0.01300,
epoch: [8], step: [851/1581], batch loss: 0.44400, batch accuracy: 87.50, data load time: 0.00022, step time: 0.00785,
epoch: [8], step: [1151/1581], batch loss: 0.43402, batch accuracy: 84.38, data load time: 0.00021, step time: 0.01052,
epoch: [8], step: [1451/1581], batch loss: 0.30997, batch accuracy: 90.62, data load time: 0.00021, step time: 0.00836,
epoch: [9], step: [170/1581], batch loss: 0.51883, batch accuracy: 81.25, data load time: 0.00024, step time: 0.00790,
epoch: [9], step: [470/1581], batch loss: 0.55149, batch accuracy: 75.00, data load time: 0.00593, step time: 0.01054,
epoch: [9], step: [770/1581], batch loss: 0.31279, batch accuracy: 90.62, data load time: 0.00037, step time: 0.00943,
epoch: [9], step: [1070/1581], batch loss: 0.57127, batch accuracy: 75.00, data load time: 0.00021, step time: 0.01658,
epoch: [9], step: [1370/1581], batch loss: 0.32475, batch accuracy: 84.38, data load time: 0.00022, step time: 0.00797,
validation loss: 0.85842, accuracy: 70.32, class_accuracy: [74.57627118644068, 94.73684210526316, 47.00854700854701, 66.3716814159292, 89.83050847457628, 58.71559633027523, 100.0, 97.34513274336283, 56.12244897959184, 53.389830508474574]
class_avg: 73.80968587524607
epoch: [10], step: [89/1581], batch loss: 0.81362, batch accuracy: 78.12, data load time: 0.00022, step time: 0.00776,
epoch: [10], step: [389/1581], batch loss: 0.35367, batch accuracy: 84.38, data load time: 0.00022, step time: 0.00791,
epoch: [10], step: [689/1581], batch loss: 0.49535, batch accuracy: 84.38, data load time: 0.00025, step time: 0.00803,
epoch: [10], step: [989/1581], batch loss: 0.37609, batch accuracy: 84.38, data load time: 0.00023, step time: 0.00778,
epoch: [10], step: [1289/1581], batch loss: 0.28697, batch accuracy: 93.75, data load time: 0.00020, step time: 0.01346,
epoch: [11], step: [8/1581], batch loss: 0.66806, batch accuracy: 81.25, data load time: 0.00020, step time: 0.01333,
epoch: [11], step: [308/1581], batch loss: 0.47045, batch accuracy: 90.62, data load time: 0.00038, step time: 0.00809,
epoch: [11], step: [608/1581], batch loss: 0.42989, batch accuracy: 87.50, data load time: 0.00021, step time: 0.00810,
epoch: [11], step: [908/1581], batch loss: 0.23291, batch accuracy: 96.88, data load time: 0.00021, step time: 0.00809,
epoch: [11], step: [1208/1581], batch loss: 0.57953, batch accuracy: 78.12, data load time: 0.00344, step time: 0.00921,
epoch: [11], step: [1508/1581], batch loss: 0.40361, batch accuracy: 87.50, data load time: 0.00202, step time: 0.00903,
epoch: [12], step: [227/1581], batch loss: 0.27500, batch accuracy: 87.50, data load time: 0.00023, step time: 0.00815,
epoch: [12], step: [527/1581], batch loss: 0.37745, batch accuracy: 87.50, data load time: 0.00143, step time: 0.01070,
epoch: [12], step: [827/1581], batch loss: 0.42361, batch accuracy: 81.25, data load time: 0.00562, step time: 0.00928,
epoch: [12], step: [1127/1581], batch loss: 0.37820, batch accuracy: 84.38, data load time: 0.00022, step time: 0.00793,
epoch: [12], step: [1427/1581], batch loss: 0.34200, batch accuracy: 93.75, data load time: 0.00021, step time: 0.00768,
epoch: [13], step: [146/1581], batch loss: 0.29205, batch accuracy: 90.62, data load time: 0.00316, step time: 0.00943,
epoch: [13], step: [446/1581], batch loss: 0.19696, batch accuracy: 93.75, data load time: 0.00021, step time: 0.00942,
epoch: [13], step: [746/1581], batch loss: 0.28161, batch accuracy: 93.75, data load time: 0.00021, step time: 0.00914,
epoch: [13], step: [1046/1581], batch loss: 0.40413, batch accuracy: 84.38, data load time: 0.00021, step time: 0.00779,
epoch: [13], step: [1346/1581], batch loss: 0.26458, batch accuracy: 90.62, data load time: 0.01199, step time: 0.00787,
epoch: [14], step: [65/1581], batch loss: 0.30945, batch accuracy: 87.50, data load time: 0.00396, step time: 0.00911,
epoch: [14], step: [365/1581], batch loss: 0.26986, batch accuracy: 90.62, data load time: 0.00022, step time: 0.00862,
epoch: [14], step: [665/1581], batch loss: 0.37168, batch accuracy: 81.25, data load time: 0.00025, step time: 0.00827,
epoch: [14], step: [965/1581], batch loss: 0.41788, batch accuracy: 93.75, data load time: 0.00021, step time: 0.00803,
epoch: [14], step: [1265/1581], batch loss: 0.39716, batch accuracy: 93.75, data load time: 0.00301, step time: 0.00879,
epoch: [14], step: [1565/1581], batch loss: 0.45588, batch accuracy: 87.50, data load time: 0.00011, step time: 0.00737,
validation loss: 0.78128, accuracy: 71.14, class_accuracy: [68.64406779661017, 97.36842105263158, 68.37606837606837, 68.14159292035399, 74.57627118644068, 48.62385321100918, 100.0, 97.34513274336283, 53.06122448979592, 69.49152542372882]
class_avg: 74.56281572000016
epoch: [15], step: [284/1581], batch loss: 0.45043, batch accuracy: 84.38, data load time: 0.00026, step time: 0.00824,
epoch: [15], step: [584/1581], batch loss: 0.28406, batch accuracy: 90.62, data load time: 0.00020, step time: 0.00778,
epoch: [15], step: [884/1581], batch loss: 0.19398, batch accuracy: 96.88, data load time: 0.00065, step time: 0.01416,
epoch: [15], step: [1184/1581], batch loss: 0.44398, batch accuracy: 81.25, data load time: 0.00025, step time: 0.00789,
epoch: [15], step: [1484/1581], batch loss: 0.22665, batch accuracy: 96.88, data load time: 0.00024, step time: 0.00836,
epoch: [16], step: [203/1581], batch loss: 0.28402, batch accuracy: 96.88, data load time: 0.00024, step time: 0.00830,
epoch: [16], step: [503/1581], batch loss: 0.47888, batch accuracy: 78.12, data load time: 0.00057, step time: 0.00855,
epoch: [16], step: [803/1581], batch loss: 0.32884, batch accuracy: 87.50, data load time: 0.00320, step time: 0.00947,
epoch: [16], step: [1103/1581], batch loss: 0.18908, batch accuracy: 100.00, data load time: 0.00026, step time: 0.00831,
epoch: [16], step: [1403/1581], batch loss: 0.35486, batch accuracy: 90.62, data load time: 0.00332, step time: 0.00889,
epoch: [17], step: [122/1581], batch loss: 0.34580, batch accuracy: 84.38, data load time: 0.00399, step time: 0.01230,
epoch: [17], step: [422/1581], batch loss: 0.28790, batch accuracy: 90.62, data load time: 0.00021, step time: 0.01212,
epoch: [17], step: [722/1581], batch loss: 0.51955, batch accuracy: 84.38, data load time: 0.00020, step time: 0.00811,
epoch: [17], step: [1022/1581], batch loss: 0.41397, batch accuracy: 84.38, data load time: 0.00023, step time: 0.01267,
epoch: [17], step: [1322/1581], batch loss: 0.21389, batch accuracy: 90.62, data load time: 0.00309, step time: 0.00847,
epoch: [18], step: [41/1581], batch loss: 0.20218, batch accuracy: 93.75, data load time: 0.00405, step time: 0.00856,
epoch: [18], step: [341/1581], batch loss: 0.34861, batch accuracy: 87.50, data load time: 0.00773, step time: 0.01026,
epoch: [18], step: [641/1581], batch loss: 0.17771, batch accuracy: 93.75, data load time: 0.00022, step time: 0.00790,
epoch: [18], step: [941/1581], batch loss: 0.25270, batch accuracy: 90.62, data load time: 0.00025, step time: 0.00801,
epoch: [18], step: [1241/1581], batch loss: 0.32957, batch accuracy: 84.38, data load time: 0.00304, step time: 0.00873,
epoch: [18], step: [1541/1581], batch loss: 0.20454, batch accuracy: 93.75, data load time: 0.00024, step time: 0.00909,
epoch: [19], step: [260/1581], batch loss: 0.25691, batch accuracy: 100.00, data load time: 0.00023, step time: 0.00780,
epoch: [19], step: [560/1581], batch loss: 0.32338, batch accuracy: 90.62, data load time: 0.00309, step time: 0.00874,
epoch: [19], step: [860/1581], batch loss: 0.22032, batch accuracy: 96.88, data load time: 0.00293, step time: 0.00904,
epoch: [19], step: [1160/1581], batch loss: 0.42399, batch accuracy: 81.25, data load time: 0.00359, step time: 0.00917,
epoch: [19], step: [1460/1581], batch loss: 0.37850, batch accuracy: 87.50, data load time: 0.00022, step time: 0.00782,
validation loss: 0.76293, accuracy: 72.16, class_accuracy: [60.16949152542373, 92.10526315789474, 64.95726495726495, 72.56637168141593, 78.8135593220339, 66.05504587155963, 100.0, 92.03539823008849, 61.224489795918366, 65.2542372881356]
class_avg: 75.31811218297354
epoch: [20], step: [179/1581], batch loss: 0.40623, batch accuracy: 84.38, data load time: 0.00023, step time: 0.00815,
epoch: [20], step: [479/1581], batch loss: 0.57772, batch accuracy: 90.62, data load time: 0.00022, step time: 0.00784,
epoch: [20], step: [779/1581], batch loss: 0.32339, batch accuracy: 90.62, data load time: 0.00021, step time: 0.00809,
epoch: [20], step: [1079/1581], batch loss: 0.17864, batch accuracy: 96.88, data load time: 0.00022, step time: 0.00770,
epoch: [20], step: [1379/1581], batch loss: 0.27131, batch accuracy: 93.75, data load time: 0.00022, step time: 0.00781,
epoch: [21], step: [98/1581], batch loss: 0.38770, batch accuracy: 81.25, data load time: 0.00020, step time: 0.00812,
epoch: [21], step: [398/1581], batch loss: 0.21715, batch accuracy: 93.75, data load time: 0.00026, step time: 0.00806,
epoch: [21], step: [698/1581], batch loss: 0.23383, batch accuracy: 96.88, data load time: 0.00242, step time: 0.00976,
epoch: [21], step: [998/1581], batch loss: 0.24791, batch accuracy: 87.50, data load time: 0.00021, step time: 0.01170,
epoch: [21], step: [1298/1581], batch loss: 0.31255, batch accuracy: 90.62, data load time: 0.00283, step time: 0.00822,
epoch: [22], step: [17/1581], batch loss: 0.27700, batch accuracy: 90.62, data load time: 0.00019, step time: 0.01141,
epoch: [22], step: [317/1581], batch loss: 0.26583, batch accuracy: 90.62, data load time: 0.00022, step time: 0.00806,
epoch: [22], step: [617/1581], batch loss: 0.32862, batch accuracy: 87.50, data load time: 0.00036, step time: 0.00793,
epoch: [22], step: [917/1581], batch loss: 0.29696, batch accuracy: 87.50, data load time: 0.00022, step time: 0.01218,
epoch: [22], step: [1217/1581], batch loss: 0.27929, batch accuracy: 93.75, data load time: 0.00023, step time: 0.01096,
epoch: [22], step: [1517/1581], batch loss: 0.29510, batch accuracy: 90.62, data load time: 0.00024, step time: 0.00806,
epoch: [23], step: [236/1581], batch loss: 0.18514, batch accuracy: 93.75, data load time: 0.00023, step time: 0.00814,
epoch: [23], step: [536/1581], batch loss: 0.45790, batch accuracy: 84.38, data load time: 0.00022, step time: 0.00777,
epoch: [23], step: [836/1581], batch loss: 0.38515, batch accuracy: 84.38, data load time: 0.00244, step time: 0.01203,
epoch: [23], step: [1136/1581], batch loss: 0.18923, batch accuracy: 93.75, data load time: 0.00022, step time: 0.01214,
epoch: [23], step: [1436/1581], batch loss: 0.19973, batch accuracy: 90.62, data load time: 0.00385, step time: 0.00904,
epoch: [24], step: [155/1581], batch loss: 0.26049, batch accuracy: 87.50, data load time: 0.00023, step time: 0.00791,
epoch: [24], step: [455/1581], batch loss: 0.40739, batch accuracy: 87.50, data load time: 0.00021, step time: 0.01211,
epoch: [24], step: [755/1581], batch loss: 0.18200, batch accuracy: 96.88, data load time: 0.00025, step time: 0.01323,
epoch: [24], step: [1055/1581], batch loss: 0.25315, batch accuracy: 90.62, data load time: 0.00031, step time: 0.00822,
epoch: [24], step: [1355/1581], batch loss: 0.36452, batch accuracy: 87.50, data load time: 0.00032, step time: 0.00788,
validation loss: 0.70578, accuracy: 74.21, class_accuracy: [64.40677966101696, 94.73684210526316, 64.95726495726495, 77.87610619469027, 83.89830508474576, 54.12844036697248, 100.0, 99.11504424778761, 52.04081632653061, 78.8135593220339]
class_avg: 76.99731582663057
epoch: [25], step: [74/1581], batch loss: 0.15383, batch accuracy: 100.00, data load time: 0.00021, step time: 0.00931,
epoch: [25], step: [374/1581], batch loss: 0.14029, batch accuracy: 96.88, data load time: 0.00060, step time: 0.01273,
epoch: [25], step: [674/1581], batch loss: 0.42170, batch accuracy: 96.88, data load time: 0.00023, step time: 0.01185,
epoch: [25], step: [974/1581], batch loss: 0.28012, batch accuracy: 87.50, data load time: 0.00230, step time: 0.01027,
epoch: [25], step: [1274/1581], batch loss: 0.27476, batch accuracy: 93.75, data load time: 0.00021, step time: 0.00788,
epoch: [25], step: [1574/1581], batch loss: 0.36896, batch accuracy: 84.38, data load time: 0.00011, step time: 0.00736,
epoch: [26], step: [293/1581], batch loss: 0.31350, batch accuracy: 87.50, data load time: 0.00024, step time: 0.00895,
epoch: [26], step: [593/1581], batch loss: 0.29060, batch accuracy: 84.38, data load time: 0.00020, step time: 0.00968,
epoch: [26], step: [893/1581], batch loss: 0.28762, batch accuracy: 87.50, data load time: 0.00022, step time: 0.01017,
epoch: [26], step: [1193/1581], batch loss: 0.30216, batch accuracy: 87.50, data load time: 0.00021, step time: 0.00777,
epoch: [26], step: [1493/1581], batch loss: 0.32911, batch accuracy: 87.50, data load time: 0.00415, step time: 0.00809,
epoch: [27], step: [212/1581], batch loss: 0.17963, batch accuracy: 96.88, data load time: 0.00024, step time: 0.00799,
epoch: [27], step: [512/1581], batch loss: 0.19870, batch accuracy: 90.62, data load time: 0.00025, step time: 0.00886,
epoch: [27], step: [812/1581], batch loss: 0.25217, batch accuracy: 96.88, data load time: 0.00026, step time: 0.00853,
epoch: [27], step: [1112/1581], batch loss: 0.18912, batch accuracy: 93.75, data load time: 0.00021, step time: 0.00779,
epoch: [27], step: [1412/1581], batch loss: 0.33713, batch accuracy: 84.38, data load time: 0.00031, step time: 0.00816,
epoch: [28], step: [131/1581], batch loss: 0.46250, batch accuracy: 84.38, data load time: 0.00414, step time: 0.00950,
epoch: [28], step: [431/1581], batch loss: 0.45565, batch accuracy: 84.38, data load time: 0.00292, step time: 0.00811,
epoch: [28], step: [731/1581], batch loss: 0.24299, batch accuracy: 93.75, data load time: 0.00022, step time: 0.00783,
epoch: [28], step: [1031/1581], batch loss: 0.40546, batch accuracy: 81.25, data load time: 0.00023, step time: 0.00811,
epoch: [28], step: [1331/1581], batch loss: 0.51405, batch accuracy: 81.25, data load time: 0.00021, step time: 0.00784,
epoch: [29], step: [50/1581], batch loss: 0.32347, batch accuracy: 84.38, data load time: 0.00020, step time: 0.01229,
epoch: [29], step: [350/1581], batch loss: 0.31293, batch accuracy: 90.62, data load time: 0.00021, step time: 0.01044,
epoch: [29], step: [650/1581], batch loss: 0.34244, batch accuracy: 87.50, data load time: 0.00022, step time: 0.00778,
epoch: [29], step: [950/1581], batch loss: 0.38484, batch accuracy: 84.38, data load time: 0.00023, step time: 0.00789,
epoch: [29], step: [1250/1581], batch loss: 0.23883, batch accuracy: 96.88, data load time: 0.00025, step time: 0.00896,
epoch: [29], step: [1550/1581], batch loss: 0.23317, batch accuracy: 90.62, data load time: 0.00014, step time: 0.00741,
validation loss: 0.78015, accuracy: 73.80, class_accuracy: [50.847457627118644, 92.10526315789474, 81.19658119658119, 73.45132743362832, 84.7457627118644, 60.55045871559633, 100.0, 96.46017699115045, 53.06122448979592, 72.88135593220339]
class_avg: 76.52996082558334
epoch: [30], step: [269/1581], batch loss: 0.35612, batch accuracy: 84.38, data load time: 0.00023, step time: 0.01415,
epoch: [30], step: [569/1581], batch loss: 0.43788, batch accuracy: 90.62, data load time: 0.00295, step time: 0.00899,
epoch: [30], step: [869/1581], batch loss: 0.27726, batch accuracy: 84.38, data load time: 0.00626, step time: 0.01064,
epoch: [30], step: [1169/1581], batch loss: 0.44921, batch accuracy: 84.38, data load time: 0.00031, step time: 0.00779,
epoch: [30], step: [1469/1581], batch loss: 0.16672, batch accuracy: 93.75, data load time: 0.00025, step time: 0.00809,
epoch: [31], step: [188/1581], batch loss: 0.32138, batch accuracy: 90.62, data load time: 0.00386, step time: 0.00889,
epoch: [31], step: [488/1581], batch loss: 0.23530, batch accuracy: 93.75, data load time: 0.00297, step time: 0.00914,
epoch: [31], step: [788/1581], batch loss: 0.13584, batch accuracy: 96.88, data load time: 0.00021, step time: 0.00812,
epoch: [31], step: [1088/1581], batch loss: 0.25471, batch accuracy: 93.75, data load time: 0.00022, step time: 0.00792,
epoch: [31], step: [1388/1581], batch loss: 0.34345, batch accuracy: 84.38, data load time: 0.00020, step time: 0.00934,
epoch: [32], step: [107/1581], batch loss: 0.32807, batch accuracy: 93.75, data load time: 0.00019, step time: 0.00857,
epoch: [32], step: [407/1581], batch loss: 0.31470, batch accuracy: 90.62, data load time: 0.00286, step time: 0.00898,
epoch: [32], step: [707/1581], batch loss: 0.35045, batch accuracy: 87.50, data load time: 0.00301, step time: 0.00841,
epoch: [32], step: [1007/1581], batch loss: 0.35624, batch accuracy: 87.50, data load time: 0.00024, step time: 0.01422,
epoch: [32], step: [1307/1581], batch loss: 0.52489, batch accuracy: 87.50, data load time: 0.00541, step time: 0.00890,
epoch: [33], step: [26/1581], batch loss: 0.20696, batch accuracy: 96.88, data load time: 0.00020, step time: 0.01814,
epoch: [33], step: [326/1581], batch loss: 0.31085, batch accuracy: 84.38, data load time: 0.00023, step time: 0.00785,
epoch: [33], step: [626/1581], batch loss: 0.25234, batch accuracy: 93.75, data load time: 0.00020, step time: 0.00762,
epoch: [33], step: [926/1581], batch loss: 0.30469, batch accuracy: 87.50, data load time: 0.00024, step time: 0.00934,
epoch: [33], step: [1226/1581], batch loss: 0.19598, batch accuracy: 93.75, data load time: 0.00370, step time: 0.00993,
epoch: [33], step: [1526/1581], batch loss: 0.32793, batch accuracy: 93.75, data load time: 0.00018, step time: 0.01440,
epoch: [34], step: [245/1581], batch loss: 0.21628, batch accuracy: 93.75, data load time: 0.00022, step time: 0.00820,
epoch: [34], step: [545/1581], batch loss: 0.36057, batch accuracy: 90.62, data load time: 0.00292, step time: 0.00895,
epoch: [34], step: [845/1581], batch loss: 0.23837, batch accuracy: 93.75, data load time: 0.00022, step time: 0.00804,
epoch: [34], step: [1145/1581], batch loss: 0.28195, batch accuracy: 84.38, data load time: 0.00025, step time: 0.01324,
epoch: [34], step: [1445/1581], batch loss: 0.25903, batch accuracy: 96.88, data load time: 0.00302, step time: 0.00846,
validation loss: 0.72919, accuracy: 73.49, class_accuracy: [50.0, 100.0, 80.34188034188034, 70.79646017699115, 79.66101694915254, 45.87155963302752, 100.0, 100.0, 60.204081632653065, 81.35593220338983]
class_avg: 76.82309309370945
epoch: [35], step: [164/1581], batch loss: 0.16817, batch accuracy: 90.62, data load time: 0.00025, step time: 0.00812,
epoch: [35], step: [464/1581], batch loss: 0.31272, batch accuracy: 87.50, data load time: 0.00033, step time: 0.00902,
epoch: [35], step: [764/1581], batch loss: 0.12393, batch accuracy: 100.00, data load time: 0.00024, step time: 0.00791,
epoch: [35], step: [1064/1581], batch loss: 0.18769, batch accuracy: 96.88, data load time: 0.00057, step time: 0.00797,
epoch: [35], step: [1364/1581], batch loss: 0.18186, batch accuracy: 96.88, data load time: 0.00053, step time: 0.00787,
epoch: [36], step: [83/1581], batch loss: 0.19859, batch accuracy: 100.00, data load time: 0.00021, step time: 0.01511,
epoch: [36], step: [383/1581], batch loss: 0.25626, batch accuracy: 96.88, data load time: 0.00333, step time: 0.00870,
epoch: [36], step: [683/1581], batch loss: 0.30350, batch accuracy: 96.88, data load time: 0.00029, step time: 0.00785,
epoch: [36], step: [983/1581], batch loss: 0.09962, batch accuracy: 100.00, data load time: 0.00021, step time: 0.02952,
epoch: [36], step: [1283/1581], batch loss: 0.22996, batch accuracy: 90.62, data load time: 0.00020, step time: 0.00788,
epoch: [37], step: [2/1581], batch loss: 0.18859, batch accuracy: 93.75, data load time: 0.00039, step time: 0.00870,
epoch: [37], step: [302/1581], batch loss: 0.23513, batch accuracy: 93.75, data load time: 0.00025, step time: 0.00805,
epoch: [37], step: [602/1581], batch loss: 0.18111, batch accuracy: 90.62, data load time: 0.00023, step time: 0.01397,
epoch: [37], step: [902/1581], batch loss: 0.18660, batch accuracy: 96.88, data load time: 0.00021, step time: 0.00812,
epoch: [37], step: [1202/1581], batch loss: 0.65151, batch accuracy: 84.38, data load time: 0.00022, step time: 0.01072,
epoch: [37], step: [1502/1581], batch loss: 0.34427, batch accuracy: 87.50, data load time: 0.00392, step time: 0.01128,
epoch: [38], step: [221/1581], batch loss: 0.23671, batch accuracy: 93.75, data load time: 0.00024, step time: 0.00793,
epoch: [38], step: [521/1581], batch loss: 0.53913, batch accuracy: 87.50, data load time: 0.00022, step time: 0.00782,
epoch: [38], step: [821/1581], batch loss: 0.24923, batch accuracy: 93.75, data load time: 0.00021, step time: 0.00873,
epoch: [38], step: [1121/1581], batch loss: 0.33166, batch accuracy: 84.38, data load time: 0.00021, step time: 0.00803,
epoch: [38], step: [1421/1581], batch loss: 0.33630, batch accuracy: 90.62, data load time: 0.00022, step time: 0.00791,
epoch: [39], step: [140/1581], batch loss: 0.25274, batch accuracy: 90.62, data load time: 0.00021, step time: 0.00984,
epoch: [39], step: [440/1581], batch loss: 0.24165, batch accuracy: 93.75, data load time: 0.00023, step time: 0.00821,
epoch: [39], step: [740/1581], batch loss: 0.18280, batch accuracy: 90.62, data load time: 0.00025, step time: 0.00787,
epoch: [39], step: [1040/1581], batch loss: 0.45261, batch accuracy: 93.75, data load time: 0.00020, step time: 0.00782,
epoch: [39], step: [1340/1581], batch loss: 0.21226, batch accuracy: 93.75, data load time: 0.00022, step time: 0.01145,
validation loss: 0.77842, accuracy: 75.23, class_accuracy: [60.16949152542373, 100.0, 76.06837606837607, 72.56637168141593, 90.67796610169492, 48.62385321100918, 100.0, 92.92035398230088, 56.12244897959184, 84.7457627118644]
class_avg: 78.1894624261677
epoch: [40], step: [59/1581], batch loss: 0.27277, batch accuracy: 93.75, data load time: 0.00031, step time: 0.00773,
epoch: [40], step: [359/1581], batch loss: 0.17165, batch accuracy: 96.88, data load time: 0.00022, step time: 0.00776,
epoch: [40], step: [659/1581], batch loss: 0.30049, batch accuracy: 87.50, data load time: 0.00062, step time: 0.00801,
epoch: [40], step: [959/1581], batch loss: 0.56656, batch accuracy: 78.12, data load time: 0.00335, step time: 0.00834,
epoch: [40], step: [1259/1581], batch loss: 0.23381, batch accuracy: 93.75, data load time: 0.00027, step time: 0.01184,
epoch: [40], step: [1559/1581], batch loss: 0.33820, batch accuracy: 87.50, data load time: 0.00011, step time: 0.00738,
epoch: [41], step: [278/1581], batch loss: 0.38938, batch accuracy: 87.50, data load time: 0.00373, step time: 0.00909,
epoch: [41], step: [578/1581], batch loss: 0.26674, batch accuracy: 93.75, data load time: 0.00020, step time: 0.00780,
epoch: [41], step: [878/1581], batch loss: 0.31068, batch accuracy: 87.50, data load time: 0.00021, step time: 0.00845,
epoch: [41], step: [1178/1581], batch loss: 0.30211, batch accuracy: 90.62, data load time: 0.00023, step time: 0.01149,
epoch: [41], step: [1478/1581], batch loss: 0.30509, batch accuracy: 87.50, data load time: 0.00021, step time: 0.00972,
epoch: [42], step: [197/1581], batch loss: 0.19624, batch accuracy: 96.88, data load time: 0.00023, step time: 0.00776,
epoch: [42], step: [497/1581], batch loss: 0.27585, batch accuracy: 87.50, data load time: 0.00022, step time: 0.01212,
epoch: [42], step: [797/1581], batch loss: 0.25523, batch accuracy: 84.38, data load time: 0.00037, step time: 0.01173,
epoch: [42], step: [1097/1581], batch loss: 0.38890, batch accuracy: 90.62, data load time: 0.00023, step time: 0.00784,
epoch: [42], step: [1397/1581], batch loss: 0.25853, batch accuracy: 93.75, data load time: 0.00024, step time: 0.00840,
epoch: [43], step: [116/1581], batch loss: 0.30060, batch accuracy: 90.62, data load time: 0.00025, step time: 0.00838,
epoch: [43], step: [416/1581], batch loss: 0.29543, batch accuracy: 81.25, data load time: 0.00363, step time: 0.00915,
epoch: [43], step: [716/1581], batch loss: 0.22895, batch accuracy: 93.75, data load time: 0.00024, step time: 0.01045,
epoch: [43], step: [1016/1581], batch loss: 0.25152, batch accuracy: 93.75, data load time: 0.00273, step time: 0.00877,
epoch: [43], step: [1316/1581], batch loss: 0.14940, batch accuracy: 100.00, data load time: 0.00021, step time: 0.00944,
epoch: [44], step: [35/1581], batch loss: 0.26420, batch accuracy: 93.75, data load time: 0.00020, step time: 0.00834,
epoch: [44], step: [335/1581], batch loss: 0.31318, batch accuracy: 90.62, data load time: 0.00023, step time: 0.00857,
epoch: [44], step: [635/1581], batch loss: 0.33308, batch accuracy: 84.38, data load time: 0.00024, step time: 0.00820,
epoch: [44], step: [935/1581], batch loss: 0.31230, batch accuracy: 96.88, data load time: 0.00021, step time: 0.00783,
epoch: [44], step: [1235/1581], batch loss: 0.39961, batch accuracy: 90.62, data load time: 0.00023, step time: 0.00794,
epoch: [44], step: [1535/1581], batch loss: 0.13722, batch accuracy: 96.88, data load time: 0.00016, step time: 0.00781,
validation loss: 0.70149, accuracy: 77.38, class_accuracy: [77.96610169491525, 100.0, 66.66666666666667, 84.070796460177, 86.44067796610169, 51.37614678899082, 97.14285714285714, 98.23008849557522, 55.10204081632653, 81.35593220338983]
class_avg: 79.83513082350001
epoch: [45], step: [254/1581], batch loss: 0.36285, batch accuracy: 81.25, data load time: 0.00022, step time: 0.01229,
epoch: [45], step: [554/1581], batch loss: 0.24864, batch accuracy: 93.75, data load time: 0.00023, step time: 0.01108,
epoch: [45], step: [854/1581], batch loss: 0.21261, batch accuracy: 87.50, data load time: 0.00029, step time: 0.00944,
epoch: [45], step: [1154/1581], batch loss: 0.31130, batch accuracy: 87.50, data load time: 0.00022, step time: 0.00784,
epoch: [45], step: [1454/1581], batch loss: 0.30585, batch accuracy: 87.50, data load time: 0.00022, step time: 0.00777,
epoch: [46], step: [173/1581], batch loss: 0.27301, batch accuracy: 90.62, data load time: 0.00021, step time: 0.00777,
epoch: [46], step: [473/1581], batch loss: 0.21748, batch accuracy: 93.75, data load time: 0.00022, step time: 0.00786,
epoch: [46], step: [773/1581], batch loss: 0.20280, batch accuracy: 90.62, data load time: 0.00022, step time: 0.00787,
epoch: [46], step: [1073/1581], batch loss: 0.27731, batch accuracy: 90.62, data load time: 0.00060, step time: 0.01351,
epoch: [46], step: [1373/1581], batch loss: 0.21996, batch accuracy: 87.50, data load time: 0.00024, step time: 0.01186,
epoch: [47], step: [92/1581], batch loss: 0.10183, batch accuracy: 100.00, data load time: 0.00023, step time: 0.00939,
epoch: [47], step: [392/1581], batch loss: 0.20911, batch accuracy: 93.75, data load time: 0.00023, step time: 0.00779,
epoch: [47], step: [692/1581], batch loss: 0.12239, batch accuracy: 96.88, data load time: 0.00296, step time: 0.00897,
epoch: [47], step: [992/1581], batch loss: 0.24084, batch accuracy: 87.50, data load time: 0.00022, step time: 0.00806,
epoch: [47], step: [1292/1581], batch loss: 0.25504, batch accuracy: 87.50, data load time: 0.00022, step time: 0.00779,
epoch: [48], step: [11/1581], batch loss: 0.26775, batch accuracy: 90.62, data load time: 0.00078, step time: 0.00862,
epoch: [48], step: [311/1581], batch loss: 0.16937, batch accuracy: 100.00, data load time: 0.00021, step time: 0.00772,
epoch: [48], step: [611/1581], batch loss: 0.35171, batch accuracy: 87.50, data load time: 0.00022, step time: 0.00775,
epoch: [48], step: [911/1581], batch loss: 0.30100, batch accuracy: 90.62, data load time: 0.00249, step time: 0.01002,
epoch: [48], step: [1211/1581], batch loss: 0.39892, batch accuracy: 81.25, data load time: 0.00378, step time: 0.00862,
epoch: [48], step: [1511/1581], batch loss: 0.51821, batch accuracy: 81.25, data load time: 0.00024, step time: 0.00794,
epoch: [49], step: [230/1581], batch loss: 0.25664, batch accuracy: 90.62, data load time: 0.00030, step time: 0.00857,
epoch: [49], step: [530/1581], batch loss: 0.27562, batch accuracy: 93.75, data load time: 0.00048, step time: 0.00773,
epoch: [49], step: [830/1581], batch loss: 0.21453, batch accuracy: 96.88, data load time: 0.00318, step time: 0.00889,
epoch: [49], step: [1130/1581], batch loss: 0.40465, batch accuracy: 90.62, data load time: 0.00022, step time: 0.00770,
epoch: [49], step: [1430/1581], batch loss: 0.40227, batch accuracy: 90.62, data load time: 0.00023, step time: 0.00854,
validation loss: 0.77033, accuracy: 72.47, class_accuracy: [55.932203389830505, 97.36842105263158, 75.21367521367522, 64.60176991150442, 98.30508474576271, 50.45871559633027, 100.0, 95.57522123893806, 53.06122448979592, 66.10169491525424]
class_avg: 75.6618010553723
Total time taken: 906.9495620727539
